2024-03-14 04:14:58.070 [info] Extension host with pid 1413 started
2024-03-14 04:14:58.090 [info] Lock '/home/student/.vscode-server/data/User/workspaceStorage/63e31fa26b97c3d038b73ad41de3ba4a/vscode.lock': Lock acquired.
2024-03-14 04:14:58.200 [info] ExtensionService#_doActivateExtension vscode.git-base, startup: true, activationEvent: '*', root cause: vscode.git
2024-03-14 04:14:58.312 [info] ExtensionService#_doActivateExtension vscode.git, startup: true, activationEvent: '*'
2024-03-14 04:14:58.312 [info] ExtensionService#_doActivateExtension vscode.github, startup: true, activationEvent: '*'
2024-03-14 04:14:58.670 [info] Eager extensions activated
2024-03-14 04:14:58.670 [info] ExtensionService#_doActivateExtension vscode.debug-auto-launch, startup: false, activationEvent: 'onStartupFinished'
2024-03-14 04:14:58.671 [info] ExtensionService#_doActivateExtension vscode.merge-conflict, startup: false, activationEvent: 'onStartupFinished'
2024-03-14 04:14:59.203 [warning] [Decorations] CAPPING events from decorations provider vscode.git 1165
2024-03-14 04:14:59.283 [warning] [Decorations] CAPPING events from decorations provider vscode.git 1165
2024-03-14 04:15:03.333 [warning] [Decorations] CAPPING events from decorations provider vscode.git 1165
2024-03-14 04:15:08.412 [warning] [Decorations] CAPPING events from decorations provider vscode.git 1165
2024-03-14 04:15:13.491 [warning] [Decorations] CAPPING events from decorations provider vscode.git 1165
2024-03-14 04:15:18.582 [warning] [Decorations] CAPPING events from decorations provider vscode.git 1165
2024-03-14 04:15:23.660 [warning] [Decorations] CAPPING events from decorations provider vscode.git 1165
2024-03-14 04:15:28.735 [warning] [Decorations] CAPPING events from decorations provider vscode.git 1165
2024-03-14 04:15:33.818 [warning] [Decorations] CAPPING events from decorations provider vscode.git 1165
2024-03-14 04:15:38.893 [warning] [Decorations] CAPPING events from decorations provider vscode.git 1165
2024-03-14 04:15:43.970 [warning] [Decorations] CAPPING events from decorations provider vscode.git 1165
2024-03-14 04:15:49.046 [warning] [Decorations] CAPPING events from decorations provider vscode.git 1165
2024-03-14 04:15:54.123 [warning] [Decorations] CAPPING events from decorations provider vscode.git 1165
2024-03-14 04:15:59.201 [warning] [Decorations] CAPPING events from decorations provider vscode.git 1165
2024-03-14 04:16:04.276 [warning] [Decorations] CAPPING events from decorations provider vscode.git 1165
2024-03-14 04:16:09.352 [warning] [Decorations] CAPPING events from decorations provider vscode.git 1165
2024-03-14 04:16:14.432 [warning] [Decorations] CAPPING events from decorations provider vscode.git 1165
2024-03-14 04:16:19.509 [warning] [Decorations] CAPPING events from decorations provider vscode.git 1165
2024-03-14 04:17:27.858 [warning] [Decorations] CAPPING events from decorations provider vscode.git 1165
2024-03-14 04:17:34.237 [warning] [Decorations] CAPPING events from decorations provider vscode.git 1165
2024-03-14 04:18:42.728 [warning] [Decorations] CAPPING events from decorations provider vscode.git 1165
2024-03-14 04:18:47.805 [warning] [Decorations] CAPPING events from decorations provider vscode.git 1165
2024-03-14 04:18:52.880 [warning] [Decorations] CAPPING events from decorations provider vscode.git 1165
2024-03-14 04:18:57.953 [warning] [Decorations] CAPPING events from decorations provider vscode.git 1165
2024-03-14 04:19:03.031 [warning] [Decorations] CAPPING events from decorations provider vscode.git 1165
2024-03-14 04:19:08.107 [warning] [Decorations] CAPPING events from decorations provider vscode.git 1165
2024-03-14 04:19:13.180 [warning] [Decorations] CAPPING events from decorations provider vscode.git 1165
2024-03-14 04:19:18.254 [warning] [Decorations] CAPPING events from decorations provider vscode.git 1165
2024-03-14 04:19:23.328 [warning] [Decorations] CAPPING events from decorations provider vscode.git 1165
2024-03-14 04:19:49.920 [warning] [Decorations] CAPPING events from decorations provider vscode.git 1165
2024-03-14 04:19:53.840 [info] ExtensionService#_doActivateExtension vscode.npm, startup: false, activationEvent: 'onTerminalQuickFixRequest:ms-vscode.npm-command'
2024-03-14 04:19:55.006 [warning] [Decorations] CAPPING events from decorations provider vscode.git 1165
2024-03-14 04:20:00.121 [warning] [Decorations] CAPPING events from decorations provider vscode.git 1165
2024-03-14 04:20:05.196 [warning] [Decorations] CAPPING events from decorations provider vscode.git 1165
2024-03-14 04:20:10.274 [warning] [Decorations] CAPPING events from decorations provider vscode.git 1165
2024-03-14 04:20:15.348 [warning] [Decorations] CAPPING events from decorations provider vscode.git 1165
2024-03-14 04:20:20.422 [warning] [Decorations] CAPPING events from decorations provider vscode.git 1165
2024-03-14 04:20:25.496 [warning] [Decorations] CAPPING events from decorations provider vscode.git 1165
2024-03-14 04:20:30.569 [warning] [Decorations] CAPPING events from decorations provider vscode.git 1165
2024-03-14 04:20:35.644 [warning] [Decorations] CAPPING events from decorations provider vscode.git 1165
2024-03-14 04:20:40.721 [warning] [Decorations] CAPPING events from decorations provider vscode.git 1165
2024-03-14 04:20:45.796 [warning] [Decorations] CAPPING events from decorations provider vscode.git 1165
2024-03-14 04:20:50.871 [warning] [Decorations] CAPPING events from decorations provider vscode.git 1165
2024-03-14 04:20:55.946 [warning] [Decorations] CAPPING events from decorations provider vscode.git 1165
2024-03-14 04:21:01.021 [warning] [Decorations] CAPPING events from decorations provider vscode.git 1165
2024-03-14 04:21:06.096 [warning] [Decorations] CAPPING events from decorations provider vscode.git 1165
2024-03-14 04:21:11.172 [warning] [Decorations] CAPPING events from decorations provider vscode.git 1165
2024-03-14 04:21:16.245 [warning] [Decorations] CAPPING events from decorations provider vscode.git 1165
2024-03-14 04:21:21.319 [warning] [Decorations] CAPPING events from decorations provider vscode.git 1165
2024-03-14 04:21:26.393 [warning] [Decorations] CAPPING events from decorations provider vscode.git 1165
2024-03-14 04:21:31.472 [warning] [Decorations] CAPPING events from decorations provider vscode.git 1165
2024-03-14 04:21:36.546 [warning] [Decorations] CAPPING events from decorations provider vscode.git 1165
2024-03-14 04:21:41.620 [warning] [Decorations] CAPPING events from decorations provider vscode.git 1165
2024-03-14 04:21:46.695 [warning] [Decorations] CAPPING events from decorations provider vscode.git 1165
2024-03-14 04:21:51.777 [warning] [Decorations] CAPPING events from decorations provider vscode.git 1165
2024-03-14 04:21:56.855 [warning] [Decorations] CAPPING events from decorations provider vscode.git 1165
2024-03-14 04:22:01.930 [warning] [Decorations] CAPPING events from decorations provider vscode.git 1165
2024-03-14 04:22:07.005 [warning] [Decorations] CAPPING events from decorations provider vscode.git 1165
2024-03-14 04:22:12.083 [warning] [Decorations] CAPPING events from decorations provider vscode.git 1165
2024-03-14 04:22:17.158 [warning] [Decorations] CAPPING events from decorations provider vscode.git 1165
2024-03-14 04:22:22.236 [warning] [Decorations] CAPPING events from decorations provider vscode.git 1165
2024-03-14 04:22:27.313 [warning] [Decorations] CAPPING events from decorations provider vscode.git 1165
2024-03-14 04:22:32.388 [warning] [Decorations] CAPPING events from decorations provider vscode.git 1165
2024-03-14 04:22:37.465 [warning] [Decorations] CAPPING events from decorations provider vscode.git 1165
2024-03-14 04:24:09.010 [warning] [Decorations] CAPPING events from decorations provider vscode.git 1165
2024-03-14 04:24:14.611 [warning] [Decorations] CAPPING events from decorations provider vscode.git 1165
2024-03-14 04:24:19.687 [warning] [Decorations] CAPPING events from decorations provider vscode.git 1165
2024-03-14 04:24:24.763 [warning] [Decorations] CAPPING events from decorations provider vscode.git 1165
2024-03-14 04:24:29.838 [warning] [Decorations] CAPPING events from decorations provider vscode.git 1165
2024-03-14 04:24:34.912 [warning] [Decorations] CAPPING events from decorations provider vscode.git 1165
2024-03-14 04:24:39.987 [warning] [Decorations] CAPPING events from decorations provider vscode.git 1165
2024-03-14 04:24:45.065 [warning] [Decorations] CAPPING events from decorations provider vscode.git 1165
2024-03-14 04:24:50.175 [warning] [Decorations] CAPPING events from decorations provider vscode.git 1165
2024-03-14 04:24:51.866 [warning] [Decorations] CAPPING events from decorations provider vscode.git 661
2024-03-14 04:24:55.647 [warning] [Decorations] CAPPING events from decorations provider vscode.git 1165
2024-03-14 04:25:00.722 [warning] [Decorations] CAPPING events from decorations provider vscode.git 1165
2024-03-14 04:25:05.797 [warning] [Decorations] CAPPING events from decorations provider vscode.git 1165
2024-03-14 04:25:10.873 [warning] [Decorations] CAPPING events from decorations provider vscode.git 1165
2024-03-14 04:25:15.949 [warning] [Decorations] CAPPING events from decorations provider vscode.git 1165
2024-03-14 04:25:21.028 [warning] [Decorations] CAPPING events from decorations provider vscode.git 1165
2024-03-14 04:25:48.449 [warning] [Decorations] CAPPING events from decorations provider vscode.git 1165
2024-03-14 04:25:53.527 [warning] [Decorations] CAPPING events from decorations provider vscode.git 1165
2024-03-14 04:26:21.084 [warning] [Decorations] CAPPING events from decorations provider vscode.git 1165
2024-03-14 04:26:26.159 [warning] [Decorations] CAPPING events from decorations provider vscode.git 1165
2024-03-14 04:26:31.238 [warning] [Decorations] CAPPING events from decorations provider vscode.git 1165
2024-03-14 04:26:36.312 [warning] [Decorations] CAPPING events from decorations provider vscode.git 1165
2024-03-14 04:26:41.389 [warning] [Decorations] CAPPING events from decorations provider vscode.git 1165
2024-03-14 04:26:46.471 [warning] [Decorations] CAPPING events from decorations provider vscode.git 1165
2024-03-14 04:26:51.546 [warning] [Decorations] CAPPING events from decorations provider vscode.git 1165
2024-03-14 04:26:56.619 [warning] [Decorations] CAPPING events from decorations provider vscode.git 1165
2024-03-14 04:26:58.765 [warning] [Decorations] CAPPING events from decorations provider vscode.git 661
2024-03-14 04:27:02.069 [warning] [Decorations] CAPPING events from decorations provider vscode.git 1165
2024-03-14 04:27:07.143 [warning] [Decorations] CAPPING events from decorations provider vscode.git 1165
2024-03-14 04:27:12.221 [warning] [Decorations] CAPPING events from decorations provider vscode.git 1165
2024-03-14 04:27:17.295 [warning] [Decorations] CAPPING events from decorations provider vscode.git 1165
2024-03-14 04:27:22.372 [warning] [Decorations] CAPPING events from decorations provider vscode.git 1165
2024-03-14 04:27:27.454 [warning] [Decorations] CAPPING events from decorations provider vscode.git 1165
2024-03-14 04:27:32.528 [warning] [Decorations] CAPPING events from decorations provider vscode.git 1165
2024-03-14 04:27:37.605 [warning] [Decorations] CAPPING events from decorations provider vscode.git 1165
2024-03-14 04:27:42.681 [warning] [Decorations] CAPPING events from decorations provider vscode.git 1165
2024-03-14 04:27:47.760 [warning] [Decorations] CAPPING events from decorations provider vscode.git 1165
2024-03-14 04:27:52.836 [warning] [Decorations] CAPPING events from decorations provider vscode.git 1165
2024-03-14 04:27:57.913 [warning] [Decorations] CAPPING events from decorations provider vscode.git 1165
2024-03-14 04:28:02.987 [warning] [Decorations] CAPPING events from decorations provider vscode.git 1165
2024-03-14 04:28:08.063 [warning] [Decorations] CAPPING events from decorations provider vscode.git 1165
2024-03-14 04:28:13.145 [warning] [Decorations] CAPPING events from decorations provider vscode.git 1165
2024-03-14 04:28:17.852 [warning] [Decorations] CAPPING events from decorations provider vscode.git 661
2024-03-14 04:28:18.222 [warning] [Decorations] CAPPING events from decorations provider vscode.git 1165
2024-03-14 04:28:39.703 [warning] [Decorations] CAPPING events from decorations provider vscode.git 1165
2024-03-14 04:28:44.776 [warning] [Decorations] CAPPING events from decorations provider vscode.git 1165
2024-03-14 04:28:49.853 [warning] [Decorations] CAPPING events from decorations provider vscode.git 1165
2024-03-14 04:28:54.928 [warning] [Decorations] CAPPING events from decorations provider vscode.git 1165
2024-03-14 04:29:00.001 [warning] [Decorations] CAPPING events from decorations provider vscode.git 1165
2024-03-14 04:29:05.082 [warning] [Decorations] CAPPING events from decorations provider vscode.git 1165
2024-03-14 04:29:10.158 [warning] [Decorations] CAPPING events from decorations provider vscode.git 1165
2024-03-14 04:29:15.236 [warning] [Decorations] CAPPING events from decorations provider vscode.git 1165
2024-03-14 04:29:20.312 [warning] [Decorations] CAPPING events from decorations provider vscode.git 1165
2024-03-14 04:29:25.389 [warning] [Decorations] CAPPING events from decorations provider vscode.git 1165
2024-03-14 04:29:30.303 [warning] [Decorations] CAPPING events from decorations provider vscode.git 710
2024-03-14 04:29:30.545 [warning] [Decorations] CAPPING events from decorations provider vscode.git 1165
2024-03-14 04:29:35.621 [warning] [Decorations] CAPPING events from decorations provider vscode.git 1165
2024-03-14 04:29:40.697 [warning] [Decorations] CAPPING events from decorations provider vscode.git 1165
2024-03-14 04:29:45.772 [warning] [Decorations] CAPPING events from decorations provider vscode.git 1165
2024-03-14 04:29:50.849 [warning] [Decorations] CAPPING events from decorations provider vscode.git 1165
2024-03-14 04:29:55.924 [warning] [Decorations] CAPPING events from decorations provider vscode.git 1165
2024-03-14 04:30:01.000 [warning] [Decorations] CAPPING events from decorations provider vscode.git 1165
2024-03-14 04:30:06.082 [warning] [Decorations] CAPPING events from decorations provider vscode.git 1165
2024-03-14 04:30:11.158 [warning] [Decorations] CAPPING events from decorations provider vscode.git 1165
2024-03-14 04:30:16.234 [warning] [Decorations] CAPPING events from decorations provider vscode.git 1165
2024-03-14 04:30:17.033 [warning] [Decorations] CAPPING events from decorations provider vscode.git 660
2024-03-14 04:30:21.308 [warning] [Decorations] CAPPING events from decorations provider vscode.git 1165
2024-03-14 04:30:26.387 [warning] [Decorations] CAPPING events from decorations provider vscode.git 1165
2024-03-14 04:30:31.462 [warning] [Decorations] CAPPING events from decorations provider vscode.git 1165
2024-03-14 04:30:36.540 [warning] [Decorations] CAPPING events from decorations provider vscode.git 1165
2024-03-14 04:30:41.616 [warning] [Decorations] CAPPING events from decorations provider vscode.git 1165
2024-03-14 04:30:46.692 [warning] [Decorations] CAPPING events from decorations provider vscode.git 1165
2024-03-14 04:30:51.770 [warning] [Decorations] CAPPING events from decorations provider vscode.git 1165
2024-03-14 04:30:56.846 [warning] [Decorations] CAPPING events from decorations provider vscode.git 1165
2024-03-14 04:31:01.926 [warning] [Decorations] CAPPING events from decorations provider vscode.git 1165
2024-03-14 04:31:07.000 [warning] [Decorations] CAPPING events from decorations provider vscode.git 1165
2024-03-14 04:31:12.076 [warning] [Decorations] CAPPING events from decorations provider vscode.git 1165
2024-03-14 04:31:17.157 [warning] [Decorations] CAPPING events from decorations provider vscode.git 1165
2024-03-14 04:31:22.231 [warning] [Decorations] CAPPING events from decorations provider vscode.git 1165
2024-03-14 04:31:27.306 [warning] [Decorations] CAPPING events from decorations provider vscode.git 1165
2024-03-14 04:31:32.382 [warning] [Decorations] CAPPING events from decorations provider vscode.git 1165
2024-03-14 04:31:37.456 [warning] [Decorations] CAPPING events from decorations provider vscode.git 1165
2024-03-14 04:31:42.533 [warning] [Decorations] CAPPING events from decorations provider vscode.git 1165
2024-03-14 04:31:47.609 [warning] [Decorations] CAPPING events from decorations provider vscode.git 1165
2024-03-14 04:31:52.684 [warning] [Decorations] CAPPING events from decorations provider vscode.git 1165
2024-03-14 04:31:57.768 [warning] [Decorations] CAPPING events from decorations provider vscode.git 1165
2024-03-14 04:32:02.843 [warning] [Decorations] CAPPING events from decorations provider vscode.git 1165
2024-03-14 04:32:07.920 [warning] [Decorations] CAPPING events from decorations provider vscode.git 1165
2024-03-14 04:32:12.996 [warning] [Decorations] CAPPING events from decorations provider vscode.git 1165
2024-03-14 04:32:18.077 [warning] [Decorations] CAPPING events from decorations provider vscode.git 1165
2024-03-14 04:32:23.152 [warning] [Decorations] CAPPING events from decorations provider vscode.git 1165
2024-03-14 04:32:28.228 [warning] [Decorations] CAPPING events from decorations provider vscode.git 1165
2024-03-14 04:32:33.306 [warning] [Decorations] CAPPING events from decorations provider vscode.git 1165
2024-03-14 04:32:38.384 [warning] [Decorations] CAPPING events from decorations provider vscode.git 1165
2024-03-14 04:32:43.464 [warning] [Decorations] CAPPING events from decorations provider vscode.git 1165
2024-03-14 04:32:48.541 [warning] [Decorations] CAPPING events from decorations provider vscode.git 1165
2024-03-14 04:32:53.617 [warning] [Decorations] CAPPING events from decorations provider vscode.git 1165
2024-03-14 04:33:04.702 [warning] [Decorations] CAPPING events from decorations provider vscode.git 1165
2024-03-14 04:33:09.776 [warning] [Decorations] CAPPING events from decorations provider vscode.git 1165
2024-03-14 04:34:20.235 [warning] [Decorations] CAPPING events from decorations provider vscode.git 1165
2024-03-14 04:34:25.310 [warning] [Decorations] CAPPING events from decorations provider vscode.git 1165
2024-03-14 04:34:30.383 [warning] [Decorations] CAPPING events from decorations provider vscode.git 1165
2024-03-14 04:34:35.455 [warning] [Decorations] CAPPING events from decorations provider vscode.git 1165
2024-03-14 04:34:40.531 [warning] [Decorations] CAPPING events from decorations provider vscode.git 1165
2024-03-14 04:34:45.608 [warning] [Decorations] CAPPING events from decorations provider vscode.git 1165
2024-03-14 04:34:50.686 [warning] [Decorations] CAPPING events from decorations provider vscode.git 1165
2024-03-14 04:34:55.762 [warning] [Decorations] CAPPING events from decorations provider vscode.git 1165
2024-03-14 04:35:00.842 [warning] [Decorations] CAPPING events from decorations provider vscode.git 1165
2024-03-14 04:35:05.932 [warning] [Decorations] CAPPING events from decorations provider vscode.git 1165
2024-03-14 04:35:11.008 [warning] [Decorations] CAPPING events from decorations provider vscode.git 1165
2024-03-14 04:35:16.083 [warning] [Decorations] CAPPING events from decorations provider vscode.git 1165
2024-03-14 04:35:21.163 [warning] [Decorations] CAPPING events from decorations provider vscode.git 1165
2024-03-14 04:35:26.238 [warning] [Decorations] CAPPING events from decorations provider vscode.git 1165
2024-03-14 04:35:31.812 [warning] [Decorations] CAPPING events from decorations provider vscode.git 661
2024-03-14 04:35:33.689 [warning] [Decorations] CAPPING events from decorations provider vscode.git 1165
2024-03-14 04:35:38.763 [warning] [Decorations] CAPPING events from decorations provider vscode.git 1165
2024-03-14 04:35:43.838 [warning] [Decorations] CAPPING events from decorations provider vscode.git 1165
2024-03-14 04:35:48.912 [warning] [Decorations] CAPPING events from decorations provider vscode.git 1165
2024-03-14 04:35:53.989 [warning] [Decorations] CAPPING events from decorations provider vscode.git 1165
2024-03-14 04:36:01.998 [warning] [Decorations] CAPPING events from decorations provider vscode.git 1165
2024-03-14 04:36:07.073 [warning] [Decorations] CAPPING events from decorations provider vscode.git 1165
2024-03-14 04:36:12.150 [warning] [Decorations] CAPPING events from decorations provider vscode.git 1165
2024-03-14 04:36:17.224 [warning] [Decorations] CAPPING events from decorations provider vscode.git 1165
2024-03-14 04:36:22.300 [warning] [Decorations] CAPPING events from decorations provider vscode.git 1165
2024-03-14 04:36:27.375 [warning] [Decorations] CAPPING events from decorations provider vscode.git 1165
2024-03-14 04:36:32.453 [warning] [Decorations] CAPPING events from decorations provider vscode.git 1165
2024-03-14 04:36:37.528 [warning] [Decorations] CAPPING events from decorations provider vscode.git 1165
2024-03-14 04:36:42.603 [warning] [Decorations] CAPPING events from decorations provider vscode.git 1165
2024-03-14 04:36:49.001 [warning] [Decorations] CAPPING events from decorations provider vscode.git 1165
2024-03-14 04:36:50.556 [warning] [Decorations] CAPPING events from decorations provider vscode.git 661
2024-03-14 04:36:54.076 [warning] [Decorations] CAPPING events from decorations provider vscode.git 1165
2024-03-14 04:36:55.985 [warning] [Decorations] CAPPING events from decorations provider vscode.git 711
2024-03-14 04:36:59.153 [warning] [Decorations] CAPPING events from decorations provider vscode.git 1165
2024-03-14 04:37:04.228 [warning] [Decorations] CAPPING events from decorations provider vscode.git 1165
2024-03-14 04:37:06.722 [warning] [Decorations] CAPPING events from decorations provider vscode.git 1261
2024-03-14 04:37:10.132 [warning] [Decorations] CAPPING events from decorations provider vscode.git 1165
2024-03-14 04:37:14.317 [warning] [Decorations] CAPPING events from decorations provider vscode.git 671
2024-03-14 04:37:17.136 [warning] [Decorations] CAPPING events from decorations provider vscode.git 1165
2024-03-14 04:40:19.598 [warning] [Decorations] CAPPING events from decorations provider vscode.git 1165
2024-03-14 04:41:35.347 [warning] [Decorations] CAPPING events from decorations provider vscode.git 1165
2024-03-14 04:41:40.423 [warning] [Decorations] CAPPING events from decorations provider vscode.git 1165
2024-03-14 04:41:45.500 [warning] [Decorations] CAPPING events from decorations provider vscode.git 1165
2024-03-14 04:41:50.576 [warning] [Decorations] CAPPING events from decorations provider vscode.git 1165
2024-03-14 04:41:55.649 [warning] [Decorations] CAPPING events from decorations provider vscode.git 1165
2024-03-14 04:42:00.726 [warning] [Decorations] CAPPING events from decorations provider vscode.git 1165
2024-03-14 04:42:05.805 [warning] [Decorations] CAPPING events from decorations provider vscode.git 1165
2024-03-14 04:42:10.885 [warning] [Decorations] CAPPING events from decorations provider vscode.git 1165
2024-03-14 04:42:11.863 [warning] [Decorations] CAPPING events from decorations provider vscode.git 661
2024-03-14 04:42:15.960 [warning] [Decorations] CAPPING events from decorations provider vscode.git 1165
2024-03-14 04:42:21.036 [warning] [Decorations] CAPPING events from decorations provider vscode.git 1165
2024-03-14 04:42:26.112 [warning] [Decorations] CAPPING events from decorations provider vscode.git 1165
2024-03-14 04:42:31.189 [warning] [Decorations] CAPPING events from decorations provider vscode.git 1165
2024-03-14 04:42:36.265 [warning] [Decorations] CAPPING events from decorations provider vscode.git 1165
2024-03-14 04:42:41.341 [warning] [Decorations] CAPPING events from decorations provider vscode.git 1165
2024-03-14 04:42:46.417 [warning] [Decorations] CAPPING events from decorations provider vscode.git 1165
2024-03-14 04:42:47.215 [warning] [Decorations] CAPPING events from decorations provider vscode.git 1320
2024-03-14 04:42:51.494 [warning] [Decorations] CAPPING events from decorations provider vscode.git 1165
2024-03-14 04:42:56.569 [warning] [Decorations] CAPPING events from decorations provider vscode.git 1165
2024-03-14 04:43:01.999 [warning] [Decorations] CAPPING events from decorations provider vscode.git 1320
2024-03-14 04:43:02.036 [warning] [Decorations] CAPPING events from decorations provider vscode.git 1165
2024-03-14 04:43:07.111 [warning] [Decorations] CAPPING events from decorations provider vscode.git 1165
2024-03-14 04:43:12.186 [warning] [Decorations] CAPPING events from decorations provider vscode.git 1165
2024-03-14 04:43:17.262 [warning] [Decorations] CAPPING events from decorations provider vscode.git 1165
2024-03-14 04:43:22.339 [warning] [Decorations] CAPPING events from decorations provider vscode.git 1165
2024-03-14 04:43:27.418 [warning] [Decorations] CAPPING events from decorations provider vscode.git 1165
2024-03-14 04:43:54.125 [warning] [Decorations] CAPPING events from decorations provider vscode.git 1165
2024-03-14 04:44:18.403 [warning] [Decorations] CAPPING events from decorations provider vscode.git 1165
2024-03-14 04:44:23.477 [warning] [Decorations] CAPPING events from decorations provider vscode.git 1165
2024-03-14 04:44:28.554 [warning] [Decorations] CAPPING events from decorations provider vscode.git 1165
2024-03-14 04:44:33.658 [warning] [Decorations] CAPPING events from decorations provider vscode.git 1165
2024-03-14 04:53:37.303 [warning] [Decorations] CAPPING events from decorations provider vscode.git 1165
2024-03-14 04:53:42.379 [warning] [Decorations] CAPPING events from decorations provider vscode.git 1165
2024-03-14 04:53:47.454 [warning] [Decorations] CAPPING events from decorations provider vscode.git 1165
2024-03-14 04:54:22.838 [warning] [Decorations] CAPPING events from decorations provider vscode.git 1165
2024-03-14 04:54:27.914 [warning] [Decorations] CAPPING events from decorations provider vscode.git 1165
2024-03-14 04:54:32.990 [warning] [Decorations] CAPPING events from decorations provider vscode.git 1165
2024-03-14 04:56:08.012 [warning] [Decorations] CAPPING events from decorations provider vscode.git 1165
2024-03-14 04:56:13.088 [warning] [Decorations] CAPPING events from decorations provider vscode.git 1165
2024-03-14 04:56:18.165 [warning] [Decorations] CAPPING events from decorations provider vscode.git 1165
2024-03-14 04:56:23.239 [warning] [Decorations] CAPPING events from decorations provider vscode.git 1165
2024-03-14 04:58:38.532 [warning] [Decorations] CAPPING events from decorations provider vscode.git 1165
2024-03-14 04:58:43.608 [warning] [Decorations] CAPPING events from decorations provider vscode.git 1165
2024-03-14 04:58:48.682 [warning] [Decorations] CAPPING events from decorations provider vscode.git 1165
2024-03-14 04:58:53.756 [warning] [Decorations] CAPPING events from decorations provider vscode.git 1165
2024-03-14 04:59:25.366 [warning] [Decorations] CAPPING events from decorations provider vscode.git 1165
2024-03-14 04:59:30.441 [warning] [Decorations] CAPPING events from decorations provider vscode.git 1165
2024-03-14 05:05:24.749 [warning] [Decorations] CAPPING events from decorations provider vscode.git 1165
2024-03-14 05:05:29.825 [warning] [Decorations] CAPPING events from decorations provider vscode.git 1165
2024-03-14 05:05:34.903 [warning] [Decorations] CAPPING events from decorations provider vscode.git 1165
2024-03-14 05:05:40.003 [warning] [Decorations] CAPPING events from decorations provider vscode.git 1165
2024-03-14 05:05:45.076 [warning] [Decorations] CAPPING events from decorations provider vscode.git 1165
2024-03-14 05:05:50.151 [warning] [Decorations] CAPPING events from decorations provider vscode.git 1165
2024-03-14 05:05:55.228 [warning] [Decorations] CAPPING events from decorations provider vscode.git 1165
2024-03-14 05:06:00.302 [warning] [Decorations] CAPPING events from decorations provider vscode.git 1165
2024-03-14 05:06:05.378 [warning] [Decorations] CAPPING events from decorations provider vscode.git 1165
2024-03-14 05:06:10.455 [warning] [Decorations] CAPPING events from decorations provider vscode.git 1165
2024-03-14 05:06:15.537 [warning] [Decorations] CAPPING events from decorations provider vscode.git 1165
2024-03-14 05:06:20.612 [warning] [Decorations] CAPPING events from decorations provider vscode.git 1165
2024-03-14 05:06:25.687 [warning] [Decorations] CAPPING events from decorations provider vscode.git 1165
2024-03-14 05:06:30.764 [warning] [Decorations] CAPPING events from decorations provider vscode.git 1165
2024-03-14 05:06:35.841 [warning] [Decorations] CAPPING events from decorations provider vscode.git 1165
2024-03-14 05:07:18.886 [warning] [Decorations] CAPPING events from decorations provider vscode.git 1165
2024-03-14 05:07:23.963 [warning] [Decorations] CAPPING events from decorations provider vscode.git 1165
2024-03-14 05:07:29.038 [warning] [Decorations] CAPPING events from decorations provider vscode.git 1165
2024-03-14 05:07:34.112 [warning] [Decorations] CAPPING events from decorations provider vscode.git 1165
2024-03-14 05:07:39.188 [warning] [Decorations] CAPPING events from decorations provider vscode.git 1165
2024-03-14 05:07:44.261 [warning] [Decorations] CAPPING events from decorations provider vscode.git 1165
2024-03-14 05:07:49.335 [warning] [Decorations] CAPPING events from decorations provider vscode.git 1165
2024-03-14 05:07:54.411 [warning] [Decorations] CAPPING events from decorations provider vscode.git 1165
2024-03-14 05:07:59.486 [warning] [Decorations] CAPPING events from decorations provider vscode.git 1165
2024-03-14 05:08:04.563 [warning] [Decorations] CAPPING events from decorations provider vscode.git 1165
2024-03-14 05:08:09.639 [warning] [Decorations] CAPPING events from decorations provider vscode.git 1165
2024-03-14 05:08:14.715 [warning] [Decorations] CAPPING events from decorations provider vscode.git 1165
2024-03-14 05:08:19.789 [warning] [Decorations] CAPPING events from decorations provider vscode.git 1165
2024-03-14 05:08:24.864 [warning] [Decorations] CAPPING events from decorations provider vscode.git 1165
2024-03-14 05:09:30.669 [warning] [Decorations] CAPPING events from decorations provider vscode.git 1165
2024-03-14 05:10:15.188 [warning] [Decorations] CAPPING events from decorations provider vscode.git 1165
2024-03-14 05:10:20.263 [warning] [Decorations] CAPPING events from decorations provider vscode.git 1165
2024-03-14 05:10:25.337 [warning] [Decorations] CAPPING events from decorations provider vscode.git 1165
2024-03-14 05:10:30.428 [warning] [Decorations] CAPPING events from decorations provider vscode.git 1165
2024-03-14 05:10:35.503 [warning] [Decorations] CAPPING events from decorations provider vscode.git 1165
2024-03-14 05:10:40.575 [warning] [Decorations] CAPPING events from decorations provider vscode.git 1165
2024-03-14 05:10:45.650 [warning] [Decorations] CAPPING events from decorations provider vscode.git 1165
2024-03-14 05:10:50.726 [warning] [Decorations] CAPPING events from decorations provider vscode.git 1165
2024-03-14 05:10:55.802 [warning] [Decorations] CAPPING events from decorations provider vscode.git 1165
2024-03-14 05:11:00.878 [warning] [Decorations] CAPPING events from decorations provider vscode.git 1165
2024-03-14 05:11:05.957 [warning] [Decorations] CAPPING events from decorations provider vscode.git 1165
2024-03-14 05:11:11.031 [warning] [Decorations] CAPPING events from decorations provider vscode.git 1165
2024-03-14 05:11:16.107 [warning] [Decorations] CAPPING events from decorations provider vscode.git 1165
2024-03-14 05:11:21.183 [warning] [Decorations] CAPPING events from decorations provider vscode.git 1165
2024-03-14 05:12:39.754 [warning] [Decorations] CAPPING events from decorations provider vscode.git 1165
2024-03-14 05:12:44.829 [warning] [Decorations] CAPPING events from decorations provider vscode.git 1165
2024-03-14 05:12:49.905 [warning] [Decorations] CAPPING events from decorations provider vscode.git 1165
2024-03-14 05:12:54.981 [warning] [Decorations] CAPPING events from decorations provider vscode.git 1165
2024-03-14 05:13:00.057 [warning] [Decorations] CAPPING events from decorations provider vscode.git 1165
2024-03-14 05:13:26.825 [warning] [Decorations] CAPPING events from decorations provider vscode.git 1165
2024-03-14 05:13:31.901 [warning] [Decorations] CAPPING events from decorations provider vscode.git 1165
2024-03-14 05:13:36.973 [warning] [Decorations] CAPPING events from decorations provider vscode.git 1165
2024-03-14 05:13:42.049 [warning] [Decorations] CAPPING events from decorations provider vscode.git 1165
2024-03-14 05:13:47.122 [warning] [Decorations] CAPPING events from decorations provider vscode.git 1165
2024-03-14 05:13:52.200 [warning] [Decorations] CAPPING events from decorations provider vscode.git 1165
2024-03-14 05:13:57.275 [warning] [Decorations] CAPPING events from decorations provider vscode.git 1165
2024-03-14 05:14:02.349 [warning] [Decorations] CAPPING events from decorations provider vscode.git 1165
2024-03-14 05:14:12.845 [warning] [Decorations] CAPPING events from decorations provider vscode.git 1165
2024-03-14 05:14:17.923 [warning] [Decorations] CAPPING events from decorations provider vscode.git 1165
2024-03-14 05:14:23.003 [warning] [Decorations] CAPPING events from decorations provider vscode.git 1165
2024-03-14 05:14:28.079 [warning] [Decorations] CAPPING events from decorations provider vscode.git 1165
2024-03-14 05:14:33.155 [warning] [Decorations] CAPPING events from decorations provider vscode.git 1165
2024-03-14 05:14:38.230 [warning] [Decorations] CAPPING events from decorations provider vscode.git 1165
2024-03-14 05:14:43.308 [warning] [Decorations] CAPPING events from decorations provider vscode.git 1165
2024-03-14 05:14:48.386 [warning] [Decorations] CAPPING events from decorations provider vscode.git 1165
2024-03-14 05:14:53.462 [warning] [Decorations] CAPPING events from decorations provider vscode.git 1165
2024-03-14 05:14:58.536 [warning] [Decorations] CAPPING events from decorations provider vscode.git 1165
2024-03-14 05:15:03.617 [warning] [Decorations] CAPPING events from decorations provider vscode.git 1165
2024-03-14 05:15:08.696 [warning] [Decorations] CAPPING events from decorations provider vscode.git 1165
2024-03-14 05:15:13.773 [warning] [Decorations] CAPPING events from decorations provider vscode.git 1165
2024-03-14 05:15:18.850 [warning] [Decorations] CAPPING events from decorations provider vscode.git 1165
2024-03-14 05:15:23.926 [warning] [Decorations] CAPPING events from decorations provider vscode.git 1165
2024-03-14 05:15:52.364 [warning] [Decorations] CAPPING events from decorations provider vscode.git 1165
2024-03-14 05:15:57.438 [warning] [Decorations] CAPPING events from decorations provider vscode.git 1165
2024-03-14 05:16:02.513 [warning] [Decorations] CAPPING events from decorations provider vscode.git 1165
2024-03-14 05:16:07.586 [warning] [Decorations] CAPPING events from decorations provider vscode.git 1165
2024-03-14 05:16:12.662 [warning] [Decorations] CAPPING events from decorations provider vscode.git 1165
2024-03-14 05:16:31.437 [warning] [Decorations] CAPPING events from decorations provider vscode.git 1165
2024-03-14 05:16:39.306 [warning] [Decorations] CAPPING events from decorations provider vscode.git 1165
2024-03-14 05:16:44.383 [warning] [Decorations] CAPPING events from decorations provider vscode.git 1165
2024-03-14 05:17:02.126 [warning] [Decorations] CAPPING events from decorations provider vscode.git 1165
2024-03-14 05:18:26.751 [warning] [Decorations] CAPPING events from decorations provider vscode.git 1165
2024-03-14 05:18:37.543 [warning] [Decorations] CAPPING events from decorations provider vscode.git 1165
2024-03-14 05:18:42.617 [warning] [Decorations] CAPPING events from decorations provider vscode.git 1165
2024-03-14 05:18:47.691 [warning] [Decorations] CAPPING events from decorations provider vscode.git 1165
2024-03-14 05:18:52.782 [warning] [Decorations] CAPPING events from decorations provider vscode.git 1165
2024-03-14 05:18:57.855 [warning] [Decorations] CAPPING events from decorations provider vscode.git 1165
2024-03-14 05:19:02.930 [warning] [Decorations] CAPPING events from decorations provider vscode.git 1165
2024-03-14 05:19:59.919 [warning] [Decorations] CAPPING events from decorations provider vscode.git 1165
2024-03-14 05:20:04.993 [warning] [Decorations] CAPPING events from decorations provider vscode.git 1165
2024-03-14 05:20:10.070 [warning] [Decorations] CAPPING events from decorations provider vscode.git 1165
2024-03-14 05:20:15.142 [warning] [Decorations] CAPPING events from decorations provider vscode.git 1165
2024-03-14 05:20:20.217 [warning] [Decorations] CAPPING events from decorations provider vscode.git 1165
2024-03-14 05:20:25.294 [warning] [Decorations] CAPPING events from decorations provider vscode.git 1165
2024-03-14 05:22:04.041 [warning] [Decorations] CAPPING events from decorations provider vscode.git 1165
2024-03-14 05:22:09.118 [warning] [Decorations] CAPPING events from decorations provider vscode.git 1165
2024-03-14 05:22:14.193 [warning] [Decorations] CAPPING events from decorations provider vscode.git 1165
2024-03-14 05:22:19.267 [warning] [Decorations] CAPPING events from decorations provider vscode.git 1165
2024-03-14 05:22:24.344 [warning] [Decorations] CAPPING events from decorations provider vscode.git 1165
2024-03-14 05:22:36.092 [warning] [Decorations] CAPPING events from decorations provider vscode.git 1165
2024-03-14 05:22:41.166 [warning] [Decorations] CAPPING events from decorations provider vscode.git 1165
2024-03-14 05:25:07.891 [warning] [Decorations] CAPPING events from decorations provider vscode.git 1165
2024-03-14 05:25:12.966 [warning] [Decorations] CAPPING events from decorations provider vscode.git 1165
2024-03-14 05:25:18.043 [warning] [Decorations] CAPPING events from decorations provider vscode.git 1165
2024-03-14 05:25:23.117 [warning] [Decorations] CAPPING events from decorations provider vscode.git 1165
2024-03-14 05:25:28.194 [warning] [Decorations] CAPPING events from decorations provider vscode.git 1165
2024-03-14 05:25:33.275 [warning] [Decorations] CAPPING events from decorations provider vscode.git 1165
2024-03-14 05:25:38.349 [warning] [Decorations] CAPPING events from decorations provider vscode.git 1165
2024-03-14 05:25:43.426 [warning] [Decorations] CAPPING events from decorations provider vscode.git 1165
2024-03-14 05:25:48.503 [warning] [Decorations] CAPPING events from decorations provider vscode.git 1165
2024-03-14 05:25:53.580 [warning] [Decorations] CAPPING events from decorations provider vscode.git 1165
2024-03-14 05:25:58.656 [warning] [Decorations] CAPPING events from decorations provider vscode.git 1165
2024-03-14 05:26:03.730 [warning] [Decorations] CAPPING events from decorations provider vscode.git 1165
2024-03-14 05:26:08.805 [warning] [Decorations] CAPPING events from decorations provider vscode.git 1165
2024-03-14 05:26:13.881 [warning] [Decorations] CAPPING events from decorations provider vscode.git 1165
2024-03-14 05:26:18.957 [warning] [Decorations] CAPPING events from decorations provider vscode.git 1165
2024-03-14 05:26:24.031 [warning] [Decorations] CAPPING events from decorations provider vscode.git 1165
2024-03-14 05:26:29.106 [warning] [Decorations] CAPPING events from decorations provider vscode.git 1165
2024-03-14 05:26:34.184 [warning] [Decorations] CAPPING events from decorations provider vscode.git 1165
2024-03-14 05:26:39.263 [warning] [Decorations] CAPPING events from decorations provider vscode.git 1165
2024-03-14 05:26:44.340 [warning] [Decorations] CAPPING events from decorations provider vscode.git 1165
2024-03-14 05:27:31.524 [warning] [Decorations] CAPPING events from decorations provider vscode.git 1165
2024-03-14 05:27:40.391 [warning] [Decorations] CAPPING events from decorations provider vscode.git 1165
2024-03-14 05:28:00.650 [warning] [Decorations] CAPPING events from decorations provider vscode.git 1165
2024-03-14 05:28:05.725 [warning] [Decorations] CAPPING events from decorations provider vscode.git 1165
2024-03-14 05:28:10.798 [warning] [Decorations] CAPPING events from decorations provider vscode.git 1165
2024-03-14 05:28:15.872 [warning] [Decorations] CAPPING events from decorations provider vscode.git 1165
2024-03-14 05:28:20.945 [warning] [Decorations] CAPPING events from decorations provider vscode.git 1165
2024-03-14 05:28:26.020 [warning] [Decorations] CAPPING events from decorations provider vscode.git 1165
2024-03-14 05:28:31.100 [warning] [Decorations] CAPPING events from decorations provider vscode.git 1165
2024-03-14 05:28:36.177 [warning] [Decorations] CAPPING events from decorations provider vscode.git 1165
2024-03-14 05:28:41.256 [warning] [Decorations] CAPPING events from decorations provider vscode.git 1165
2024-03-14 05:28:46.331 [warning] [Decorations] CAPPING events from decorations provider vscode.git 1165
2024-03-14 05:28:51.409 [warning] [Decorations] CAPPING events from decorations provider vscode.git 1165
2024-03-14 05:28:56.484 [warning] [Decorations] CAPPING events from decorations provider vscode.git 1165
2024-03-14 05:29:01.564 [warning] [Decorations] CAPPING events from decorations provider vscode.git 1165
2024-03-14 05:29:06.640 [warning] [Decorations] CAPPING events from decorations provider vscode.git 1165
2024-03-14 05:29:11.715 [warning] [Decorations] CAPPING events from decorations provider vscode.git 1165
2024-03-14 05:31:15.627 [warning] [Decorations] CAPPING events from decorations provider vscode.git 1165
2024-03-14 05:31:28.773 [warning] [Decorations] CAPPING events from decorations provider vscode.git 1165
2024-03-14 05:31:33.848 [warning] [Decorations] CAPPING events from decorations provider vscode.git 1165
2024-03-14 05:31:38.926 [warning] [Decorations] CAPPING events from decorations provider vscode.git 1165
2024-03-14 05:31:44.005 [warning] [Decorations] CAPPING events from decorations provider vscode.git 1165
2024-03-14 05:31:49.079 [warning] [Decorations] CAPPING events from decorations provider vscode.git 1165
2024-03-14 05:31:54.034 [warning] [Decorations] CAPPING events from decorations provider vscode.git 660
2024-03-14 05:31:54.221 [warning] [Decorations] CAPPING events from decorations provider vscode.git 1165
2024-03-14 05:31:59.300 [warning] [Decorations] CAPPING events from decorations provider vscode.git 1165
2024-03-14 05:32:04.376 [warning] [Decorations] CAPPING events from decorations provider vscode.git 1165
2024-03-14 05:32:29.179 [warning] [Decorations] CAPPING events from decorations provider vscode.git 1165
2024-03-14 05:32:34.255 [warning] [Decorations] CAPPING events from decorations provider vscode.git 1165
2024-03-14 05:32:34.887 [warning] [Decorations] CAPPING events from decorations provider vscode.git 660
2024-03-14 05:32:39.702 [warning] [Decorations] CAPPING events from decorations provider vscode.git 1165
2024-03-14 05:32:39.942 [warning] [Decorations] CAPPING events from decorations provider vscode.git 660
2024-03-14 05:32:44.779 [warning] [Decorations] CAPPING events from decorations provider vscode.git 1165
2024-03-14 05:32:45.545 [warning] [Decorations] CAPPING events from decorations provider vscode.git 894
2024-03-14 05:32:49.855 [warning] [Decorations] CAPPING events from decorations provider vscode.git 1165
2024-03-14 05:33:06.069 [warning] [Decorations] CAPPING events from decorations provider vscode.git 1165
2024-03-14 05:34:53.033 [warning] [Decorations] CAPPING events from decorations provider vscode.git 1165
2024-03-14 05:34:58.106 [warning] [Decorations] CAPPING events from decorations provider vscode.git 1165
2024-03-14 05:35:03.197 [warning] [Decorations] CAPPING events from decorations provider vscode.git 1165
2024-03-14 05:35:08.235 [warning] [Decorations] CAPPING events from decorations provider vscode.git 894
2024-03-14 05:35:08.304 [warning] [Decorations] CAPPING events from decorations provider vscode.git 1165
2024-03-14 05:35:13.384 [warning] [Decorations] CAPPING events from decorations provider vscode.git 1165
2024-03-14 05:35:18.465 [warning] [Decorations] CAPPING events from decorations provider vscode.git 1165
2024-03-14 05:35:23.557 [warning] [Decorations] CAPPING events from decorations provider vscode.git 1165
2024-03-14 05:35:28.641 [warning] [Decorations] CAPPING events from decorations provider vscode.git 1164
2024-03-14 05:35:33.719 [warning] [Decorations] CAPPING events from decorations provider vscode.git 1164
2024-03-14 05:35:38.789 [warning] [Decorations] CAPPING events from decorations provider vscode.git 1164
2024-03-14 05:35:55.948 [info] Extension host terminating: received terminate message from renderer
2024-03-14 05:35:55.948 [info] Lock '/home/student/.vscode-server/data/User/workspaceStorage/63e31fa26b97c3d038b73ad41de3ba4a/vscode.lock': Marking the lockfile as scheduled to be released in 6000 ms.
2024-03-14 05:35:55.981 [error] Canceled: Canceled
	at new $ (/home/student/.vscode-server/bin/1e790d77f81672c49be070e04474901747115651/out/vs/workbench/api/node/extensionHostProcess.js:140:45885)
	at s.U (/home/student/.vscode-server/bin/1e790d77f81672c49be070e04474901747115651/out/vs/workbench/api/node/extensionHostProcess.js:147:5556)
	at z.<computed>.T.charCodeAt.z.<computed> (/home/student/.vscode-server/bin/1e790d77f81672c49be070e04474901747115651/out/vs/workbench/api/node/extensionHostProcess.js:147:3007)
	at u.g (/home/student/.vscode-server/bin/1e790d77f81672c49be070e04474901747115651/out/vs/workbench/api/node/extensionHostProcess.js:150:184300)
	at u.executeCommand (/home/student/.vscode-server/bin/1e790d77f81672c49be070e04474901747115651/out/vs/workbench/api/node/extensionHostProcess.js:150:183738)
	at f.registerCommand.description (/home/student/.vscode-server/bin/1e790d77f81672c49be070e04474901747115651/out/vs/workbench/api/node/extensionHostProcess.js:150:183062)
	at u.h (/home/student/.vscode-server/bin/1e790d77f81672c49be070e04474901747115651/out/vs/workbench/api/node/extensionHostProcess.js:150:184839)
	at u.g (/home/student/.vscode-server/bin/1e790d77f81672c49be070e04474901747115651/out/vs/workbench/api/node/extensionHostProcess.js:150:183831)
	at u.executeCommand (/home/student/.vscode-server/bin/1e790d77f81672c49be070e04474901747115651/out/vs/workbench/api/node/extensionHostProcess.js:150:183738)
	at Object.executeCommand (/home/student/.vscode-server/bin/1e790d77f81672c49be070e04474901747115651/out/vs/workbench/api/node/extensionHostProcess.js:160:21654)
	at p.O [as value] (/home/student/.vscode-server/bin/1e790d77f81672c49be070e04474901747115651/extensions/git/dist/main.js:2:943479)
	at n.y (/home/student/.vscode-server/bin/1e790d77f81672c49be070e04474901747115651/out/vs/workbench/api/node/extensionHostProcess.js:80:1902)
	at n.z (/home/student/.vscode-server/bin/1e790d77f81672c49be070e04474901747115651/out/vs/workbench/api/node/extensionHostProcess.js:80:1972)
	at n.fire (/home/student/.vscode-server/bin/1e790d77f81672c49be070e04474901747115651/out/vs/workbench/api/node/extensionHostProcess.js:80:2188)
	at Object.m [as dispose] (/home/student/.vscode-server/bin/1e790d77f81672c49be070e04474901747115651/extensions/git/dist/main.js:2:962791)
	at /home/student/.vscode-server/bin/1e790d77f81672c49be070e04474901747115651/extensions/git/dist/main.js:2:968825
	at Array.forEach (<anonymous>)
	at f.dispose (/home/student/.vscode-server/bin/1e790d77f81672c49be070e04474901747115651/extensions/git/dist/main.js:2:968811)
	at l.<anonymous> (/home/student/.vscode-server/bin/1e790d77f81672c49be070e04474901747115651/out/vs/workbench/api/node/extensionHostProcess.js:148:3704)
	at l.dispose (/home/student/.vscode-server/bin/1e790d77f81672c49be070e04474901747115651/out/vs/workbench/api/node/extensionHostProcess.js:148:3801)
	at l.<anonymous> (/home/student/.vscode-server/bin/1e790d77f81672c49be070e04474901747115651/extensions/git/dist/main.js:2:945736)
	at l.dispose (/home/student/.vscode-server/bin/1e790d77f81672c49be070e04474901747115651/out/vs/workbench/api/node/extensionHostProcess.js:148:3801)
	at o (/home/student/.vscode-server/bin/1e790d77f81672c49be070e04474901747115651/out/vs/workbench/api/node/extensionHostProcess.js:30:754)
	at p.cb (/home/student/.vscode-server/bin/1e790d77f81672c49be070e04474901747115651/out/vs/workbench/api/node/extensionHostProcess.js:156:9882)
	at /home/student/.vscode-server/bin/1e790d77f81672c49be070e04474901747115651/out/vs/workbench/api/node/extensionHostProcess.js:156:7816
	at Array.map (<anonymous>)
	at p.Y (/home/student/.vscode-server/bin/1e790d77f81672c49be070e04474901747115651/out/vs/workbench/api/node/extensionHostProcess.js:156:7803)
	at p.terminate (/home/student/.vscode-server/bin/1e790d77f81672c49be070e04474901747115651/out/vs/workbench/api/node/extensionHostProcess.js:156:8076)
	at o.terminate (/home/student/.vscode-server/bin/1e790d77f81672c49be070e04474901747115651/out/vs/workbench/api/node/extensionHostProcess.js:160:1513)
	at t (/home/student/.vscode-server/bin/1e790d77f81672c49be070e04474901747115651/out/vs/workbench/api/node/extensionHostProcess.js:173:9949)
	at p.value (/home/student/.vscode-server/bin/1e790d77f81672c49be070e04474901747115651/out/vs/workbench/api/node/extensionHostProcess.js:173:7996)
	at n.y (/home/student/.vscode-server/bin/1e790d77f81672c49be070e04474901747115651/out/vs/workbench/api/node/extensionHostProcess.js:80:1902)
	at n.fire (/home/student/.vscode-server/bin/1e790d77f81672c49be070e04474901747115651/out/vs/workbench/api/node/extensionHostProcess.js:80:2119)
	at r.fire (/home/student/.vscode-server/bin/1e790d77f81672c49be070e04474901747115651/out/vs/workbench/api/node/extensionHostProcess.js:105:14091)
	at u.z (/home/student/.vscode-server/bin/1e790d77f81672c49be070e04474901747115651/out/vs/workbench/api/node/extensionHostProcess.js:105:17156)
	at p.value (/home/student/.vscode-server/bin/1e790d77f81672c49be070e04474901747115651/out/vs/workbench/api/node/extensionHostProcess.js:105:15608)
	at n.y (/home/student/.vscode-server/bin/1e790d77f81672c49be070e04474901747115651/out/vs/workbench/api/node/extensionHostProcess.js:80:1902)
	at n.fire (/home/student/.vscode-server/bin/1e790d77f81672c49be070e04474901747115651/out/vs/workbench/api/node/extensionHostProcess.js:80:2119)
	at p.acceptChunk (/home/student/.vscode-server/bin/1e790d77f81672c49be070e04474901747115651/out/vs/workbench/api/node/extensionHostProcess.js:105:11865)
	at p.value (/home/student/.vscode-server/bin/1e790d77f81672c49be070e04474901747115651/out/vs/workbench/api/node/extensionHostProcess.js:105:11152)
	at n.y (/home/student/.vscode-server/bin/1e790d77f81672c49be070e04474901747115651/out/vs/workbench/api/node/extensionHostProcess.js:80:1902)
	at n.fire (/home/student/.vscode-server/bin/1e790d77f81672c49be070e04474901747115651/out/vs/workbench/api/node/extensionHostProcess.js:80:2119)
	at n.z (/home/student/.vscode-server/bin/1e790d77f81672c49be070e04474901747115651/out/vs/workbench/api/node/extensionHostProcess.js:170:19748) setContext undefined
2024-03-14 05:35:55.981 [error] Canceled: Canceled
	at new $ (/home/student/.vscode-server/bin/1e790d77f81672c49be070e04474901747115651/out/vs/workbench/api/node/extensionHostProcess.js:140:45885)
	at s.U (/home/student/.vscode-server/bin/1e790d77f81672c49be070e04474901747115651/out/vs/workbench/api/node/extensionHostProcess.js:147:5556)
	at z.<computed>.T.charCodeAt.z.<computed> (/home/student/.vscode-server/bin/1e790d77f81672c49be070e04474901747115651/out/vs/workbench/api/node/extensionHostProcess.js:147:3007)
	at u.g (/home/student/.vscode-server/bin/1e790d77f81672c49be070e04474901747115651/out/vs/workbench/api/node/extensionHostProcess.js:150:184300)
	at u.executeCommand (/home/student/.vscode-server/bin/1e790d77f81672c49be070e04474901747115651/out/vs/workbench/api/node/extensionHostProcess.js:150:183738)
	at f.registerCommand.description (/home/student/.vscode-server/bin/1e790d77f81672c49be070e04474901747115651/out/vs/workbench/api/node/extensionHostProcess.js:150:183062)
	at u.h (/home/student/.vscode-server/bin/1e790d77f81672c49be070e04474901747115651/out/vs/workbench/api/node/extensionHostProcess.js:150:184839)
	at u.g (/home/student/.vscode-server/bin/1e790d77f81672c49be070e04474901747115651/out/vs/workbench/api/node/extensionHostProcess.js:150:183831)
	at u.executeCommand (/home/student/.vscode-server/bin/1e790d77f81672c49be070e04474901747115651/out/vs/workbench/api/node/extensionHostProcess.js:150:183738)
	at Object.executeCommand (/home/student/.vscode-server/bin/1e790d77f81672c49be070e04474901747115651/out/vs/workbench/api/node/extensionHostProcess.js:160:21654)
	at p.O [as value] (/home/student/.vscode-server/bin/1e790d77f81672c49be070e04474901747115651/extensions/git/dist/main.js:2:943479)
	at n.y (/home/student/.vscode-server/bin/1e790d77f81672c49be070e04474901747115651/out/vs/workbench/api/node/extensionHostProcess.js:80:1902)
	at n.z (/home/student/.vscode-server/bin/1e790d77f81672c49be070e04474901747115651/out/vs/workbench/api/node/extensionHostProcess.js:80:1972)
	at n.fire (/home/student/.vscode-server/bin/1e790d77f81672c49be070e04474901747115651/out/vs/workbench/api/node/extensionHostProcess.js:80:2188)
	at Object.m [as dispose] (/home/student/.vscode-server/bin/1e790d77f81672c49be070e04474901747115651/extensions/git/dist/main.js:2:962791)
	at /home/student/.vscode-server/bin/1e790d77f81672c49be070e04474901747115651/extensions/git/dist/main.js:2:968825
	at Array.forEach (<anonymous>)
	at f.dispose (/home/student/.vscode-server/bin/1e790d77f81672c49be070e04474901747115651/extensions/git/dist/main.js:2:968811)
	at l.<anonymous> (/home/student/.vscode-server/bin/1e790d77f81672c49be070e04474901747115651/out/vs/workbench/api/node/extensionHostProcess.js:148:3704)
	at l.dispose (/home/student/.vscode-server/bin/1e790d77f81672c49be070e04474901747115651/out/vs/workbench/api/node/extensionHostProcess.js:148:3801)
	at l.<anonymous> (/home/student/.vscode-server/bin/1e790d77f81672c49be070e04474901747115651/extensions/git/dist/main.js:2:945736)
	at l.dispose (/home/student/.vscode-server/bin/1e790d77f81672c49be070e04474901747115651/out/vs/workbench/api/node/extensionHostProcess.js:148:3801)
	at o (/home/student/.vscode-server/bin/1e790d77f81672c49be070e04474901747115651/out/vs/workbench/api/node/extensionHostProcess.js:30:754)
	at p.cb (/home/student/.vscode-server/bin/1e790d77f81672c49be070e04474901747115651/out/vs/workbench/api/node/extensionHostProcess.js:156:9882)
	at /home/student/.vscode-server/bin/1e790d77f81672c49be070e04474901747115651/out/vs/workbench/api/node/extensionHostProcess.js:156:7816
	at Array.map (<anonymous>)
	at p.Y (/home/student/.vscode-server/bin/1e790d77f81672c49be070e04474901747115651/out/vs/workbench/api/node/extensionHostProcess.js:156:7803)
	at p.terminate (/home/student/.vscode-server/bin/1e790d77f81672c49be070e04474901747115651/out/vs/workbench/api/node/extensionHostProcess.js:156:8076)
	at o.terminate (/home/student/.vscode-server/bin/1e790d77f81672c49be070e04474901747115651/out/vs/workbench/api/node/extensionHostProcess.js:160:1513)
	at t (/home/student/.vscode-server/bin/1e790d77f81672c49be070e04474901747115651/out/vs/workbench/api/node/extensionHostProcess.js:173:9949)
	at p.value (/home/student/.vscode-server/bin/1e790d77f81672c49be070e04474901747115651/out/vs/workbench/api/node/extensionHostProcess.js:173:7996)
	at n.y (/home/student/.vscode-server/bin/1e790d77f81672c49be070e04474901747115651/out/vs/workbench/api/node/extensionHostProcess.js:80:1902)
	at n.fire (/home/student/.vscode-server/bin/1e790d77f81672c49be070e04474901747115651/out/vs/workbench/api/node/extensionHostProcess.js:80:2119)
	at r.fire (/home/student/.vscode-server/bin/1e790d77f81672c49be070e04474901747115651/out/vs/workbench/api/node/extensionHostProcess.js:105:14091)
	at u.z (/home/student/.vscode-server/bin/1e790d77f81672c49be070e04474901747115651/out/vs/workbench/api/node/extensionHostProcess.js:105:17156)
	at p.value (/home/student/.vscode-server/bin/1e790d77f81672c49be070e04474901747115651/out/vs/workbench/api/node/extensionHostProcess.js:105:15608)
	at n.y (/home/student/.vscode-server/bin/1e790d77f81672c49be070e04474901747115651/out/vs/workbench/api/node/extensionHostProcess.js:80:1902)
	at n.fire (/home/student/.vscode-server/bin/1e790d77f81672c49be070e04474901747115651/out/vs/workbench/api/node/extensionHostProcess.js:80:2119)
	at p.acceptChunk (/home/student/.vscode-server/bin/1e790d77f81672c49be070e04474901747115651/out/vs/workbench/api/node/extensionHostProcess.js:105:11865)
	at p.value (/home/student/.vscode-server/bin/1e790d77f81672c49be070e04474901747115651/out/vs/workbench/api/node/extensionHostProcess.js:105:11152)
	at n.y (/home/student/.vscode-server/bin/1e790d77f81672c49be070e04474901747115651/out/vs/workbench/api/node/extensionHostProcess.js:80:1902)
	at n.fire (/home/student/.vscode-server/bin/1e790d77f81672c49be070e04474901747115651/out/vs/workbench/api/node/extensionHostProcess.js:80:2119)
	at n.z (/home/student/.vscode-server/bin/1e790d77f81672c49be070e04474901747115651/out/vs/workbench/api/node/extensionHostProcess.js:170:19748) setContext undefined
2024-03-14 05:35:55.981 [error] Canceled: Canceled
	at new $ (/home/student/.vscode-server/bin/1e790d77f81672c49be070e04474901747115651/out/vs/workbench/api/node/extensionHostProcess.js:140:45885)
	at s.U (/home/student/.vscode-server/bin/1e790d77f81672c49be070e04474901747115651/out/vs/workbench/api/node/extensionHostProcess.js:147:5556)
	at z.<computed>.T.charCodeAt.z.<computed> (/home/student/.vscode-server/bin/1e790d77f81672c49be070e04474901747115651/out/vs/workbench/api/node/extensionHostProcess.js:147:3007)
	at u.g (/home/student/.vscode-server/bin/1e790d77f81672c49be070e04474901747115651/out/vs/workbench/api/node/extensionHostProcess.js:150:184300)
	at u.executeCommand (/home/student/.vscode-server/bin/1e790d77f81672c49be070e04474901747115651/out/vs/workbench/api/node/extensionHostProcess.js:150:183738)
	at f.registerCommand.description (/home/student/.vscode-server/bin/1e790d77f81672c49be070e04474901747115651/out/vs/workbench/api/node/extensionHostProcess.js:150:183062)
	at u.h (/home/student/.vscode-server/bin/1e790d77f81672c49be070e04474901747115651/out/vs/workbench/api/node/extensionHostProcess.js:150:184839)
	at u.g (/home/student/.vscode-server/bin/1e790d77f81672c49be070e04474901747115651/out/vs/workbench/api/node/extensionHostProcess.js:150:183831)
	at u.executeCommand (/home/student/.vscode-server/bin/1e790d77f81672c49be070e04474901747115651/out/vs/workbench/api/node/extensionHostProcess.js:150:183738)
	at Object.executeCommand (/home/student/.vscode-server/bin/1e790d77f81672c49be070e04474901747115651/out/vs/workbench/api/node/extensionHostProcess.js:160:21654)
	at set hasGitHubRepositories [as hasGitHubRepositories] (/home/student/.vscode-server/bin/1e790d77f81672c49be070e04474901747115651/extensions/github/dist/extension.js:2:325214)
	at /home/student/.vscode-server/bin/1e790d77f81672c49be070e04474901747115651/extensions/github/dist/extension.js:2:326173
	at p.value (/home/student/.vscode-server/bin/1e790d77f81672c49be070e04474901747115651/extensions/git/dist/main.js:2:1050811)
	at n.y (/home/student/.vscode-server/bin/1e790d77f81672c49be070e04474901747115651/out/vs/workbench/api/node/extensionHostProcess.js:80:1902)
	at n.z (/home/student/.vscode-server/bin/1e790d77f81672c49be070e04474901747115651/out/vs/workbench/api/node/extensionHostProcess.js:80:1972)
	at n.fire (/home/student/.vscode-server/bin/1e790d77f81672c49be070e04474901747115651/out/vs/workbench/api/node/extensionHostProcess.js:80:2188)
	at Object.m [as dispose] (/home/student/.vscode-server/bin/1e790d77f81672c49be070e04474901747115651/extensions/git/dist/main.js:2:962791)
	at /home/student/.vscode-server/bin/1e790d77f81672c49be070e04474901747115651/extensions/git/dist/main.js:2:968825
	at Array.forEach (<anonymous>)
	at f.dispose (/home/student/.vscode-server/bin/1e790d77f81672c49be070e04474901747115651/extensions/git/dist/main.js:2:968811)
	at l.<anonymous> (/home/student/.vscode-server/bin/1e790d77f81672c49be070e04474901747115651/out/vs/workbench/api/node/extensionHostProcess.js:148:3704)
	at l.dispose (/home/student/.vscode-server/bin/1e790d77f81672c49be070e04474901747115651/out/vs/workbench/api/node/extensionHostProcess.js:148:3801)
	at l.<anonymous> (/home/student/.vscode-server/bin/1e790d77f81672c49be070e04474901747115651/extensions/git/dist/main.js:2:945736)
	at l.dispose (/home/student/.vscode-server/bin/1e790d77f81672c49be070e04474901747115651/out/vs/workbench/api/node/extensionHostProcess.js:148:3801)
	at o (/home/student/.vscode-server/bin/1e790d77f81672c49be070e04474901747115651/out/vs/workbench/api/node/extensionHostProcess.js:30:754)
	at p.cb (/home/student/.vscode-server/bin/1e790d77f81672c49be070e04474901747115651/out/vs/workbench/api/node/extensionHostProcess.js:156:9882)
	at /home/student/.vscode-server/bin/1e790d77f81672c49be070e04474901747115651/out/vs/workbench/api/node/extensionHostProcess.js:156:7816
	at Array.map (<anonymous>)
	at p.Y (/home/student/.vscode-server/bin/1e790d77f81672c49be070e04474901747115651/out/vs/workbench/api/node/extensionHostProcess.js:156:7803)
	at p.terminate (/home/student/.vscode-server/bin/1e790d77f81672c49be070e04474901747115651/out/vs/workbench/api/node/extensionHostProcess.js:156:8076)
	at o.terminate (/home/student/.vscode-server/bin/1e790d77f81672c49be070e04474901747115651/out/vs/workbench/api/node/extensionHostProcess.js:160:1513)
	at t (/home/student/.vscode-server/bin/1e790d77f81672c49be070e04474901747115651/out/vs/workbench/api/node/extensionHostProcess.js:173:9949)
	at p.value (/home/student/.vscode-server/bin/1e790d77f81672c49be070e04474901747115651/out/vs/workbench/api/node/extensionHostProcess.js:173:7996)
	at n.y (/home/student/.vscode-server/bin/1e790d77f81672c49be070e04474901747115651/out/vs/workbench/api/node/extensionHostProcess.js:80:1902)
	at n.fire (/home/student/.vscode-server/bin/1e790d77f81672c49be070e04474901747115651/out/vs/workbench/api/node/extensionHostProcess.js:80:2119)
	at r.fire (/home/student/.vscode-server/bin/1e790d77f81672c49be070e04474901747115651/out/vs/workbench/api/node/extensionHostProcess.js:105:14091)
	at u.z (/home/student/.vscode-server/bin/1e790d77f81672c49be070e04474901747115651/out/vs/workbench/api/node/extensionHostProcess.js:105:17156)
	at p.value (/home/student/.vscode-server/bin/1e790d77f81672c49be070e04474901747115651/out/vs/workbench/api/node/extensionHostProcess.js:105:15608)
	at n.y (/home/student/.vscode-server/bin/1e790d77f81672c49be070e04474901747115651/out/vs/workbench/api/node/extensionHostProcess.js:80:1902)
	at n.fire (/home/student/.vscode-server/bin/1e790d77f81672c49be070e04474901747115651/out/vs/workbench/api/node/extensionHostProcess.js:80:2119)
	at p.acceptChunk (/home/student/.vscode-server/bin/1e790d77f81672c49be070e04474901747115651/out/vs/workbench/api/node/extensionHostProcess.js:105:11865)
	at p.value (/home/student/.vscode-server/bin/1e790d77f81672c49be070e04474901747115651/out/vs/workbench/api/node/extensionHostProcess.js:105:11152)
	at n.y (/home/student/.vscode-server/bin/1e790d77f81672c49be070e04474901747115651/out/vs/workbench/api/node/extensionHostProcess.js:80:1902)
	at n.fire (/home/student/.vscode-server/bin/1e790d77f81672c49be070e04474901747115651/out/vs/workbench/api/node/extensionHostProcess.js:80:2119)
	at n.z (/home/student/.vscode-server/bin/1e790d77f81672c49be070e04474901747115651/out/vs/workbench/api/node/extensionHostProcess.js:170:19748) setContext undefined
2024-03-14 05:35:55.981 [info] Extension host with pid 1413 exiting with code 0
