2024-02-29 04:14:34.451 [info] Extension host with pid 1284 started
2024-02-29 04:14:34.451 [error] Error: EEXIST: file already exists, open '/home/student/.vscode-server/data/User/workspaceStorage/63e31fa26b97c3d038b73ad41de3ba4a/vscode.lock'
2024-02-29 04:14:34.454 [info] Lock '/home/student/.vscode-server/data/User/workspaceStorage/63e31fa26b97c3d038b73ad41de3ba4a/vscode.lock': Could not acquire lock, checking if the file is stale.
2024-02-29 04:14:34.458 [info] Lock '/home/student/.vscode-server/data/User/workspaceStorage/63e31fa26b97c3d038b73ad41de3ba4a/vscode.lock': The pid 1390 appears to be gone.
2024-02-29 04:14:34.458 [info] Lock '/home/student/.vscode-server/data/User/workspaceStorage/63e31fa26b97c3d038b73ad41de3ba4a/vscode.lock': Deleting a stale lock.
2024-02-29 04:14:34.477 [info] Lock '/home/student/.vscode-server/data/User/workspaceStorage/63e31fa26b97c3d038b73ad41de3ba4a/vscode.lock': Lock acquired.
2024-02-29 04:14:35.419 [info] ExtensionService#_doActivateExtension vscode.emmet, startup: false, activationEvent: 'onLanguage'
2024-02-29 04:14:35.562 [info] ExtensionService#_doActivateExtension vscode.git-base, startup: true, activationEvent: '*', root cause: vscode.git
2024-02-29 04:14:35.656 [info] ExtensionService#_doActivateExtension vscode.git, startup: true, activationEvent: '*'
2024-02-29 04:14:35.657 [info] ExtensionService#_doActivateExtension vscode.github, startup: true, activationEvent: '*'
2024-02-29 04:14:35.977 [info] Eager extensions activated
2024-02-29 04:14:35.977 [info] ExtensionService#_doActivateExtension vscode.debug-auto-launch, startup: false, activationEvent: 'onStartupFinished'
2024-02-29 04:14:35.978 [info] ExtensionService#_doActivateExtension vscode.merge-conflict, startup: false, activationEvent: 'onStartupFinished'
2024-02-29 04:14:36.605 [warning] [Decorations] CAPPING events from decorations provider vscode.git 2301
2024-02-29 04:14:37.012 [warning] [Decorations] CAPPING events from decorations provider vscode.git 2301
2024-02-29 04:14:56.019 [warning] [Decorations] CAPPING events from decorations provider vscode.git 2301
2024-02-29 04:15:01.116 [warning] [Decorations] CAPPING events from decorations provider vscode.git 2301
2024-02-29 04:15:06.204 [warning] [Decorations] CAPPING events from decorations provider vscode.git 2301
2024-02-29 04:15:10.467 [info] ExtensionService#_doActivateExtension vscode.npm, startup: false, activationEvent: 'onTerminalQuickFixRequest:ms-vscode.npm-command'
2024-02-29 04:15:11.289 [warning] [Decorations] CAPPING events from decorations provider vscode.git 2301
2024-02-29 04:15:16.373 [warning] [Decorations] CAPPING events from decorations provider vscode.git 2301
2024-02-29 04:15:21.461 [warning] [Decorations] CAPPING events from decorations provider vscode.git 2301
2024-02-29 04:15:26.547 [warning] [Decorations] CAPPING events from decorations provider vscode.git 2301
2024-02-29 04:15:31.641 [warning] [Decorations] CAPPING events from decorations provider vscode.git 2301
2024-02-29 04:15:36.724 [warning] [Decorations] CAPPING events from decorations provider vscode.git 2301
2024-02-29 04:15:41.812 [warning] [Decorations] CAPPING events from decorations provider vscode.git 2301
2024-02-29 04:16:05.941 [warning] [Decorations] CAPPING events from decorations provider vscode.git 2301
2024-02-29 04:16:11.032 [warning] [Decorations] CAPPING events from decorations provider vscode.git 2301
2024-02-29 04:16:16.118 [warning] [Decorations] CAPPING events from decorations provider vscode.git 2301
2024-02-29 04:16:21.205 [warning] [Decorations] CAPPING events from decorations provider vscode.git 2301
2024-02-29 04:16:26.290 [warning] [Decorations] CAPPING events from decorations provider vscode.git 2301
2024-02-29 04:16:31.376 [warning] [Decorations] CAPPING events from decorations provider vscode.git 2301
2024-02-29 04:16:43.731 [warning] [Decorations] CAPPING events from decorations provider vscode.git 2301
2024-02-29 04:16:56.400 [warning] [Decorations] CAPPING events from decorations provider vscode.git 2301
2024-02-29 04:17:01.486 [warning] [Decorations] CAPPING events from decorations provider vscode.git 2301
2024-02-29 04:17:06.569 [warning] [Decorations] CAPPING events from decorations provider vscode.git 2301
2024-02-29 04:17:11.655 [warning] [Decorations] CAPPING events from decorations provider vscode.git 2301
2024-02-29 04:17:16.738 [warning] [Decorations] CAPPING events from decorations provider vscode.git 2301
2024-02-29 04:17:21.828 [warning] [Decorations] CAPPING events from decorations provider vscode.git 2301
2024-02-29 04:18:28.323 [warning] [Decorations] CAPPING events from decorations provider vscode.git 2301
2024-02-29 04:18:33.410 [warning] [Decorations] CAPPING events from decorations provider vscode.git 2301
2024-02-29 04:18:38.494 [warning] [Decorations] CAPPING events from decorations provider vscode.git 2301
2024-02-29 04:19:05.898 [warning] [Decorations] CAPPING events from decorations provider vscode.git 2301
2024-02-29 04:19:10.984 [warning] [Decorations] CAPPING events from decorations provider vscode.git 2301
2024-02-29 04:19:16.071 [warning] [Decorations] CAPPING events from decorations provider vscode.git 2301
2024-02-29 04:19:21.157 [warning] [Decorations] CAPPING events from decorations provider vscode.git 2301
2024-02-29 04:19:26.240 [warning] [Decorations] CAPPING events from decorations provider vscode.git 2301
2024-02-29 04:19:31.324 [warning] [Decorations] CAPPING events from decorations provider vscode.git 2301
2024-02-29 04:19:36.862 [warning] [Decorations] CAPPING events from decorations provider vscode.git 2301
2024-02-29 04:19:41.944 [warning] [Decorations] CAPPING events from decorations provider vscode.git 2301
2024-02-29 04:20:08.428 [warning] [Decorations] CAPPING events from decorations provider vscode.git 2301
2024-02-29 04:20:13.511 [warning] [Decorations] CAPPING events from decorations provider vscode.git 2301
2024-02-29 04:20:33.471 [warning] [Decorations] CAPPING events from decorations provider vscode.git 2301
2024-02-29 04:20:38.559 [warning] [Decorations] CAPPING events from decorations provider vscode.git 2301
2024-02-29 04:20:43.642 [warning] [Decorations] CAPPING events from decorations provider vscode.git 2301
2024-02-29 04:20:48.726 [warning] [Decorations] CAPPING events from decorations provider vscode.git 2301
2024-02-29 04:20:53.810 [warning] [Decorations] CAPPING events from decorations provider vscode.git 2301
2024-02-29 04:20:58.897 [warning] [Decorations] CAPPING events from decorations provider vscode.git 2301
2024-02-29 04:21:03.980 [warning] [Decorations] CAPPING events from decorations provider vscode.git 2301
2024-02-29 04:21:09.064 [warning] [Decorations] CAPPING events from decorations provider vscode.git 2301
2024-02-29 04:21:14.147 [warning] [Decorations] CAPPING events from decorations provider vscode.git 2301
2024-02-29 04:21:19.238 [warning] [Decorations] CAPPING events from decorations provider vscode.git 2301
2024-02-29 04:21:24.322 [warning] [Decorations] CAPPING events from decorations provider vscode.git 2301
2024-02-29 04:21:29.406 [warning] [Decorations] CAPPING events from decorations provider vscode.git 2301
2024-02-29 04:21:34.493 [warning] [Decorations] CAPPING events from decorations provider vscode.git 2301
2024-02-29 04:21:39.576 [warning] [Decorations] CAPPING events from decorations provider vscode.git 2301
2024-02-29 04:21:44.664 [warning] [Decorations] CAPPING events from decorations provider vscode.git 2301
2024-02-29 04:21:49.748 [warning] [Decorations] CAPPING events from decorations provider vscode.git 2301
2024-02-29 04:21:54.830 [warning] [Decorations] CAPPING events from decorations provider vscode.git 2301
2024-02-29 04:21:59.915 [warning] [Decorations] CAPPING events from decorations provider vscode.git 2301
2024-02-29 04:22:04.998 [warning] [Decorations] CAPPING events from decorations provider vscode.git 2301
2024-02-29 04:22:10.084 [warning] [Decorations] CAPPING events from decorations provider vscode.git 2301
2024-02-29 04:22:15.166 [warning] [Decorations] CAPPING events from decorations provider vscode.git 2301
2024-02-29 04:22:32.670 [warning] [Decorations] CAPPING events from decorations provider vscode.git 2301
2024-02-29 04:22:37.753 [warning] [Decorations] CAPPING events from decorations provider vscode.git 2301
2024-02-29 04:22:42.840 [warning] [Decorations] CAPPING events from decorations provider vscode.git 2301
2024-02-29 04:22:47.924 [warning] [Decorations] CAPPING events from decorations provider vscode.git 2301
2024-02-29 04:22:53.006 [warning] [Decorations] CAPPING events from decorations provider vscode.git 2301
2024-02-29 04:22:58.090 [warning] [Decorations] CAPPING events from decorations provider vscode.git 2301
2024-02-29 04:23:03.175 [warning] [Decorations] CAPPING events from decorations provider vscode.git 2301
2024-02-29 04:23:08.260 [warning] [Decorations] CAPPING events from decorations provider vscode.git 2301
2024-02-29 04:23:13.343 [warning] [Decorations] CAPPING events from decorations provider vscode.git 2301
2024-02-29 04:23:18.425 [warning] [Decorations] CAPPING events from decorations provider vscode.git 2301
2024-02-29 04:23:23.509 [warning] [Decorations] CAPPING events from decorations provider vscode.git 2301
2024-02-29 04:23:28.594 [warning] [Decorations] CAPPING events from decorations provider vscode.git 2301
2024-02-29 04:23:33.679 [warning] [Decorations] CAPPING events from decorations provider vscode.git 2301
2024-02-29 04:23:38.760 [warning] [Decorations] CAPPING events from decorations provider vscode.git 2301
2024-02-29 04:23:43.847 [warning] [Decorations] CAPPING events from decorations provider vscode.git 2301
2024-02-29 04:23:48.930 [warning] [Decorations] CAPPING events from decorations provider vscode.git 2301
2024-02-29 04:23:54.018 [warning] [Decorations] CAPPING events from decorations provider vscode.git 2301
2024-02-29 04:23:59.101 [warning] [Decorations] CAPPING events from decorations provider vscode.git 2301
2024-02-29 04:24:04.188 [warning] [Decorations] CAPPING events from decorations provider vscode.git 2301
2024-02-29 04:24:09.272 [warning] [Decorations] CAPPING events from decorations provider vscode.git 2301
2024-02-29 04:24:14.361 [warning] [Decorations] CAPPING events from decorations provider vscode.git 2301
2024-02-29 04:24:19.445 [warning] [Decorations] CAPPING events from decorations provider vscode.git 2301
2024-02-29 04:24:24.530 [warning] [Decorations] CAPPING events from decorations provider vscode.git 2301
2024-02-29 04:24:29.613 [warning] [Decorations] CAPPING events from decorations provider vscode.git 2301
2024-02-29 04:24:36.730 [warning] [Decorations] CAPPING events from decorations provider vscode.git 2301
2024-02-29 04:24:41.815 [warning] [Decorations] CAPPING events from decorations provider vscode.git 2301
2024-02-29 04:24:46.904 [warning] [Decorations] CAPPING events from decorations provider vscode.git 2301
2024-02-29 04:24:51.987 [warning] [Decorations] CAPPING events from decorations provider vscode.git 2301
2024-02-29 04:24:57.076 [warning] [Decorations] CAPPING events from decorations provider vscode.git 2303
2024-02-29 04:25:18.011 [warning] [Decorations] CAPPING events from decorations provider vscode.git 2303
2024-02-29 04:25:23.095 [warning] [Decorations] CAPPING events from decorations provider vscode.git 2303
2024-02-29 04:25:28.182 [warning] [Decorations] CAPPING events from decorations provider vscode.git 2303
2024-02-29 04:25:33.268 [warning] [Decorations] CAPPING events from decorations provider vscode.git 2303
2024-02-29 04:25:38.352 [warning] [Decorations] CAPPING events from decorations provider vscode.git 2303
2024-02-29 04:25:43.435 [warning] [Decorations] CAPPING events from decorations provider vscode.git 2303
2024-02-29 04:25:48.523 [warning] [Decorations] CAPPING events from decorations provider vscode.git 2303
2024-02-29 04:25:53.606 [warning] [Decorations] CAPPING events from decorations provider vscode.git 2303
2024-02-29 04:26:02.680 [warning] [Decorations] CAPPING events from decorations provider vscode.git 2303
2024-02-29 04:26:07.765 [warning] [Decorations] CAPPING events from decorations provider vscode.git 2303
2024-02-29 04:26:12.851 [warning] [Decorations] CAPPING events from decorations provider vscode.git 2303
2024-02-29 04:27:16.990 [warning] [Decorations] CAPPING events from decorations provider vscode.git 2303
2024-02-29 04:27:22.076 [warning] [Decorations] CAPPING events from decorations provider vscode.git 2303
2024-02-29 04:27:27.160 [warning] [Decorations] CAPPING events from decorations provider vscode.git 2303
2024-02-29 04:27:32.243 [warning] [Decorations] CAPPING events from decorations provider vscode.git 2303
2024-02-29 04:27:37.328 [warning] [Decorations] CAPPING events from decorations provider vscode.git 2303
2024-02-29 04:27:42.416 [warning] [Decorations] CAPPING events from decorations provider vscode.git 2303
2024-02-29 04:27:47.500 [warning] [Decorations] CAPPING events from decorations provider vscode.git 2303
2024-02-29 04:27:52.585 [warning] [Decorations] CAPPING events from decorations provider vscode.git 2303
2024-02-29 04:27:57.673 [warning] [Decorations] CAPPING events from decorations provider vscode.git 2303
2024-02-29 04:28:02.759 [warning] [Decorations] CAPPING events from decorations provider vscode.git 2303
2024-02-29 04:28:07.847 [warning] [Decorations] CAPPING events from decorations provider vscode.git 2303
2024-02-29 04:28:40.984 [warning] [Decorations] CAPPING events from decorations provider vscode.git 2303
2024-02-29 04:28:46.070 [warning] [Decorations] CAPPING events from decorations provider vscode.git 2303
2024-02-29 04:28:51.154 [warning] [Decorations] CAPPING events from decorations provider vscode.git 2303
2024-02-29 04:28:56.238 [warning] [Decorations] CAPPING events from decorations provider vscode.git 2304
2024-02-29 04:29:01.322 [warning] [Decorations] CAPPING events from decorations provider vscode.git 2304
2024-02-29 04:29:20.413 [warning] [Decorations] CAPPING events from decorations provider vscode.git 2304
2024-02-29 04:29:25.522 [warning] [Decorations] CAPPING events from decorations provider vscode.git 2306
2024-02-29 04:29:59.344 [warning] [Decorations] CAPPING events from decorations provider vscode.git 2306
2024-02-29 04:30:04.432 [warning] [Decorations] CAPPING events from decorations provider vscode.git 2306
2024-02-29 04:30:32.087 [warning] [Decorations] CAPPING events from decorations provider vscode.git 2308
2024-02-29 04:30:37.172 [warning] [Decorations] CAPPING events from decorations provider vscode.git 2308
2024-02-29 04:30:42.257 [warning] [Decorations] CAPPING events from decorations provider vscode.git 2308
2024-02-29 04:30:47.363 [warning] [Decorations] CAPPING events from decorations provider vscode.git 2308
2024-02-29 04:30:52.449 [warning] [Decorations] CAPPING events from decorations provider vscode.git 2308
2024-02-29 04:30:57.531 [warning] [Decorations] CAPPING events from decorations provider vscode.git 2308
2024-02-29 04:31:02.614 [warning] [Decorations] CAPPING events from decorations provider vscode.git 2308
2024-02-29 04:31:07.699 [warning] [Decorations] CAPPING events from decorations provider vscode.git 2308
2024-02-29 04:33:05.039 [warning] [Decorations] CAPPING events from decorations provider vscode.git 2308
2024-02-29 04:33:10.124 [warning] [Decorations] CAPPING events from decorations provider vscode.git 2308
2024-02-29 04:33:29.305 [warning] [Decorations] CAPPING events from decorations provider vscode.git 2308
2024-02-29 04:33:34.389 [warning] [Decorations] CAPPING events from decorations provider vscode.git 2308
2024-02-29 04:33:39.478 [warning] [Decorations] CAPPING events from decorations provider vscode.git 2308
2024-02-29 04:33:48.742 [warning] [Decorations] CAPPING events from decorations provider vscode.git 2308
2024-02-29 04:33:53.824 [warning] [Decorations] CAPPING events from decorations provider vscode.git 2308
2024-02-29 04:33:58.910 [warning] [Decorations] CAPPING events from decorations provider vscode.git 2308
2024-02-29 04:35:51.959 [warning] [Decorations] CAPPING events from decorations provider vscode.git 2308
2024-02-29 04:35:57.046 [warning] [Decorations] CAPPING events from decorations provider vscode.git 2308
2024-02-29 04:36:02.133 [warning] [Decorations] CAPPING events from decorations provider vscode.git 2308
2024-02-29 04:36:07.217 [warning] [Decorations] CAPPING events from decorations provider vscode.git 2308
2024-02-29 04:36:36.759 [warning] [Decorations] CAPPING events from decorations provider vscode.git 2308
2024-02-29 04:36:41.843 [warning] [Decorations] CAPPING events from decorations provider vscode.git 2308
2024-02-29 04:36:57.046 [warning] [Decorations] CAPPING events from decorations provider vscode.git 2308
2024-02-29 04:37:02.137 [warning] [Decorations] CAPPING events from decorations provider vscode.git 2308
2024-02-29 04:37:07.224 [warning] [Decorations] CAPPING events from decorations provider vscode.git 2308
2024-02-29 04:37:12.310 [warning] [Decorations] CAPPING events from decorations provider vscode.git 2308
2024-02-29 04:37:17.393 [warning] [Decorations] CAPPING events from decorations provider vscode.git 2308
2024-02-29 04:37:22.476 [warning] [Decorations] CAPPING events from decorations provider vscode.git 2308
2024-02-29 04:37:27.565 [warning] [Decorations] CAPPING events from decorations provider vscode.git 2308
2024-02-29 04:50:49.956 [warning] [Decorations] CAPPING events from decorations provider vscode.git 2308
2024-02-29 04:52:08.158 [warning] [Decorations] CAPPING events from decorations provider vscode.git 2308
2024-02-29 04:52:15.411 [warning] [Decorations] CAPPING events from decorations provider vscode.git 2308
2024-02-29 04:52:20.498 [warning] [Decorations] CAPPING events from decorations provider vscode.git 2308
2024-02-29 04:52:25.583 [warning] [Decorations] CAPPING events from decorations provider vscode.git 2308
2024-02-29 04:52:30.671 [warning] [Decorations] CAPPING events from decorations provider vscode.git 2308
2024-02-29 04:52:35.771 [warning] [Decorations] CAPPING events from decorations provider vscode.git 2308
2024-02-29 04:52:40.858 [warning] [Decorations] CAPPING events from decorations provider vscode.git 2308
2024-02-29 04:52:45.954 [warning] [Decorations] CAPPING events from decorations provider vscode.git 2308
2024-02-29 04:52:51.038 [warning] [Decorations] CAPPING events from decorations provider vscode.git 2308
2024-02-29 04:52:56.129 [warning] [Decorations] CAPPING events from decorations provider vscode.git 2308
2024-02-29 04:53:01.214 [warning] [Decorations] CAPPING events from decorations provider vscode.git 2308
2024-02-29 04:53:06.306 [warning] [Decorations] CAPPING events from decorations provider vscode.git 2308
2024-02-29 04:53:11.407 [warning] [Decorations] CAPPING events from decorations provider vscode.git 2308
2024-02-29 04:53:16.519 [warning] [Decorations] CAPPING events from decorations provider vscode.git 2308
2024-02-29 04:53:21.606 [warning] [Decorations] CAPPING events from decorations provider vscode.git 2308
2024-02-29 04:53:26.693 [warning] [Decorations] CAPPING events from decorations provider vscode.git 2308
2024-02-29 04:53:31.778 [warning] [Decorations] CAPPING events from decorations provider vscode.git 2308
2024-02-29 04:53:36.867 [warning] [Decorations] CAPPING events from decorations provider vscode.git 2308
