2024-02-09 05:39:42.951 [info] Extension host with pid 1666 started
2024-02-09 05:39:42.966 [info] Lock '/home/student/.vscode-server/data/User/workspaceStorage/63e31fa26b97c3d038b73ad41de3ba4a/vscode.lock': Lock acquired.
2024-02-09 05:39:43.115 [info] ExtensionService#_doActivateExtension vscode.git-base, startup: true, activationEvent: '*'
2024-02-09 05:39:43.218 [info] ExtensionService#_doActivateExtension vscode.github, startup: true, activationEvent: '*'
2024-02-09 05:39:43.393 [info] Eager extensions activated
2024-02-09 05:39:43.393 [info] ExtensionService#_doActivateExtension vscode.debug-auto-launch, startup: false, activationEvent: 'onStartupFinished'
2024-02-09 05:39:43.394 [info] ExtensionService#_doActivateExtension vscode.merge-conflict, startup: false, activationEvent: 'onStartupFinished'
2024-02-09 05:39:44.692 [info] ExtensionService#_doActivateExtension vscode.git, startup: false, activationEvent: 'api', root cause: vscode.github
2024-02-09 05:39:56.355 [info] ExtensionService#_doActivateExtension vscode.emmet, startup: false, activationEvent: 'onLanguage'
2024-02-09 05:40:23.272 [info] ExtensionService#_doActivateExtension vscode.extension-editing, startup: false, activationEvent: 'onLanguage:markdown'
2024-02-09 05:40:23.272 [info] ExtensionService#_doActivateExtension vscode.markdown-language-features, startup: false, activationEvent: 'onLanguage:markdown'
2024-02-09 05:40:23.833 [info] ExtensionService#_doActivateExtension vscode.markdown-math, startup: false, activationEvent: 'api', root cause: vscode.markdown-language-features
2024-02-09 05:53:36.961 [info] ExtensionService#_doActivateExtension vscode.npm, startup: false, activationEvent: 'onTerminalQuickFixRequest:ms-vscode.npm-command'
2024-02-09 05:55:43.583 [warning] [Decorations] CAPPING events from decorations provider vscode.git 1157
2024-02-09 05:55:43.847 [warning] [Decorations] CAPPING events from decorations provider vscode.git 1157
2024-02-09 05:55:48.556 [warning] [Decorations] CAPPING events from decorations provider vscode.git 1157
2024-02-09 05:55:53.605 [warning] [Decorations] CAPPING events from decorations provider vscode.git 1157
2024-02-09 05:55:58.650 [warning] [Decorations] CAPPING events from decorations provider vscode.git 1157
2024-02-09 05:56:03.697 [warning] [Decorations] CAPPING events from decorations provider vscode.git 1157
2024-02-09 05:56:08.740 [warning] [Decorations] CAPPING events from decorations provider vscode.git 1157
2024-02-09 05:56:13.785 [warning] [Decorations] CAPPING events from decorations provider vscode.git 1157
2024-02-09 05:56:18.831 [warning] [Decorations] CAPPING events from decorations provider vscode.git 1157
2024-02-09 05:56:23.877 [warning] [Decorations] CAPPING events from decorations provider vscode.git 1157
2024-02-09 05:56:28.920 [warning] [Decorations] CAPPING events from decorations provider vscode.git 1157
2024-02-09 05:56:33.965 [warning] [Decorations] CAPPING events from decorations provider vscode.git 1157
2024-02-09 05:56:39.011 [warning] [Decorations] CAPPING events from decorations provider vscode.git 1157
2024-02-09 05:56:44.055 [warning] [Decorations] CAPPING events from decorations provider vscode.git 1157
2024-02-09 05:56:49.100 [warning] [Decorations] CAPPING events from decorations provider vscode.git 1157
2024-02-09 05:56:54.145 [warning] [Decorations] CAPPING events from decorations provider vscode.git 1157
2024-02-09 05:56:59.579 [warning] [Decorations] CAPPING events from decorations provider vscode.git 1157
2024-02-09 05:57:04.627 [warning] [Decorations] CAPPING events from decorations provider vscode.git 1157
2024-02-09 05:57:09.675 [warning] [Decorations] CAPPING events from decorations provider vscode.git 1157
2024-02-09 05:57:14.720 [warning] [Decorations] CAPPING events from decorations provider vscode.git 1157
2024-02-09 05:57:19.764 [warning] [Decorations] CAPPING events from decorations provider vscode.git 1157
2024-02-09 05:57:24.811 [warning] [Decorations] CAPPING events from decorations provider vscode.git 1157
2024-02-09 05:57:29.855 [warning] [Decorations] CAPPING events from decorations provider vscode.git 1157
2024-02-09 05:57:34.900 [warning] [Decorations] CAPPING events from decorations provider vscode.git 1157
2024-02-09 05:57:39.944 [warning] [Decorations] CAPPING events from decorations provider vscode.git 1157
2024-02-09 05:57:44.988 [warning] [Decorations] CAPPING events from decorations provider vscode.git 1157
2024-02-09 05:57:50.033 [warning] [Decorations] CAPPING events from decorations provider vscode.git 1157
