2024-04-10 01:12:18.847 [info] Extension host with pid 1189 started
2024-04-10 01:12:18.847 [error] Error: EEXIST: file already exists, open '/home/student/.vscode-server/data/User/workspaceStorage/63e31fa26b97c3d038b73ad41de3ba4a/vscode.lock'
2024-04-10 01:12:18.850 [info] Lock '/home/student/.vscode-server/data/User/workspaceStorage/63e31fa26b97c3d038b73ad41de3ba4a/vscode.lock': Could not acquire lock, checking if the file is stale.
2024-04-10 01:12:18.854 [info] Lock '/home/student/.vscode-server/data/User/workspaceStorage/63e31fa26b97c3d038b73ad41de3ba4a/vscode.lock': The pid 1428 appears to be gone.
2024-04-10 01:12:18.854 [info] Lock '/home/student/.vscode-server/data/User/workspaceStorage/63e31fa26b97c3d038b73ad41de3ba4a/vscode.lock': Deleting a stale lock.
2024-04-10 01:12:18.870 [info] Lock '/home/student/.vscode-server/data/User/workspaceStorage/63e31fa26b97c3d038b73ad41de3ba4a/vscode.lock': Lock acquired.
2024-04-10 01:12:19.036 [info] ExtensionService#_doActivateExtension vscode.emmet, startup: false, activationEvent: 'onLanguage'
2024-04-10 01:12:19.165 [info] ExtensionService#_doActivateExtension vscode.git-base, startup: true, activationEvent: '*', root cause: vscode.git
2024-04-10 01:12:19.296 [info] ExtensionService#_doActivateExtension vscode.git, startup: true, activationEvent: '*'
2024-04-10 01:12:19.297 [info] ExtensionService#_doActivateExtension vscode.github, startup: true, activationEvent: '*'
2024-04-10 01:12:19.659 [info] Eager extensions activated
2024-04-10 01:12:19.659 [info] ExtensionService#_doActivateExtension vscode.debug-auto-launch, startup: false, activationEvent: 'onStartupFinished'
2024-04-10 01:12:19.659 [info] ExtensionService#_doActivateExtension vscode.merge-conflict, startup: false, activationEvent: 'onStartupFinished'
2024-04-10 01:12:20.220 [warning] [Decorations] CAPPING events from decorations provider vscode.git 3419
2024-04-10 01:12:20.613 [error] Error: Git error
	at ChildProcess.<anonymous> (/home/student/.vscode-server/bin/5c3e652f63e798a5ac2f31ffd0d863669328dc4c/extensions/git/dist/main.js:2:1023469)
	at ChildProcess.emit (node:events:529:35)
	at ChildProcess._handle.onexit (node:internal/child_process:292:12)
2024-04-10 01:12:20.613 [error] Error: Git error
	at ChildProcess.<anonymous> (/home/student/.vscode-server/bin/5c3e652f63e798a5ac2f31ffd0d863669328dc4c/extensions/git/dist/main.js:2:1023469)
	at ChildProcess.emit (node:events:529:35)
	at ChildProcess._handle.onexit (node:internal/child_process:292:12)
2024-04-10 01:12:20.613 [error] Error: Git error
	at ChildProcess.<anonymous> (/home/student/.vscode-server/bin/5c3e652f63e798a5ac2f31ffd0d863669328dc4c/extensions/git/dist/main.js:2:1023469)
	at ChildProcess.emit (node:events:529:35)
	at ChildProcess._handle.onexit (node:internal/child_process:292:12)
2024-04-10 01:12:20.613 [error] Error: Git error
	at ChildProcess.<anonymous> (/home/student/.vscode-server/bin/5c3e652f63e798a5ac2f31ffd0d863669328dc4c/extensions/git/dist/main.js:2:1023469)
	at ChildProcess.emit (node:events:529:35)
	at ChildProcess._handle.onexit (node:internal/child_process:292:12)
2024-04-10 01:12:20.613 [error] Error: Git error
	at ChildProcess.<anonymous> (/home/student/.vscode-server/bin/5c3e652f63e798a5ac2f31ffd0d863669328dc4c/extensions/git/dist/main.js:2:1023469)
	at ChildProcess.emit (node:events:529:35)
	at ChildProcess._handle.onexit (node:internal/child_process:292:12)
2024-04-10 01:12:20.613 [error] Error: Git error
	at ChildProcess.<anonymous> (/home/student/.vscode-server/bin/5c3e652f63e798a5ac2f31ffd0d863669328dc4c/extensions/git/dist/main.js:2:1023469)
	at ChildProcess.emit (node:events:529:35)
	at ChildProcess._handle.onexit (node:internal/child_process:292:12)
2024-04-10 01:12:20.613 [error] Error: Git error
	at ChildProcess.<anonymous> (/home/student/.vscode-server/bin/5c3e652f63e798a5ac2f31ffd0d863669328dc4c/extensions/git/dist/main.js:2:1023469)
	at ChildProcess.emit (node:events:529:35)
	at ChildProcess._handle.onexit (node:internal/child_process:292:12)
2024-04-10 01:12:20.613 [error] Error: Git error
	at ChildProcess.<anonymous> (/home/student/.vscode-server/bin/5c3e652f63e798a5ac2f31ffd0d863669328dc4c/extensions/git/dist/main.js:2:1023469)
	at ChildProcess.emit (node:events:529:35)
	at ChildProcess._handle.onexit (node:internal/child_process:292:12)
2024-04-10 01:12:20.613 [error] Error: Git error
	at ChildProcess.<anonymous> (/home/student/.vscode-server/bin/5c3e652f63e798a5ac2f31ffd0d863669328dc4c/extensions/git/dist/main.js:2:1023469)
	at ChildProcess.emit (node:events:529:35)
	at ChildProcess._handle.onexit (node:internal/child_process:292:12)
2024-04-10 01:12:20.613 [error] Error: Git error
	at ChildProcess.<anonymous> (/home/student/.vscode-server/bin/5c3e652f63e798a5ac2f31ffd0d863669328dc4c/extensions/git/dist/main.js:2:1023469)
	at ChildProcess.emit (node:events:529:35)
	at ChildProcess._handle.onexit (node:internal/child_process:292:12)
2024-04-10 01:12:20.613 [error] Error: Git error
	at ChildProcess.<anonymous> (/home/student/.vscode-server/bin/5c3e652f63e798a5ac2f31ffd0d863669328dc4c/extensions/git/dist/main.js:2:1023469)
	at ChildProcess.emit (node:events:529:35)
	at ChildProcess._handle.onexit (node:internal/child_process:292:12)
2024-04-10 01:12:20.613 [error] Error: Git error
	at ChildProcess.<anonymous> (/home/student/.vscode-server/bin/5c3e652f63e798a5ac2f31ffd0d863669328dc4c/extensions/git/dist/main.js:2:1023469)
	at ChildProcess.emit (node:events:529:35)
	at ChildProcess._handle.onexit (node:internal/child_process:292:12)
2024-04-10 01:12:20.613 [error] Error: Git error
	at ChildProcess.<anonymous> (/home/student/.vscode-server/bin/5c3e652f63e798a5ac2f31ffd0d863669328dc4c/extensions/git/dist/main.js:2:1023469)
	at ChildProcess.emit (node:events:529:35)
	at ChildProcess._handle.onexit (node:internal/child_process:292:12)
2024-04-10 01:12:20.613 [error] Error: Git error
	at ChildProcess.<anonymous> (/home/student/.vscode-server/bin/5c3e652f63e798a5ac2f31ffd0d863669328dc4c/extensions/git/dist/main.js:2:1023469)
	at ChildProcess.emit (node:events:529:35)
	at ChildProcess._handle.onexit (node:internal/child_process:292:12)
2024-04-10 01:12:20.613 [error] Error: Git error
	at ChildProcess.<anonymous> (/home/student/.vscode-server/bin/5c3e652f63e798a5ac2f31ffd0d863669328dc4c/extensions/git/dist/main.js:2:1023469)
	at ChildProcess.emit (node:events:529:35)
	at ChildProcess._handle.onexit (node:internal/child_process:292:12)
2024-04-10 01:12:20.613 [error] Error: Git error
	at ChildProcess.<anonymous> (/home/student/.vscode-server/bin/5c3e652f63e798a5ac2f31ffd0d863669328dc4c/extensions/git/dist/main.js:2:1023469)
	at ChildProcess.emit (node:events:529:35)
	at ChildProcess._handle.onexit (node:internal/child_process:292:12)
2024-04-10 01:12:20.613 [error] Error: Git error
	at ChildProcess.<anonymous> (/home/student/.vscode-server/bin/5c3e652f63e798a5ac2f31ffd0d863669328dc4c/extensions/git/dist/main.js:2:1023469)
	at ChildProcess.emit (node:events:529:35)
	at ChildProcess._handle.onexit (node:internal/child_process:292:12)
2024-04-10 01:12:20.613 [error] Error: Git error
	at ChildProcess.<anonymous> (/home/student/.vscode-server/bin/5c3e652f63e798a5ac2f31ffd0d863669328dc4c/extensions/git/dist/main.js:2:1023469)
	at ChildProcess.emit (node:events:529:35)
	at ChildProcess._handle.onexit (node:internal/child_process:292:12)
2024-04-10 01:12:20.613 [error] Error: Git error
	at ChildProcess.<anonymous> (/home/student/.vscode-server/bin/5c3e652f63e798a5ac2f31ffd0d863669328dc4c/extensions/git/dist/main.js:2:1023469)
	at ChildProcess.emit (node:events:529:35)
	at ChildProcess._handle.onexit (node:internal/child_process:292:12)
2024-04-10 01:12:20.613 [error] Error: Git error
	at ChildProcess.<anonymous> (/home/student/.vscode-server/bin/5c3e652f63e798a5ac2f31ffd0d863669328dc4c/extensions/git/dist/main.js:2:1023469)
	at ChildProcess.emit (node:events:529:35)
	at ChildProcess._handle.onexit (node:internal/child_process:292:12)
2024-04-10 01:12:20.613 [error] Error: Git error
	at ChildProcess.<anonymous> (/home/student/.vscode-server/bin/5c3e652f63e798a5ac2f31ffd0d863669328dc4c/extensions/git/dist/main.js:2:1023469)
	at ChildProcess.emit (node:events:529:35)
	at ChildProcess._handle.onexit (node:internal/child_process:292:12)
2024-04-10 01:12:20.613 [error] Error: Git error
	at ChildProcess.<anonymous> (/home/student/.vscode-server/bin/5c3e652f63e798a5ac2f31ffd0d863669328dc4c/extensions/git/dist/main.js:2:1023469)
	at ChildProcess.emit (node:events:529:35)
	at ChildProcess._handle.onexit (node:internal/child_process:292:12)
2024-04-10 01:12:20.613 [error] Error: Git error
	at ChildProcess.<anonymous> (/home/student/.vscode-server/bin/5c3e652f63e798a5ac2f31ffd0d863669328dc4c/extensions/git/dist/main.js:2:1023469)
	at ChildProcess.emit (node:events:529:35)
	at ChildProcess._handle.onexit (node:internal/child_process:292:12)
2024-04-10 01:12:20.613 [error] Error: Git error
	at ChildProcess.<anonymous> (/home/student/.vscode-server/bin/5c3e652f63e798a5ac2f31ffd0d863669328dc4c/extensions/git/dist/main.js:2:1023469)
	at ChildProcess.emit (node:events:529:35)
	at ChildProcess._handle.onexit (node:internal/child_process:292:12)
2024-04-10 01:12:20.613 [error] Error: Git error
	at ChildProcess.<anonymous> (/home/student/.vscode-server/bin/5c3e652f63e798a5ac2f31ffd0d863669328dc4c/extensions/git/dist/main.js:2:1023469)
	at ChildProcess.emit (node:events:529:35)
	at ChildProcess._handle.onexit (node:internal/child_process:292:12)
2024-04-10 01:12:20.613 [error] Error: Git error
	at ChildProcess.<anonymous> (/home/student/.vscode-server/bin/5c3e652f63e798a5ac2f31ffd0d863669328dc4c/extensions/git/dist/main.js:2:1023469)
	at ChildProcess.emit (node:events:529:35)
	at ChildProcess._handle.onexit (node:internal/child_process:292:12)
2024-04-10 01:12:20.613 [error] Error: Git error
	at ChildProcess.<anonymous> (/home/student/.vscode-server/bin/5c3e652f63e798a5ac2f31ffd0d863669328dc4c/extensions/git/dist/main.js:2:1023469)
	at ChildProcess.emit (node:events:529:35)
	at ChildProcess._handle.onexit (node:internal/child_process:292:12)
2024-04-10 01:12:20.613 [error] Error: Git error
	at ChildProcess.<anonymous> (/home/student/.vscode-server/bin/5c3e652f63e798a5ac2f31ffd0d863669328dc4c/extensions/git/dist/main.js:2:1023469)
	at ChildProcess.emit (node:events:529:35)
	at ChildProcess._handle.onexit (node:internal/child_process:292:12)
2024-04-10 01:12:20.613 [error] Error: Git error
	at ChildProcess.<anonymous> (/home/student/.vscode-server/bin/5c3e652f63e798a5ac2f31ffd0d863669328dc4c/extensions/git/dist/main.js:2:1023469)
	at ChildProcess.emit (node:events:529:35)
	at ChildProcess._handle.onexit (node:internal/child_process:292:12)
2024-04-10 01:12:20.613 [error] Error: Git error
	at ChildProcess.<anonymous> (/home/student/.vscode-server/bin/5c3e652f63e798a5ac2f31ffd0d863669328dc4c/extensions/git/dist/main.js:2:1023469)
	at ChildProcess.emit (node:events:529:35)
	at ChildProcess._handle.onexit (node:internal/child_process:292:12)
2024-04-10 01:12:20.613 [error] Error: Git error
	at ChildProcess.<anonymous> (/home/student/.vscode-server/bin/5c3e652f63e798a5ac2f31ffd0d863669328dc4c/extensions/git/dist/main.js:2:1023469)
	at ChildProcess.emit (node:events:529:35)
	at ChildProcess._handle.onexit (node:internal/child_process:292:12)
2024-04-10 01:12:20.613 [error] Error: Git error
	at ChildProcess.<anonymous> (/home/student/.vscode-server/bin/5c3e652f63e798a5ac2f31ffd0d863669328dc4c/extensions/git/dist/main.js:2:1023469)
	at ChildProcess.emit (node:events:529:35)
	at ChildProcess._handle.onexit (node:internal/child_process:292:12)
2024-04-10 01:12:20.613 [error] Error: Git error
	at ChildProcess.<anonymous> (/home/student/.vscode-server/bin/5c3e652f63e798a5ac2f31ffd0d863669328dc4c/extensions/git/dist/main.js:2:1023469)
	at ChildProcess.emit (node:events:529:35)
	at ChildProcess._handle.onexit (node:internal/child_process:292:12)
2024-04-10 01:12:20.613 [error] Error: Git error
	at ChildProcess.<anonymous> (/home/student/.vscode-server/bin/5c3e652f63e798a5ac2f31ffd0d863669328dc4c/extensions/git/dist/main.js:2:1023469)
	at ChildProcess.emit (node:events:529:35)
	at ChildProcess._handle.onexit (node:internal/child_process:292:12)
2024-04-10 01:12:20.613 [error] Error: Git error
	at ChildProcess.<anonymous> (/home/student/.vscode-server/bin/5c3e652f63e798a5ac2f31ffd0d863669328dc4c/extensions/git/dist/main.js:2:1023469)
	at ChildProcess.emit (node:events:529:35)
	at ChildProcess._handle.onexit (node:internal/child_process:292:12)
2024-04-10 01:12:20.613 [error] Error: Git error
	at ChildProcess.<anonymous> (/home/student/.vscode-server/bin/5c3e652f63e798a5ac2f31ffd0d863669328dc4c/extensions/git/dist/main.js:2:1023469)
	at ChildProcess.emit (node:events:529:35)
	at ChildProcess._handle.onexit (node:internal/child_process:292:12)
2024-04-10 01:12:20.613 [error] Error: Git error
	at ChildProcess.<anonymous> (/home/student/.vscode-server/bin/5c3e652f63e798a5ac2f31ffd0d863669328dc4c/extensions/git/dist/main.js:2:1023469)
	at ChildProcess.emit (node:events:529:35)
	at ChildProcess._handle.onexit (node:internal/child_process:292:12)
2024-04-10 01:12:20.613 [error] Error: Git error
	at ChildProcess.<anonymous> (/home/student/.vscode-server/bin/5c3e652f63e798a5ac2f31ffd0d863669328dc4c/extensions/git/dist/main.js:2:1023469)
	at ChildProcess.emit (node:events:529:35)
	at ChildProcess._handle.onexit (node:internal/child_process:292:12)
2024-04-10 01:12:20.613 [error] Error: Git error
	at ChildProcess.<anonymous> (/home/student/.vscode-server/bin/5c3e652f63e798a5ac2f31ffd0d863669328dc4c/extensions/git/dist/main.js:2:1023469)
	at ChildProcess.emit (node:events:529:35)
	at ChildProcess._handle.onexit (node:internal/child_process:292:12)
2024-04-10 01:12:20.613 [error] Error: Git error
	at ChildProcess.<anonymous> (/home/student/.vscode-server/bin/5c3e652f63e798a5ac2f31ffd0d863669328dc4c/extensions/git/dist/main.js:2:1023469)
	at ChildProcess.emit (node:events:529:35)
	at ChildProcess._handle.onexit (node:internal/child_process:292:12)
2024-04-10 01:12:20.613 [error] Error: Git error
	at ChildProcess.<anonymous> (/home/student/.vscode-server/bin/5c3e652f63e798a5ac2f31ffd0d863669328dc4c/extensions/git/dist/main.js:2:1023469)
	at ChildProcess.emit (node:events:529:35)
	at ChildProcess._handle.onexit (node:internal/child_process:292:12)
2024-04-10 01:12:20.613 [error] Error: Git error
	at ChildProcess.<anonymous> (/home/student/.vscode-server/bin/5c3e652f63e798a5ac2f31ffd0d863669328dc4c/extensions/git/dist/main.js:2:1023469)
	at ChildProcess.emit (node:events:529:35)
	at ChildProcess._handle.onexit (node:internal/child_process:292:12)
2024-04-10 01:12:20.613 [error] Error: Git error
	at ChildProcess.<anonymous> (/home/student/.vscode-server/bin/5c3e652f63e798a5ac2f31ffd0d863669328dc4c/extensions/git/dist/main.js:2:1023469)
	at ChildProcess.emit (node:events:529:35)
	at ChildProcess._handle.onexit (node:internal/child_process:292:12)
2024-04-10 01:12:20.613 [error] Error: Git error
	at ChildProcess.<anonymous> (/home/student/.vscode-server/bin/5c3e652f63e798a5ac2f31ffd0d863669328dc4c/extensions/git/dist/main.js:2:1023469)
	at ChildProcess.emit (node:events:529:35)
	at ChildProcess._handle.onexit (node:internal/child_process:292:12)
2024-04-10 01:12:20.613 [error] Error: Git error
	at ChildProcess.<anonymous> (/home/student/.vscode-server/bin/5c3e652f63e798a5ac2f31ffd0d863669328dc4c/extensions/git/dist/main.js:2:1023469)
	at ChildProcess.emit (node:events:529:35)
	at ChildProcess._handle.onexit (node:internal/child_process:292:12)
2024-04-10 01:12:20.613 [error] Error: Git error
	at ChildProcess.<anonymous> (/home/student/.vscode-server/bin/5c3e652f63e798a5ac2f31ffd0d863669328dc4c/extensions/git/dist/main.js:2:1023469)
	at ChildProcess.emit (node:events:529:35)
	at ChildProcess._handle.onexit (node:internal/child_process:292:12)
2024-04-10 01:12:20.613 [error] Error: Git error
	at ChildProcess.<anonymous> (/home/student/.vscode-server/bin/5c3e652f63e798a5ac2f31ffd0d863669328dc4c/extensions/git/dist/main.js:2:1023469)
	at ChildProcess.emit (node:events:529:35)
	at ChildProcess._handle.onexit (node:internal/child_process:292:12)
2024-04-10 01:12:20.613 [error] Error: Git error
	at ChildProcess.<anonymous> (/home/student/.vscode-server/bin/5c3e652f63e798a5ac2f31ffd0d863669328dc4c/extensions/git/dist/main.js:2:1023469)
	at ChildProcess.emit (node:events:529:35)
	at ChildProcess._handle.onexit (node:internal/child_process:292:12)
2024-04-10 01:12:20.613 [error] Error: Git error
	at ChildProcess.<anonymous> (/home/student/.vscode-server/bin/5c3e652f63e798a5ac2f31ffd0d863669328dc4c/extensions/git/dist/main.js:2:1023469)
	at ChildProcess.emit (node:events:529:35)
	at ChildProcess._handle.onexit (node:internal/child_process:292:12)
2024-04-10 01:12:20.613 [error] Error: Git error
	at ChildProcess.<anonymous> (/home/student/.vscode-server/bin/5c3e652f63e798a5ac2f31ffd0d863669328dc4c/extensions/git/dist/main.js:2:1023469)
	at ChildProcess.emit (node:events:529:35)
	at ChildProcess._handle.onexit (node:internal/child_process:292:12)
2024-04-10 01:12:20.613 [error] Error: Git error
	at ChildProcess.<anonymous> (/home/student/.vscode-server/bin/5c3e652f63e798a5ac2f31ffd0d863669328dc4c/extensions/git/dist/main.js:2:1023469)
	at ChildProcess.emit (node:events:529:35)
	at ChildProcess._handle.onexit (node:internal/child_process:292:12)
2024-04-10 01:12:20.613 [error] Error: Git error
	at ChildProcess.<anonymous> (/home/student/.vscode-server/bin/5c3e652f63e798a5ac2f31ffd0d863669328dc4c/extensions/git/dist/main.js:2:1023469)
	at ChildProcess.emit (node:events:529:35)
	at ChildProcess._handle.onexit (node:internal/child_process:292:12)
2024-04-10 01:12:20.767 [warning] [Decorations] CAPPING events from decorations provider vscode.git 3447
2024-04-10 01:12:21.616 [error] Error: Git error
	at ChildProcess.<anonymous> (/home/student/.vscode-server/bin/5c3e652f63e798a5ac2f31ffd0d863669328dc4c/extensions/git/dist/main.js:2:1023469)
	at ChildProcess.emit (node:events:529:35)
	at ChildProcess._handle.onexit (node:internal/child_process:292:12)
2024-04-10 01:12:21.618 [error] Error: Git error
	at ChildProcess.<anonymous> (/home/student/.vscode-server/bin/5c3e652f63e798a5ac2f31ffd0d863669328dc4c/extensions/git/dist/main.js:2:1023469)
	at ChildProcess.emit (node:events:529:35)
	at ChildProcess._handle.onexit (node:internal/child_process:292:12)
2024-04-10 01:12:21.619 [error] Error: Git error
	at ChildProcess.<anonymous> (/home/student/.vscode-server/bin/5c3e652f63e798a5ac2f31ffd0d863669328dc4c/extensions/git/dist/main.js:2:1023469)
	at ChildProcess.emit (node:events:529:35)
	at ChildProcess._handle.onexit (node:internal/child_process:292:12)
2024-04-10 01:12:21.619 [error] Error: Git error
	at ChildProcess.<anonymous> (/home/student/.vscode-server/bin/5c3e652f63e798a5ac2f31ffd0d863669328dc4c/extensions/git/dist/main.js:2:1023469)
	at ChildProcess.emit (node:events:529:35)
	at ChildProcess._handle.onexit (node:internal/child_process:292:12)
2024-04-10 01:12:21.620 [error] Error: Git error
	at ChildProcess.<anonymous> (/home/student/.vscode-server/bin/5c3e652f63e798a5ac2f31ffd0d863669328dc4c/extensions/git/dist/main.js:2:1023469)
	at ChildProcess.emit (node:events:529:35)
	at ChildProcess._handle.onexit (node:internal/child_process:292:12)
2024-04-10 01:12:21.620 [error] Error: Git error
	at ChildProcess.<anonymous> (/home/student/.vscode-server/bin/5c3e652f63e798a5ac2f31ffd0d863669328dc4c/extensions/git/dist/main.js:2:1023469)
	at ChildProcess.emit (node:events:529:35)
	at ChildProcess._handle.onexit (node:internal/child_process:292:12)
2024-04-10 01:12:21.621 [error] Error: Git error
	at ChildProcess.<anonymous> (/home/student/.vscode-server/bin/5c3e652f63e798a5ac2f31ffd0d863669328dc4c/extensions/git/dist/main.js:2:1023469)
	at ChildProcess.emit (node:events:529:35)
	at ChildProcess._handle.onexit (node:internal/child_process:292:12)
2024-04-10 01:12:21.621 [error] Error: Git error
	at ChildProcess.<anonymous> (/home/student/.vscode-server/bin/5c3e652f63e798a5ac2f31ffd0d863669328dc4c/extensions/git/dist/main.js:2:1023469)
	at ChildProcess.emit (node:events:529:35)
	at ChildProcess._handle.onexit (node:internal/child_process:292:12)
2024-04-10 01:12:21.622 [error] Error: Git error
	at ChildProcess.<anonymous> (/home/student/.vscode-server/bin/5c3e652f63e798a5ac2f31ffd0d863669328dc4c/extensions/git/dist/main.js:2:1023469)
	at ChildProcess.emit (node:events:529:35)
	at ChildProcess._handle.onexit (node:internal/child_process:292:12)
2024-04-10 01:12:21.622 [error] Error: Git error
	at ChildProcess.<anonymous> (/home/student/.vscode-server/bin/5c3e652f63e798a5ac2f31ffd0d863669328dc4c/extensions/git/dist/main.js:2:1023469)
	at ChildProcess.emit (node:events:529:35)
	at ChildProcess._handle.onexit (node:internal/child_process:292:12)
2024-04-10 01:12:21.623 [error] Error: Git error
	at ChildProcess.<anonymous> (/home/student/.vscode-server/bin/5c3e652f63e798a5ac2f31ffd0d863669328dc4c/extensions/git/dist/main.js:2:1023469)
	at ChildProcess.emit (node:events:529:35)
	at ChildProcess._handle.onexit (node:internal/child_process:292:12)
2024-04-10 01:12:21.623 [error] Error: Git error
	at ChildProcess.<anonymous> (/home/student/.vscode-server/bin/5c3e652f63e798a5ac2f31ffd0d863669328dc4c/extensions/git/dist/main.js:2:1023469)
	at ChildProcess.emit (node:events:529:35)
	at ChildProcess._handle.onexit (node:internal/child_process:292:12)
2024-04-10 01:12:21.623 [error] Error: Git error
	at ChildProcess.<anonymous> (/home/student/.vscode-server/bin/5c3e652f63e798a5ac2f31ffd0d863669328dc4c/extensions/git/dist/main.js:2:1023469)
	at ChildProcess.emit (node:events:529:35)
	at ChildProcess._handle.onexit (node:internal/child_process:292:12)
2024-04-10 01:12:21.623 [error] Error: Git error
	at ChildProcess.<anonymous> (/home/student/.vscode-server/bin/5c3e652f63e798a5ac2f31ffd0d863669328dc4c/extensions/git/dist/main.js:2:1023469)
	at ChildProcess.emit (node:events:529:35)
	at ChildProcess._handle.onexit (node:internal/child_process:292:12)
2024-04-10 01:12:21.624 [error] Error: Git error
	at ChildProcess.<anonymous> (/home/student/.vscode-server/bin/5c3e652f63e798a5ac2f31ffd0d863669328dc4c/extensions/git/dist/main.js:2:1023469)
	at ChildProcess.emit (node:events:529:35)
	at ChildProcess._handle.onexit (node:internal/child_process:292:12)
2024-04-10 01:12:21.624 [error] Error: Git error
	at ChildProcess.<anonymous> (/home/student/.vscode-server/bin/5c3e652f63e798a5ac2f31ffd0d863669328dc4c/extensions/git/dist/main.js:2:1023469)
	at ChildProcess.emit (node:events:529:35)
	at ChildProcess._handle.onexit (node:internal/child_process:292:12)
2024-04-10 01:12:21.624 [error] Error: Git error
	at ChildProcess.<anonymous> (/home/student/.vscode-server/bin/5c3e652f63e798a5ac2f31ffd0d863669328dc4c/extensions/git/dist/main.js:2:1023469)
	at ChildProcess.emit (node:events:529:35)
	at ChildProcess._handle.onexit (node:internal/child_process:292:12)
2024-04-10 01:12:21.625 [error] Error: Git error
	at ChildProcess.<anonymous> (/home/student/.vscode-server/bin/5c3e652f63e798a5ac2f31ffd0d863669328dc4c/extensions/git/dist/main.js:2:1023469)
	at ChildProcess.emit (node:events:529:35)
	at ChildProcess._handle.onexit (node:internal/child_process:292:12)
2024-04-10 01:12:21.625 [error] Error: Git error
	at ChildProcess.<anonymous> (/home/student/.vscode-server/bin/5c3e652f63e798a5ac2f31ffd0d863669328dc4c/extensions/git/dist/main.js:2:1023469)
	at ChildProcess.emit (node:events:529:35)
	at ChildProcess._handle.onexit (node:internal/child_process:292:12)
2024-04-10 01:12:21.625 [error] Error: Git error
	at ChildProcess.<anonymous> (/home/student/.vscode-server/bin/5c3e652f63e798a5ac2f31ffd0d863669328dc4c/extensions/git/dist/main.js:2:1023469)
	at ChildProcess.emit (node:events:529:35)
	at ChildProcess._handle.onexit (node:internal/child_process:292:12)
2024-04-10 01:12:21.625 [error] Error: Git error
	at ChildProcess.<anonymous> (/home/student/.vscode-server/bin/5c3e652f63e798a5ac2f31ffd0d863669328dc4c/extensions/git/dist/main.js:2:1023469)
	at ChildProcess.emit (node:events:529:35)
	at ChildProcess._handle.onexit (node:internal/child_process:292:12)
2024-04-10 01:12:21.626 [error] Error: Git error
	at ChildProcess.<anonymous> (/home/student/.vscode-server/bin/5c3e652f63e798a5ac2f31ffd0d863669328dc4c/extensions/git/dist/main.js:2:1023469)
	at ChildProcess.emit (node:events:529:35)
	at ChildProcess._handle.onexit (node:internal/child_process:292:12)
2024-04-10 01:12:21.626 [error] Error: Git error
	at ChildProcess.<anonymous> (/home/student/.vscode-server/bin/5c3e652f63e798a5ac2f31ffd0d863669328dc4c/extensions/git/dist/main.js:2:1023469)
	at ChildProcess.emit (node:events:529:35)
	at ChildProcess._handle.onexit (node:internal/child_process:292:12)
2024-04-10 01:12:21.626 [error] Error: Git error
	at ChildProcess.<anonymous> (/home/student/.vscode-server/bin/5c3e652f63e798a5ac2f31ffd0d863669328dc4c/extensions/git/dist/main.js:2:1023469)
	at ChildProcess.emit (node:events:529:35)
	at ChildProcess._handle.onexit (node:internal/child_process:292:12)
2024-04-10 01:12:24.455 [warning] [Decorations] CAPPING events from decorations provider vscode.git 3447
2024-04-10 01:12:29.613 [warning] [Decorations] CAPPING events from decorations provider vscode.git 3447
2024-04-10 01:12:34.779 [warning] [Decorations] CAPPING events from decorations provider vscode.git 3447
2024-04-10 01:12:39.942 [warning] [Decorations] CAPPING events from decorations provider vscode.git 3447
2024-04-10 01:13:06.085 [warning] [Decorations] CAPPING events from decorations provider vscode.git 3447
2024-04-10 01:16:26.070 [warning] [Decorations] CAPPING events from decorations provider vscode.git 3447
2024-04-10 01:16:31.224 [warning] [Decorations] CAPPING events from decorations provider vscode.git 3447
2024-04-10 01:16:36.375 [warning] [Decorations] CAPPING events from decorations provider vscode.git 3447
2024-04-10 01:16:41.530 [warning] [Decorations] CAPPING events from decorations provider vscode.git 3447
2024-04-10 01:16:46.691 [warning] [Decorations] CAPPING events from decorations provider vscode.git 3447
2024-04-10 01:16:51.850 [warning] [Decorations] CAPPING events from decorations provider vscode.git 3447
2024-04-10 01:16:57.007 [warning] [Decorations] CAPPING events from decorations provider vscode.git 3447
2024-04-10 01:17:02.172 [warning] [Decorations] CAPPING events from decorations provider vscode.git 3447
2024-04-10 01:17:07.334 [warning] [Decorations] CAPPING events from decorations provider vscode.git 3447
2024-04-10 01:17:12.492 [warning] [Decorations] CAPPING events from decorations provider vscode.git 3447
2024-04-10 01:17:26.278 [warning] [Decorations] CAPPING events from decorations provider vscode.git 3447
2024-04-10 01:17:31.444 [warning] [Decorations] CAPPING events from decorations provider vscode.git 3447
2024-04-10 01:17:36.605 [warning] [Decorations] CAPPING events from decorations provider vscode.git 3447
2024-04-10 01:17:41.768 [warning] [Decorations] CAPPING events from decorations provider vscode.git 3447
2024-04-10 01:17:46.932 [warning] [Decorations] CAPPING events from decorations provider vscode.git 3447
2024-04-10 01:17:52.097 [warning] [Decorations] CAPPING events from decorations provider vscode.git 3447
2024-04-10 01:17:57.246 [warning] [Decorations] CAPPING events from decorations provider vscode.git 3447
2024-04-10 01:18:02.398 [warning] [Decorations] CAPPING events from decorations provider vscode.git 3447
2024-04-10 01:18:07.547 [warning] [Decorations] CAPPING events from decorations provider vscode.git 3447
2024-04-10 01:18:12.697 [warning] [Decorations] CAPPING events from decorations provider vscode.git 3447
2024-04-10 01:18:17.845 [warning] [Decorations] CAPPING events from decorations provider vscode.git 3447
2024-04-10 01:18:22.994 [warning] [Decorations] CAPPING events from decorations provider vscode.git 3447
2024-04-10 01:18:28.142 [warning] [Decorations] CAPPING events from decorations provider vscode.git 3447
2024-04-10 01:18:33.288 [warning] [Decorations] CAPPING events from decorations provider vscode.git 3447
2024-04-10 01:18:38.438 [warning] [Decorations] CAPPING events from decorations provider vscode.git 3447
2024-04-10 01:18:51.579 [warning] [Decorations] CAPPING events from decorations provider vscode.git 3447
2024-04-10 01:19:57.412 [warning] [Decorations] CAPPING events from decorations provider vscode.git 3447
2024-04-10 01:20:02.565 [warning] [Decorations] CAPPING events from decorations provider vscode.git 3447
2024-04-10 01:20:07.727 [warning] [Decorations] CAPPING events from decorations provider vscode.git 3447
2024-04-10 01:30:43.479 [warning] [Decorations] CAPPING events from decorations provider vscode.git 3447
2024-04-10 01:30:53.574 [warning] [Decorations] CAPPING events from decorations provider vscode.git 3447
2024-04-10 01:30:58.730 [warning] [Decorations] CAPPING events from decorations provider vscode.git 3447
2024-04-10 01:31:03.875 [warning] [Decorations] CAPPING events from decorations provider vscode.git 3447
2024-04-10 01:31:09.028 [warning] [Decorations] CAPPING events from decorations provider vscode.git 3447
2024-04-10 01:31:14.175 [warning] [Decorations] CAPPING events from decorations provider vscode.git 3447
2024-04-10 01:31:19.323 [warning] [Decorations] CAPPING events from decorations provider vscode.git 3447
2024-04-10 01:31:24.471 [warning] [Decorations] CAPPING events from decorations provider vscode.git 3447
2024-04-10 01:31:29.623 [warning] [Decorations] CAPPING events from decorations provider vscode.git 3447
2024-04-10 01:31:34.768 [warning] [Decorations] CAPPING events from decorations provider vscode.git 3447
2024-04-10 01:31:39.915 [warning] [Decorations] CAPPING events from decorations provider vscode.git 3447
2024-04-10 01:31:45.062 [warning] [Decorations] CAPPING events from decorations provider vscode.git 3447
2024-04-10 01:31:50.210 [warning] [Decorations] CAPPING events from decorations provider vscode.git 3447
2024-04-10 01:31:55.358 [warning] [Decorations] CAPPING events from decorations provider vscode.git 3447
2024-04-10 01:32:00.505 [warning] [Decorations] CAPPING events from decorations provider vscode.git 3447
2024-04-10 01:32:05.652 [warning] [Decorations] CAPPING events from decorations provider vscode.git 3447
2024-04-10 01:32:10.804 [warning] [Decorations] CAPPING events from decorations provider vscode.git 3447
2024-04-10 01:32:15.949 [warning] [Decorations] CAPPING events from decorations provider vscode.git 3447
2024-04-10 01:32:21.099 [warning] [Decorations] CAPPING events from decorations provider vscode.git 3447
2024-04-10 01:32:26.247 [warning] [Decorations] CAPPING events from decorations provider vscode.git 3447
2024-04-10 01:32:31.395 [warning] [Decorations] CAPPING events from decorations provider vscode.git 3447
2024-04-10 01:32:36.542 [warning] [Decorations] CAPPING events from decorations provider vscode.git 3447
2024-04-10 01:32:41.689 [warning] [Decorations] CAPPING events from decorations provider vscode.git 3447
2024-04-10 01:32:45.177 [info] ExtensionService#_doActivateExtension vscode.npm, startup: false, activationEvent: 'onTerminalQuickFixRequest:ms-vscode.npm-command'
2024-04-10 01:32:46.837 [warning] [Decorations] CAPPING events from decorations provider vscode.git 3447
2024-04-10 01:32:51.985 [warning] [Decorations] CAPPING events from decorations provider vscode.git 3447
2024-04-10 01:32:57.133 [warning] [Decorations] CAPPING events from decorations provider vscode.git 3447
2024-04-10 01:33:02.283 [warning] [Decorations] CAPPING events from decorations provider vscode.git 3447
2024-04-10 01:33:07.438 [warning] [Decorations] CAPPING events from decorations provider vscode.git 3447
2024-04-10 01:33:12.588 [warning] [Decorations] CAPPING events from decorations provider vscode.git 3447
2024-04-10 01:33:17.736 [warning] [Decorations] CAPPING events from decorations provider vscode.git 3447
2024-04-10 01:33:22.886 [warning] [Decorations] CAPPING events from decorations provider vscode.git 3447
2024-04-10 01:33:28.036 [warning] [Decorations] CAPPING events from decorations provider vscode.git 3447
2024-04-10 01:33:33.190 [warning] [Decorations] CAPPING events from decorations provider vscode.git 3447
2024-04-10 01:33:38.338 [warning] [Decorations] CAPPING events from decorations provider vscode.git 3447
2024-04-10 01:34:02.232 [warning] [Decorations] CAPPING events from decorations provider vscode.git 3447
2024-04-10 01:34:07.387 [warning] [Decorations] CAPPING events from decorations provider vscode.git 3447
2024-04-10 01:34:12.543 [warning] [Decorations] CAPPING events from decorations provider vscode.git 3447
2024-04-10 01:34:17.701 [warning] [Decorations] CAPPING events from decorations provider vscode.git 3447
2024-04-10 01:34:22.861 [warning] [Decorations] CAPPING events from decorations provider vscode.git 3447
2024-04-10 01:34:28.021 [warning] [Decorations] CAPPING events from decorations provider vscode.git 3447
2024-04-10 01:34:33.180 [warning] [Decorations] CAPPING events from decorations provider vscode.git 3447
2024-04-10 01:34:38.339 [warning] [Decorations] CAPPING events from decorations provider vscode.git 3447
2024-04-10 01:34:43.500 [warning] [Decorations] CAPPING events from decorations provider vscode.git 3447
2024-04-10 01:40:05.592 [warning] [Decorations] CAPPING events from decorations provider vscode.git 3447
2024-04-10 01:40:10.740 [warning] [Decorations] CAPPING events from decorations provider vscode.git 3447
2024-04-10 01:40:15.895 [warning] [Decorations] CAPPING events from decorations provider vscode.git 3447
2024-04-10 01:40:21.055 [warning] [Decorations] CAPPING events from decorations provider vscode.git 3447
2024-04-10 01:40:26.217 [warning] [Decorations] CAPPING events from decorations provider vscode.git 3447
2024-04-10 01:41:08.831 [warning] [Decorations] CAPPING events from decorations provider vscode.git 3447
2024-04-10 01:41:13.977 [warning] [Decorations] CAPPING events from decorations provider vscode.git 3447
2024-04-10 01:41:19.128 [warning] [Decorations] CAPPING events from decorations provider vscode.git 3447
2024-04-10 01:41:24.278 [warning] [Decorations] CAPPING events from decorations provider vscode.git 3447
2024-04-10 01:41:29.426 [warning] [Decorations] CAPPING events from decorations provider vscode.git 3447
2024-04-10 01:41:34.573 [warning] [Decorations] CAPPING events from decorations provider vscode.git 3447
2024-04-10 01:41:39.722 [warning] [Decorations] CAPPING events from decorations provider vscode.git 3447
2024-04-10 01:41:44.875 [warning] [Decorations] CAPPING events from decorations provider vscode.git 3447
2024-04-10 01:42:50.790 [warning] [Decorations] CAPPING events from decorations provider vscode.git 3447
2024-04-10 01:42:55.938 [warning] [Decorations] CAPPING events from decorations provider vscode.git 3447
2024-04-10 01:43:01.092 [warning] [Decorations] CAPPING events from decorations provider vscode.git 3447
2024-04-10 01:43:06.241 [warning] [Decorations] CAPPING events from decorations provider vscode.git 3447
2024-04-10 01:43:11.394 [warning] [Decorations] CAPPING events from decorations provider vscode.git 3447
2024-04-10 01:43:16.545 [warning] [Decorations] CAPPING events from decorations provider vscode.git 3447
2024-04-10 01:43:21.700 [warning] [Decorations] CAPPING events from decorations provider vscode.git 3447
2024-04-10 01:43:26.849 [warning] [Decorations] CAPPING events from decorations provider vscode.git 3447
2024-04-10 01:44:00.612 [warning] [Decorations] CAPPING events from decorations provider vscode.git 3447
2024-04-10 01:44:05.767 [warning] [Decorations] CAPPING events from decorations provider vscode.git 3447
2024-04-10 01:44:10.922 [warning] [Decorations] CAPPING events from decorations provider vscode.git 3447
2024-04-10 01:44:16.080 [warning] [Decorations] CAPPING events from decorations provider vscode.git 3447
2024-04-10 01:44:21.239 [warning] [Decorations] CAPPING events from decorations provider vscode.git 3447
2024-04-10 01:44:26.396 [warning] [Decorations] CAPPING events from decorations provider vscode.git 3447
2024-04-10 01:44:31.558 [warning] [Decorations] CAPPING events from decorations provider vscode.git 3447
2024-04-10 01:46:15.583 [warning] [Decorations] CAPPING events from decorations provider vscode.git 3447
2024-04-10 01:46:20.735 [warning] [Decorations] CAPPING events from decorations provider vscode.git 3447
2024-04-10 01:46:25.891 [warning] [Decorations] CAPPING events from decorations provider vscode.git 3447
2024-04-10 01:46:31.047 [warning] [Decorations] CAPPING events from decorations provider vscode.git 3447
2024-04-10 01:46:36.205 [warning] [Decorations] CAPPING events from decorations provider vscode.git 3447
2024-04-10 01:46:41.364 [warning] [Decorations] CAPPING events from decorations provider vscode.git 3447
2024-04-10 01:46:46.522 [warning] [Decorations] CAPPING events from decorations provider vscode.git 3447
2024-04-10 01:46:51.684 [warning] [Decorations] CAPPING events from decorations provider vscode.git 3447
2024-04-10 01:46:56.842 [warning] [Decorations] CAPPING events from decorations provider vscode.git 3447
2024-04-10 01:47:02.003 [warning] [Decorations] CAPPING events from decorations provider vscode.git 3447
2024-04-10 01:47:07.164 [warning] [Decorations] CAPPING events from decorations provider vscode.git 3447
2024-04-10 02:55:02.545 [warning] [Decorations] CAPPING events from decorations provider vscode.git 3447
2024-04-10 02:56:34.875 [warning] [Decorations] CAPPING events from decorations provider vscode.git 3447
2024-04-10 02:56:40.035 [warning] [Decorations] CAPPING events from decorations provider vscode.git 3447
2024-04-10 02:56:45.187 [warning] [Decorations] CAPPING events from decorations provider vscode.git 3447
2024-04-10 02:57:29.080 [warning] [Decorations] CAPPING events from decorations provider vscode.git 3447
2024-04-10 02:57:42.557 [warning] [Decorations] CAPPING events from decorations provider vscode.git 3447
2024-04-10 02:57:55.508 [warning] [Decorations] CAPPING events from decorations provider vscode.git 3447
2024-04-10 02:58:00.656 [warning] [Decorations] CAPPING events from decorations provider vscode.git 3447
2024-04-10 02:58:05.813 [warning] [Decorations] CAPPING events from decorations provider vscode.git 3447
2024-04-10 02:58:10.959 [warning] [Decorations] CAPPING events from decorations provider vscode.git 3447
2024-04-10 02:58:16.109 [warning] [Decorations] CAPPING events from decorations provider vscode.git 3447
2024-04-10 02:58:21.256 [warning] [Decorations] CAPPING events from decorations provider vscode.git 3447
2024-04-10 02:58:26.408 [warning] [Decorations] CAPPING events from decorations provider vscode.git 3447
2024-04-10 02:58:31.556 [warning] [Decorations] CAPPING events from decorations provider vscode.git 3447
2024-04-10 02:58:36.700 [warning] [Decorations] CAPPING events from decorations provider vscode.git 3447
2024-04-10 02:58:41.847 [warning] [Decorations] CAPPING events from decorations provider vscode.git 3447
2024-04-10 02:58:46.997 [warning] [Decorations] CAPPING events from decorations provider vscode.git 3447
2024-04-10 02:58:52.159 [warning] [Decorations] CAPPING events from decorations provider vscode.git 3447
2024-04-10 02:59:06.290 [warning] [Decorations] CAPPING events from decorations provider vscode.git 3447
2024-04-10 02:59:22.943 [warning] [Decorations] CAPPING events from decorations provider vscode.git 3447
2024-04-10 02:59:28.104 [warning] [Decorations] CAPPING events from decorations provider vscode.git 3447
2024-04-10 02:59:33.261 [warning] [Decorations] CAPPING events from decorations provider vscode.git 3447
2024-04-10 02:59:38.418 [warning] [Decorations] CAPPING events from decorations provider vscode.git 3447
2024-04-10 02:59:43.580 [warning] [Decorations] CAPPING events from decorations provider vscode.git 3447
2024-04-10 02:59:48.737 [warning] [Decorations] CAPPING events from decorations provider vscode.git 3447
2024-04-10 02:59:53.902 [warning] [Decorations] CAPPING events from decorations provider vscode.git 3447
2024-04-10 02:59:59.063 [warning] [Decorations] CAPPING events from decorations provider vscode.git 3447
2024-04-10 03:00:04.224 [warning] [Decorations] CAPPING events from decorations provider vscode.git 3447
2024-04-10 03:00:09.385 [warning] [Decorations] CAPPING events from decorations provider vscode.git 3447
2024-04-10 03:00:14.546 [warning] [Decorations] CAPPING events from decorations provider vscode.git 3447
2024-04-10 03:00:19.707 [warning] [Decorations] CAPPING events from decorations provider vscode.git 3447
2024-04-10 03:00:24.870 [warning] [Decorations] CAPPING events from decorations provider vscode.git 3447
2024-04-10 03:00:30.036 [warning] [Decorations] CAPPING events from decorations provider vscode.git 3447
2024-04-10 03:00:35.203 [warning] [Decorations] CAPPING events from decorations provider vscode.git 3447
2024-04-10 03:00:40.370 [warning] [Decorations] CAPPING events from decorations provider vscode.git 3447
2024-04-10 03:00:45.522 [warning] [Decorations] CAPPING events from decorations provider vscode.git 3447
2024-04-10 03:02:57.871 [warning] [Decorations] CAPPING events from decorations provider vscode.git 3447
2024-04-10 03:03:03.019 [warning] [Decorations] CAPPING events from decorations provider vscode.git 3447
2024-04-10 03:03:08.176 [warning] [Decorations] CAPPING events from decorations provider vscode.git 3447
2024-04-10 03:03:13.332 [warning] [Decorations] CAPPING events from decorations provider vscode.git 3447
2024-04-10 03:03:18.491 [warning] [Decorations] CAPPING events from decorations provider vscode.git 3447
2024-04-10 03:03:23.648 [warning] [Decorations] CAPPING events from decorations provider vscode.git 3447
2024-04-10 03:03:28.807 [warning] [Decorations] CAPPING events from decorations provider vscode.git 3447
2024-04-10 03:03:33.960 [warning] [Decorations] CAPPING events from decorations provider vscode.git 3447
2024-04-10 03:03:39.108 [warning] [Decorations] CAPPING events from decorations provider vscode.git 3447
2024-04-10 03:03:44.255 [warning] [Decorations] CAPPING events from decorations provider vscode.git 3447
2024-04-10 03:03:49.405 [warning] [Decorations] CAPPING events from decorations provider vscode.git 3447
2024-04-10 03:03:54.552 [warning] [Decorations] CAPPING events from decorations provider vscode.git 3447
2024-04-10 03:03:59.702 [warning] [Decorations] CAPPING events from decorations provider vscode.git 3447
2024-04-10 03:04:04.854 [warning] [Decorations] CAPPING events from decorations provider vscode.git 3447
2024-04-10 03:04:10.000 [warning] [Decorations] CAPPING events from decorations provider vscode.git 3447
