2024-03-08 05:47:20.313 [info] Log level: Info
2024-03-08 05:47:20.313 [info] Validating found git in: "git"
2024-03-08 05:47:20.349 [info] Using git "2.34.1" from "git"
2024-03-08 05:47:20.443 [info] > git rev-parse --show-toplevel [47ms]
2024-03-08 05:47:20.450 [info] > git rev-parse --git-dir --git-common-dir [2ms]
2024-03-08 05:47:20.461 [info] Open repository: /home/student
2024-03-08 05:47:20.480 [info] > git config --get commit.template [11ms]
2024-03-08 05:47:20.483 [info] > git rev-parse --show-toplevel [11ms]
2024-03-08 05:47:20.515 [info] > git rev-parse --git-dir --git-common-dir [27ms]
2024-03-08 05:47:20.519 [info] Open repository: /home/student/ENGR212_Abdullah_Abdulaziz
2024-03-08 05:47:20.530 [info] > git config --get commit.template [5ms]
2024-03-08 05:47:20.530 [info] > git for-each-ref --format=%(refname)%00%(upstream:short)%00%(objectname)%00%(upstream:track)%00%(upstream:remotename)%00%(upstream:remoteref) refs/heads/main refs/remotes/main [53ms]
2024-03-08 05:47:20.534 [info] > git rev-parse --show-toplevel [6ms]
2024-03-08 05:47:20.550 [info] > git rev-parse --show-toplevel [6ms]
2024-03-08 05:47:20.550 [info] > git for-each-ref --format=%(refname)%00%(upstream:short)%00%(objectname)%00%(upstream:track)%00%(upstream:remotename)%00%(upstream:remoteref) refs/heads/main refs/remotes/main [11ms]
2024-03-08 05:47:20.560 [info] > git rev-parse --show-toplevel [1ms]
2024-03-08 05:47:20.676 [info] > git status -z -uall [122ms]
2024-03-08 05:47:20.697 [info] > git config --get commit.template [6ms]
2024-03-08 05:47:20.698 [info] > git for-each-ref --format=%(refname)%00%(upstream:short)%00%(objectname)%00%(upstream:track)%00%(upstream:remotename)%00%(upstream:remoteref) refs/heads/main refs/remotes/main [2ms]
2024-03-08 05:47:20.705 [info] > git status -z -uall [2ms]
2024-03-08 05:47:21.344 [info] > git check-ignore -v -z --stdin [6ms]
2024-03-08 05:47:21.346 [info] > git check-ignore -v -z --stdin [4ms]
2024-03-08 05:47:21.446 [info] > git status -z -uall [898ms]
2024-03-08 05:47:21.456 [info] > git show --textconv :Lab3/Lab3.txt [16ms]
2024-03-08 05:47:21.457 [info] > git ls-files --stage -- /home/student/ENGR212_Abdullah_Abdulaziz/Lab3/Lab3.txt [11ms]
2024-03-08 05:47:21.459 [info] > git config --get commit.template [2ms]
2024-03-08 05:47:21.465 [info] > git for-each-ref --format=%(refname)%00%(upstream:short)%00%(objectname)%00%(upstream:track)%00%(upstream:remotename)%00%(upstream:remoteref) refs/heads/main refs/remotes/main [2ms]
2024-03-08 05:47:21.498 [info] > git status -z -uall [28ms]
2024-03-08 05:47:23.516 [info] > git config --get commit.template [7ms]
2024-03-08 05:47:23.516 [info] > git for-each-ref --format=%(refname)%00%(upstream:short)%00%(objectname)%00%(upstream:track)%00%(upstream:remotename)%00%(upstream:remoteref) refs/heads/main refs/remotes/main [1ms]
2024-03-08 05:47:23.549 [info] > git status -z -uall [27ms]
2024-03-08 05:47:23.595 [info] > git check-ignore -v -z --stdin [2ms]
2024-03-08 05:47:28.566 [info] > git config --get commit.template [7ms]
2024-03-08 05:47:28.567 [info] > git for-each-ref --format=%(refname)%00%(upstream:short)%00%(objectname)%00%(upstream:track)%00%(upstream:remotename)%00%(upstream:remoteref) refs/heads/main refs/remotes/main [1ms]
2024-03-08 05:47:28.599 [info] > git status -z -uall [27ms]
2024-03-08 05:47:33.616 [info] > git config --get commit.template [6ms]
2024-03-08 05:47:33.616 [info] > git for-each-ref --format=%(refname)%00%(upstream:short)%00%(objectname)%00%(upstream:track)%00%(upstream:remotename)%00%(upstream:remoteref) refs/heads/main refs/remotes/main [1ms]
2024-03-08 05:47:33.648 [info] > git status -z -uall [27ms]
2024-03-08 05:47:38.665 [info] > git config --get commit.template [6ms]
2024-03-08 05:47:38.665 [info] > git for-each-ref --format=%(refname)%00%(upstream:short)%00%(objectname)%00%(upstream:track)%00%(upstream:remotename)%00%(upstream:remoteref) refs/heads/main refs/remotes/main [2ms]
2024-03-08 05:47:38.697 [info] > git status -z -uall [26ms]
2024-03-08 05:47:43.715 [info] > git config --get commit.template [6ms]
2024-03-08 05:47:43.715 [info] > git for-each-ref --format=%(refname)%00%(upstream:short)%00%(objectname)%00%(upstream:track)%00%(upstream:remotename)%00%(upstream:remoteref) refs/heads/main refs/remotes/main [2ms]
2024-03-08 05:47:43.748 [info] > git status -z -uall [28ms]
2024-03-08 05:47:48.764 [info] > git config --get commit.template [6ms]
2024-03-08 05:47:48.765 [info] > git for-each-ref --format=%(refname)%00%(upstream:short)%00%(objectname)%00%(upstream:track)%00%(upstream:remotename)%00%(upstream:remoteref) refs/heads/main refs/remotes/main [2ms]
2024-03-08 05:47:48.798 [info] > git status -z -uall [26ms]
2024-03-08 05:47:53.813 [info] > git config --get commit.template [6ms]
2024-03-08 05:47:53.814 [info] > git for-each-ref --format=%(refname)%00%(upstream:short)%00%(objectname)%00%(upstream:track)%00%(upstream:remotename)%00%(upstream:remoteref) refs/heads/main refs/remotes/main [1ms]
2024-03-08 05:47:53.845 [info] > git status -z -uall [26ms]
2024-03-08 05:47:58.862 [info] > git config --get commit.template [6ms]
2024-03-08 05:47:58.862 [info] > git for-each-ref --format=%(refname)%00%(upstream:short)%00%(objectname)%00%(upstream:track)%00%(upstream:remotename)%00%(upstream:remoteref) refs/heads/main refs/remotes/main [1ms]
2024-03-08 05:47:58.894 [info] > git status -z -uall [27ms]
2024-03-08 05:48:03.909 [info] > git config --get commit.template [6ms]
2024-03-08 05:48:03.909 [info] > git for-each-ref --format=%(refname)%00%(upstream:short)%00%(objectname)%00%(upstream:track)%00%(upstream:remotename)%00%(upstream:remoteref) refs/heads/main refs/remotes/main [1ms]
2024-03-08 05:48:03.941 [info] > git status -z -uall [27ms]
2024-03-08 05:48:57.625 [info] > git config --get commit.template [6ms]
2024-03-08 05:48:57.625 [info] > git for-each-ref --format=%(refname)%00%(upstream:short)%00%(objectname)%00%(upstream:track)%00%(upstream:remotename)%00%(upstream:remoteref) refs/heads/main refs/remotes/main [1ms]
2024-03-08 05:48:57.658 [info] > git status -z -uall [28ms]
2024-03-08 05:49:00.013 [info] > git check-ignore -v -z --stdin [3ms]
2024-03-08 05:49:02.674 [info] > git config --get commit.template [7ms]
2024-03-08 05:49:02.674 [info] > git for-each-ref --format=%(refname)%00%(upstream:short)%00%(objectname)%00%(upstream:track)%00%(upstream:remotename)%00%(upstream:remoteref) refs/heads/main refs/remotes/main [1ms]
2024-03-08 05:49:02.707 [info] > git status -z -uall [27ms]
2024-03-08 05:49:07.723 [info] > git config --get commit.template [6ms]
2024-03-08 05:49:07.723 [info] > git for-each-ref --format=%(refname)%00%(upstream:short)%00%(objectname)%00%(upstream:track)%00%(upstream:remotename)%00%(upstream:remoteref) refs/heads/main refs/remotes/main [1ms]
2024-03-08 05:49:07.755 [info] > git status -z -uall [27ms]
2024-03-08 05:49:12.771 [info] > git config --get commit.template [6ms]
2024-03-08 05:49:12.771 [info] > git for-each-ref --format=%(refname)%00%(upstream:short)%00%(objectname)%00%(upstream:track)%00%(upstream:remotename)%00%(upstream:remoteref) refs/heads/main refs/remotes/main [1ms]
2024-03-08 05:49:12.803 [info] > git status -z -uall [26ms]
2024-03-08 05:49:17.820 [info] > git config --get commit.template [6ms]
2024-03-08 05:49:17.821 [info] > git for-each-ref --format=%(refname)%00%(upstream:short)%00%(objectname)%00%(upstream:track)%00%(upstream:remotename)%00%(upstream:remoteref) refs/heads/main refs/remotes/main [2ms]
2024-03-08 05:49:17.853 [info] > git status -z -uall [27ms]
2024-03-08 05:49:22.865 [info] > git config --get commit.template [2ms]
2024-03-08 05:49:22.872 [info] > git for-each-ref --format=%(refname)%00%(upstream:short)%00%(objectname)%00%(upstream:track)%00%(upstream:remotename)%00%(upstream:remoteref) refs/heads/main refs/remotes/main [1ms]
2024-03-08 05:49:22.904 [info] > git status -z -uall [27ms]
2024-03-08 05:49:27.919 [info] > git config --get commit.template [6ms]
2024-03-08 05:49:27.919 [info] > git for-each-ref --format=%(refname)%00%(upstream:short)%00%(objectname)%00%(upstream:track)%00%(upstream:remotename)%00%(upstream:remoteref) refs/heads/main refs/remotes/main [1ms]
2024-03-08 05:49:27.951 [info] > git status -z -uall [27ms]
2024-03-08 05:49:57.845 [info] > git config --get commit.template [6ms]
2024-03-08 05:49:57.846 [info] > git for-each-ref --format=%(refname)%00%(upstream:short)%00%(objectname)%00%(upstream:track)%00%(upstream:remotename)%00%(upstream:remoteref) refs/heads/main refs/remotes/main [2ms]
2024-03-08 05:49:57.879 [info] > git status -z -uall [28ms]
2024-03-08 05:50:02.895 [info] > git config --get commit.template [6ms]
2024-03-08 05:50:02.896 [info] > git for-each-ref --format=%(refname)%00%(upstream:short)%00%(objectname)%00%(upstream:track)%00%(upstream:remotename)%00%(upstream:remoteref) refs/heads/main refs/remotes/main [2ms]
2024-03-08 05:50:02.928 [info] > git status -z -uall [27ms]
2024-03-08 05:50:07.853 [info] > git config --get commit.template [6ms]
2024-03-08 05:50:07.854 [info] > git for-each-ref --format=%(refname)%00%(upstream:short)%00%(objectname)%00%(upstream:track)%00%(upstream:remotename)%00%(upstream:remoteref) refs/heads/main refs/remotes/main [2ms]
2024-03-08 05:50:07.860 [info] > git status -z -uall [2ms]
2024-03-08 05:50:07.944 [info] > git config --get commit.template [6ms]
2024-03-08 05:50:07.944 [info] > git for-each-ref --format=%(refname)%00%(upstream:short)%00%(objectname)%00%(upstream:track)%00%(upstream:remotename)%00%(upstream:remoteref) refs/heads/main refs/remotes/main [1ms]
2024-03-08 05:50:07.975 [info] > git status -z -uall [26ms]
2024-03-08 05:50:08.199 [info] > git check-ignore -v -z --stdin [1ms]
2024-03-08 05:50:12.991 [info] > git config --get commit.template [6ms]
2024-03-08 05:50:12.991 [info] > git for-each-ref --format=%(refname)%00%(upstream:short)%00%(objectname)%00%(upstream:track)%00%(upstream:remotename)%00%(upstream:remoteref) refs/heads/main refs/remotes/main [1ms]
2024-03-08 05:50:13.023 [info] > git status -z -uall [27ms]
2024-03-08 05:50:18.038 [info] > git config --get commit.template [5ms]
2024-03-08 05:50:18.039 [info] > git for-each-ref --format=%(refname)%00%(upstream:short)%00%(objectname)%00%(upstream:track)%00%(upstream:remotename)%00%(upstream:remoteref) refs/heads/main refs/remotes/main [1ms]
2024-03-08 05:50:18.071 [info] > git status -z -uall [27ms]
2024-03-08 05:50:23.087 [info] > git config --get commit.template [6ms]
2024-03-08 05:50:23.087 [info] > git for-each-ref --format=%(refname)%00%(upstream:short)%00%(objectname)%00%(upstream:track)%00%(upstream:remotename)%00%(upstream:remoteref) refs/heads/main refs/remotes/main [1ms]
2024-03-08 05:50:23.119 [info] > git status -z -uall [27ms]
2024-03-08 05:50:28.134 [info] > git config --get commit.template [5ms]
2024-03-08 05:50:28.135 [info] > git for-each-ref --format=%(refname)%00%(upstream:short)%00%(objectname)%00%(upstream:track)%00%(upstream:remotename)%00%(upstream:remoteref) refs/heads/main refs/remotes/main [1ms]
2024-03-08 05:50:28.167 [info] > git status -z -uall [27ms]
2024-03-08 05:50:33.183 [info] > git config --get commit.template [6ms]
2024-03-08 05:50:33.184 [info] > git for-each-ref --format=%(refname)%00%(upstream:short)%00%(objectname)%00%(upstream:track)%00%(upstream:remotename)%00%(upstream:remoteref) refs/heads/main refs/remotes/main [1ms]
2024-03-08 05:50:33.215 [info] > git status -z -uall [26ms]
2024-03-08 05:50:38.231 [info] > git config --get commit.template [6ms]
2024-03-08 05:50:38.232 [info] > git for-each-ref --format=%(refname)%00%(upstream:short)%00%(objectname)%00%(upstream:track)%00%(upstream:remotename)%00%(upstream:remoteref) refs/heads/main refs/remotes/main [2ms]
2024-03-08 05:50:38.264 [info] > git status -z -uall [27ms]
2024-03-08 05:50:43.280 [info] > git config --get commit.template [6ms]
2024-03-08 05:50:43.281 [info] > git for-each-ref --format=%(refname)%00%(upstream:short)%00%(objectname)%00%(upstream:track)%00%(upstream:remotename)%00%(upstream:remoteref) refs/heads/main refs/remotes/main [1ms]
2024-03-08 05:50:43.313 [info] > git status -z -uall [27ms]
2024-03-08 05:50:48.738 [info] > git config --get commit.template [6ms]
2024-03-08 05:50:48.738 [info] > git for-each-ref --format=%(refname)%00%(upstream:short)%00%(objectname)%00%(upstream:track)%00%(upstream:remotename)%00%(upstream:remoteref) refs/heads/main refs/remotes/main [1ms]
2024-03-08 05:50:48.770 [info] > git status -z -uall [26ms]
2024-03-08 05:50:50.392 [info] > git config --get commit.template [6ms]
2024-03-08 05:50:50.393 [info] > git for-each-ref --format=%(refname)%00%(upstream:short)%00%(objectname)%00%(upstream:track)%00%(upstream:remotename)%00%(upstream:remoteref) refs/heads/main refs/remotes/main [1ms]
2024-03-08 05:50:50.399 [info] > git status -z -uall [1ms]
2024-03-08 05:51:59.606 [info] > git config --get commit.template [6ms]
2024-03-08 05:51:59.607 [info] > git for-each-ref --format=%(refname)%00%(upstream:short)%00%(objectname)%00%(upstream:track)%00%(upstream:remotename)%00%(upstream:remoteref) refs/heads/main refs/remotes/main [1ms]
2024-03-08 05:51:59.639 [info] > git status -z -uall [27ms]
2024-03-08 05:53:12.701 [info] > git config --get commit.template [7ms]
2024-03-08 05:53:12.701 [info] > git for-each-ref --format=%(refname)%00%(upstream:short)%00%(objectname)%00%(upstream:track)%00%(upstream:remotename)%00%(upstream:remoteref) refs/heads/main refs/remotes/main [1ms]
2024-03-08 05:53:12.732 [info] > git status -z -uall [26ms]
2024-03-08 05:53:17.748 [info] > git config --get commit.template [7ms]
2024-03-08 05:53:17.749 [info] > git for-each-ref --format=%(refname)%00%(upstream:short)%00%(objectname)%00%(upstream:track)%00%(upstream:remotename)%00%(upstream:remoteref) refs/heads/main refs/remotes/main [2ms]
2024-03-08 05:53:17.784 [info] > git status -z -uall [29ms]
2024-03-08 05:53:22.799 [info] > git config --get commit.template [6ms]
2024-03-08 05:53:22.801 [info] > git for-each-ref --format=%(refname)%00%(upstream:short)%00%(objectname)%00%(upstream:track)%00%(upstream:remotename)%00%(upstream:remoteref) refs/heads/main refs/remotes/main [1ms]
2024-03-08 05:53:22.834 [info] > git status -z -uall [28ms]
2024-03-08 05:53:27.852 [info] > git for-each-ref --format=%(refname)%00%(upstream:short)%00%(objectname)%00%(upstream:track)%00%(upstream:remotename)%00%(upstream:remoteref) refs/heads/main refs/remotes/main [2ms]
2024-03-08 05:53:27.852 [info] > git config --get commit.template [7ms]
2024-03-08 05:53:27.885 [info] > git status -z -uall [27ms]
2024-03-08 05:53:32.900 [info] > git config --get commit.template [6ms]
2024-03-08 05:53:32.901 [info] > git for-each-ref --format=%(refname)%00%(upstream:short)%00%(objectname)%00%(upstream:track)%00%(upstream:remotename)%00%(upstream:remoteref) refs/heads/main refs/remotes/main [1ms]
2024-03-08 05:53:32.932 [info] > git status -z -uall [26ms]
2024-03-08 05:53:37.948 [info] > git config --get commit.template [7ms]
2024-03-08 05:53:37.948 [info] > git for-each-ref --format=%(refname)%00%(upstream:short)%00%(objectname)%00%(upstream:track)%00%(upstream:remotename)%00%(upstream:remoteref) refs/heads/main refs/remotes/main [1ms]
2024-03-08 05:53:37.981 [info] > git status -z -uall [28ms]
2024-03-08 05:54:47.912 [info] > git config --get commit.template [5ms]
2024-03-08 05:54:47.912 [info] > git for-each-ref --format=%(refname)%00%(upstream:short)%00%(objectname)%00%(upstream:track)%00%(upstream:remotename)%00%(upstream:remoteref) refs/heads/main refs/remotes/main [1ms]
2024-03-08 05:54:47.944 [info] > git status -z -uall [27ms]
2024-03-08 05:54:52.961 [info] > git config --get commit.template [6ms]
2024-03-08 05:54:52.961 [info] > git for-each-ref --format=%(refname)%00%(upstream:short)%00%(objectname)%00%(upstream:track)%00%(upstream:remotename)%00%(upstream:remoteref) refs/heads/main refs/remotes/main [1ms]
2024-03-08 05:54:52.993 [info] > git status -z -uall [26ms]
2024-03-08 05:54:58.010 [info] > git config --get commit.template [6ms]
2024-03-08 05:54:58.010 [info] > git for-each-ref --format=%(refname)%00%(upstream:short)%00%(objectname)%00%(upstream:track)%00%(upstream:remotename)%00%(upstream:remoteref) refs/heads/main refs/remotes/main [1ms]
2024-03-08 05:54:58.042 [info] > git status -z -uall [27ms]
2024-03-08 05:55:03.058 [info] > git config --get commit.template [6ms]
2024-03-08 05:55:03.059 [info] > git for-each-ref --format=%(refname)%00%(upstream:short)%00%(objectname)%00%(upstream:track)%00%(upstream:remotename)%00%(upstream:remoteref) refs/heads/main refs/remotes/main [1ms]
2024-03-08 05:55:03.091 [info] > git status -z -uall [26ms]
2024-03-08 05:55:13.067 [info] > git config --get commit.template [6ms]
2024-03-08 05:55:13.068 [info] > git for-each-ref --format=%(refname)%00%(upstream:short)%00%(objectname)%00%(upstream:track)%00%(upstream:remotename)%00%(upstream:remoteref) refs/heads/main refs/remotes/main [2ms]
2024-03-08 05:55:13.100 [info] > git status -z -uall [26ms]
2024-03-08 05:55:50.974 [info] > git config --get commit.template [6ms]
2024-03-08 05:55:50.974 [info] > git for-each-ref --format=%(refname)%00%(upstream:short)%00%(objectname)%00%(upstream:track)%00%(upstream:remotename)%00%(upstream:remoteref) refs/heads/main refs/remotes/main [1ms]
2024-03-08 05:55:51.007 [info] > git status -z -uall [28ms]
2024-03-08 05:55:56.022 [info] > git config --get commit.template [6ms]
2024-03-08 05:55:56.022 [info] > git for-each-ref --format=%(refname)%00%(upstream:short)%00%(objectname)%00%(upstream:track)%00%(upstream:remotename)%00%(upstream:remoteref) refs/heads/main refs/remotes/main [1ms]
2024-03-08 05:55:56.054 [info] > git status -z -uall [26ms]
2024-03-08 05:56:01.071 [info] > git config --get commit.template [7ms]
2024-03-08 05:56:01.071 [info] > git for-each-ref --format=%(refname)%00%(upstream:short)%00%(objectname)%00%(upstream:track)%00%(upstream:remotename)%00%(upstream:remoteref) refs/heads/main refs/remotes/main [1ms]
2024-03-08 05:56:01.104 [info] > git status -z -uall [27ms]
2024-03-08 05:56:06.119 [info] > git config --get commit.template [6ms]
2024-03-08 05:56:06.120 [info] > git for-each-ref --format=%(refname)%00%(upstream:short)%00%(objectname)%00%(upstream:track)%00%(upstream:remotename)%00%(upstream:remoteref) refs/heads/main refs/remotes/main [2ms]
2024-03-08 05:56:06.152 [info] > git status -z -uall [27ms]
2024-03-08 05:56:11.168 [info] > git config --get commit.template [6ms]
2024-03-08 05:56:11.169 [info] > git for-each-ref --format=%(refname)%00%(upstream:short)%00%(objectname)%00%(upstream:track)%00%(upstream:remotename)%00%(upstream:remoteref) refs/heads/main refs/remotes/main [2ms]
2024-03-08 05:56:11.200 [info] > git status -z -uall [26ms]
2024-03-08 05:56:16.212 [info] > git config --get commit.template [2ms]
2024-03-08 05:56:16.219 [info] > git for-each-ref --format=%(refname)%00%(upstream:short)%00%(objectname)%00%(upstream:track)%00%(upstream:remotename)%00%(upstream:remoteref) refs/heads/main refs/remotes/main [2ms]
2024-03-08 05:56:16.251 [info] > git status -z -uall [27ms]
2024-03-08 05:56:21.267 [info] > git config --get commit.template [6ms]
2024-03-08 05:56:21.268 [info] > git for-each-ref --format=%(refname)%00%(upstream:short)%00%(objectname)%00%(upstream:track)%00%(upstream:remotename)%00%(upstream:remoteref) refs/heads/main refs/remotes/main [2ms]
2024-03-08 05:56:21.299 [info] > git status -z -uall [26ms]
2024-03-08 05:56:26.317 [info] > git config --get commit.template [6ms]
2024-03-08 05:56:26.317 [info] > git for-each-ref --format=%(refname)%00%(upstream:short)%00%(objectname)%00%(upstream:track)%00%(upstream:remotename)%00%(upstream:remoteref) refs/heads/main refs/remotes/main [1ms]
2024-03-08 05:56:26.351 [info] > git status -z -uall [28ms]
2024-03-08 05:56:31.367 [info] > git config --get commit.template [5ms]
2024-03-08 05:56:31.367 [info] > git for-each-ref --format=%(refname)%00%(upstream:short)%00%(objectname)%00%(upstream:track)%00%(upstream:remotename)%00%(upstream:remoteref) refs/heads/main refs/remotes/main [1ms]
2024-03-08 05:56:31.399 [info] > git status -z -uall [27ms]
2024-03-08 05:56:36.415 [info] > git config --get commit.template [7ms]
2024-03-08 05:56:36.415 [info] > git for-each-ref --format=%(refname)%00%(upstream:short)%00%(objectname)%00%(upstream:track)%00%(upstream:remotename)%00%(upstream:remoteref) refs/heads/main refs/remotes/main [2ms]
2024-03-08 05:56:36.447 [info] > git status -z -uall [27ms]
2024-03-08 05:56:41.463 [info] > git config --get commit.template [6ms]
2024-03-08 05:56:41.463 [info] > git for-each-ref --format=%(refname)%00%(upstream:short)%00%(objectname)%00%(upstream:track)%00%(upstream:remotename)%00%(upstream:remoteref) refs/heads/main refs/remotes/main [1ms]
2024-03-08 05:56:41.495 [info] > git status -z -uall [27ms]
2024-03-08 05:56:46.512 [info] > git config --get commit.template [6ms]
2024-03-08 05:56:46.512 [info] > git for-each-ref --format=%(refname)%00%(upstream:short)%00%(objectname)%00%(upstream:track)%00%(upstream:remotename)%00%(upstream:remoteref) refs/heads/main refs/remotes/main [1ms]
2024-03-08 05:56:46.544 [info] > git status -z -uall [27ms]
2024-03-08 05:56:51.560 [info] > git config --get commit.template [6ms]
2024-03-08 05:56:51.560 [info] > git for-each-ref --format=%(refname)%00%(upstream:short)%00%(objectname)%00%(upstream:track)%00%(upstream:remotename)%00%(upstream:remoteref) refs/heads/main refs/remotes/main [1ms]
2024-03-08 05:56:51.592 [info] > git status -z -uall [27ms]
2024-03-08 05:56:56.607 [info] > git config --get commit.template [6ms]
2024-03-08 05:56:56.608 [info] > git for-each-ref --format=%(refname)%00%(upstream:short)%00%(objectname)%00%(upstream:track)%00%(upstream:remotename)%00%(upstream:remoteref) refs/heads/main refs/remotes/main [2ms]
2024-03-08 05:56:56.640 [info] > git status -z -uall [27ms]
2024-03-08 05:57:01.657 [info] > git config --get commit.template [7ms]
2024-03-08 05:57:01.658 [info] > git for-each-ref --format=%(refname)%00%(upstream:short)%00%(objectname)%00%(upstream:track)%00%(upstream:remotename)%00%(upstream:remoteref) refs/heads/main refs/remotes/main [2ms]
2024-03-08 05:57:01.690 [info] > git status -z -uall [27ms]
2024-03-08 05:57:06.706 [info] > git config --get commit.template [6ms]
2024-03-08 05:57:06.707 [info] > git for-each-ref --format=%(refname)%00%(upstream:short)%00%(objectname)%00%(upstream:track)%00%(upstream:remotename)%00%(upstream:remoteref) refs/heads/main refs/remotes/main [2ms]
2024-03-08 05:57:06.738 [info] > git status -z -uall [26ms]
2024-03-08 05:57:11.755 [info] > git config --get commit.template [7ms]
2024-03-08 05:57:11.755 [info] > git for-each-ref --format=%(refname)%00%(upstream:short)%00%(objectname)%00%(upstream:track)%00%(upstream:remotename)%00%(upstream:remoteref) refs/heads/main refs/remotes/main [1ms]
2024-03-08 05:57:11.787 [info] > git status -z -uall [27ms]
2024-03-08 05:58:09.647 [info] > git config --get commit.template [6ms]
2024-03-08 05:58:09.647 [info] > git for-each-ref --format=%(refname)%00%(upstream:short)%00%(objectname)%00%(upstream:track)%00%(upstream:remotename)%00%(upstream:remoteref) refs/heads/main refs/remotes/main [1ms]
2024-03-08 05:58:09.679 [info] > git status -z -uall [27ms]
2024-03-08 05:58:14.694 [info] > git config --get commit.template [6ms]
2024-03-08 05:58:14.695 [info] > git for-each-ref --format=%(refname)%00%(upstream:short)%00%(objectname)%00%(upstream:track)%00%(upstream:remotename)%00%(upstream:remoteref) refs/heads/main refs/remotes/main [2ms]
2024-03-08 05:58:14.726 [info] > git status -z -uall [26ms]
2024-03-08 05:58:19.745 [info] > git config --get commit.template [6ms]
2024-03-08 05:58:19.745 [info] > git for-each-ref --format=%(refname)%00%(upstream:short)%00%(objectname)%00%(upstream:track)%00%(upstream:remotename)%00%(upstream:remoteref) refs/heads/main refs/remotes/main [2ms]
2024-03-08 05:58:19.778 [info] > git status -z -uall [27ms]
2024-03-08 05:58:36.161 [info] > git config --get commit.template [6ms]
2024-03-08 05:58:36.161 [info] > git for-each-ref --format=%(refname)%00%(upstream:short)%00%(objectname)%00%(upstream:track)%00%(upstream:remotename)%00%(upstream:remoteref) refs/heads/main refs/remotes/main [1ms]
2024-03-08 05:58:36.194 [info] > git status -z -uall [27ms]
2024-03-08 05:58:41.210 [info] > git config --get commit.template [6ms]
2024-03-08 05:58:41.211 [info] > git for-each-ref --format=%(refname)%00%(upstream:short)%00%(objectname)%00%(upstream:track)%00%(upstream:remotename)%00%(upstream:remoteref) refs/heads/main refs/remotes/main [2ms]
2024-03-08 05:58:41.243 [info] > git status -z -uall [27ms]
2024-03-08 05:58:46.258 [info] > git config --get commit.template [6ms]
2024-03-08 05:58:46.259 [info] > git for-each-ref --format=%(refname)%00%(upstream:short)%00%(objectname)%00%(upstream:track)%00%(upstream:remotename)%00%(upstream:remoteref) refs/heads/main refs/remotes/main [1ms]
2024-03-08 05:58:46.292 [info] > git status -z -uall [27ms]
2024-03-08 05:58:51.307 [info] > git config --get commit.template [6ms]
2024-03-08 05:58:51.308 [info] > git for-each-ref --format=%(refname)%00%(upstream:short)%00%(objectname)%00%(upstream:track)%00%(upstream:remotename)%00%(upstream:remoteref) refs/heads/main refs/remotes/main [2ms]
2024-03-08 05:58:51.339 [info] > git status -z -uall [26ms]
2024-03-08 05:58:59.699 [info] > git config --get commit.template [5ms]
2024-03-08 05:58:59.700 [info] > git for-each-ref --format=%(refname)%00%(upstream:short)%00%(objectname)%00%(upstream:track)%00%(upstream:remotename)%00%(upstream:remoteref) refs/heads/main refs/remotes/main [1ms]
2024-03-08 05:58:59.732 [info] > git status -z -uall [27ms]
2024-03-08 05:59:04.748 [info] > git config --get commit.template [6ms]
2024-03-08 05:59:04.749 [info] > git for-each-ref --format=%(refname)%00%(upstream:short)%00%(objectname)%00%(upstream:track)%00%(upstream:remotename)%00%(upstream:remoteref) refs/heads/main refs/remotes/main [2ms]
2024-03-08 05:59:04.781 [info] > git status -z -uall [27ms]
2024-03-08 05:59:09.798 [info] > git config --get commit.template [6ms]
2024-03-08 05:59:09.798 [info] > git for-each-ref --format=%(refname)%00%(upstream:short)%00%(objectname)%00%(upstream:track)%00%(upstream:remotename)%00%(upstream:remoteref) refs/heads/main refs/remotes/main [1ms]
2024-03-08 05:59:09.830 [info] > git status -z -uall [27ms]
2024-03-08 05:59:14.849 [info] > git config --get commit.template [8ms]
2024-03-08 05:59:14.850 [info] > git for-each-ref --format=%(refname)%00%(upstream:short)%00%(objectname)%00%(upstream:track)%00%(upstream:remotename)%00%(upstream:remoteref) refs/heads/main refs/remotes/main [2ms]
2024-03-08 05:59:14.882 [info] > git status -z -uall [26ms]
2024-03-08 05:59:25.406 [info] > git config --get commit.template [6ms]
2024-03-08 05:59:25.407 [info] > git for-each-ref --format=%(refname)%00%(upstream:short)%00%(objectname)%00%(upstream:track)%00%(upstream:remotename)%00%(upstream:remoteref) refs/heads/main refs/remotes/main [2ms]
2024-03-08 05:59:25.439 [info] > git status -z -uall [26ms]
2024-03-08 06:00:11.797 [info] > git config --get commit.template [6ms]
2024-03-08 06:00:11.798 [info] > git for-each-ref --format=%(refname)%00%(upstream:short)%00%(objectname)%00%(upstream:track)%00%(upstream:remotename)%00%(upstream:remoteref) refs/heads/main refs/remotes/main [1ms]
2024-03-08 06:00:11.831 [info] > git status -z -uall [28ms]
2024-03-08 06:00:16.847 [info] > git config --get commit.template [6ms]
2024-03-08 06:00:16.847 [info] > git for-each-ref --format=%(refname)%00%(upstream:short)%00%(objectname)%00%(upstream:track)%00%(upstream:remotename)%00%(upstream:remoteref) refs/heads/main refs/remotes/main [1ms]
2024-03-08 06:00:16.881 [info] > git status -z -uall [28ms]
2024-03-08 06:00:21.899 [info] > git config --get commit.template [6ms]
2024-03-08 06:00:21.899 [info] > git for-each-ref --format=%(refname)%00%(upstream:short)%00%(objectname)%00%(upstream:track)%00%(upstream:remotename)%00%(upstream:remoteref) refs/heads/main refs/remotes/main [1ms]
2024-03-08 06:00:21.931 [info] > git status -z -uall [27ms]
2024-03-08 06:00:26.947 [info] > git config --get commit.template [6ms]
2024-03-08 06:00:26.948 [info] > git for-each-ref --format=%(refname)%00%(upstream:short)%00%(objectname)%00%(upstream:track)%00%(upstream:remotename)%00%(upstream:remoteref) refs/heads/main refs/remotes/main [2ms]
2024-03-08 06:00:26.981 [info] > git status -z -uall [28ms]
2024-03-08 06:00:31.996 [info] > git config --get commit.template [6ms]
2024-03-08 06:00:31.997 [info] > git for-each-ref --format=%(refname)%00%(upstream:short)%00%(objectname)%00%(upstream:track)%00%(upstream:remotename)%00%(upstream:remoteref) refs/heads/main refs/remotes/main [2ms]
2024-03-08 06:00:32.029 [info] > git status -z -uall [27ms]
2024-03-08 06:00:37.047 [info] > git for-each-ref --format=%(refname)%00%(upstream:short)%00%(objectname)%00%(upstream:track)%00%(upstream:remotename)%00%(upstream:remoteref) refs/heads/main refs/remotes/main [0ms]
2024-03-08 06:00:37.047 [info] > git config --get commit.template [8ms]
2024-03-08 06:00:37.079 [info] > git status -z -uall [27ms]
2024-03-08 06:00:42.094 [info] > git config --get commit.template [6ms]
2024-03-08 06:00:42.095 [info] > git for-each-ref --format=%(refname)%00%(upstream:short)%00%(objectname)%00%(upstream:track)%00%(upstream:remotename)%00%(upstream:remoteref) refs/heads/main refs/remotes/main [1ms]
2024-03-08 06:00:42.127 [info] > git status -z -uall [27ms]
2024-03-08 06:00:47.143 [info] > git config --get commit.template [6ms]
2024-03-08 06:00:47.144 [info] > git for-each-ref --format=%(refname)%00%(upstream:short)%00%(objectname)%00%(upstream:track)%00%(upstream:remotename)%00%(upstream:remoteref) refs/heads/main refs/remotes/main [2ms]
2024-03-08 06:00:47.177 [info] > git status -z -uall [28ms]
2024-03-08 06:00:52.193 [info] > git config --get commit.template [6ms]
2024-03-08 06:00:52.194 [info] > git for-each-ref --format=%(refname)%00%(upstream:short)%00%(objectname)%00%(upstream:track)%00%(upstream:remotename)%00%(upstream:remoteref) refs/heads/main refs/remotes/main [2ms]
2024-03-08 06:00:52.226 [info] > git status -z -uall [27ms]
2024-03-08 06:00:57.242 [info] > git config --get commit.template [6ms]
2024-03-08 06:00:57.243 [info] > git for-each-ref --format=%(refname)%00%(upstream:short)%00%(objectname)%00%(upstream:track)%00%(upstream:remotename)%00%(upstream:remoteref) refs/heads/main refs/remotes/main [1ms]
2024-03-08 06:00:57.277 [info] > git status -z -uall [28ms]
2024-03-08 06:01:02.292 [info] > git config --get commit.template [6ms]
2024-03-08 06:01:02.293 [info] > git for-each-ref --format=%(refname)%00%(upstream:short)%00%(objectname)%00%(upstream:track)%00%(upstream:remotename)%00%(upstream:remoteref) refs/heads/main refs/remotes/main [1ms]
2024-03-08 06:01:02.325 [info] > git status -z -uall [27ms]
2024-03-08 06:01:07.340 [info] > git config --get commit.template [6ms]
2024-03-08 06:01:07.341 [info] > git for-each-ref --format=%(refname)%00%(upstream:short)%00%(objectname)%00%(upstream:track)%00%(upstream:remotename)%00%(upstream:remoteref) refs/heads/main refs/remotes/main [1ms]
2024-03-08 06:01:07.374 [info] > git status -z -uall [28ms]
2024-03-08 06:01:12.390 [info] > git config --get commit.template [6ms]
2024-03-08 06:01:12.391 [info] > git for-each-ref --format=%(refname)%00%(upstream:short)%00%(objectname)%00%(upstream:track)%00%(upstream:remotename)%00%(upstream:remoteref) refs/heads/main refs/remotes/main [2ms]
2024-03-08 06:01:12.423 [info] > git status -z -uall [27ms]
2024-03-08 06:01:17.440 [info] > git config --get commit.template [6ms]
2024-03-08 06:01:17.440 [info] > git for-each-ref --format=%(refname)%00%(upstream:short)%00%(objectname)%00%(upstream:track)%00%(upstream:remotename)%00%(upstream:remoteref) refs/heads/main refs/remotes/main [1ms]
2024-03-08 06:01:17.472 [info] > git status -z -uall [26ms]
2024-03-08 06:02:53.370 [info] > git config --get commit.template [6ms]
2024-03-08 06:02:53.371 [info] > git for-each-ref --format=%(refname)%00%(upstream:short)%00%(objectname)%00%(upstream:track)%00%(upstream:remotename)%00%(upstream:remoteref) refs/heads/main refs/remotes/main [1ms]
2024-03-08 06:02:53.403 [info] > git status -z -uall [26ms]
2024-03-08 06:02:58.419 [info] > git config --get commit.template [6ms]
2024-03-08 06:02:58.420 [info] > git for-each-ref --format=%(refname)%00%(upstream:short)%00%(objectname)%00%(upstream:track)%00%(upstream:remotename)%00%(upstream:remoteref) refs/heads/main refs/remotes/main [1ms]
2024-03-08 06:02:58.451 [info] > git status -z -uall [25ms]
2024-03-08 06:03:03.466 [info] > git config --get commit.template [6ms]
2024-03-08 06:03:03.466 [info] > git for-each-ref --format=%(refname)%00%(upstream:short)%00%(objectname)%00%(upstream:track)%00%(upstream:remotename)%00%(upstream:remoteref) refs/heads/main refs/remotes/main [1ms]
2024-03-08 06:03:03.498 [info] > git status -z -uall [27ms]
2024-03-08 06:03:08.514 [info] > git config --get commit.template [6ms]
2024-03-08 06:03:08.515 [info] > git for-each-ref --format=%(refname)%00%(upstream:short)%00%(objectname)%00%(upstream:track)%00%(upstream:remotename)%00%(upstream:remoteref) refs/heads/main refs/remotes/main [2ms]
2024-03-08 06:03:08.547 [info] > git status -z -uall [27ms]
2024-03-08 06:03:49.542 [info] > git config --get commit.template [5ms]
2024-03-08 06:03:49.543 [info] > git for-each-ref --format=%(refname)%00%(upstream:short)%00%(objectname)%00%(upstream:track)%00%(upstream:remotename)%00%(upstream:remoteref) refs/heads/main refs/remotes/main [1ms]
2024-03-08 06:03:49.574 [info] > git status -z -uall [26ms]
2024-03-08 06:04:01.630 [info] > git config --get commit.template [6ms]
2024-03-08 06:04:01.631 [info] > git for-each-ref --format=%(refname)%00%(upstream:short)%00%(objectname)%00%(upstream:track)%00%(upstream:remotename)%00%(upstream:remoteref) refs/heads/main refs/remotes/main [1ms]
2024-03-08 06:04:01.664 [info] > git status -z -uall [28ms]
2024-03-08 06:04:06.681 [info] > git config --get commit.template [6ms]
2024-03-08 06:04:06.682 [info] > git for-each-ref --format=%(refname)%00%(upstream:short)%00%(objectname)%00%(upstream:track)%00%(upstream:remotename)%00%(upstream:remoteref) refs/heads/main refs/remotes/main [2ms]
2024-03-08 06:04:06.715 [info] > git status -z -uall [27ms]
2024-03-08 06:04:16.560 [info] > git config --get commit.template [6ms]
2024-03-08 06:04:16.561 [info] > git for-each-ref --format=%(refname)%00%(upstream:short)%00%(objectname)%00%(upstream:track)%00%(upstream:remotename)%00%(upstream:remoteref) refs/heads/main refs/remotes/main [1ms]
2024-03-08 06:04:16.594 [info] > git status -z -uall [28ms]
2024-03-08 06:04:21.609 [info] > git config --get commit.template [6ms]
2024-03-08 06:04:21.610 [info] > git for-each-ref --format=%(refname)%00%(upstream:short)%00%(objectname)%00%(upstream:track)%00%(upstream:remotename)%00%(upstream:remoteref) refs/heads/main refs/remotes/main [1ms]
2024-03-08 06:04:21.641 [info] > git status -z -uall [26ms]
2024-03-08 06:04:26.659 [info] > git config --get commit.template [7ms]
2024-03-08 06:04:26.660 [info] > git for-each-ref --format=%(refname)%00%(upstream:short)%00%(objectname)%00%(upstream:track)%00%(upstream:remotename)%00%(upstream:remoteref) refs/heads/main refs/remotes/main [2ms]
2024-03-08 06:04:26.692 [info] > git status -z -uall [27ms]
2024-03-08 06:04:31.710 [info] > git config --get commit.template [6ms]
2024-03-08 06:04:31.710 [info] > git for-each-ref --format=%(refname)%00%(upstream:short)%00%(objectname)%00%(upstream:track)%00%(upstream:remotename)%00%(upstream:remoteref) refs/heads/main refs/remotes/main [1ms]
2024-03-08 06:04:31.742 [info] > git status -z -uall [26ms]
2024-03-08 06:05:09.560 [info] > git config --get commit.template [1ms]
2024-03-08 06:05:09.567 [info] > git for-each-ref --format=%(refname)%00%(upstream:short)%00%(objectname)%00%(upstream:track)%00%(upstream:remotename)%00%(upstream:remoteref) refs/heads/main refs/remotes/main [1ms]
2024-03-08 06:05:09.601 [info] > git status -z -uall [28ms]
2024-03-08 06:05:14.617 [info] > git config --get commit.template [7ms]
2024-03-08 06:05:14.617 [info] > git for-each-ref --format=%(refname)%00%(upstream:short)%00%(objectname)%00%(upstream:track)%00%(upstream:remotename)%00%(upstream:remoteref) refs/heads/main refs/remotes/main [1ms]
2024-03-08 06:05:14.650 [info] > git status -z -uall [27ms]
2024-03-08 06:05:19.668 [info] > git config --get commit.template [7ms]
2024-03-08 06:05:19.668 [info] > git for-each-ref --format=%(refname)%00%(upstream:short)%00%(objectname)%00%(upstream:track)%00%(upstream:remotename)%00%(upstream:remoteref) refs/heads/main refs/remotes/main [1ms]
2024-03-08 06:05:19.702 [info] > git status -z -uall [27ms]
2024-03-08 06:05:24.719 [info] > git config --get commit.template [7ms]
2024-03-08 06:05:24.720 [info] > git for-each-ref --format=%(refname)%00%(upstream:short)%00%(objectname)%00%(upstream:track)%00%(upstream:remotename)%00%(upstream:remoteref) refs/heads/main refs/remotes/main [1ms]
2024-03-08 06:05:24.751 [info] > git status -z -uall [26ms]
2024-03-08 06:05:29.767 [info] > git config --get commit.template [7ms]
2024-03-08 06:05:29.767 [info] > git for-each-ref --format=%(refname)%00%(upstream:short)%00%(objectname)%00%(upstream:track)%00%(upstream:remotename)%00%(upstream:remoteref) refs/heads/main refs/remotes/main [1ms]
2024-03-08 06:05:29.799 [info] > git status -z -uall [26ms]
2024-03-08 06:05:34.815 [info] > git config --get commit.template [6ms]
2024-03-08 06:05:34.816 [info] > git for-each-ref --format=%(refname)%00%(upstream:short)%00%(objectname)%00%(upstream:track)%00%(upstream:remotename)%00%(upstream:remoteref) refs/heads/main refs/remotes/main [1ms]
2024-03-08 06:05:34.848 [info] > git status -z -uall [27ms]
2024-03-08 06:05:39.865 [info] > git config --get commit.template [6ms]
2024-03-08 06:05:39.866 [info] > git for-each-ref --format=%(refname)%00%(upstream:short)%00%(objectname)%00%(upstream:track)%00%(upstream:remotename)%00%(upstream:remoteref) refs/heads/main refs/remotes/main [2ms]
2024-03-08 06:05:39.898 [info] > git status -z -uall [27ms]
2024-03-08 06:05:44.914 [info] > git config --get commit.template [7ms]
2024-03-08 06:05:44.914 [info] > git for-each-ref --format=%(refname)%00%(upstream:short)%00%(objectname)%00%(upstream:track)%00%(upstream:remotename)%00%(upstream:remoteref) refs/heads/main refs/remotes/main [1ms]
2024-03-08 06:05:44.948 [info] > git status -z -uall [27ms]
2024-03-08 06:05:49.965 [info] > git config --get commit.template [6ms]
2024-03-08 06:05:49.966 [info] > git for-each-ref --format=%(refname)%00%(upstream:short)%00%(objectname)%00%(upstream:track)%00%(upstream:remotename)%00%(upstream:remoteref) refs/heads/main refs/remotes/main [1ms]
2024-03-08 06:05:49.997 [info] > git status -z -uall [26ms]
2024-03-08 06:05:55.014 [info] > git config --get commit.template [6ms]
2024-03-08 06:05:55.015 [info] > git for-each-ref --format=%(refname)%00%(upstream:short)%00%(objectname)%00%(upstream:track)%00%(upstream:remotename)%00%(upstream:remoteref) refs/heads/main refs/remotes/main [1ms]
2024-03-08 06:05:55.047 [info] > git status -z -uall [27ms]
2024-03-08 06:06:00.063 [info] > git config --get commit.template [6ms]
2024-03-08 06:06:00.064 [info] > git for-each-ref --format=%(refname)%00%(upstream:short)%00%(objectname)%00%(upstream:track)%00%(upstream:remotename)%00%(upstream:remoteref) refs/heads/main refs/remotes/main [2ms]
2024-03-08 06:06:00.096 [info] > git status -z -uall [27ms]
2024-03-08 06:06:05.114 [info] > git config --get commit.template [6ms]
2024-03-08 06:06:05.115 [info] > git for-each-ref --format=%(refname)%00%(upstream:short)%00%(objectname)%00%(upstream:track)%00%(upstream:remotename)%00%(upstream:remoteref) refs/heads/main refs/remotes/main [2ms]
2024-03-08 06:06:05.147 [info] > git status -z -uall [27ms]
2024-03-08 06:06:10.158 [info] > git config --get commit.template [2ms]
2024-03-08 06:06:10.165 [info] > git for-each-ref --format=%(refname)%00%(upstream:short)%00%(objectname)%00%(upstream:track)%00%(upstream:remotename)%00%(upstream:remoteref) refs/heads/main refs/remotes/main [2ms]
2024-03-08 06:06:10.198 [info] > git status -z -uall [27ms]
2024-03-08 06:06:15.214 [info] > git config --get commit.template [6ms]
2024-03-08 06:06:15.215 [info] > git for-each-ref --format=%(refname)%00%(upstream:short)%00%(objectname)%00%(upstream:track)%00%(upstream:remotename)%00%(upstream:remoteref) refs/heads/main refs/remotes/main [2ms]
2024-03-08 06:06:15.247 [info] > git status -z -uall [26ms]
2024-03-08 06:06:20.264 [info] > git config --get commit.template [6ms]
2024-03-08 06:06:20.264 [info] > git for-each-ref --format=%(refname)%00%(upstream:short)%00%(objectname)%00%(upstream:track)%00%(upstream:remotename)%00%(upstream:remoteref) refs/heads/main refs/remotes/main [1ms]
2024-03-08 06:06:20.298 [info] > git status -z -uall [28ms]
2024-03-08 06:06:25.313 [info] > git config --get commit.template [6ms]
2024-03-08 06:06:25.314 [info] > git for-each-ref --format=%(refname)%00%(upstream:short)%00%(objectname)%00%(upstream:track)%00%(upstream:remotename)%00%(upstream:remoteref) refs/heads/main refs/remotes/main [1ms]
2024-03-08 06:06:25.348 [info] > git status -z -uall [28ms]
2024-03-08 06:06:30.364 [info] > git config --get commit.template [6ms]
2024-03-08 06:06:30.365 [info] > git for-each-ref --format=%(refname)%00%(upstream:short)%00%(objectname)%00%(upstream:track)%00%(upstream:remotename)%00%(upstream:remoteref) refs/heads/main refs/remotes/main [2ms]
2024-03-08 06:06:30.397 [info] > git status -z -uall [27ms]
2024-03-08 06:06:35.412 [info] > git config --get commit.template [6ms]
2024-03-08 06:06:35.413 [info] > git for-each-ref --format=%(refname)%00%(upstream:short)%00%(objectname)%00%(upstream:track)%00%(upstream:remotename)%00%(upstream:remoteref) refs/heads/main refs/remotes/main [1ms]
2024-03-08 06:06:35.446 [info] > git status -z -uall [28ms]
2024-03-08 06:06:40.462 [info] > git config --get commit.template [6ms]
2024-03-08 06:06:40.462 [info] > git for-each-ref --format=%(refname)%00%(upstream:short)%00%(objectname)%00%(upstream:track)%00%(upstream:remotename)%00%(upstream:remoteref) refs/heads/main refs/remotes/main [1ms]
2024-03-08 06:06:40.495 [info] > git status -z -uall [27ms]
2024-03-08 06:06:45.511 [info] > git config --get commit.template [7ms]
2024-03-08 06:06:45.512 [info] > git for-each-ref --format=%(refname)%00%(upstream:short)%00%(objectname)%00%(upstream:track)%00%(upstream:remotename)%00%(upstream:remoteref) refs/heads/main refs/remotes/main [2ms]
2024-03-08 06:06:45.544 [info] > git status -z -uall [27ms]
2024-03-08 06:06:50.559 [info] > git config --get commit.template [6ms]
2024-03-08 06:06:50.559 [info] > git for-each-ref --format=%(refname)%00%(upstream:short)%00%(objectname)%00%(upstream:track)%00%(upstream:remotename)%00%(upstream:remoteref) refs/heads/main refs/remotes/main [1ms]
2024-03-08 06:06:50.591 [info] > git status -z -uall [26ms]
2024-03-08 06:06:55.607 [info] > git config --get commit.template [6ms]
2024-03-08 06:06:55.608 [info] > git for-each-ref --format=%(refname)%00%(upstream:short)%00%(objectname)%00%(upstream:track)%00%(upstream:remotename)%00%(upstream:remoteref) refs/heads/main refs/remotes/main [2ms]
2024-03-08 06:06:55.639 [info] > git status -z -uall [26ms]
2024-03-08 06:07:00.654 [info] > git config --get commit.template [6ms]
2024-03-08 06:07:00.655 [info] > git for-each-ref --format=%(refname)%00%(upstream:short)%00%(objectname)%00%(upstream:track)%00%(upstream:remotename)%00%(upstream:remoteref) refs/heads/main refs/remotes/main [1ms]
2024-03-08 06:07:00.688 [info] > git status -z -uall [27ms]
2024-03-08 06:07:05.704 [info] > git config --get commit.template [6ms]
2024-03-08 06:07:05.704 [info] > git for-each-ref --format=%(refname)%00%(upstream:short)%00%(objectname)%00%(upstream:track)%00%(upstream:remotename)%00%(upstream:remoteref) refs/heads/main refs/remotes/main [1ms]
2024-03-08 06:07:05.737 [info] > git status -z -uall [27ms]
2024-03-08 06:07:10.753 [info] > git config --get commit.template [6ms]
2024-03-08 06:07:10.754 [info] > git for-each-ref --format=%(refname)%00%(upstream:short)%00%(objectname)%00%(upstream:track)%00%(upstream:remotename)%00%(upstream:remoteref) refs/heads/main refs/remotes/main [2ms]
2024-03-08 06:07:10.786 [info] > git status -z -uall [27ms]
2024-03-08 06:07:15.802 [info] > git config --get commit.template [6ms]
2024-03-08 06:07:15.803 [info] > git for-each-ref --format=%(refname)%00%(upstream:short)%00%(objectname)%00%(upstream:track)%00%(upstream:remotename)%00%(upstream:remoteref) refs/heads/main refs/remotes/main [2ms]
2024-03-08 06:07:15.834 [info] > git status -z -uall [26ms]
2024-03-08 06:07:20.852 [info] > git config --get commit.template [6ms]
2024-03-08 06:07:20.852 [info] > git for-each-ref --format=%(refname)%00%(upstream:short)%00%(objectname)%00%(upstream:track)%00%(upstream:remotename)%00%(upstream:remoteref) refs/heads/main refs/remotes/main [1ms]
2024-03-08 06:07:20.885 [info] > git status -z -uall [27ms]
2024-03-08 06:07:25.901 [info] > git config --get commit.template [6ms]
2024-03-08 06:07:25.902 [info] > git for-each-ref --format=%(refname)%00%(upstream:short)%00%(objectname)%00%(upstream:track)%00%(upstream:remotename)%00%(upstream:remoteref) refs/heads/main refs/remotes/main [2ms]
2024-03-08 06:07:25.934 [info] > git status -z -uall [27ms]
2024-03-08 06:07:30.950 [info] > git config --get commit.template [6ms]
2024-03-08 06:07:30.950 [info] > git for-each-ref --format=%(refname)%00%(upstream:short)%00%(objectname)%00%(upstream:track)%00%(upstream:remotename)%00%(upstream:remoteref) refs/heads/main refs/remotes/main [1ms]
2024-03-08 06:07:30.983 [info] > git status -z -uall [27ms]
2024-03-08 06:07:35.998 [info] > git config --get commit.template [6ms]
2024-03-08 06:07:35.999 [info] > git for-each-ref --format=%(refname)%00%(upstream:short)%00%(objectname)%00%(upstream:track)%00%(upstream:remotename)%00%(upstream:remoteref) refs/heads/main refs/remotes/main [1ms]
2024-03-08 06:07:36.031 [info] > git status -z -uall [26ms]
2024-03-08 06:07:41.048 [info] > git config --get commit.template [6ms]
2024-03-08 06:07:41.049 [info] > git for-each-ref --format=%(refname)%00%(upstream:short)%00%(objectname)%00%(upstream:track)%00%(upstream:remotename)%00%(upstream:remoteref) refs/heads/main refs/remotes/main [1ms]
2024-03-08 06:07:41.081 [info] > git status -z -uall [27ms]
2024-03-08 06:07:46.097 [info] > git config --get commit.template [7ms]
2024-03-08 06:07:46.097 [info] > git for-each-ref --format=%(refname)%00%(upstream:short)%00%(objectname)%00%(upstream:track)%00%(upstream:remotename)%00%(upstream:remoteref) refs/heads/main refs/remotes/main [1ms]
2024-03-08 06:07:46.130 [info] > git status -z -uall [27ms]
2024-03-08 06:07:51.146 [info] > git config --get commit.template [6ms]
2024-03-08 06:07:51.147 [info] > git for-each-ref --format=%(refname)%00%(upstream:short)%00%(objectname)%00%(upstream:track)%00%(upstream:remotename)%00%(upstream:remoteref) refs/heads/main refs/remotes/main [1ms]
2024-03-08 06:07:51.179 [info] > git status -z -uall [27ms]
2024-03-08 06:07:56.195 [info] > git config --get commit.template [7ms]
2024-03-08 06:07:56.196 [info] > git for-each-ref --format=%(refname)%00%(upstream:short)%00%(objectname)%00%(upstream:track)%00%(upstream:remotename)%00%(upstream:remoteref) refs/heads/main refs/remotes/main [2ms]
2024-03-08 06:07:56.228 [info] > git status -z -uall [26ms]
2024-03-08 06:08:01.245 [info] > git config --get commit.template [6ms]
2024-03-08 06:08:01.246 [info] > git for-each-ref --format=%(refname)%00%(upstream:short)%00%(objectname)%00%(upstream:track)%00%(upstream:remotename)%00%(upstream:remoteref) refs/heads/main refs/remotes/main [2ms]
2024-03-08 06:08:01.279 [info] > git status -z -uall [28ms]
2024-03-08 06:08:15.430 [info] > git config --get commit.template [6ms]
2024-03-08 06:08:15.431 [info] > git for-each-ref --format=%(refname)%00%(upstream:short)%00%(objectname)%00%(upstream:track)%00%(upstream:remotename)%00%(upstream:remoteref) refs/heads/main refs/remotes/main [2ms]
2024-03-08 06:08:15.462 [info] > git status -z -uall [26ms]
2024-03-08 06:08:20.479 [info] > git config --get commit.template [6ms]
2024-03-08 06:08:20.480 [info] > git for-each-ref --format=%(refname)%00%(upstream:short)%00%(objectname)%00%(upstream:track)%00%(upstream:remotename)%00%(upstream:remoteref) refs/heads/main refs/remotes/main [2ms]
2024-03-08 06:08:20.513 [info] > git status -z -uall [28ms]
2024-03-08 06:08:25.529 [info] > git config --get commit.template [7ms]
2024-03-08 06:08:25.530 [info] > git for-each-ref --format=%(refname)%00%(upstream:short)%00%(objectname)%00%(upstream:track)%00%(upstream:remotename)%00%(upstream:remoteref) refs/heads/main refs/remotes/main [2ms]
2024-03-08 06:08:25.563 [info] > git status -z -uall [28ms]
2024-03-08 06:08:30.578 [info] > git config --get commit.template [6ms]
2024-03-08 06:08:30.578 [info] > git for-each-ref --format=%(refname)%00%(upstream:short)%00%(objectname)%00%(upstream:track)%00%(upstream:remotename)%00%(upstream:remoteref) refs/heads/main refs/remotes/main [1ms]
2024-03-08 06:08:30.610 [info] > git status -z -uall [27ms]
2024-03-08 06:08:35.627 [info] > git config --get commit.template [7ms]
2024-03-08 06:08:35.628 [info] > git for-each-ref --format=%(refname)%00%(upstream:short)%00%(objectname)%00%(upstream:track)%00%(upstream:remotename)%00%(upstream:remoteref) refs/heads/main refs/remotes/main [1ms]
2024-03-08 06:08:35.659 [info] > git status -z -uall [26ms]
2024-03-08 06:08:40.725 [info] > git config --get commit.template [6ms]
2024-03-08 06:08:40.726 [info] > git for-each-ref --format=%(refname)%00%(upstream:short)%00%(objectname)%00%(upstream:track)%00%(upstream:remotename)%00%(upstream:remoteref) refs/heads/main refs/remotes/main [2ms]
2024-03-08 06:08:40.758 [info] > git status -z -uall [27ms]
2024-03-08 06:08:45.775 [info] > git config --get commit.template [7ms]
2024-03-08 06:08:45.776 [info] > git for-each-ref --format=%(refname)%00%(upstream:short)%00%(objectname)%00%(upstream:track)%00%(upstream:remotename)%00%(upstream:remoteref) refs/heads/main refs/remotes/main [2ms]
2024-03-08 06:08:45.809 [info] > git status -z -uall [28ms]
2024-03-08 06:08:50.825 [info] > git config --get commit.template [6ms]
2024-03-08 06:08:50.826 [info] > git for-each-ref --format=%(refname)%00%(upstream:short)%00%(objectname)%00%(upstream:track)%00%(upstream:remotename)%00%(upstream:remoteref) refs/heads/main refs/remotes/main [1ms]
2024-03-08 06:08:50.857 [info] > git status -z -uall [26ms]
2024-03-08 06:08:55.872 [info] > git config --get commit.template [6ms]
2024-03-08 06:08:55.873 [info] > git for-each-ref --format=%(refname)%00%(upstream:short)%00%(objectname)%00%(upstream:track)%00%(upstream:remotename)%00%(upstream:remoteref) refs/heads/main refs/remotes/main [1ms]
2024-03-08 06:08:55.906 [info] > git status -z -uall [27ms]
2024-03-08 06:09:00.923 [info] > git config --get commit.template [6ms]
2024-03-08 06:09:00.923 [info] > git for-each-ref --format=%(refname)%00%(upstream:short)%00%(objectname)%00%(upstream:track)%00%(upstream:remotename)%00%(upstream:remoteref) refs/heads/main refs/remotes/main [1ms]
2024-03-08 06:09:00.957 [info] > git status -z -uall [28ms]
2024-03-08 06:09:05.972 [info] > git config --get commit.template [6ms]
2024-03-08 06:09:05.973 [info] > git for-each-ref --format=%(refname)%00%(upstream:short)%00%(objectname)%00%(upstream:track)%00%(upstream:remotename)%00%(upstream:remoteref) refs/heads/main refs/remotes/main [2ms]
2024-03-08 06:09:06.006 [info] > git status -z -uall [28ms]
2024-03-08 06:09:11.022 [info] > git config --get commit.template [6ms]
2024-03-08 06:09:11.023 [info] > git for-each-ref --format=%(refname)%00%(upstream:short)%00%(objectname)%00%(upstream:track)%00%(upstream:remotename)%00%(upstream:remoteref) refs/heads/main refs/remotes/main [2ms]
2024-03-08 06:09:11.054 [info] > git status -z -uall [26ms]
2024-03-08 06:09:16.070 [info] > git config --get commit.template [6ms]
2024-03-08 06:09:16.070 [info] > git for-each-ref --format=%(refname)%00%(upstream:short)%00%(objectname)%00%(upstream:track)%00%(upstream:remotename)%00%(upstream:remoteref) refs/heads/main refs/remotes/main [1ms]
2024-03-08 06:09:16.102 [info] > git status -z -uall [27ms]
2024-03-08 06:09:21.118 [info] > git config --get commit.template [6ms]
2024-03-08 06:09:21.118 [info] > git for-each-ref --format=%(refname)%00%(upstream:short)%00%(objectname)%00%(upstream:track)%00%(upstream:remotename)%00%(upstream:remoteref) refs/heads/main refs/remotes/main [1ms]
2024-03-08 06:09:21.150 [info] > git status -z -uall [27ms]
2024-03-08 06:09:26.167 [info] > git config --get commit.template [6ms]
2024-03-08 06:09:26.167 [info] > git for-each-ref --format=%(refname)%00%(upstream:short)%00%(objectname)%00%(upstream:track)%00%(upstream:remotename)%00%(upstream:remoteref) refs/heads/main refs/remotes/main [1ms]
2024-03-08 06:09:26.199 [info] > git status -z -uall [27ms]
2024-03-08 06:09:26.860 [info] > git check-ignore -v -z --stdin [1ms]
2024-03-08 06:09:31.216 [info] > git config --get commit.template [6ms]
2024-03-08 06:09:31.217 [info] > git for-each-ref --format=%(refname)%00%(upstream:short)%00%(objectname)%00%(upstream:track)%00%(upstream:remotename)%00%(upstream:remoteref) refs/heads/main refs/remotes/main [1ms]
2024-03-08 06:09:31.248 [info] > git status -z -uall [26ms]
2024-03-08 06:09:36.264 [info] > git config --get commit.template [6ms]
2024-03-08 06:09:36.265 [info] > git for-each-ref --format=%(refname)%00%(upstream:short)%00%(objectname)%00%(upstream:track)%00%(upstream:remotename)%00%(upstream:remoteref) refs/heads/main refs/remotes/main [1ms]
2024-03-08 06:09:36.297 [info] > git status -z -uall [27ms]
2024-03-08 06:09:41.311 [info] > git config --get commit.template [5ms]
2024-03-08 06:09:41.312 [info] > git for-each-ref --format=%(refname)%00%(upstream:short)%00%(objectname)%00%(upstream:track)%00%(upstream:remotename)%00%(upstream:remoteref) refs/heads/main refs/remotes/main [2ms]
2024-03-08 06:09:41.344 [info] > git status -z -uall [26ms]
2024-03-08 06:09:46.359 [info] > git config --get commit.template [7ms]
2024-03-08 06:09:46.360 [info] > git for-each-ref --format=%(refname)%00%(upstream:short)%00%(objectname)%00%(upstream:track)%00%(upstream:remotename)%00%(upstream:remoteref) refs/heads/main refs/remotes/main [2ms]
2024-03-08 06:09:46.391 [info] > git status -z -uall [26ms]
2024-03-08 06:09:51.405 [info] > git config --get commit.template [6ms]
2024-03-08 06:09:51.406 [info] > git for-each-ref --format=%(refname)%00%(upstream:short)%00%(objectname)%00%(upstream:track)%00%(upstream:remotename)%00%(upstream:remoteref) refs/heads/main refs/remotes/main [2ms]
2024-03-08 06:09:51.438 [info] > git status -z -uall [26ms]
2024-03-08 06:09:56.454 [info] > git config --get commit.template [6ms]
2024-03-08 06:09:56.454 [info] > git for-each-ref --format=%(refname)%00%(upstream:short)%00%(objectname)%00%(upstream:track)%00%(upstream:remotename)%00%(upstream:remoteref) refs/heads/main refs/remotes/main [1ms]
2024-03-08 06:09:56.486 [info] > git status -z -uall [27ms]
2024-03-08 06:10:01.503 [info] > git config --get commit.template [7ms]
2024-03-08 06:10:01.504 [info] > git for-each-ref --format=%(refname)%00%(upstream:short)%00%(objectname)%00%(upstream:track)%00%(upstream:remotename)%00%(upstream:remoteref) refs/heads/main refs/remotes/main [2ms]
2024-03-08 06:10:01.535 [info] > git status -z -uall [26ms]
2024-03-08 06:10:06.551 [info] > git for-each-ref --format=%(refname)%00%(upstream:short)%00%(objectname)%00%(upstream:track)%00%(upstream:remotename)%00%(upstream:remoteref) refs/heads/main refs/remotes/main [1ms]
2024-03-08 06:10:06.552 [info] > git config --get commit.template [8ms]
2024-03-08 06:10:06.584 [info] > git status -z -uall [26ms]
2024-03-08 06:10:11.600 [info] > git config --get commit.template [5ms]
2024-03-08 06:10:11.600 [info] > git for-each-ref --format=%(refname)%00%(upstream:short)%00%(objectname)%00%(upstream:track)%00%(upstream:remotename)%00%(upstream:remoteref) refs/heads/main refs/remotes/main [1ms]
2024-03-08 06:10:11.632 [info] > git status -z -uall [27ms]
2024-03-08 06:10:16.650 [info] > git config --get commit.template [7ms]
2024-03-08 06:10:16.651 [info] > git for-each-ref --format=%(refname)%00%(upstream:short)%00%(objectname)%00%(upstream:track)%00%(upstream:remotename)%00%(upstream:remoteref) refs/heads/main refs/remotes/main [2ms]
2024-03-08 06:10:16.683 [info] > git status -z -uall [27ms]
2024-03-08 06:10:21.700 [info] > git config --get commit.template [7ms]
2024-03-08 06:10:21.700 [info] > git for-each-ref --format=%(refname)%00%(upstream:short)%00%(objectname)%00%(upstream:track)%00%(upstream:remotename)%00%(upstream:remoteref) refs/heads/main refs/remotes/main [2ms]
2024-03-08 06:10:21.732 [info] > git status -z -uall [27ms]
2024-03-08 06:10:26.747 [info] > git config --get commit.template [5ms]
2024-03-08 06:10:26.748 [info] > git for-each-ref --format=%(refname)%00%(upstream:short)%00%(objectname)%00%(upstream:track)%00%(upstream:remotename)%00%(upstream:remoteref) refs/heads/main refs/remotes/main [1ms]
2024-03-08 06:10:26.781 [info] > git status -z -uall [27ms]
2024-03-08 06:10:31.797 [info] > git config --get commit.template [6ms]
2024-03-08 06:10:31.798 [info] > git for-each-ref --format=%(refname)%00%(upstream:short)%00%(objectname)%00%(upstream:track)%00%(upstream:remotename)%00%(upstream:remoteref) refs/heads/main refs/remotes/main [2ms]
2024-03-08 06:10:31.830 [info] > git status -z -uall [27ms]
2024-03-08 06:10:36.847 [info] > git config --get commit.template [6ms]
2024-03-08 06:10:36.848 [info] > git for-each-ref --format=%(refname)%00%(upstream:short)%00%(objectname)%00%(upstream:track)%00%(upstream:remotename)%00%(upstream:remoteref) refs/heads/main refs/remotes/main [2ms]
2024-03-08 06:10:36.902 [info] > git status -z -uall [48ms]
2024-03-08 06:10:41.918 [info] > git config --get commit.template [6ms]
2024-03-08 06:10:41.918 [info] > git for-each-ref --format=%(refname)%00%(upstream:short)%00%(objectname)%00%(upstream:track)%00%(upstream:remotename)%00%(upstream:remoteref) refs/heads/main refs/remotes/main [1ms]
2024-03-08 06:10:41.950 [info] > git status -z -uall [27ms]
2024-03-08 06:10:46.965 [info] > git config --get commit.template [6ms]
2024-03-08 06:10:46.966 [info] > git for-each-ref --format=%(refname)%00%(upstream:short)%00%(objectname)%00%(upstream:track)%00%(upstream:remotename)%00%(upstream:remoteref) refs/heads/main refs/remotes/main [2ms]
2024-03-08 06:10:46.999 [info] > git status -z -uall [27ms]
2024-03-08 06:10:52.013 [info] > git config --get commit.template [6ms]
2024-03-08 06:10:52.014 [info] > git for-each-ref --format=%(refname)%00%(upstream:short)%00%(objectname)%00%(upstream:track)%00%(upstream:remotename)%00%(upstream:remoteref) refs/heads/main refs/remotes/main [1ms]
2024-03-08 06:10:52.046 [info] > git status -z -uall [27ms]
2024-03-08 06:10:57.063 [info] > git config --get commit.template [6ms]
2024-03-08 06:10:57.064 [info] > git for-each-ref --format=%(refname)%00%(upstream:short)%00%(objectname)%00%(upstream:track)%00%(upstream:remotename)%00%(upstream:remoteref) refs/heads/main refs/remotes/main [1ms]
2024-03-08 06:10:57.097 [info] > git status -z -uall [27ms]
2024-03-08 06:11:02.108 [info] > git config --get commit.template [1ms]
2024-03-08 06:11:02.115 [info] > git for-each-ref --format=%(refname)%00%(upstream:short)%00%(objectname)%00%(upstream:track)%00%(upstream:remotename)%00%(upstream:remoteref) refs/heads/main refs/remotes/main [2ms]
2024-03-08 06:11:02.146 [info] > git status -z -uall [26ms]
2024-03-08 06:11:07.162 [info] > git config --get commit.template [6ms]
2024-03-08 06:11:07.163 [info] > git for-each-ref --format=%(refname)%00%(upstream:short)%00%(objectname)%00%(upstream:track)%00%(upstream:remotename)%00%(upstream:remoteref) refs/heads/main refs/remotes/main [2ms]
2024-03-08 06:11:07.193 [info] > git status -z -uall [25ms]
2024-03-08 06:11:12.209 [info] > git config --get commit.template [5ms]
2024-03-08 06:11:12.210 [info] > git for-each-ref --format=%(refname)%00%(upstream:short)%00%(objectname)%00%(upstream:track)%00%(upstream:remotename)%00%(upstream:remoteref) refs/heads/main refs/remotes/main [1ms]
2024-03-08 06:11:12.242 [info] > git status -z -uall [27ms]
2024-03-08 06:11:17.253 [info] > git config --get commit.template [0ms]
2024-03-08 06:11:17.260 [info] > git for-each-ref --format=%(refname)%00%(upstream:short)%00%(objectname)%00%(upstream:track)%00%(upstream:remotename)%00%(upstream:remoteref) refs/heads/main refs/remotes/main [1ms]
2024-03-08 06:11:17.293 [info] > git status -z -uall [27ms]
2024-03-08 06:11:22.308 [info] > git config --get commit.template [5ms]
2024-03-08 06:11:22.308 [info] > git for-each-ref --format=%(refname)%00%(upstream:short)%00%(objectname)%00%(upstream:track)%00%(upstream:remotename)%00%(upstream:remoteref) refs/heads/main refs/remotes/main [1ms]
2024-03-08 06:11:22.340 [info] > git status -z -uall [27ms]
2024-03-08 06:11:27.355 [info] > git config --get commit.template [5ms]
2024-03-08 06:11:27.355 [info] > git for-each-ref --format=%(refname)%00%(upstream:short)%00%(objectname)%00%(upstream:track)%00%(upstream:remotename)%00%(upstream:remoteref) refs/heads/main refs/remotes/main [1ms]
2024-03-08 06:11:27.387 [info] > git status -z -uall [27ms]
2024-03-08 06:11:32.403 [info] > git config --get commit.template [6ms]
2024-03-08 06:11:32.404 [info] > git for-each-ref --format=%(refname)%00%(upstream:short)%00%(objectname)%00%(upstream:track)%00%(upstream:remotename)%00%(upstream:remoteref) refs/heads/main refs/remotes/main [2ms]
2024-03-08 06:11:32.436 [info] > git status -z -uall [27ms]
2024-03-08 06:11:37.452 [info] > git config --get commit.template [6ms]
2024-03-08 06:11:37.453 [info] > git for-each-ref --format=%(refname)%00%(upstream:short)%00%(objectname)%00%(upstream:track)%00%(upstream:remotename)%00%(upstream:remoteref) refs/heads/main refs/remotes/main [2ms]
2024-03-08 06:11:37.485 [info] > git status -z -uall [27ms]
2024-03-08 06:11:42.501 [info] > git config --get commit.template [6ms]
2024-03-08 06:11:42.502 [info] > git for-each-ref --format=%(refname)%00%(upstream:short)%00%(objectname)%00%(upstream:track)%00%(upstream:remotename)%00%(upstream:remoteref) refs/heads/main refs/remotes/main [2ms]
2024-03-08 06:11:42.535 [info] > git status -z -uall [28ms]
2024-03-08 06:11:47.551 [info] > git config --get commit.template [6ms]
2024-03-08 06:11:47.552 [info] > git for-each-ref --format=%(refname)%00%(upstream:short)%00%(objectname)%00%(upstream:track)%00%(upstream:remotename)%00%(upstream:remoteref) refs/heads/main refs/remotes/main [2ms]
2024-03-08 06:11:47.585 [info] > git status -z -uall [28ms]
2024-03-08 06:11:52.601 [info] > git config --get commit.template [6ms]
2024-03-08 06:11:52.602 [info] > git for-each-ref --format=%(refname)%00%(upstream:short)%00%(objectname)%00%(upstream:track)%00%(upstream:remotename)%00%(upstream:remoteref) refs/heads/main refs/remotes/main [1ms]
2024-03-08 06:11:52.634 [info] > git status -z -uall [27ms]
2024-03-08 06:12:52.462 [info] > git config --get commit.template [6ms]
2024-03-08 06:12:52.463 [info] > git for-each-ref --format=%(refname)%00%(upstream:short)%00%(objectname)%00%(upstream:track)%00%(upstream:remotename)%00%(upstream:remoteref) refs/heads/main refs/remotes/main [1ms]
2024-03-08 06:12:52.494 [info] > git status -z -uall [26ms]
2024-03-08 06:12:57.509 [info] > git config --get commit.template [6ms]
2024-03-08 06:12:57.510 [info] > git for-each-ref --format=%(refname)%00%(upstream:short)%00%(objectname)%00%(upstream:track)%00%(upstream:remotename)%00%(upstream:remoteref) refs/heads/main refs/remotes/main [1ms]
2024-03-08 06:12:57.542 [info] > git status -z -uall [27ms]
2024-03-08 06:13:02.558 [info] > git config --get commit.template [6ms]
2024-03-08 06:13:02.558 [info] > git for-each-ref --format=%(refname)%00%(upstream:short)%00%(objectname)%00%(upstream:track)%00%(upstream:remotename)%00%(upstream:remoteref) refs/heads/main refs/remotes/main [1ms]
2024-03-08 06:13:02.593 [info] > git status -z -uall [27ms]
2024-03-08 06:13:07.608 [info] > git config --get commit.template [6ms]
2024-03-08 06:13:07.609 [info] > git for-each-ref --format=%(refname)%00%(upstream:short)%00%(objectname)%00%(upstream:track)%00%(upstream:remotename)%00%(upstream:remoteref) refs/heads/main refs/remotes/main [1ms]
2024-03-08 06:13:07.641 [info] > git status -z -uall [27ms]
2024-03-08 06:13:12.656 [info] > git config --get commit.template [5ms]
2024-03-08 06:13:12.656 [info] > git for-each-ref --format=%(refname)%00%(upstream:short)%00%(objectname)%00%(upstream:track)%00%(upstream:remotename)%00%(upstream:remoteref) refs/heads/main refs/remotes/main [1ms]
2024-03-08 06:13:12.688 [info] > git status -z -uall [27ms]
2024-03-08 06:13:17.703 [info] > git config --get commit.template [6ms]
2024-03-08 06:13:17.703 [info] > git for-each-ref --format=%(refname)%00%(upstream:short)%00%(objectname)%00%(upstream:track)%00%(upstream:remotename)%00%(upstream:remoteref) refs/heads/main refs/remotes/main [1ms]
2024-03-08 06:13:17.737 [info] > git status -z -uall [28ms]
2024-03-08 06:13:22.752 [info] > git config --get commit.template [6ms]
2024-03-08 06:13:22.753 [info] > git for-each-ref --format=%(refname)%00%(upstream:short)%00%(objectname)%00%(upstream:track)%00%(upstream:remotename)%00%(upstream:remoteref) refs/heads/main refs/remotes/main [2ms]
2024-03-08 06:13:22.785 [info] > git status -z -uall [27ms]
2024-03-08 06:13:31.708 [info] > git config --get commit.template [6ms]
2024-03-08 06:13:31.709 [info] > git for-each-ref --format=%(refname)%00%(upstream:short)%00%(objectname)%00%(upstream:track)%00%(upstream:remotename)%00%(upstream:remoteref) refs/heads/main refs/remotes/main [2ms]
2024-03-08 06:13:31.742 [info] > git status -z -uall [28ms]
2024-03-08 06:13:36.759 [info] > git config --get commit.template [7ms]
2024-03-08 06:13:36.760 [info] > git for-each-ref --format=%(refname)%00%(upstream:short)%00%(objectname)%00%(upstream:track)%00%(upstream:remotename)%00%(upstream:remoteref) refs/heads/main refs/remotes/main [3ms]
2024-03-08 06:13:36.793 [info] > git status -z -uall [28ms]
2024-03-08 06:13:49.566 [info] > git config --get commit.template [1ms]
2024-03-08 06:13:49.572 [info] > git for-each-ref --format=%(refname)%00%(upstream:short)%00%(objectname)%00%(upstream:track)%00%(upstream:remotename)%00%(upstream:remoteref) refs/heads/main refs/remotes/main [1ms]
2024-03-08 06:13:49.604 [info] > git status -z -uall [27ms]
2024-03-08 06:14:26.762 [info] > git config --get commit.template [6ms]
2024-03-08 06:14:26.763 [info] > git for-each-ref --format=%(refname)%00%(upstream:short)%00%(objectname)%00%(upstream:track)%00%(upstream:remotename)%00%(upstream:remoteref) refs/heads/main refs/remotes/main [2ms]
2024-03-08 06:14:26.795 [info] > git status -z -uall [27ms]
2024-03-08 06:14:31.806 [info] > git config --get commit.template [2ms]
2024-03-08 06:14:31.812 [info] > git for-each-ref --format=%(refname)%00%(upstream:short)%00%(objectname)%00%(upstream:track)%00%(upstream:remotename)%00%(upstream:remoteref) refs/heads/main refs/remotes/main [1ms]
2024-03-08 06:14:31.844 [info] > git status -z -uall [27ms]
2024-03-08 06:14:36.859 [info] > git config --get commit.template [6ms]
2024-03-08 06:14:36.860 [info] > git for-each-ref --format=%(refname)%00%(upstream:short)%00%(objectname)%00%(upstream:track)%00%(upstream:remotename)%00%(upstream:remoteref) refs/heads/main refs/remotes/main [2ms]
2024-03-08 06:14:36.893 [info] > git status -z -uall [28ms]
2024-03-08 06:14:41.910 [info] > git config --get commit.template [6ms]
2024-03-08 06:14:41.910 [info] > git for-each-ref --format=%(refname)%00%(upstream:short)%00%(objectname)%00%(upstream:track)%00%(upstream:remotename)%00%(upstream:remoteref) refs/heads/main refs/remotes/main [1ms]
2024-03-08 06:14:41.942 [info] > git status -z -uall [27ms]
2024-03-08 06:14:46.958 [info] > git config --get commit.template [6ms]
2024-03-08 06:14:46.959 [info] > git for-each-ref --format=%(refname)%00%(upstream:short)%00%(objectname)%00%(upstream:track)%00%(upstream:remotename)%00%(upstream:remoteref) refs/heads/main refs/remotes/main [1ms]
2024-03-08 06:14:46.991 [info] > git status -z -uall [27ms]
2024-03-08 06:14:52.007 [info] > git config --get commit.template [5ms]
2024-03-08 06:14:52.007 [info] > git for-each-ref --format=%(refname)%00%(upstream:short)%00%(objectname)%00%(upstream:track)%00%(upstream:remotename)%00%(upstream:remoteref) refs/heads/main refs/remotes/main [1ms]
2024-03-08 06:14:52.039 [info] > git status -z -uall [27ms]
2024-03-08 06:14:57.056 [info] > git config --get commit.template [6ms]
2024-03-08 06:14:57.056 [info] > git for-each-ref --format=%(refname)%00%(upstream:short)%00%(objectname)%00%(upstream:track)%00%(upstream:remotename)%00%(upstream:remoteref) refs/heads/main refs/remotes/main [1ms]
2024-03-08 06:14:57.089 [info] > git status -z -uall [27ms]
2024-03-08 06:15:02.105 [info] > git config --get commit.template [6ms]
2024-03-08 06:15:02.106 [info] > git for-each-ref --format=%(refname)%00%(upstream:short)%00%(objectname)%00%(upstream:track)%00%(upstream:remotename)%00%(upstream:remoteref) refs/heads/main refs/remotes/main [2ms]
2024-03-08 06:15:02.139 [info] > git status -z -uall [28ms]
2024-03-08 06:15:07.155 [info] > git config --get commit.template [6ms]
2024-03-08 06:15:07.155 [info] > git for-each-ref --format=%(refname)%00%(upstream:short)%00%(objectname)%00%(upstream:track)%00%(upstream:remotename)%00%(upstream:remoteref) refs/heads/main refs/remotes/main [1ms]
2024-03-08 06:15:07.187 [info] > git status -z -uall [27ms]
2024-03-08 06:15:12.204 [info] > git config --get commit.template [7ms]
2024-03-08 06:15:12.204 [info] > git for-each-ref --format=%(refname)%00%(upstream:short)%00%(objectname)%00%(upstream:track)%00%(upstream:remotename)%00%(upstream:remoteref) refs/heads/main refs/remotes/main [2ms]
2024-03-08 06:15:12.235 [info] > git status -z -uall [26ms]
2024-03-08 06:15:17.251 [info] > git config --get commit.template [6ms]
2024-03-08 06:15:17.252 [info] > git for-each-ref --format=%(refname)%00%(upstream:short)%00%(objectname)%00%(upstream:track)%00%(upstream:remotename)%00%(upstream:remoteref) refs/heads/main refs/remotes/main [2ms]
2024-03-08 06:15:17.283 [info] > git status -z -uall [26ms]
2024-03-08 06:15:37.884 [info] > git config --get commit.template [6ms]
2024-03-08 06:15:37.885 [info] > git for-each-ref --format=%(refname)%00%(upstream:short)%00%(objectname)%00%(upstream:track)%00%(upstream:remotename)%00%(upstream:remoteref) refs/heads/main refs/remotes/main [2ms]
2024-03-08 06:15:37.917 [info] > git status -z -uall [27ms]
2024-03-08 06:15:42.934 [info] > git config --get commit.template [6ms]
2024-03-08 06:15:42.934 [info] > git for-each-ref --format=%(refname)%00%(upstream:short)%00%(objectname)%00%(upstream:track)%00%(upstream:remotename)%00%(upstream:remoteref) refs/heads/main refs/remotes/main [1ms]
2024-03-08 06:15:42.967 [info] > git status -z -uall [27ms]
2024-03-08 06:15:47.012 [info] > git show --textconv :Lab4/Lyrics/rich_men_north_of_richmond [6ms]
2024-03-08 06:15:47.013 [info] > git ls-files --stage -- /home/student/ENGR212_Abdullah_Abdulaziz/Lab4/Lyrics/rich_men_north_of_richmond [2ms]
2024-03-08 06:15:47.984 [info] > git config --get commit.template [6ms]
2024-03-08 06:15:47.985 [info] > git for-each-ref --format=%(refname)%00%(upstream:short)%00%(objectname)%00%(upstream:track)%00%(upstream:remotename)%00%(upstream:remoteref) refs/heads/main refs/remotes/main [1ms]
2024-03-08 06:15:48.017 [info] > git status -z -uall [27ms]
2024-03-08 06:15:48.498 [info] > git show --textconv :Lab3/Lab3.txt [6ms]
2024-03-08 06:15:48.499 [info] > git ls-files --stage -- /home/student/ENGR212_Abdullah_Abdulaziz/Lab3/Lab3.txt [2ms]
2024-03-08 06:15:49.082 [info] > git show --textconv :Lab4/Lyrics/rich_men_north_of_richmond [8ms]
2024-03-08 06:15:49.083 [info] > git ls-files --stage -- /home/student/ENGR212_Abdullah_Abdulaziz/Lab4/Lyrics/rich_men_north_of_richmond [2ms]
2024-03-08 06:15:53.033 [info] > git config --get commit.template [6ms]
2024-03-08 06:15:53.033 [info] > git for-each-ref --format=%(refname)%00%(upstream:short)%00%(objectname)%00%(upstream:track)%00%(upstream:remotename)%00%(upstream:remoteref) refs/heads/main refs/remotes/main [1ms]
2024-03-08 06:15:53.066 [info] > git status -z -uall [28ms]
2024-03-08 06:15:54.241 [info] > git show --textconv :Lab3/Lab3.txt [6ms]
2024-03-08 06:15:54.242 [info] > git ls-files --stage -- /home/student/ENGR212_Abdullah_Abdulaziz/Lab3/Lab3.txt [2ms]
2024-03-08 06:15:55.603 [info] > git show --textconv :Lab3/Lab3.txt [6ms]
2024-03-08 06:15:55.604 [info] > git ls-files --stage -- /home/student/ENGR212_Abdullah_Abdulaziz/Lab3/Lab3.txt [1ms]
2024-03-08 06:15:56.200 [info] > git show --textconv :Lab3/Lab3hardlink.txt [6ms]
2024-03-08 06:15:56.201 [info] > git ls-files --stage -- /home/student/ENGR212_Abdullah_Abdulaziz/Lab3/Lab3hardlink.txt [1ms]
2024-03-08 06:15:56.904 [info] > git show --textconv :Lab3/Lab3.txt [7ms]
2024-03-08 06:15:56.905 [info] > git ls-files --stage -- /home/student/ENGR212_Abdullah_Abdulaziz/Lab3/Lab3.txt [2ms]
2024-03-08 06:15:58.082 [info] > git config --get commit.template [7ms]
2024-03-08 06:15:58.083 [info] > git for-each-ref --format=%(refname)%00%(upstream:short)%00%(objectname)%00%(upstream:track)%00%(upstream:remotename)%00%(upstream:remoteref) refs/heads/main refs/remotes/main [2ms]
2024-03-08 06:15:58.116 [info] > git status -z -uall [28ms]
2024-03-08 06:16:03.132 [info] > git config --get commit.template [6ms]
2024-03-08 06:16:03.133 [info] > git for-each-ref --format=%(refname)%00%(upstream:short)%00%(objectname)%00%(upstream:track)%00%(upstream:remotename)%00%(upstream:remoteref) refs/heads/main refs/remotes/main [2ms]
2024-03-08 06:16:03.165 [info] > git status -z -uall [27ms]
2024-03-08 06:16:08.181 [info] > git config --get commit.template [6ms]
2024-03-08 06:16:08.182 [info] > git for-each-ref --format=%(refname)%00%(upstream:short)%00%(objectname)%00%(upstream:track)%00%(upstream:remotename)%00%(upstream:remoteref) refs/heads/main refs/remotes/main [1ms]
2024-03-08 06:16:08.214 [info] > git status -z -uall [27ms]
2024-03-08 06:16:13.230 [info] > git config --get commit.template [7ms]
2024-03-08 06:16:13.231 [info] > git for-each-ref --format=%(refname)%00%(upstream:short)%00%(objectname)%00%(upstream:track)%00%(upstream:remotename)%00%(upstream:remoteref) refs/heads/main refs/remotes/main [2ms]
2024-03-08 06:16:13.263 [info] > git status -z -uall [27ms]
2024-03-08 06:16:18.279 [info] > git config --get commit.template [6ms]
2024-03-08 06:16:18.281 [info] > git for-each-ref --format=%(refname)%00%(upstream:short)%00%(objectname)%00%(upstream:track)%00%(upstream:remotename)%00%(upstream:remoteref) refs/heads/main refs/remotes/main [3ms]
2024-03-08 06:16:18.313 [info] > git status -z -uall [27ms]
2024-03-08 06:16:23.329 [info] > git config --get commit.template [6ms]
2024-03-08 06:16:23.329 [info] > git for-each-ref --format=%(refname)%00%(upstream:short)%00%(objectname)%00%(upstream:track)%00%(upstream:remotename)%00%(upstream:remoteref) refs/heads/main refs/remotes/main [1ms]
2024-03-08 06:16:23.362 [info] > git status -z -uall [27ms]
2024-03-08 06:16:28.379 [info] > git config --get commit.template [6ms]
2024-03-08 06:16:28.380 [info] > git for-each-ref --format=%(refname)%00%(upstream:short)%00%(objectname)%00%(upstream:track)%00%(upstream:remotename)%00%(upstream:remoteref) refs/heads/main refs/remotes/main [1ms]
2024-03-08 06:16:28.413 [info] > git status -z -uall [27ms]
2024-03-08 06:16:33.424 [info] > git config --get commit.template [2ms]
2024-03-08 06:16:33.431 [info] > git for-each-ref --format=%(refname)%00%(upstream:short)%00%(objectname)%00%(upstream:track)%00%(upstream:remotename)%00%(upstream:remoteref) refs/heads/main refs/remotes/main [1ms]
2024-03-08 06:16:33.463 [info] > git status -z -uall [27ms]
2024-03-08 06:16:38.478 [info] > git config --get commit.template [6ms]
2024-03-08 06:16:38.479 [info] > git for-each-ref --format=%(refname)%00%(upstream:short)%00%(objectname)%00%(upstream:track)%00%(upstream:remotename)%00%(upstream:remoteref) refs/heads/main refs/remotes/main [2ms]
2024-03-08 06:16:38.512 [info] > git status -z -uall [28ms]
2024-03-08 06:16:43.529 [info] > git config --get commit.template [6ms]
2024-03-08 06:16:43.529 [info] > git for-each-ref --format=%(refname)%00%(upstream:short)%00%(objectname)%00%(upstream:track)%00%(upstream:remotename)%00%(upstream:remoteref) refs/heads/main refs/remotes/main [1ms]
2024-03-08 06:16:43.562 [info] > git status -z -uall [28ms]
2024-03-08 06:16:48.578 [info] > git config --get commit.template [6ms]
2024-03-08 06:16:48.578 [info] > git for-each-ref --format=%(refname)%00%(upstream:short)%00%(objectname)%00%(upstream:track)%00%(upstream:remotename)%00%(upstream:remoteref) refs/heads/main refs/remotes/main [1ms]
2024-03-08 06:16:48.611 [info] > git status -z -uall [27ms]
2024-03-08 06:16:53.626 [info] > git config --get commit.template [6ms]
2024-03-08 06:16:53.627 [info] > git for-each-ref --format=%(refname)%00%(upstream:short)%00%(objectname)%00%(upstream:track)%00%(upstream:remotename)%00%(upstream:remoteref) refs/heads/main refs/remotes/main [1ms]
2024-03-08 06:16:53.660 [info] > git status -z -uall [28ms]
2024-03-08 06:16:58.676 [info] > git config --get commit.template [7ms]
2024-03-08 06:16:58.676 [info] > git for-each-ref --format=%(refname)%00%(upstream:short)%00%(objectname)%00%(upstream:track)%00%(upstream:remotename)%00%(upstream:remoteref) refs/heads/main refs/remotes/main [1ms]
2024-03-08 06:16:58.710 [info] > git status -z -uall [28ms]
2024-03-08 06:17:03.726 [info] > git config --get commit.template [6ms]
2024-03-08 06:17:03.726 [info] > git for-each-ref --format=%(refname)%00%(upstream:short)%00%(objectname)%00%(upstream:track)%00%(upstream:remotename)%00%(upstream:remoteref) refs/heads/main refs/remotes/main [1ms]
2024-03-08 06:17:03.759 [info] > git status -z -uall [27ms]
2024-03-08 06:17:08.952 [info] > git config --get commit.template [6ms]
2024-03-08 06:17:08.953 [info] > git for-each-ref --format=%(refname)%00%(upstream:short)%00%(objectname)%00%(upstream:track)%00%(upstream:remotename)%00%(upstream:remoteref) refs/heads/main refs/remotes/main [2ms]
2024-03-08 06:17:08.986 [info] > git status -z -uall [27ms]
2024-03-08 06:17:14.002 [info] > git config --get commit.template [7ms]
2024-03-08 06:17:14.002 [info] > git for-each-ref --format=%(refname)%00%(upstream:short)%00%(objectname)%00%(upstream:track)%00%(upstream:remotename)%00%(upstream:remoteref) refs/heads/main refs/remotes/main [1ms]
2024-03-08 06:17:14.033 [info] > git status -z -uall [26ms]
2024-03-08 06:17:19.049 [info] > git config --get commit.template [6ms]
2024-03-08 06:17:19.050 [info] > git for-each-ref --format=%(refname)%00%(upstream:short)%00%(objectname)%00%(upstream:track)%00%(upstream:remotename)%00%(upstream:remoteref) refs/heads/main refs/remotes/main [1ms]
2024-03-08 06:17:19.082 [info] > git status -z -uall [26ms]
2024-03-08 06:17:24.098 [info] > git config --get commit.template [7ms]
2024-03-08 06:17:24.099 [info] > git for-each-ref --format=%(refname)%00%(upstream:short)%00%(objectname)%00%(upstream:track)%00%(upstream:remotename)%00%(upstream:remoteref) refs/heads/main refs/remotes/main [2ms]
2024-03-08 06:17:24.131 [info] > git status -z -uall [27ms]
2024-03-08 06:17:29.147 [info] > git config --get commit.template [6ms]
2024-03-08 06:17:29.148 [info] > git for-each-ref --format=%(refname)%00%(upstream:short)%00%(objectname)%00%(upstream:track)%00%(upstream:remotename)%00%(upstream:remoteref) refs/heads/main refs/remotes/main [1ms]
2024-03-08 06:17:29.179 [info] > git status -z -uall [27ms]
2024-03-08 06:17:34.195 [info] > git config --get commit.template [6ms]
2024-03-08 06:17:34.196 [info] > git for-each-ref --format=%(refname)%00%(upstream:short)%00%(objectname)%00%(upstream:track)%00%(upstream:remotename)%00%(upstream:remoteref) refs/heads/main refs/remotes/main [1ms]
2024-03-08 06:17:34.229 [info] > git status -z -uall [27ms]
2024-03-08 06:17:39.245 [info] > git config --get commit.template [6ms]
2024-03-08 06:17:39.246 [info] > git for-each-ref --format=%(refname)%00%(upstream:short)%00%(objectname)%00%(upstream:track)%00%(upstream:remotename)%00%(upstream:remoteref) refs/heads/main refs/remotes/main [1ms]
2024-03-08 06:17:39.278 [info] > git status -z -uall [27ms]
2024-03-08 06:17:44.294 [info] > git config --get commit.template [6ms]
2024-03-08 06:17:44.295 [info] > git for-each-ref --format=%(refname)%00%(upstream:short)%00%(objectname)%00%(upstream:track)%00%(upstream:remotename)%00%(upstream:remoteref) refs/heads/main refs/remotes/main [2ms]
2024-03-08 06:17:44.327 [info] > git status -z -uall [27ms]
2024-03-08 06:17:49.338 [info] > git config --get commit.template [1ms]
2024-03-08 06:17:49.345 [info] > git for-each-ref --format=%(refname)%00%(upstream:short)%00%(objectname)%00%(upstream:track)%00%(upstream:remotename)%00%(upstream:remoteref) refs/heads/main refs/remotes/main [1ms]
2024-03-08 06:17:49.378 [info] > git status -z -uall [28ms]
2024-03-08 06:17:54.394 [info] > git config --get commit.template [7ms]
2024-03-08 06:17:54.395 [info] > git for-each-ref --format=%(refname)%00%(upstream:short)%00%(objectname)%00%(upstream:track)%00%(upstream:remotename)%00%(upstream:remoteref) refs/heads/main refs/remotes/main [2ms]
2024-03-08 06:17:54.426 [info] > git status -z -uall [26ms]
2024-03-08 06:17:59.443 [info] > git config --get commit.template [6ms]
2024-03-08 06:17:59.444 [info] > git for-each-ref --format=%(refname)%00%(upstream:short)%00%(objectname)%00%(upstream:track)%00%(upstream:remotename)%00%(upstream:remoteref) refs/heads/main refs/remotes/main [1ms]
2024-03-08 06:17:59.477 [info] > git status -z -uall [28ms]
2024-03-08 06:18:04.492 [info] > git config --get commit.template [6ms]
2024-03-08 06:18:04.493 [info] > git for-each-ref --format=%(refname)%00%(upstream:short)%00%(objectname)%00%(upstream:track)%00%(upstream:remotename)%00%(upstream:remoteref) refs/heads/main refs/remotes/main [2ms]
2024-03-08 06:18:04.525 [info] > git status -z -uall [27ms]
2024-03-08 06:18:09.541 [info] > git config --get commit.template [6ms]
2024-03-08 06:18:09.541 [info] > git for-each-ref --format=%(refname)%00%(upstream:short)%00%(objectname)%00%(upstream:track)%00%(upstream:remotename)%00%(upstream:remoteref) refs/heads/main refs/remotes/main [1ms]
2024-03-08 06:18:09.573 [info] > git status -z -uall [27ms]
2024-03-08 06:18:29.241 [info] > git config --get commit.template [6ms]
2024-03-08 06:18:29.241 [info] > git for-each-ref --format=%(refname)%00%(upstream:short)%00%(objectname)%00%(upstream:track)%00%(upstream:remotename)%00%(upstream:remoteref) refs/heads/main refs/remotes/main [1ms]
2024-03-08 06:18:29.273 [info] > git status -z -uall [26ms]
2024-03-08 06:18:40.429 [info] > git config --get commit.template [6ms]
2024-03-08 06:18:40.430 [info] > git for-each-ref --format=%(refname)%00%(upstream:short)%00%(objectname)%00%(upstream:track)%00%(upstream:remotename)%00%(upstream:remoteref) refs/heads/main refs/remotes/main [2ms]
2024-03-08 06:18:40.462 [info] > git status -z -uall [27ms]
2024-03-08 06:18:45.477 [info] > git config --get commit.template [6ms]
2024-03-08 06:18:45.478 [info] > git for-each-ref --format=%(refname)%00%(upstream:short)%00%(objectname)%00%(upstream:track)%00%(upstream:remotename)%00%(upstream:remoteref) refs/heads/main refs/remotes/main [1ms]
2024-03-08 06:18:45.510 [info] > git status -z -uall [27ms]
2024-03-08 06:18:50.526 [info] > git config --get commit.template [7ms]
2024-03-08 06:18:50.527 [info] > git for-each-ref --format=%(refname)%00%(upstream:short)%00%(objectname)%00%(upstream:track)%00%(upstream:remotename)%00%(upstream:remoteref) refs/heads/main refs/remotes/main [2ms]
2024-03-08 06:18:50.557 [info] > git status -z -uall [25ms]
2024-03-08 06:18:50.846 [info] > git config --get commit.template [5ms]
2024-03-08 06:18:50.846 [info] > git for-each-ref --format=%(refname)%00%(upstream:short)%00%(objectname)%00%(upstream:track)%00%(upstream:remotename)%00%(upstream:remoteref) refs/heads/main refs/remotes/main [1ms]
2024-03-08 06:18:50.852 [info] > git status -z -uall [1ms]
2024-03-08 06:18:55.574 [info] > git config --get commit.template [6ms]
2024-03-08 06:18:55.574 [info] > git for-each-ref --format=%(refname)%00%(upstream:short)%00%(objectname)%00%(upstream:track)%00%(upstream:remotename)%00%(upstream:remoteref) refs/heads/main refs/remotes/main [2ms]
2024-03-08 06:18:55.607 [info] > git status -z -uall [28ms]
2024-03-08 06:19:00.622 [info] > git config --get commit.template [6ms]
2024-03-08 06:19:00.623 [info] > git for-each-ref --format=%(refname)%00%(upstream:short)%00%(objectname)%00%(upstream:track)%00%(upstream:remotename)%00%(upstream:remoteref) refs/heads/main refs/remotes/main [1ms]
2024-03-08 06:19:00.656 [info] > git status -z -uall [28ms]
2024-03-08 06:19:04.006 [info] > git config --get commit.template [7ms]
2024-03-08 06:19:04.006 [info] > git for-each-ref --format=%(refname)%00%(upstream:short)%00%(objectname)%00%(upstream:track)%00%(upstream:remotename)%00%(upstream:remoteref) refs/heads/main refs/remotes/main [1ms]
2024-03-08 06:19:04.014 [info] > git status -z -uall [2ms]
2024-03-08 06:19:05.671 [info] > git config --get commit.template [6ms]
2024-03-08 06:19:05.672 [info] > git for-each-ref --format=%(refname)%00%(upstream:short)%00%(objectname)%00%(upstream:track)%00%(upstream:remotename)%00%(upstream:remoteref) refs/heads/main refs/remotes/main [2ms]
2024-03-08 06:19:05.704 [info] > git status -z -uall [27ms]
2024-03-08 06:19:10.719 [info] > git config --get commit.template [6ms]
2024-03-08 06:19:10.720 [info] > git for-each-ref --format=%(refname)%00%(upstream:short)%00%(objectname)%00%(upstream:track)%00%(upstream:remotename)%00%(upstream:remoteref) refs/heads/main refs/remotes/main [2ms]
2024-03-08 06:19:10.751 [info] > git status -z -uall [26ms]
2024-03-08 06:19:15.767 [info] > git config --get commit.template [7ms]
2024-03-08 06:19:15.768 [info] > git for-each-ref --format=%(refname)%00%(upstream:short)%00%(objectname)%00%(upstream:track)%00%(upstream:remotename)%00%(upstream:remoteref) refs/heads/main refs/remotes/main [1ms]
2024-03-08 06:19:15.801 [info] > git status -z -uall [28ms]
2024-03-08 06:19:20.817 [info] > git config --get commit.template [6ms]
2024-03-08 06:19:20.818 [info] > git for-each-ref --format=%(refname)%00%(upstream:short)%00%(objectname)%00%(upstream:track)%00%(upstream:remotename)%00%(upstream:remoteref) refs/heads/main refs/remotes/main [2ms]
2024-03-08 06:19:20.850 [info] > git status -z -uall [27ms]
2024-03-08 06:19:25.865 [info] > git config --get commit.template [5ms]
2024-03-08 06:19:25.865 [info] > git for-each-ref --format=%(refname)%00%(upstream:short)%00%(objectname)%00%(upstream:track)%00%(upstream:remotename)%00%(upstream:remoteref) refs/heads/main refs/remotes/main [1ms]
2024-03-08 06:19:25.898 [info] > git status -z -uall [27ms]
2024-03-08 06:19:30.913 [info] > git config --get commit.template [6ms]
2024-03-08 06:19:30.914 [info] > git for-each-ref --format=%(refname)%00%(upstream:short)%00%(objectname)%00%(upstream:track)%00%(upstream:remotename)%00%(upstream:remoteref) refs/heads/main refs/remotes/main [1ms]
2024-03-08 06:19:30.945 [info] > git status -z -uall [25ms]
2024-03-08 06:19:35.961 [info] > git config --get commit.template [6ms]
2024-03-08 06:19:35.962 [info] > git for-each-ref --format=%(refname)%00%(upstream:short)%00%(objectname)%00%(upstream:track)%00%(upstream:remotename)%00%(upstream:remoteref) refs/heads/main refs/remotes/main [1ms]
2024-03-08 06:19:35.995 [info] > git status -z -uall [28ms]
2024-03-08 06:19:41.010 [info] > git config --get commit.template [6ms]
2024-03-08 06:19:41.011 [info] > git for-each-ref --format=%(refname)%00%(upstream:short)%00%(objectname)%00%(upstream:track)%00%(upstream:remotename)%00%(upstream:remoteref) refs/heads/main refs/remotes/main [1ms]
2024-03-08 06:19:41.043 [info] > git status -z -uall [27ms]
2024-03-08 06:19:46.056 [info] > git config --get commit.template [6ms]
2024-03-08 06:19:46.057 [info] > git for-each-ref --format=%(refname)%00%(upstream:short)%00%(objectname)%00%(upstream:track)%00%(upstream:remotename)%00%(upstream:remoteref) refs/heads/main refs/remotes/main [2ms]
2024-03-08 06:19:46.089 [info] > git status -z -uall [27ms]
2024-03-08 06:19:51.104 [info] > git config --get commit.template [6ms]
2024-03-08 06:19:51.105 [info] > git for-each-ref --format=%(refname)%00%(upstream:short)%00%(objectname)%00%(upstream:track)%00%(upstream:remotename)%00%(upstream:remoteref) refs/heads/main refs/remotes/main [1ms]
2024-03-08 06:19:51.137 [info] > git status -z -uall [27ms]
2024-03-08 06:19:56.153 [info] > git config --get commit.template [7ms]
2024-03-08 06:19:56.154 [info] > git for-each-ref --format=%(refname)%00%(upstream:short)%00%(objectname)%00%(upstream:track)%00%(upstream:remotename)%00%(upstream:remoteref) refs/heads/main refs/remotes/main [1ms]
2024-03-08 06:19:56.187 [info] > git status -z -uall [28ms]
2024-03-08 06:20:01.204 [info] > git config --get commit.template [6ms]
2024-03-08 06:20:01.205 [info] > git for-each-ref --format=%(refname)%00%(upstream:short)%00%(objectname)%00%(upstream:track)%00%(upstream:remotename)%00%(upstream:remoteref) refs/heads/main refs/remotes/main [2ms]
2024-03-08 06:20:01.238 [info] > git status -z -uall [28ms]
2024-03-08 06:20:06.255 [info] > git config --get commit.template [7ms]
2024-03-08 06:20:06.256 [info] > git for-each-ref --format=%(refname)%00%(upstream:short)%00%(objectname)%00%(upstream:track)%00%(upstream:remotename)%00%(upstream:remoteref) refs/heads/main refs/remotes/main [2ms]
2024-03-08 06:20:06.290 [info] > git status -z -uall [28ms]
2024-03-08 06:20:11.305 [info] > git config --get commit.template [6ms]
2024-03-08 06:20:11.305 [info] > git for-each-ref --format=%(refname)%00%(upstream:short)%00%(objectname)%00%(upstream:track)%00%(upstream:remotename)%00%(upstream:remoteref) refs/heads/main refs/remotes/main [1ms]
2024-03-08 06:20:11.338 [info] > git status -z -uall [27ms]
2024-03-08 06:20:16.355 [info] > git config --get commit.template [6ms]
2024-03-08 06:20:16.355 [info] > git for-each-ref --format=%(refname)%00%(upstream:short)%00%(objectname)%00%(upstream:track)%00%(upstream:remotename)%00%(upstream:remoteref) refs/heads/main refs/remotes/main [1ms]
2024-03-08 06:20:16.387 [info] > git status -z -uall [27ms]
2024-03-08 06:20:21.403 [info] > git config --get commit.template [6ms]
2024-03-08 06:20:21.403 [info] > git for-each-ref --format=%(refname)%00%(upstream:short)%00%(objectname)%00%(upstream:track)%00%(upstream:remotename)%00%(upstream:remoteref) refs/heads/main refs/remotes/main [1ms]
2024-03-08 06:20:21.437 [info] > git status -z -uall [28ms]
2024-03-08 06:20:26.453 [info] > git config --get commit.template [6ms]
2024-03-08 06:20:26.454 [info] > git for-each-ref --format=%(refname)%00%(upstream:short)%00%(objectname)%00%(upstream:track)%00%(upstream:remotename)%00%(upstream:remoteref) refs/heads/main refs/remotes/main [2ms]
2024-03-08 06:20:26.486 [info] > git status -z -uall [27ms]
2024-03-08 06:21:53.156 [info] > git config --get commit.template [6ms]
2024-03-08 06:21:53.157 [info] > git for-each-ref --format=%(refname)%00%(upstream:short)%00%(objectname)%00%(upstream:track)%00%(upstream:remotename)%00%(upstream:remoteref) refs/heads/main refs/remotes/main [1ms]
2024-03-08 06:21:53.188 [info] > git status -z -uall [26ms]
