2024-03-21 17:16:02.631 [info] Extension host with pid 1569 started
2024-03-21 17:16:02.647 [info] Lock '/home/student/.vscode-server/data/User/workspaceStorage/63e31fa26b97c3d038b73ad41de3ba4a/vscode.lock': Lock acquired.
2024-03-21 17:16:02.744 [info] ExtensionService#_doActivateExtension vscode.git-base, startup: true, activationEvent: '*', root cause: vscode.git
2024-03-21 17:16:02.836 [info] ExtensionService#_doActivateExtension vscode.git, startup: true, activationEvent: '*'
2024-03-21 17:16:02.836 [info] ExtensionService#_doActivateExtension vscode.github, startup: true, activationEvent: '*'
2024-03-21 17:16:03.330 [info] Eager extensions activated
2024-03-21 17:16:03.330 [info] ExtensionService#_doActivateExtension vscode.debug-auto-launch, startup: false, activationEvent: 'onStartupFinished'
2024-03-21 17:16:03.331 [info] ExtensionService#_doActivateExtension vscode.merge-conflict, startup: false, activationEvent: 'onStartupFinished'
2024-03-21 17:16:04.981 [warning] [Decorations] CAPPING events from decorations provider vscode.git 914
2024-03-21 17:16:05.034 [warning] [Decorations] CAPPING events from decorations provider vscode.git 914
2024-03-21 17:20:21.428 [warning] [Decorations] CAPPING events from decorations provider vscode.git 914
2024-03-21 17:21:52.744 [warning] [Decorations] CAPPING events from decorations provider vscode.git 915
2024-03-21 17:21:57.788 [warning] [Decorations] CAPPING events from decorations provider vscode.git 915
2024-03-21 17:22:11.012 [warning] [Decorations] CAPPING events from decorations provider vscode.git 915
2024-03-21 17:22:23.900 [warning] [Decorations] CAPPING events from decorations provider vscode.git 915
2024-03-21 17:22:47.042 [warning] [Decorations] CAPPING events from decorations provider vscode.git 915
2024-03-21 17:25:29.013 [warning] [Decorations] CAPPING events from decorations provider vscode.git 915
2024-03-21 17:27:01.079 [warning] [Decorations] CAPPING events from decorations provider vscode.git 915
2024-03-21 17:28:10.547 [warning] [Decorations] CAPPING events from decorations provider vscode.git 915
2024-03-21 17:30:48.884 [warning] [Decorations] CAPPING events from decorations provider vscode.git 915
2024-03-21 17:34:37.686 [warning] [Decorations] CAPPING events from decorations provider vscode.git 915
2024-03-21 17:35:00.831 [warning] [Decorations] CAPPING events from decorations provider vscode.git 915
2024-03-21 17:35:09.774 [warning] [Decorations] CAPPING events from decorations provider vscode.git 915
2024-03-21 17:35:25.944 [warning] [Decorations] CAPPING events from decorations provider vscode.git 915
2024-03-21 17:35:40.018 [warning] [Decorations] CAPPING events from decorations provider vscode.git 915
2024-03-21 17:38:08.230 [warning] [Decorations] CAPPING events from decorations provider vscode.git 915
2024-03-21 17:40:25.641 [warning] [Decorations] CAPPING events from decorations provider vscode.git 915
2024-03-21 17:45:38.144 [warning] [Decorations] CAPPING events from decorations provider vscode.git 916
2024-03-21 17:46:29.715 [info] ExtensionService#_doActivateExtension vscode.npm, startup: false, activationEvent: 'onTerminalQuickFixRequest:ms-vscode.npm-command'
2024-03-21 17:48:52.973 [warning] [Decorations] CAPPING events from decorations provider vscode.git 916
2024-03-21 17:48:59.976 [warning] [Decorations] CAPPING events from decorations provider vscode.git 916
2024-03-21 17:52:22.075 [warning] [Decorations] CAPPING events from decorations provider vscode.git 916
2024-03-21 17:53:31.909 [warning] [Decorations] CAPPING events from decorations provider vscode.git 916
2024-03-21 17:53:36.958 [warning] [Decorations] CAPPING events from decorations provider vscode.git 916
2024-03-21 18:00:32.140 [warning] [Decorations] CAPPING events from decorations provider vscode.git 916
2024-03-21 18:04:25.017 [warning] [Decorations] CAPPING events from decorations provider vscode.git 916
2024-03-21 18:04:30.059 [warning] [Decorations] CAPPING events from decorations provider vscode.git 916
2024-03-21 18:04:35.104 [warning] [Decorations] CAPPING events from decorations provider vscode.git 916
2024-03-21 18:05:06.738 [warning] [Decorations] CAPPING events from decorations provider vscode.git 916
2024-03-21 18:05:12.847 [warning] [Decorations] CAPPING events from decorations provider vscode.git 916
2024-03-21 18:09:17.664 [warning] [Decorations] CAPPING events from decorations provider vscode.git 916
2024-03-21 18:14:14.599 [info] ExtensionService#_doActivateExtension vscode.emmet, startup: false, activationEvent: 'onLanguage'
2024-03-21 18:18:41.696 [warning] [Decorations] CAPPING events from decorations provider vscode.git 916
2024-03-21 18:19:51.015 [warning] [Decorations] CAPPING events from decorations provider vscode.git 917
2024-03-21 18:19:56.060 [warning] [Decorations] CAPPING events from decorations provider vscode.git 917
2024-03-21 18:22:39.705 [warning] [Decorations] CAPPING events from decorations provider vscode.git 917
2024-03-21 18:22:44.748 [warning] [Decorations] CAPPING events from decorations provider vscode.git 917
2024-03-21 18:24:29.303 [warning] [Decorations] CAPPING events from decorations provider vscode.git 917
2024-03-21 18:24:34.354 [warning] [Decorations] CAPPING events from decorations provider vscode.git 917
2024-03-21 18:24:39.396 [warning] [Decorations] CAPPING events from decorations provider vscode.git 917
2024-03-21 18:27:33.929 [warning] [Decorations] CAPPING events from decorations provider vscode.git 917
2024-03-21 18:29:40.344 [warning] [Decorations] CAPPING events from decorations provider vscode.git 917
2024-03-21 18:31:23.035 [warning] [Decorations] CAPPING events from decorations provider vscode.git 917
2024-03-21 18:31:47.600 [warning] [Decorations] CAPPING events from decorations provider vscode.git 917
2024-03-21 18:31:55.276 [warning] [Decorations] CAPPING events from decorations provider vscode.git 917
2024-03-21 18:35:05.543 [warning] [Decorations] CAPPING events from decorations provider vscode.git 917
2024-03-21 18:35:33.924 [warning] [Decorations] CAPPING events from decorations provider vscode.git 917
2024-03-21 18:38:37.317 [warning] [Decorations] CAPPING events from decorations provider vscode.git 917
2024-03-21 18:38:49.139 [warning] [Decorations] CAPPING events from decorations provider vscode.git 917
2024-03-21 18:38:54.182 [warning] [Decorations] CAPPING events from decorations provider vscode.git 917
2024-03-21 18:39:30.569 [warning] [Decorations] CAPPING events from decorations provider vscode.git 917
2024-03-21 18:42:14.376 [warning] [Decorations] CAPPING events from decorations provider vscode.git 917
2024-03-21 18:49:08.328 [warning] [Decorations] CAPPING events from decorations provider vscode.git 917
2024-03-21 18:51:05.168 [warning] [Decorations] CAPPING events from decorations provider vscode.git 917
2024-03-21 18:51:31.570 [warning] [Decorations] CAPPING events from decorations provider vscode.git 918
2024-03-21 18:51:36.613 [warning] [Decorations] CAPPING events from decorations provider vscode.git 918
2024-03-21 18:53:51.964 [warning] [Decorations] CAPPING events from decorations provider vscode.git 918
2024-03-21 18:53:58.221 [warning] [Decorations] CAPPING events from decorations provider vscode.git 918
2024-03-21 18:54:29.811 [warning] [Decorations] CAPPING events from decorations provider vscode.git 918
2024-03-21 18:54:37.993 [warning] [Decorations] CAPPING events from decorations provider vscode.git 918
2024-03-21 18:54:50.213 [warning] [Decorations] CAPPING events from decorations provider vscode.git 918
2024-03-21 18:55:03.714 [warning] [Decorations] CAPPING events from decorations provider vscode.git 918
2024-03-21 18:55:24.374 [warning] [Decorations] CAPPING events from decorations provider vscode.git 918
2024-03-21 19:00:30.546 [warning] [Decorations] CAPPING events from decorations provider vscode.git 917
2024-03-21 19:00:46.366 [warning] [Decorations] CAPPING events from decorations provider vscode.git 917
