2024-04-10 01:12:19.710 [info] Log level: Info
2024-04-10 01:12:19.711 [info] Validating found git in: "git"
2024-04-10 01:12:19.711 [info] Using git "2.34.1" from "git"
2024-04-10 01:12:19.749 [info] > git rev-parse --show-toplevel [46ms]
2024-04-10 01:12:19.755 [info] > git rev-parse --git-dir --git-common-dir [1ms]
2024-04-10 01:12:19.766 [info] Open repository: /home/student
2024-04-10 01:12:19.783 [info] > git config --get commit.template [10ms]
2024-04-10 01:12:19.784 [info] > git rev-parse --show-toplevel [7ms]
2024-04-10 01:12:19.789 [info] > git rev-parse --show-toplevel [0ms]
2024-04-10 01:12:19.819 [info] > git rev-parse --show-toplevel [27ms]
2024-04-10 01:12:19.826 [info] > git for-each-ref --format=%(refname)%00%(upstream:short)%00%(objectname)%00%(upstream:track)%00%(upstream:remotename)%00%(upstream:remoteref) refs/heads/main refs/remotes/main [45ms]
2024-04-10 01:12:19.833 [info] > git rev-parse --show-toplevel [9ms]
2024-04-10 01:12:19.839 [info] > git rev-parse --git-dir --git-common-dir [2ms]
2024-04-10 01:12:19.845 [info] Open repository: /home/student/ENGR212_Abdullah_Abdulaziz
2024-04-10 01:12:19.863 [info] > git config --get commit.template [7ms]
2024-04-10 01:12:19.867 [info] > git for-each-ref --format=%(refname)%00%(upstream:short)%00%(objectname)%00%(upstream:track)%00%(upstream:remotename)%00%(upstream:remoteref) refs/heads/main refs/remotes/main [6ms]
2024-04-10 01:12:19.906 [info] > git status -z -uall [31ms]
2024-04-10 01:12:19.926 [info] > git config --get commit.template [8ms]
2024-04-10 01:12:19.931 [info] > git for-each-ref --format=%(refname)%00%(upstream:short)%00%(objectname)%00%(upstream:track)%00%(upstream:remotename)%00%(upstream:remoteref) refs/heads/main refs/remotes/main [1ms]
2024-04-10 01:12:19.942 [info] > git status -z -uall [7ms]
2024-04-10 01:12:20.112 [info] > git status -z -uall [280ms]
2024-04-10 01:12:20.577 [info] > git merge-base refs/heads/main refs/remotes/origin/main [446ms]
2024-04-10 01:12:20.608 [info] > git check-ignore -v -z --stdin [14ms]
2024-04-10 01:12:20.614 [info] > git check-ignore -v -z --stdin [14ms]
2024-04-10 01:12:20.615 [info] > git config --get commit.template [40ms]
2024-04-10 01:12:20.628 [info] > git for-each-ref --format=%(refname)%00%(upstream:short)%00%(objectname)%00%(upstream:track)%00%(upstream:remotename)%00%(upstream:remoteref) refs/heads/main refs/remotes/main [7ms]
2024-04-10 01:12:20.629 [info] > git rev-list --count --left-right refs/heads/main...refs/remotes/origin/main [43ms]
2024-04-10 01:12:20.644 [info] > git diff --name-status -z --diff-filter=ADMR 72c9e0034d0303fc1dd3ad00a771ae0aa97a7be7...refs/remotes/origin/main [8ms]
2024-04-10 01:12:20.696 [info] > git status -z -uall [53ms]
2024-04-10 01:12:24.314 [info] > git config --get commit.template [8ms]
2024-04-10 01:12:24.314 [info] > git for-each-ref --format=%(refname)%00%(upstream:short)%00%(objectname)%00%(upstream:track)%00%(upstream:remotename)%00%(upstream:remoteref) refs/heads/main refs/remotes/main [1ms]
2024-04-10 01:12:24.371 [info] > git status -z -uall [51ms]
2024-04-10 01:12:29.481 [info] > git config --get commit.template [7ms]
2024-04-10 01:12:29.481 [info] > git for-each-ref --format=%(refname)%00%(upstream:short)%00%(objectname)%00%(upstream:track)%00%(upstream:remotename)%00%(upstream:remoteref) refs/heads/main refs/remotes/main [2ms]
2024-04-10 01:12:29.537 [info] > git status -z -uall [50ms]
2024-04-10 01:12:34.641 [info] > git config --get commit.template [7ms]
2024-04-10 01:12:34.642 [info] > git for-each-ref --format=%(refname)%00%(upstream:short)%00%(objectname)%00%(upstream:track)%00%(upstream:remotename)%00%(upstream:remoteref) refs/heads/main refs/remotes/main [2ms]
2024-04-10 01:12:34.703 [info] > git status -z -uall [54ms]
2024-04-10 01:12:39.807 [info] > git config --get commit.template [7ms]
2024-04-10 01:12:39.808 [info] > git for-each-ref --format=%(refname)%00%(upstream:short)%00%(objectname)%00%(upstream:track)%00%(upstream:remotename)%00%(upstream:remoteref) refs/heads/main refs/remotes/main [2ms]
2024-04-10 01:12:39.864 [info] > git status -z -uall [50ms]
2024-04-10 01:13:05.909 [info] > git config --get commit.template [7ms]
2024-04-10 01:13:05.909 [info] > git for-each-ref --format=%(refname)%00%(upstream:short)%00%(objectname)%00%(upstream:track)%00%(upstream:remotename)%00%(upstream:remoteref) refs/heads/main refs/remotes/main [2ms]
2024-04-10 01:13:05.969 [info] > git status -z -uall [54ms]
2024-04-10 01:16:25.914 [info] > git config --get commit.template [7ms]
2024-04-10 01:16:25.915 [info] > git for-each-ref --format=%(refname)%00%(upstream:short)%00%(objectname)%00%(upstream:track)%00%(upstream:remotename)%00%(upstream:remoteref) refs/heads/main refs/remotes/main [2ms]
2024-04-10 01:16:25.973 [info] > git status -z -uall [52ms]
2024-04-10 01:16:27.620 [info] > git show --textconv :Lab8/08_Iris_data.csv [7ms]
2024-04-10 01:16:27.622 [info] > git ls-files --stage -- /home/student/ENGR212_Abdullah_Abdulaziz/Lab8/08_Iris_data.csv [1ms]
2024-04-10 01:16:27.701 [info] > git check-ignore -v -z --stdin [1ms]
2024-04-10 01:16:28.131 [info] > git config --get commit.template [7ms]
2024-04-10 01:16:28.131 [info] > git for-each-ref --format=%(refname)%00%(upstream:short)%00%(objectname)%00%(upstream:track)%00%(upstream:remotename)%00%(upstream:remoteref) refs/heads/main refs/remotes/main [2ms]
2024-04-10 01:16:28.141 [info] > git status -z -uall [5ms]
2024-04-10 01:16:31.096 [info] > git config --get commit.template [7ms]
2024-04-10 01:16:31.096 [info] > git for-each-ref --format=%(refname)%00%(upstream:short)%00%(objectname)%00%(upstream:track)%00%(upstream:remotename)%00%(upstream:remoteref) refs/heads/main refs/remotes/main [1ms]
2024-04-10 01:16:31.153 [info] > git status -z -uall [50ms]
2024-04-10 01:16:36.249 [info] > git config --get commit.template [7ms]
2024-04-10 01:16:36.249 [info] > git for-each-ref --format=%(refname)%00%(upstream:short)%00%(objectname)%00%(upstream:track)%00%(upstream:remotename)%00%(upstream:remoteref) refs/heads/main refs/remotes/main [1ms]
2024-04-10 01:16:36.305 [info] > git status -z -uall [50ms]
2024-04-10 01:16:41.398 [info] > git config --get commit.template [6ms]
2024-04-10 01:16:41.399 [info] > git for-each-ref --format=%(refname)%00%(upstream:short)%00%(objectname)%00%(upstream:track)%00%(upstream:remotename)%00%(upstream:remoteref) refs/heads/main refs/remotes/main [1ms]
2024-04-10 01:16:41.455 [info] > git status -z -uall [49ms]
2024-04-10 01:16:46.555 [info] > git config --get commit.template [7ms]
2024-04-10 01:16:46.555 [info] > git for-each-ref --format=%(refname)%00%(upstream:short)%00%(objectname)%00%(upstream:track)%00%(upstream:remotename)%00%(upstream:remoteref) refs/heads/main refs/remotes/main [2ms]
2024-04-10 01:16:46.612 [info] > git status -z -uall [51ms]
2024-04-10 01:16:51.716 [info] > git config --get commit.template [7ms]
2024-04-10 01:16:51.717 [info] > git for-each-ref --format=%(refname)%00%(upstream:short)%00%(objectname)%00%(upstream:track)%00%(upstream:remotename)%00%(upstream:remoteref) refs/heads/main refs/remotes/main [1ms]
2024-04-10 01:16:51.773 [info] > git status -z -uall [49ms]
2024-04-10 01:16:56.876 [info] > git config --get commit.template [8ms]
2024-04-10 01:16:56.876 [info] > git for-each-ref --format=%(refname)%00%(upstream:short)%00%(objectname)%00%(upstream:track)%00%(upstream:remotename)%00%(upstream:remoteref) refs/heads/main refs/remotes/main [2ms]
2024-04-10 01:16:56.933 [info] > git status -z -uall [50ms]
2024-04-10 01:17:02.036 [info] > git config --get commit.template [8ms]
2024-04-10 01:17:02.037 [info] > git for-each-ref --format=%(refname)%00%(upstream:short)%00%(objectname)%00%(upstream:track)%00%(upstream:remotename)%00%(upstream:remoteref) refs/heads/main refs/remotes/main [1ms]
2024-04-10 01:17:02.094 [info] > git status -z -uall [50ms]
2024-04-10 01:17:07.202 [info] > git config --get commit.template [8ms]
2024-04-10 01:17:07.203 [info] > git for-each-ref --format=%(refname)%00%(upstream:short)%00%(objectname)%00%(upstream:track)%00%(upstream:remotename)%00%(upstream:remoteref) refs/heads/main refs/remotes/main [1ms]
2024-04-10 01:17:07.260 [info] > git status -z -uall [50ms]
2024-04-10 01:17:12.361 [info] > git config --get commit.template [9ms]
2024-04-10 01:17:12.361 [info] > git for-each-ref --format=%(refname)%00%(upstream:short)%00%(objectname)%00%(upstream:track)%00%(upstream:remotename)%00%(upstream:remoteref) refs/heads/main refs/remotes/main [1ms]
2024-04-10 01:17:12.418 [info] > git status -z -uall [50ms]
2024-04-10 01:17:26.140 [info] > git config --get commit.template [9ms]
2024-04-10 01:17:26.141 [info] > git for-each-ref --format=%(refname)%00%(upstream:short)%00%(objectname)%00%(upstream:track)%00%(upstream:remotename)%00%(upstream:remoteref) refs/heads/main refs/remotes/main [1ms]
2024-04-10 01:17:26.199 [info] > git status -z -uall [50ms]
2024-04-10 01:17:31.307 [info] > git config --get commit.template [10ms]
2024-04-10 01:17:31.308 [info] > git for-each-ref --format=%(refname)%00%(upstream:short)%00%(objectname)%00%(upstream:track)%00%(upstream:remotename)%00%(upstream:remoteref) refs/heads/main refs/remotes/main [2ms]
2024-04-10 01:17:31.367 [info] > git status -z -uall [51ms]
2024-04-10 01:17:36.471 [info] > git config --get commit.template [9ms]
2024-04-10 01:17:36.472 [info] > git for-each-ref --format=%(refname)%00%(upstream:short)%00%(objectname)%00%(upstream:track)%00%(upstream:remotename)%00%(upstream:remoteref) refs/heads/main refs/remotes/main [2ms]
2024-04-10 01:17:36.530 [info] > git status -z -uall [50ms]
2024-04-10 01:17:41.634 [info] > git config --get commit.template [9ms]
2024-04-10 01:17:41.634 [info] > git for-each-ref --format=%(refname)%00%(upstream:short)%00%(objectname)%00%(upstream:track)%00%(upstream:remotename)%00%(upstream:remoteref) refs/heads/main refs/remotes/main [1ms]
2024-04-10 01:17:41.692 [info] > git status -z -uall [50ms]
2024-04-10 01:17:46.798 [info] > git config --get commit.template [10ms]
2024-04-10 01:17:46.799 [info] > git for-each-ref --format=%(refname)%00%(upstream:short)%00%(objectname)%00%(upstream:track)%00%(upstream:remotename)%00%(upstream:remoteref) refs/heads/main refs/remotes/main [1ms]
2024-04-10 01:17:46.857 [info] > git status -z -uall [50ms]
2024-04-10 01:17:51.962 [info] > git config --get commit.template [10ms]
2024-04-10 01:17:51.962 [info] > git for-each-ref --format=%(refname)%00%(upstream:short)%00%(objectname)%00%(upstream:track)%00%(upstream:remotename)%00%(upstream:remoteref) refs/heads/main refs/remotes/main [1ms]
2024-04-10 01:17:52.022 [info] > git status -z -uall [51ms]
2024-04-10 01:17:57.124 [info] > git config --get commit.template [9ms]
2024-04-10 01:17:57.125 [info] > git for-each-ref --format=%(refname)%00%(upstream:short)%00%(objectname)%00%(upstream:track)%00%(upstream:remotename)%00%(upstream:remoteref) refs/heads/main refs/remotes/main [1ms]
2024-04-10 01:17:57.182 [info] > git status -z -uall [50ms]
2024-04-10 01:18:02.271 [info] > git config --get commit.template [7ms]
2024-04-10 01:18:02.272 [info] > git for-each-ref --format=%(refname)%00%(upstream:short)%00%(objectname)%00%(upstream:track)%00%(upstream:remotename)%00%(upstream:remoteref) refs/heads/main refs/remotes/main [1ms]
2024-04-10 01:18:02.328 [info] > git status -z -uall [50ms]
2024-04-10 01:18:07.424 [info] > git config --get commit.template [7ms]
2024-04-10 01:18:07.424 [info] > git for-each-ref --format=%(refname)%00%(upstream:short)%00%(objectname)%00%(upstream:track)%00%(upstream:remotename)%00%(upstream:remoteref) refs/heads/main refs/remotes/main [2ms]
2024-04-10 01:18:07.480 [info] > git status -z -uall [50ms]
2024-04-10 01:18:12.572 [info] > git config --get commit.template [8ms]
2024-04-10 01:18:12.573 [info] > git for-each-ref --format=%(refname)%00%(upstream:short)%00%(objectname)%00%(upstream:track)%00%(upstream:remotename)%00%(upstream:remoteref) refs/heads/main refs/remotes/main [2ms]
2024-04-10 01:18:12.628 [info] > git status -z -uall [49ms]
2024-04-10 01:18:17.724 [info] > git config --get commit.template [8ms]
2024-04-10 01:18:17.724 [info] > git for-each-ref --format=%(refname)%00%(upstream:short)%00%(objectname)%00%(upstream:track)%00%(upstream:remotename)%00%(upstream:remoteref) refs/heads/main refs/remotes/main [2ms]
2024-04-10 01:18:17.780 [info] > git status -z -uall [50ms]
2024-04-10 01:18:22.871 [info] > git config --get commit.template [8ms]
2024-04-10 01:18:22.872 [info] > git for-each-ref --format=%(refname)%00%(upstream:short)%00%(objectname)%00%(upstream:track)%00%(upstream:remotename)%00%(upstream:remoteref) refs/heads/main refs/remotes/main [2ms]
2024-04-10 01:18:22.928 [info] > git status -z -uall [50ms]
2024-04-10 01:18:28.019 [info] > git config --get commit.template [7ms]
2024-04-10 01:18:28.019 [info] > git for-each-ref --format=%(refname)%00%(upstream:short)%00%(objectname)%00%(upstream:track)%00%(upstream:remotename)%00%(upstream:remoteref) refs/heads/main refs/remotes/main [1ms]
2024-04-10 01:18:28.076 [info] > git status -z -uall [50ms]
2024-04-10 01:18:33.167 [info] > git config --get commit.template [7ms]
2024-04-10 01:18:33.167 [info] > git for-each-ref --format=%(refname)%00%(upstream:short)%00%(objectname)%00%(upstream:track)%00%(upstream:remotename)%00%(upstream:remoteref) refs/heads/main refs/remotes/main [1ms]
2024-04-10 01:18:33.223 [info] > git status -z -uall [49ms]
2024-04-10 01:18:38.314 [info] > git config --get commit.template [7ms]
2024-04-10 01:18:38.315 [info] > git for-each-ref --format=%(refname)%00%(upstream:short)%00%(objectname)%00%(upstream:track)%00%(upstream:remotename)%00%(upstream:remoteref) refs/heads/main refs/remotes/main [2ms]
2024-04-10 01:18:38.371 [info] > git status -z -uall [50ms]
2024-04-10 01:18:51.457 [info] > git config --get commit.template [7ms]
2024-04-10 01:18:51.458 [info] > git for-each-ref --format=%(refname)%00%(upstream:short)%00%(objectname)%00%(upstream:track)%00%(upstream:remotename)%00%(upstream:remoteref) refs/heads/main refs/remotes/main [2ms]
2024-04-10 01:18:51.514 [info] > git status -z -uall [50ms]
2024-04-10 01:19:57.241 [info] > git config --get commit.template [7ms]
2024-04-10 01:19:57.241 [info] > git for-each-ref --format=%(refname)%00%(upstream:short)%00%(objectname)%00%(upstream:track)%00%(upstream:remotename)%00%(upstream:remoteref) refs/heads/main refs/remotes/main [1ms]
2024-04-10 01:19:57.299 [info] > git status -z -uall [52ms]
2024-04-10 01:20:02.444 [info] > git config --get commit.template [8ms]
2024-04-10 01:20:02.445 [info] > git for-each-ref --format=%(refname)%00%(upstream:short)%00%(objectname)%00%(upstream:track)%00%(upstream:remotename)%00%(upstream:remoteref) refs/heads/main refs/remotes/main [2ms]
2024-04-10 01:20:02.501 [info] > git status -z -uall [50ms]
2024-04-10 01:20:07.594 [info] > git config --get commit.template [8ms]
2024-04-10 01:20:07.595 [info] > git for-each-ref --format=%(refname)%00%(upstream:short)%00%(objectname)%00%(upstream:track)%00%(upstream:remotename)%00%(upstream:remoteref) refs/heads/main refs/remotes/main [1ms]
2024-04-10 01:20:07.651 [info] > git status -z -uall [50ms]
2024-04-10 01:30:43.327 [info] > git config --get commit.template [6ms]
2024-04-10 01:30:43.327 [info] > git for-each-ref --format=%(refname)%00%(upstream:short)%00%(objectname)%00%(upstream:track)%00%(upstream:remotename)%00%(upstream:remoteref) refs/heads/main refs/remotes/main [1ms]
2024-04-10 01:30:43.385 [info] > git status -z -uall [53ms]
2024-04-10 01:30:53.453 [info] > git config --get commit.template [7ms]
2024-04-10 01:30:53.453 [info] > git for-each-ref --format=%(refname)%00%(upstream:short)%00%(objectname)%00%(upstream:track)%00%(upstream:remotename)%00%(upstream:remoteref) refs/heads/main refs/remotes/main [1ms]
2024-04-10 01:30:53.509 [info] > git status -z -uall [50ms]
2024-04-10 01:30:58.599 [info] > git config --get commit.template [7ms]
2024-04-10 01:30:58.599 [info] > git for-each-ref --format=%(refname)%00%(upstream:short)%00%(objectname)%00%(upstream:track)%00%(upstream:remotename)%00%(upstream:remoteref) refs/heads/main refs/remotes/main [1ms]
2024-04-10 01:30:58.656 [info] > git status -z -uall [50ms]
2024-04-10 01:31:03.754 [info] > git config --get commit.template [7ms]
2024-04-10 01:31:03.755 [info] > git for-each-ref --format=%(refname)%00%(upstream:short)%00%(objectname)%00%(upstream:track)%00%(upstream:remotename)%00%(upstream:remoteref) refs/heads/main refs/remotes/main [1ms]
2024-04-10 01:31:03.810 [info] > git status -z -uall [48ms]
2024-04-10 01:31:08.901 [info] > git config --get commit.template [8ms]
2024-04-10 01:31:08.902 [info] > git for-each-ref --format=%(refname)%00%(upstream:short)%00%(objectname)%00%(upstream:track)%00%(upstream:remotename)%00%(upstream:remoteref) refs/heads/main refs/remotes/main [2ms]
2024-04-10 01:31:08.957 [info] > git status -z -uall [49ms]
2024-04-10 01:31:14.052 [info] > git config --get commit.template [7ms]
2024-04-10 01:31:14.052 [info] > git for-each-ref --format=%(refname)%00%(upstream:short)%00%(objectname)%00%(upstream:track)%00%(upstream:remotename)%00%(upstream:remoteref) refs/heads/main refs/remotes/main [1ms]
2024-04-10 01:31:14.110 [info] > git status -z -uall [51ms]
2024-04-10 01:31:19.201 [info] > git config --get commit.template [8ms]
2024-04-10 01:31:19.201 [info] > git for-each-ref --format=%(refname)%00%(upstream:short)%00%(objectname)%00%(upstream:track)%00%(upstream:remotename)%00%(upstream:remoteref) refs/heads/main refs/remotes/main [1ms]
2024-04-10 01:31:19.258 [info] > git status -z -uall [50ms]
2024-04-10 01:31:24.348 [info] > git config --get commit.template [6ms]
2024-04-10 01:31:24.348 [info] > git for-each-ref --format=%(refname)%00%(upstream:short)%00%(objectname)%00%(upstream:track)%00%(upstream:remotename)%00%(upstream:remoteref) refs/heads/main refs/remotes/main [1ms]
2024-04-10 01:31:24.404 [info] > git status -z -uall [50ms]
2024-04-10 01:31:29.497 [info] > git config --get commit.template [7ms]
2024-04-10 01:31:29.497 [info] > git for-each-ref --format=%(refname)%00%(upstream:short)%00%(objectname)%00%(upstream:track)%00%(upstream:remotename)%00%(upstream:remoteref) refs/heads/main refs/remotes/main [1ms]
2024-04-10 01:31:29.553 [info] > git status -z -uall [50ms]
2024-04-10 01:31:34.646 [info] > git config --get commit.template [7ms]
2024-04-10 01:31:34.647 [info] > git for-each-ref --format=%(refname)%00%(upstream:short)%00%(objectname)%00%(upstream:track)%00%(upstream:remotename)%00%(upstream:remoteref) refs/heads/main refs/remotes/main [1ms]
2024-04-10 01:31:34.703 [info] > git status -z -uall [50ms]
2024-04-10 01:31:39.794 [info] > git config --get commit.template [7ms]
2024-04-10 01:31:39.794 [info] > git for-each-ref --format=%(refname)%00%(upstream:short)%00%(objectname)%00%(upstream:track)%00%(upstream:remotename)%00%(upstream:remoteref) refs/heads/main refs/remotes/main [1ms]
2024-04-10 01:31:39.850 [info] > git status -z -uall [50ms]
2024-04-10 01:31:44.939 [info] > git config --get commit.template [7ms]
2024-04-10 01:31:44.940 [info] > git for-each-ref --format=%(refname)%00%(upstream:short)%00%(objectname)%00%(upstream:track)%00%(upstream:remotename)%00%(upstream:remoteref) refs/heads/main refs/remotes/main [1ms]
2024-04-10 01:31:44.996 [info] > git status -z -uall [49ms]
2024-04-10 01:31:50.086 [info] > git config --get commit.template [7ms]
2024-04-10 01:31:50.087 [info] > git for-each-ref --format=%(refname)%00%(upstream:short)%00%(objectname)%00%(upstream:track)%00%(upstream:remotename)%00%(upstream:remoteref) refs/heads/main refs/remotes/main [2ms]
2024-04-10 01:31:50.144 [info] > git status -z -uall [51ms]
2024-04-10 01:31:55.235 [info] > git config --get commit.template [7ms]
2024-04-10 01:31:55.236 [info] > git for-each-ref --format=%(refname)%00%(upstream:short)%00%(objectname)%00%(upstream:track)%00%(upstream:remotename)%00%(upstream:remoteref) refs/heads/main refs/remotes/main [1ms]
2024-04-10 01:31:55.292 [info] > git status -z -uall [50ms]
2024-04-10 01:32:00.383 [info] > git config --get commit.template [7ms]
2024-04-10 01:32:00.383 [info] > git for-each-ref --format=%(refname)%00%(upstream:short)%00%(objectname)%00%(upstream:track)%00%(upstream:remotename)%00%(upstream:remoteref) refs/heads/main refs/remotes/main [1ms]
2024-04-10 01:32:00.439 [info] > git status -z -uall [50ms]
2024-04-10 01:32:05.531 [info] > git config --get commit.template [7ms]
2024-04-10 01:32:05.531 [info] > git for-each-ref --format=%(refname)%00%(upstream:short)%00%(objectname)%00%(upstream:track)%00%(upstream:remotename)%00%(upstream:remoteref) refs/heads/main refs/remotes/main [2ms]
2024-04-10 01:32:05.587 [info] > git status -z -uall [50ms]
2024-04-10 01:32:10.678 [info] > git config --get commit.template [7ms]
2024-04-10 01:32:10.678 [info] > git for-each-ref --format=%(refname)%00%(upstream:short)%00%(objectname)%00%(upstream:track)%00%(upstream:remotename)%00%(upstream:remoteref) refs/heads/main refs/remotes/main [1ms]
2024-04-10 01:32:10.734 [info] > git status -z -uall [50ms]
2024-04-10 01:32:15.828 [info] > git config --get commit.template [7ms]
2024-04-10 01:32:15.828 [info] > git for-each-ref --format=%(refname)%00%(upstream:short)%00%(objectname)%00%(upstream:track)%00%(upstream:remotename)%00%(upstream:remoteref) refs/heads/main refs/remotes/main [1ms]
2024-04-10 01:32:15.885 [info] > git status -z -uall [50ms]
2024-04-10 01:32:20.975 [info] > git config --get commit.template [8ms]
2024-04-10 01:32:20.975 [info] > git for-each-ref --format=%(refname)%00%(upstream:short)%00%(objectname)%00%(upstream:track)%00%(upstream:remotename)%00%(upstream:remoteref) refs/heads/main refs/remotes/main [1ms]
2024-04-10 01:32:21.031 [info] > git status -z -uall [50ms]
2024-04-10 01:32:26.125 [info] > git config --get commit.template [8ms]
2024-04-10 01:32:26.125 [info] > git for-each-ref --format=%(refname)%00%(upstream:short)%00%(objectname)%00%(upstream:track)%00%(upstream:remotename)%00%(upstream:remoteref) refs/heads/main refs/remotes/main [1ms]
2024-04-10 01:32:26.182 [info] > git status -z -uall [50ms]
2024-04-10 01:32:31.273 [info] > git config --get commit.template [8ms]
2024-04-10 01:32:31.273 [info] > git for-each-ref --format=%(refname)%00%(upstream:short)%00%(objectname)%00%(upstream:track)%00%(upstream:remotename)%00%(upstream:remoteref) refs/heads/main refs/remotes/main [1ms]
2024-04-10 01:32:31.330 [info] > git status -z -uall [51ms]
2024-04-10 01:32:36.420 [info] > git config --get commit.template [7ms]
2024-04-10 01:32:36.420 [info] > git for-each-ref --format=%(refname)%00%(upstream:short)%00%(objectname)%00%(upstream:track)%00%(upstream:remotename)%00%(upstream:remoteref) refs/heads/main refs/remotes/main [1ms]
2024-04-10 01:32:36.476 [info] > git status -z -uall [50ms]
2024-04-10 01:32:41.567 [info] > git config --get commit.template [7ms]
2024-04-10 01:32:41.567 [info] > git for-each-ref --format=%(refname)%00%(upstream:short)%00%(objectname)%00%(upstream:track)%00%(upstream:remotename)%00%(upstream:remoteref) refs/heads/main refs/remotes/main [1ms]
2024-04-10 01:32:41.623 [info] > git status -z -uall [50ms]
2024-04-10 01:32:46.713 [info] > git config --get commit.template [7ms]
2024-04-10 01:32:46.714 [info] > git for-each-ref --format=%(refname)%00%(upstream:short)%00%(objectname)%00%(upstream:track)%00%(upstream:remotename)%00%(upstream:remoteref) refs/heads/main refs/remotes/main [1ms]
2024-04-10 01:32:46.771 [info] > git status -z -uall [50ms]
2024-04-10 01:32:51.862 [info] > git config --get commit.template [7ms]
2024-04-10 01:32:51.863 [info] > git for-each-ref --format=%(refname)%00%(upstream:short)%00%(objectname)%00%(upstream:track)%00%(upstream:remotename)%00%(upstream:remoteref) refs/heads/main refs/remotes/main [2ms]
2024-04-10 01:32:51.918 [info] > git status -z -uall [49ms]
2024-04-10 01:32:57.010 [info] > git config --get commit.template [7ms]
2024-04-10 01:32:57.010 [info] > git for-each-ref --format=%(refname)%00%(upstream:short)%00%(objectname)%00%(upstream:track)%00%(upstream:remotename)%00%(upstream:remoteref) refs/heads/main refs/remotes/main [1ms]
2024-04-10 01:32:57.066 [info] > git status -z -uall [50ms]
2024-04-10 01:33:02.158 [info] > git config --get commit.template [7ms]
2024-04-10 01:33:02.159 [info] > git for-each-ref --format=%(refname)%00%(upstream:short)%00%(objectname)%00%(upstream:track)%00%(upstream:remotename)%00%(upstream:remoteref) refs/heads/main refs/remotes/main [2ms]
2024-04-10 01:33:02.215 [info] > git status -z -uall [50ms]
2024-04-10 01:33:07.309 [info] > git config --get commit.template [8ms]
2024-04-10 01:33:07.309 [info] > git for-each-ref --format=%(refname)%00%(upstream:short)%00%(objectname)%00%(upstream:track)%00%(upstream:remotename)%00%(upstream:remoteref) refs/heads/main refs/remotes/main [2ms]
2024-04-10 01:33:07.366 [info] > git status -z -uall [50ms]
2024-04-10 01:33:12.464 [info] > git config --get commit.template [7ms]
2024-04-10 01:33:12.465 [info] > git for-each-ref --format=%(refname)%00%(upstream:short)%00%(objectname)%00%(upstream:track)%00%(upstream:remotename)%00%(upstream:remoteref) refs/heads/main refs/remotes/main [2ms]
2024-04-10 01:33:12.521 [info] > git status -z -uall [49ms]
2024-04-10 01:33:17.613 [info] > git config --get commit.template [7ms]
2024-04-10 01:33:17.614 [info] > git for-each-ref --format=%(refname)%00%(upstream:short)%00%(objectname)%00%(upstream:track)%00%(upstream:remotename)%00%(upstream:remoteref) refs/heads/main refs/remotes/main [2ms]
2024-04-10 01:33:17.670 [info] > git status -z -uall [50ms]
2024-04-10 01:33:18.427 [info] > git config --get commit.template [8ms]
2024-04-10 01:33:18.427 [info] > git for-each-ref --format=%(refname)%00%(upstream:short)%00%(objectname)%00%(upstream:track)%00%(upstream:remotename)%00%(upstream:remoteref) refs/heads/main refs/remotes/main [1ms]
2024-04-10 01:33:18.437 [info] > git status -z -uall [4ms]
2024-04-10 01:33:18.571 [info] > git check-ignore -v -z --stdin [1ms]
2024-04-10 01:33:22.761 [info] > git config --get commit.template [7ms]
2024-04-10 01:33:22.761 [info] > git for-each-ref --format=%(refname)%00%(upstream:short)%00%(objectname)%00%(upstream:track)%00%(upstream:remotename)%00%(upstream:remoteref) refs/heads/main refs/remotes/main [1ms]
2024-04-10 01:33:22.818 [info] > git status -z -uall [51ms]
2024-04-10 01:33:22.909 [info] > git show --textconv :Lab8/substitution [7ms]
2024-04-10 01:33:22.910 [info] > git ls-files --stage -- /home/student/ENGR212_Abdullah_Abdulaziz/Lab8/substitution [2ms]
2024-04-10 01:33:23.455 [info] > git config --get commit.template [7ms]
2024-04-10 01:33:23.455 [info] > git for-each-ref --format=%(refname)%00%(upstream:short)%00%(objectname)%00%(upstream:track)%00%(upstream:remotename)%00%(upstream:remoteref) refs/heads/main refs/remotes/main [1ms]
2024-04-10 01:33:23.465 [info] > git status -z -uall [4ms]
2024-04-10 01:33:27.910 [info] > git config --get commit.template [7ms]
2024-04-10 01:33:27.910 [info] > git for-each-ref --format=%(refname)%00%(upstream:short)%00%(objectname)%00%(upstream:track)%00%(upstream:remotename)%00%(upstream:remoteref) refs/heads/main refs/remotes/main [1ms]
2024-04-10 01:33:27.968 [info] > git status -z -uall [51ms]
2024-04-10 01:33:33.062 [info] > git config --get commit.template [8ms]
2024-04-10 01:33:33.062 [info] > git for-each-ref --format=%(refname)%00%(upstream:short)%00%(objectname)%00%(upstream:track)%00%(upstream:remotename)%00%(upstream:remoteref) refs/heads/main refs/remotes/main [1ms]
2024-04-10 01:33:33.118 [info] > git status -z -uall [50ms]
2024-04-10 01:33:38.216 [info] > git config --get commit.template [8ms]
2024-04-10 01:33:38.216 [info] > git for-each-ref --format=%(refname)%00%(upstream:short)%00%(objectname)%00%(upstream:track)%00%(upstream:remotename)%00%(upstream:remoteref) refs/heads/main refs/remotes/main [1ms]
2024-04-10 01:33:38.272 [info] > git status -z -uall [50ms]
2024-04-10 01:34:02.084 [info] > git config --get commit.template [7ms]
2024-04-10 01:34:02.084 [info] > git for-each-ref --format=%(refname)%00%(upstream:short)%00%(objectname)%00%(upstream:track)%00%(upstream:remotename)%00%(upstream:remoteref) refs/heads/main refs/remotes/main [1ms]
2024-04-10 01:34:02.143 [info] > git status -z -uall [53ms]
2024-04-10 01:34:07.258 [info] > git config --get commit.template [7ms]
2024-04-10 01:34:07.258 [info] > git for-each-ref --format=%(refname)%00%(upstream:short)%00%(objectname)%00%(upstream:track)%00%(upstream:remotename)%00%(upstream:remoteref) refs/heads/main refs/remotes/main [1ms]
2024-04-10 01:34:07.314 [info] > git status -z -uall [50ms]
2024-04-10 01:34:09.928 [info] > git show --textconv :Lab8/08_Iris_data.csv [7ms]
2024-04-10 01:34:09.929 [info] > git ls-files --stage -- /home/student/ENGR212_Abdullah_Abdulaziz/Lab8/08_Iris_data.csv [2ms]
2024-04-10 01:34:12.410 [info] > git config --get commit.template [7ms]
2024-04-10 01:34:12.411 [info] > git for-each-ref --format=%(refname)%00%(upstream:short)%00%(objectname)%00%(upstream:track)%00%(upstream:remotename)%00%(upstream:remoteref) refs/heads/main refs/remotes/main [1ms]
2024-04-10 01:34:12.467 [info] > git status -z -uall [50ms]
2024-04-10 01:34:17.570 [info] > git config --get commit.template [8ms]
2024-04-10 01:34:17.571 [info] > git for-each-ref --format=%(refname)%00%(upstream:short)%00%(objectname)%00%(upstream:track)%00%(upstream:remotename)%00%(upstream:remoteref) refs/heads/main refs/remotes/main [2ms]
2024-04-10 01:34:17.627 [info] > git status -z -uall [50ms]
2024-04-10 01:34:22.727 [info] > git config --get commit.template [8ms]
2024-04-10 01:34:22.727 [info] > git for-each-ref --format=%(refname)%00%(upstream:short)%00%(objectname)%00%(upstream:track)%00%(upstream:remotename)%00%(upstream:remoteref) refs/heads/main refs/remotes/main [1ms]
2024-04-10 01:34:22.784 [info] > git status -z -uall [50ms]
2024-04-10 01:34:27.889 [info] > git config --get commit.template [9ms]
2024-04-10 01:34:27.889 [info] > git for-each-ref --format=%(refname)%00%(upstream:short)%00%(objectname)%00%(upstream:track)%00%(upstream:remotename)%00%(upstream:remoteref) refs/heads/main refs/remotes/main [1ms]
2024-04-10 01:34:27.946 [info] > git status -z -uall [49ms]
2024-04-10 01:34:33.048 [info] > git config --get commit.template [8ms]
2024-04-10 01:34:33.049 [info] > git for-each-ref --format=%(refname)%00%(upstream:short)%00%(objectname)%00%(upstream:track)%00%(upstream:remotename)%00%(upstream:remoteref) refs/heads/main refs/remotes/main [1ms]
2024-04-10 01:34:33.106 [info] > git status -z -uall [50ms]
2024-04-10 01:34:38.206 [info] > git config --get commit.template [8ms]
2024-04-10 01:34:38.206 [info] > git for-each-ref --format=%(refname)%00%(upstream:short)%00%(objectname)%00%(upstream:track)%00%(upstream:remotename)%00%(upstream:remoteref) refs/heads/main refs/remotes/main [1ms]
2024-04-10 01:34:38.263 [info] > git status -z -uall [50ms]
2024-04-10 01:34:43.366 [info] > git config --get commit.template [9ms]
2024-04-10 01:34:43.367 [info] > git for-each-ref --format=%(refname)%00%(upstream:short)%00%(objectname)%00%(upstream:track)%00%(upstream:remotename)%00%(upstream:remoteref) refs/heads/main refs/remotes/main [2ms]
2024-04-10 01:34:43.424 [info] > git status -z -uall [50ms]
2024-04-10 01:40:05.447 [info] > git config --get commit.template [6ms]
2024-04-10 01:40:05.448 [info] > git for-each-ref --format=%(refname)%00%(upstream:short)%00%(objectname)%00%(upstream:track)%00%(upstream:remotename)%00%(upstream:remoteref) refs/heads/main refs/remotes/main [1ms]
2024-04-10 01:40:05.505 [info] > git status -z -uall [52ms]
2024-04-10 01:40:10.617 [info] > git config --get commit.template [6ms]
2024-04-10 01:40:10.617 [info] > git for-each-ref --format=%(refname)%00%(upstream:short)%00%(objectname)%00%(upstream:track)%00%(upstream:remotename)%00%(upstream:remoteref) refs/heads/main refs/remotes/main [1ms]
2024-04-10 01:40:10.673 [info] > git status -z -uall [50ms]
2024-04-10 01:40:15.766 [info] > git config --get commit.template [7ms]
2024-04-10 01:40:15.766 [info] > git for-each-ref --format=%(refname)%00%(upstream:short)%00%(objectname)%00%(upstream:track)%00%(upstream:remotename)%00%(upstream:remoteref) refs/heads/main refs/remotes/main [1ms]
2024-04-10 01:40:15.822 [info] > git status -z -uall [50ms]
2024-04-10 01:40:20.920 [info] > git config --get commit.template [8ms]
2024-04-10 01:40:20.921 [info] > git for-each-ref --format=%(refname)%00%(upstream:short)%00%(objectname)%00%(upstream:track)%00%(upstream:remotename)%00%(upstream:remoteref) refs/heads/main refs/remotes/main [2ms]
2024-04-10 01:40:20.979 [info] > git status -z -uall [52ms]
2024-04-10 01:40:26.080 [info] > git config --get commit.template [7ms]
2024-04-10 01:40:26.081 [info] > git for-each-ref --format=%(refname)%00%(upstream:short)%00%(objectname)%00%(upstream:track)%00%(upstream:remotename)%00%(upstream:remoteref) refs/heads/main refs/remotes/main [1ms]
2024-04-10 01:40:26.137 [info] > git status -z -uall [50ms]
2024-04-10 01:41:08.678 [info] > git config --get commit.template [8ms]
2024-04-10 01:41:08.678 [info] > git for-each-ref --format=%(refname)%00%(upstream:short)%00%(objectname)%00%(upstream:track)%00%(upstream:remotename)%00%(upstream:remoteref) refs/heads/main refs/remotes/main [1ms]
2024-04-10 01:41:08.734 [info] > git status -z -uall [51ms]
2024-04-10 01:41:13.856 [info] > git config --get commit.template [8ms]
2024-04-10 01:41:13.857 [info] > git for-each-ref --format=%(refname)%00%(upstream:short)%00%(objectname)%00%(upstream:track)%00%(upstream:remotename)%00%(upstream:remoteref) refs/heads/main refs/remotes/main [2ms]
2024-04-10 01:41:13.914 [info] > git status -z -uall [50ms]
2024-04-10 01:41:19.001 [info] > git config --get commit.template [7ms]
2024-04-10 01:41:19.002 [info] > git for-each-ref --format=%(refname)%00%(upstream:short)%00%(objectname)%00%(upstream:track)%00%(upstream:remotename)%00%(upstream:remoteref) refs/heads/main refs/remotes/main [2ms]
2024-04-10 01:41:19.058 [info] > git status -z -uall [50ms]
2024-04-10 01:41:24.155 [info] > git config --get commit.template [7ms]
2024-04-10 01:41:24.155 [info] > git for-each-ref --format=%(refname)%00%(upstream:short)%00%(objectname)%00%(upstream:track)%00%(upstream:remotename)%00%(upstream:remoteref) refs/heads/main refs/remotes/main [1ms]
2024-04-10 01:41:24.212 [info] > git status -z -uall [51ms]
2024-04-10 01:41:29.303 [info] > git config --get commit.template [7ms]
2024-04-10 01:41:29.303 [info] > git for-each-ref --format=%(refname)%00%(upstream:short)%00%(objectname)%00%(upstream:track)%00%(upstream:remotename)%00%(upstream:remoteref) refs/heads/main refs/remotes/main [1ms]
2024-04-10 01:41:29.360 [info] > git status -z -uall [51ms]
2024-04-10 01:41:34.451 [info] > git config --get commit.template [7ms]
2024-04-10 01:41:34.451 [info] > git for-each-ref --format=%(refname)%00%(upstream:short)%00%(objectname)%00%(upstream:track)%00%(upstream:remotename)%00%(upstream:remoteref) refs/heads/main refs/remotes/main [1ms]
2024-04-10 01:41:34.507 [info] > git status -z -uall [49ms]
2024-04-10 01:41:38.341 [info] > git config --get commit.template [7ms]
2024-04-10 01:41:38.341 [info] > git for-each-ref --format=%(refname)%00%(upstream:short)%00%(objectname)%00%(upstream:track)%00%(upstream:remotename)%00%(upstream:remoteref) refs/heads/main refs/remotes/main [1ms]
2024-04-10 01:41:38.351 [info] > git status -z -uall [4ms]
2024-04-10 01:41:39.600 [info] > git config --get commit.template [7ms]
2024-04-10 01:41:39.600 [info] > git for-each-ref --format=%(refname)%00%(upstream:short)%00%(objectname)%00%(upstream:track)%00%(upstream:remotename)%00%(upstream:remoteref) refs/heads/main refs/remotes/main [1ms]
2024-04-10 01:41:39.656 [info] > git status -z -uall [50ms]
2024-04-10 01:41:43.369 [info] > git config --get commit.template [8ms]
2024-04-10 01:41:43.369 [info] > git for-each-ref --format=%(refname)%00%(upstream:short)%00%(objectname)%00%(upstream:track)%00%(upstream:remotename)%00%(upstream:remoteref) refs/heads/main refs/remotes/main [1ms]
2024-04-10 01:41:43.379 [info] > git status -z -uall [4ms]
2024-04-10 01:41:44.747 [info] > git config --get commit.template [7ms]
2024-04-10 01:41:44.747 [info] > git for-each-ref --format=%(refname)%00%(upstream:short)%00%(objectname)%00%(upstream:track)%00%(upstream:remotename)%00%(upstream:remoteref) refs/heads/main refs/remotes/main [1ms]
2024-04-10 01:41:44.806 [info] > git status -z -uall [53ms]
2024-04-10 01:42:50.645 [info] > git config --get commit.template [7ms]
2024-04-10 01:42:50.645 [info] > git for-each-ref --format=%(refname)%00%(upstream:short)%00%(objectname)%00%(upstream:track)%00%(upstream:remotename)%00%(upstream:remoteref) refs/heads/main refs/remotes/main [1ms]
2024-04-10 01:42:50.705 [info] > git status -z -uall [54ms]
2024-04-10 01:42:55.814 [info] > git config --get commit.template [7ms]
2024-04-10 01:42:55.815 [info] > git for-each-ref --format=%(refname)%00%(upstream:short)%00%(objectname)%00%(upstream:track)%00%(upstream:remotename)%00%(upstream:remoteref) refs/heads/main refs/remotes/main [1ms]
2024-04-10 01:42:55.871 [info] > git status -z -uall [50ms]
2024-04-10 01:42:56.411 [info] > git config --get commit.template [7ms]
2024-04-10 01:42:56.411 [info] > git for-each-ref --format=%(refname)%00%(upstream:short)%00%(objectname)%00%(upstream:track)%00%(upstream:remotename)%00%(upstream:remoteref) refs/heads/main refs/remotes/main [1ms]
2024-04-10 01:42:56.421 [info] > git status -z -uall [4ms]
2024-04-10 01:42:58.335 [info] > git show --textconv :Lab8/08_Iris_data.csv [7ms]
2024-04-10 01:42:58.336 [info] > git ls-files --stage -- /home/student/ENGR212_Abdullah_Abdulaziz/Lab8/08_Iris_data.csv [2ms]
2024-04-10 01:43:00.963 [info] > git config --get commit.template [7ms]
2024-04-10 01:43:00.964 [info] > git for-each-ref --format=%(refname)%00%(upstream:short)%00%(objectname)%00%(upstream:track)%00%(upstream:remotename)%00%(upstream:remoteref) refs/heads/main refs/remotes/main [1ms]
2024-04-10 01:43:01.020 [info] > git status -z -uall [50ms]
2024-04-10 01:43:06.118 [info] > git config --get commit.template [7ms]
2024-04-10 01:43:06.118 [info] > git for-each-ref --format=%(refname)%00%(upstream:short)%00%(objectname)%00%(upstream:track)%00%(upstream:remotename)%00%(upstream:remoteref) refs/heads/main refs/remotes/main [1ms]
2024-04-10 01:43:06.174 [info] > git status -z -uall [50ms]
2024-04-10 01:43:11.267 [info] > git config --get commit.template [8ms]
2024-04-10 01:43:11.267 [info] > git for-each-ref --format=%(refname)%00%(upstream:short)%00%(objectname)%00%(upstream:track)%00%(upstream:remotename)%00%(upstream:remoteref) refs/heads/main refs/remotes/main [1ms]
2024-04-10 01:43:11.324 [info] > git status -z -uall [51ms]
2024-04-10 01:43:16.420 [info] > git config --get commit.template [8ms]
2024-04-10 01:43:16.420 [info] > git for-each-ref --format=%(refname)%00%(upstream:short)%00%(objectname)%00%(upstream:track)%00%(upstream:remotename)%00%(upstream:remoteref) refs/heads/main refs/remotes/main [1ms]
2024-04-10 01:43:16.477 [info] > git status -z -uall [51ms]
2024-04-10 01:43:21.575 [info] > git config --get commit.template [7ms]
2024-04-10 01:43:21.576 [info] > git for-each-ref --format=%(refname)%00%(upstream:short)%00%(objectname)%00%(upstream:track)%00%(upstream:remotename)%00%(upstream:remoteref) refs/heads/main refs/remotes/main [2ms]
2024-04-10 01:43:21.632 [info] > git status -z -uall [50ms]
2024-04-10 01:43:26.725 [info] > git config --get commit.template [7ms]
2024-04-10 01:43:26.726 [info] > git for-each-ref --format=%(refname)%00%(upstream:short)%00%(objectname)%00%(upstream:track)%00%(upstream:remotename)%00%(upstream:remoteref) refs/heads/main refs/remotes/main [1ms]
2024-04-10 01:43:26.782 [info] > git status -z -uall [50ms]
2024-04-10 01:44:00.465 [info] > git config --get commit.template [6ms]
2024-04-10 01:44:00.465 [info] > git for-each-ref --format=%(refname)%00%(upstream:short)%00%(objectname)%00%(upstream:track)%00%(upstream:remotename)%00%(upstream:remoteref) refs/heads/main refs/remotes/main [1ms]
2024-04-10 01:44:00.523 [info] > git status -z -uall [53ms]
2024-04-10 01:44:05.637 [info] > git config --get commit.template [7ms]
2024-04-10 01:44:05.637 [info] > git for-each-ref --format=%(refname)%00%(upstream:short)%00%(objectname)%00%(upstream:track)%00%(upstream:remotename)%00%(upstream:remoteref) refs/heads/main refs/remotes/main [2ms]
2024-04-10 01:44:05.694 [info] > git status -z -uall [50ms]
2024-04-10 01:44:10.791 [info] > git config --get commit.template [7ms]
2024-04-10 01:44:10.791 [info] > git for-each-ref --format=%(refname)%00%(upstream:short)%00%(objectname)%00%(upstream:track)%00%(upstream:remotename)%00%(upstream:remoteref) refs/heads/main refs/remotes/main [1ms]
2024-04-10 01:44:10.847 [info] > git status -z -uall [50ms]
2024-04-10 01:44:15.946 [info] > git config --get commit.template [7ms]
2024-04-10 01:44:15.947 [info] > git for-each-ref --format=%(refname)%00%(upstream:short)%00%(objectname)%00%(upstream:track)%00%(upstream:remotename)%00%(upstream:remoteref) refs/heads/main refs/remotes/main [2ms]
2024-04-10 01:44:16.004 [info] > git status -z -uall [51ms]
2024-04-10 01:44:21.105 [info] > git config --get commit.template [8ms]
2024-04-10 01:44:21.105 [info] > git for-each-ref --format=%(refname)%00%(upstream:short)%00%(objectname)%00%(upstream:track)%00%(upstream:remotename)%00%(upstream:remoteref) refs/heads/main refs/remotes/main [1ms]
2024-04-10 01:44:21.162 [info] > git status -z -uall [50ms]
2024-04-10 01:44:26.265 [info] > git config --get commit.template [7ms]
2024-04-10 01:44:26.265 [info] > git for-each-ref --format=%(refname)%00%(upstream:short)%00%(objectname)%00%(upstream:track)%00%(upstream:remotename)%00%(upstream:remoteref) refs/heads/main refs/remotes/main [1ms]
2024-04-10 01:44:26.321 [info] > git status -z -uall [49ms]
2024-04-10 01:44:31.426 [info] > git config --get commit.template [7ms]
2024-04-10 01:44:31.427 [info] > git for-each-ref --format=%(refname)%00%(upstream:short)%00%(objectname)%00%(upstream:track)%00%(upstream:remotename)%00%(upstream:remoteref) refs/heads/main refs/remotes/main [2ms]
2024-04-10 01:44:31.483 [info] > git status -z -uall [50ms]
2024-04-10 01:46:15.436 [info] > git config --get commit.template [7ms]
2024-04-10 01:46:15.437 [info] > git for-each-ref --format=%(refname)%00%(upstream:short)%00%(objectname)%00%(upstream:track)%00%(upstream:remotename)%00%(upstream:remoteref) refs/heads/main refs/remotes/main [1ms]
2024-04-10 01:46:15.496 [info] > git status -z -uall [54ms]
2024-04-10 01:46:20.609 [info] > git config --get commit.template [7ms]
2024-04-10 01:46:20.609 [info] > git for-each-ref --format=%(refname)%00%(upstream:short)%00%(objectname)%00%(upstream:track)%00%(upstream:remotename)%00%(upstream:remoteref) refs/heads/main refs/remotes/main [1ms]
2024-04-10 01:46:20.665 [info] > git status -z -uall [50ms]
2024-04-10 01:46:25.762 [info] > git config --get commit.template [7ms]
2024-04-10 01:46:25.762 [info] > git for-each-ref --format=%(refname)%00%(upstream:short)%00%(objectname)%00%(upstream:track)%00%(upstream:remotename)%00%(upstream:remoteref) refs/heads/main refs/remotes/main [1ms]
2024-04-10 01:46:25.819 [info] > git status -z -uall [51ms]
2024-04-10 01:46:30.914 [info] > git config --get commit.template [7ms]
2024-04-10 01:46:30.915 [info] > git for-each-ref --format=%(refname)%00%(upstream:short)%00%(objectname)%00%(upstream:track)%00%(upstream:remotename)%00%(upstream:remoteref) refs/heads/main refs/remotes/main [2ms]
2024-04-10 01:46:30.971 [info] > git status -z -uall [50ms]
2024-04-10 01:46:36.072 [info] > git config --get commit.template [7ms]
2024-04-10 01:46:36.073 [info] > git for-each-ref --format=%(refname)%00%(upstream:short)%00%(objectname)%00%(upstream:track)%00%(upstream:remotename)%00%(upstream:remoteref) refs/heads/main refs/remotes/main [1ms]
2024-04-10 01:46:36.129 [info] > git status -z -uall [50ms]
2024-04-10 01:46:41.231 [info] > git config --get commit.template [8ms]
2024-04-10 01:46:41.232 [info] > git for-each-ref --format=%(refname)%00%(upstream:short)%00%(objectname)%00%(upstream:track)%00%(upstream:remotename)%00%(upstream:remoteref) refs/heads/main refs/remotes/main [1ms]
2024-04-10 01:46:41.288 [info] > git status -z -uall [50ms]
2024-04-10 01:46:46.389 [info] > git config --get commit.template [8ms]
2024-04-10 01:46:46.390 [info] > git for-each-ref --format=%(refname)%00%(upstream:short)%00%(objectname)%00%(upstream:track)%00%(upstream:remotename)%00%(upstream:remoteref) refs/heads/main refs/remotes/main [2ms]
2024-04-10 01:46:46.448 [info] > git status -z -uall [51ms]
2024-04-10 01:46:51.548 [info] > git config --get commit.template [8ms]
2024-04-10 01:46:51.548 [info] > git for-each-ref --format=%(refname)%00%(upstream:short)%00%(objectname)%00%(upstream:track)%00%(upstream:remotename)%00%(upstream:remoteref) refs/heads/main refs/remotes/main [1ms]
2024-04-10 01:46:51.605 [info] > git status -z -uall [50ms]
2024-04-10 01:46:56.711 [info] > git config --get commit.template [8ms]
2024-04-10 01:46:56.711 [info] > git for-each-ref --format=%(refname)%00%(upstream:short)%00%(objectname)%00%(upstream:track)%00%(upstream:remotename)%00%(upstream:remoteref) refs/heads/main refs/remotes/main [1ms]
2024-04-10 01:46:56.768 [info] > git status -z -uall [50ms]
2024-04-10 01:47:01.869 [info] > git config --get commit.template [8ms]
2024-04-10 01:47:01.870 [info] > git for-each-ref --format=%(refname)%00%(upstream:short)%00%(objectname)%00%(upstream:track)%00%(upstream:remotename)%00%(upstream:remoteref) refs/heads/main refs/remotes/main [2ms]
2024-04-10 01:47:01.927 [info] > git status -z -uall [50ms]
2024-04-10 01:47:07.030 [info] > git config --get commit.template [9ms]
2024-04-10 01:47:07.031 [info] > git for-each-ref --format=%(refname)%00%(upstream:short)%00%(objectname)%00%(upstream:track)%00%(upstream:remotename)%00%(upstream:remoteref) refs/heads/main refs/remotes/main [1ms]
2024-04-10 01:47:07.088 [info] > git status -z -uall [50ms]
2024-04-10 02:55:02.378 [info] > git config --get commit.template [6ms]
2024-04-10 02:55:02.379 [info] > git for-each-ref --format=%(refname)%00%(upstream:short)%00%(objectname)%00%(upstream:track)%00%(upstream:remotename)%00%(upstream:remoteref) refs/heads/main refs/remotes/main [1ms]
2024-04-10 02:55:02.438 [info] > git status -z -uall [54ms]
2024-04-10 02:56:34.735 [info] > git config --get commit.template [7ms]
2024-04-10 02:56:34.735 [info] > git for-each-ref --format=%(refname)%00%(upstream:short)%00%(objectname)%00%(upstream:track)%00%(upstream:remotename)%00%(upstream:remoteref) refs/heads/main refs/remotes/main [1ms]
2024-04-10 02:56:34.791 [info] > git status -z -uall [50ms]
2024-04-10 02:56:38.986 [info] > git config --get commit.template [6ms]
2024-04-10 02:56:38.986 [info] > git for-each-ref --format=%(refname)%00%(upstream:short)%00%(objectname)%00%(upstream:track)%00%(upstream:remotename)%00%(upstream:remoteref) refs/heads/main refs/remotes/main [1ms]
2024-04-10 02:56:38.996 [info] > git status -z -uall [5ms]
2024-04-10 02:56:39.465 [info] > git check-ignore -v -z --stdin [2ms]
2024-04-10 02:56:39.902 [info] > git config --get commit.template [7ms]
2024-04-10 02:56:39.902 [info] > git for-each-ref --format=%(refname)%00%(upstream:short)%00%(objectname)%00%(upstream:track)%00%(upstream:remotename)%00%(upstream:remoteref) refs/heads/main refs/remotes/main [1ms]
2024-04-10 02:56:39.959 [info] > git status -z -uall [51ms]
2024-04-10 02:56:45.061 [info] > git config --get commit.template [8ms]
2024-04-10 02:56:45.061 [info] > git for-each-ref --format=%(refname)%00%(upstream:short)%00%(objectname)%00%(upstream:track)%00%(upstream:remotename)%00%(upstream:remoteref) refs/heads/main refs/remotes/main [1ms]
2024-04-10 02:56:45.118 [info] > git status -z -uall [50ms]
2024-04-10 02:57:28.948 [info] > git config --get commit.template [7ms]
2024-04-10 02:57:28.948 [info] > git for-each-ref --format=%(refname)%00%(upstream:short)%00%(objectname)%00%(upstream:track)%00%(upstream:remotename)%00%(upstream:remoteref) refs/heads/main refs/remotes/main [1ms]
2024-04-10 02:57:29.005 [info] > git status -z -uall [51ms]
2024-04-10 02:57:42.415 [info] > git config --get commit.template [6ms]
2024-04-10 02:57:42.415 [info] > git for-each-ref --format=%(refname)%00%(upstream:short)%00%(objectname)%00%(upstream:track)%00%(upstream:remotename)%00%(upstream:remoteref) refs/heads/main refs/remotes/main [1ms]
2024-04-10 02:57:42.471 [info] > git status -z -uall [49ms]
2024-04-10 02:57:55.335 [info] > git config --get commit.template [7ms]
2024-04-10 02:57:55.335 [info] > git for-each-ref --format=%(refname)%00%(upstream:short)%00%(objectname)%00%(upstream:track)%00%(upstream:remotename)%00%(upstream:remoteref) refs/heads/main refs/remotes/main [1ms]
2024-04-10 02:57:55.396 [info] > git status -z -uall [54ms]
2024-04-10 02:58:00.532 [info] > git config --get commit.template [6ms]
2024-04-10 02:58:00.532 [info] > git for-each-ref --format=%(refname)%00%(upstream:short)%00%(objectname)%00%(upstream:track)%00%(upstream:remotename)%00%(upstream:remoteref) refs/heads/main refs/remotes/main [1ms]
2024-04-10 02:58:00.588 [info] > git status -z -uall [49ms]
2024-04-10 02:58:02.225 [info] > git config --get commit.template [6ms]
2024-04-10 02:58:02.226 [info] > git for-each-ref --format=%(refname)%00%(upstream:short)%00%(objectname)%00%(upstream:track)%00%(upstream:remotename)%00%(upstream:remoteref) refs/heads/main refs/remotes/main [2ms]
2024-04-10 02:58:02.236 [info] > git status -z -uall [4ms]
2024-04-10 02:58:05.681 [info] > git config --get commit.template [7ms]
2024-04-10 02:58:05.682 [info] > git for-each-ref --format=%(refname)%00%(upstream:short)%00%(objectname)%00%(upstream:track)%00%(upstream:remotename)%00%(upstream:remoteref) refs/heads/main refs/remotes/main [1ms]
2024-04-10 02:58:05.738 [info] > git status -z -uall [50ms]
2024-04-10 02:58:10.837 [info] > git config --get commit.template [7ms]
2024-04-10 02:58:10.838 [info] > git for-each-ref --format=%(refname)%00%(upstream:short)%00%(objectname)%00%(upstream:track)%00%(upstream:remotename)%00%(upstream:remoteref) refs/heads/main refs/remotes/main [2ms]
2024-04-10 02:58:10.893 [info] > git status -z -uall [49ms]
2024-04-10 02:58:12.847 [info] > git show --textconv :Lab8/Iris_data_sorted.csv [7ms]
2024-04-10 02:58:12.848 [info] > git ls-files --stage -- /home/student/ENGR212_Abdullah_Abdulaziz/Lab8/Iris_data_sorted.csv [2ms]
2024-04-10 02:58:15.984 [info] > git config --get commit.template [7ms]
2024-04-10 02:58:15.985 [info] > git for-each-ref --format=%(refname)%00%(upstream:short)%00%(objectname)%00%(upstream:track)%00%(upstream:remotename)%00%(upstream:remoteref) refs/heads/main refs/remotes/main [1ms]
2024-04-10 02:58:16.042 [info] > git status -z -uall [51ms]
2024-04-10 02:58:21.133 [info] > git config --get commit.template [7ms]
2024-04-10 02:58:21.134 [info] > git for-each-ref --format=%(refname)%00%(upstream:short)%00%(objectname)%00%(upstream:track)%00%(upstream:remotename)%00%(upstream:remoteref) refs/heads/main refs/remotes/main [2ms]
2024-04-10 02:58:21.190 [info] > git status -z -uall [50ms]
2024-04-10 02:58:25.035 [info] > git config --get commit.template [7ms]
2024-04-10 02:58:25.036 [info] > git for-each-ref --format=%(refname)%00%(upstream:short)%00%(objectname)%00%(upstream:track)%00%(upstream:remotename)%00%(upstream:remoteref) refs/heads/main refs/remotes/main [1ms]
2024-04-10 02:58:25.045 [info] > git status -z -uall [4ms]
2024-04-10 02:58:26.280 [info] > git config --get commit.template [7ms]
2024-04-10 02:58:26.280 [info] > git for-each-ref --format=%(refname)%00%(upstream:short)%00%(objectname)%00%(upstream:track)%00%(upstream:remotename)%00%(upstream:remoteref) refs/heads/main refs/remotes/main [1ms]
2024-04-10 02:58:26.337 [info] > git status -z -uall [51ms]
2024-04-10 02:58:31.433 [info] > git config --get commit.template [7ms]
2024-04-10 02:58:31.433 [info] > git for-each-ref --format=%(refname)%00%(upstream:short)%00%(objectname)%00%(upstream:track)%00%(upstream:remotename)%00%(upstream:remoteref) refs/heads/main refs/remotes/main [1ms]
2024-04-10 02:58:31.489 [info] > git status -z -uall [50ms]
2024-04-10 02:58:36.579 [info] > git config --get commit.template [7ms]
2024-04-10 02:58:36.580 [info] > git for-each-ref --format=%(refname)%00%(upstream:short)%00%(objectname)%00%(upstream:track)%00%(upstream:remotename)%00%(upstream:remoteref) refs/heads/main refs/remotes/main [1ms]
2024-04-10 02:58:36.635 [info] > git status -z -uall [50ms]
2024-04-10 02:58:41.725 [info] > git config --get commit.template [7ms]
2024-04-10 02:58:41.725 [info] > git for-each-ref --format=%(refname)%00%(upstream:short)%00%(objectname)%00%(upstream:track)%00%(upstream:remotename)%00%(upstream:remoteref) refs/heads/main refs/remotes/main [1ms]
2024-04-10 02:58:41.781 [info] > git status -z -uall [50ms]
2024-04-10 02:58:46.871 [info] > git config --get commit.template [7ms]
2024-04-10 02:58:46.872 [info] > git for-each-ref --format=%(refname)%00%(upstream:short)%00%(objectname)%00%(upstream:track)%00%(upstream:remotename)%00%(upstream:remoteref) refs/heads/main refs/remotes/main [2ms]
2024-04-10 02:58:46.928 [info] > git status -z -uall [50ms]
2024-04-10 02:58:52.028 [info] > git for-each-ref --format=%(refname)%00%(upstream:short)%00%(objectname)%00%(upstream:track)%00%(upstream:remotename)%00%(upstream:remoteref) refs/heads/main refs/remotes/main [7ms]
2024-04-10 02:58:52.028 [info] > git config --get commit.template [14ms]
2024-04-10 02:58:52.028 [info] > git config --get commit.template [1ms]
2024-04-10 02:58:52.040 [info] > git for-each-ref --format=%(refname)%00%(upstream:short)%00%(objectname)%00%(upstream:track)%00%(upstream:remotename)%00%(upstream:remoteref) refs/heads/main refs/remotes/main [5ms]
2024-04-10 02:58:52.052 [info] > git status -z -uall [5ms]
2024-04-10 02:58:52.092 [info] > git status -z -uall [53ms]
2024-04-10 02:58:52.495 [info] > git check-ignore -v -z --stdin [4ms]
2024-04-10 02:59:06.165 [info] > git config --get commit.template [7ms]
2024-04-10 02:59:06.166 [info] > git for-each-ref --format=%(refname)%00%(upstream:short)%00%(objectname)%00%(upstream:track)%00%(upstream:remotename)%00%(upstream:remoteref) refs/heads/main refs/remotes/main [1ms]
2024-04-10 02:59:06.223 [info] > git status -z -uall [51ms]
2024-04-10 02:59:06.884 [info] > git show --textconv :Lab8/iris_data_sorted.csv [7ms]
2024-04-10 02:59:06.885 [info] > git ls-files --stage -- /home/student/ENGR212_Abdullah_Abdulaziz/Lab8/iris_data_sorted.csv [2ms]
2024-04-10 02:59:22.794 [info] > git config --get commit.template [7ms]
2024-04-10 02:59:22.795 [info] > git for-each-ref --format=%(refname)%00%(upstream:short)%00%(objectname)%00%(upstream:track)%00%(upstream:remotename)%00%(upstream:remoteref) refs/heads/main refs/remotes/main [1ms]
2024-04-10 02:59:22.853 [info] > git status -z -uall [53ms]
2024-04-10 02:59:27.969 [info] > git config --get commit.template [7ms]
2024-04-10 02:59:27.970 [info] > git for-each-ref --format=%(refname)%00%(upstream:short)%00%(objectname)%00%(upstream:track)%00%(upstream:remotename)%00%(upstream:remoteref) refs/heads/main refs/remotes/main [2ms]
2024-04-10 02:59:28.026 [info] > git status -z -uall [50ms]
2024-04-10 02:59:33.128 [info] > git config --get commit.template [8ms]
2024-04-10 02:59:33.129 [info] > git for-each-ref --format=%(refname)%00%(upstream:short)%00%(objectname)%00%(upstream:track)%00%(upstream:remotename)%00%(upstream:remoteref) refs/heads/main refs/remotes/main [2ms]
2024-04-10 02:59:33.186 [info] > git status -z -uall [51ms]
2024-04-10 02:59:38.285 [info] > git config --get commit.template [8ms]
2024-04-10 02:59:38.285 [info] > git for-each-ref --format=%(refname)%00%(upstream:short)%00%(objectname)%00%(upstream:track)%00%(upstream:remotename)%00%(upstream:remoteref) refs/heads/main refs/remotes/main [1ms]
2024-04-10 02:59:38.342 [info] > git status -z -uall [50ms]
2024-04-10 02:59:43.444 [info] > git config --get commit.template [8ms]
2024-04-10 02:59:43.444 [info] > git for-each-ref --format=%(refname)%00%(upstream:short)%00%(objectname)%00%(upstream:track)%00%(upstream:remotename)%00%(upstream:remoteref) refs/heads/main refs/remotes/main [2ms]
2024-04-10 02:59:43.502 [info] > git status -z -uall [51ms]
2024-04-10 02:59:48.606 [info] > git config --get commit.template [8ms]
2024-04-10 02:59:48.606 [info] > git for-each-ref --format=%(refname)%00%(upstream:short)%00%(objectname)%00%(upstream:track)%00%(upstream:remotename)%00%(upstream:remoteref) refs/heads/main refs/remotes/main [1ms]
2024-04-10 02:59:48.663 [info] > git status -z -uall [50ms]
2024-04-10 02:59:53.769 [info] > git config --get commit.template [9ms]
2024-04-10 02:59:53.770 [info] > git for-each-ref --format=%(refname)%00%(upstream:short)%00%(objectname)%00%(upstream:track)%00%(upstream:remotename)%00%(upstream:remoteref) refs/heads/main refs/remotes/main [1ms]
2024-04-10 02:59:53.827 [info] > git status -z -uall [50ms]
2024-04-10 02:59:58.929 [info] > git config --get commit.template [9ms]
2024-04-10 02:59:58.930 [info] > git for-each-ref --format=%(refname)%00%(upstream:short)%00%(objectname)%00%(upstream:track)%00%(upstream:remotename)%00%(upstream:remoteref) refs/heads/main refs/remotes/main [2ms]
2024-04-10 02:59:58.988 [info] > git status -z -uall [50ms]
2024-04-10 03:00:04.091 [info] > git config --get commit.template [9ms]
2024-04-10 03:00:04.091 [info] > git for-each-ref --format=%(refname)%00%(upstream:short)%00%(objectname)%00%(upstream:track)%00%(upstream:remotename)%00%(upstream:remoteref) refs/heads/main refs/remotes/main [1ms]
2024-04-10 03:00:04.149 [info] > git status -z -uall [50ms]
2024-04-10 03:00:09.252 [info] > git config --get commit.template [9ms]
2024-04-10 03:00:09.253 [info] > git for-each-ref --format=%(refname)%00%(upstream:short)%00%(objectname)%00%(upstream:track)%00%(upstream:remotename)%00%(upstream:remoteref) refs/heads/main refs/remotes/main [2ms]
2024-04-10 03:00:09.311 [info] > git status -z -uall [51ms]
2024-04-10 03:00:14.412 [info] > git config --get commit.template [9ms]
2024-04-10 03:00:14.412 [info] > git for-each-ref --format=%(refname)%00%(upstream:short)%00%(objectname)%00%(upstream:track)%00%(upstream:remotename)%00%(upstream:remoteref) refs/heads/main refs/remotes/main [1ms]
2024-04-10 03:00:14.470 [info] > git status -z -uall [50ms]
2024-04-10 03:00:19.574 [info] > git config --get commit.template [9ms]
2024-04-10 03:00:19.575 [info] > git for-each-ref --format=%(refname)%00%(upstream:short)%00%(objectname)%00%(upstream:track)%00%(upstream:remotename)%00%(upstream:remoteref) refs/heads/main refs/remotes/main [2ms]
2024-04-10 03:00:19.633 [info] > git status -z -uall [50ms]
2024-04-10 03:00:24.737 [info] > git config --get commit.template [10ms]
2024-04-10 03:00:24.737 [info] > git for-each-ref --format=%(refname)%00%(upstream:short)%00%(objectname)%00%(upstream:track)%00%(upstream:remotename)%00%(upstream:remoteref) refs/heads/main refs/remotes/main [1ms]
2024-04-10 03:00:24.795 [info] > git status -z -uall [49ms]
2024-04-10 03:00:29.900 [info] > git config --get commit.template [9ms]
2024-04-10 03:00:29.900 [info] > git for-each-ref --format=%(refname)%00%(upstream:short)%00%(objectname)%00%(upstream:track)%00%(upstream:remotename)%00%(upstream:remoteref) refs/heads/main refs/remotes/main [1ms]
2024-04-10 03:00:29.958 [info] > git status -z -uall [49ms]
2024-04-10 03:00:35.066 [info] > git config --get commit.template [10ms]
2024-04-10 03:00:35.067 [info] > git for-each-ref --format=%(refname)%00%(upstream:short)%00%(objectname)%00%(upstream:track)%00%(upstream:remotename)%00%(upstream:remoteref) refs/heads/main refs/remotes/main [1ms]
2024-04-10 03:00:35.126 [info] > git status -z -uall [50ms]
2024-04-10 03:00:40.234 [info] > git config --get commit.template [10ms]
2024-04-10 03:00:40.235 [info] > git for-each-ref --format=%(refname)%00%(upstream:short)%00%(objectname)%00%(upstream:track)%00%(upstream:remotename)%00%(upstream:remoteref) refs/heads/main refs/remotes/main [2ms]
2024-04-10 03:00:40.294 [info] > git status -z -uall [50ms]
2024-04-10 03:00:45.397 [info] > git config --get commit.template [8ms]
2024-04-10 03:00:45.397 [info] > git for-each-ref --format=%(refname)%00%(upstream:short)%00%(objectname)%00%(upstream:track)%00%(upstream:remotename)%00%(upstream:remoteref) refs/heads/main refs/remotes/main [2ms]
2024-04-10 03:00:45.454 [info] > git status -z -uall [50ms]
2024-04-10 03:02:57.723 [info] > git config --get commit.template [6ms]
2024-04-10 03:02:57.723 [info] > git for-each-ref --format=%(refname)%00%(upstream:short)%00%(objectname)%00%(upstream:track)%00%(upstream:remotename)%00%(upstream:remoteref) refs/heads/main refs/remotes/main [1ms]
2024-04-10 03:02:57.781 [info] > git status -z -uall [53ms]
2024-04-10 03:03:02.896 [info] > git config --get commit.template [7ms]
2024-04-10 03:03:02.896 [info] > git for-each-ref --format=%(refname)%00%(upstream:short)%00%(objectname)%00%(upstream:track)%00%(upstream:remotename)%00%(upstream:remoteref) refs/heads/main refs/remotes/main [1ms]
2024-04-10 03:03:02.952 [info] > git status -z -uall [50ms]
2024-04-10 03:03:08.045 [info] > git config --get commit.template [7ms]
2024-04-10 03:03:08.046 [info] > git for-each-ref --format=%(refname)%00%(upstream:short)%00%(objectname)%00%(upstream:track)%00%(upstream:remotename)%00%(upstream:remoteref) refs/heads/main refs/remotes/main [1ms]
2024-04-10 03:03:08.103 [info] > git status -z -uall [51ms]
2024-04-10 03:03:13.200 [info] > git config --get commit.template [7ms]
2024-04-10 03:03:13.200 [info] > git for-each-ref --format=%(refname)%00%(upstream:short)%00%(objectname)%00%(upstream:track)%00%(upstream:remotename)%00%(upstream:remoteref) refs/heads/main refs/remotes/main [1ms]
2024-04-10 03:03:13.256 [info] > git status -z -uall [50ms]
2024-04-10 03:03:16.057 [info] > git config --get commit.template [7ms]
2024-04-10 03:03:16.057 [info] > git for-each-ref --format=%(refname)%00%(upstream:short)%00%(objectname)%00%(upstream:track)%00%(upstream:remotename)%00%(upstream:remoteref) refs/heads/main refs/remotes/main [1ms]
2024-04-10 03:03:16.068 [info] > git status -z -uall [5ms]
2024-04-10 03:03:18.357 [info] > git config --get commit.template [8ms]
2024-04-10 03:03:18.357 [info] > git for-each-ref --format=%(refname)%00%(upstream:short)%00%(objectname)%00%(upstream:track)%00%(upstream:remotename)%00%(upstream:remoteref) refs/heads/main refs/remotes/main [1ms]
2024-04-10 03:03:18.415 [info] > git status -z -uall [51ms]
2024-04-10 03:03:23.516 [info] > git config --get commit.template [7ms]
2024-04-10 03:03:23.516 [info] > git for-each-ref --format=%(refname)%00%(upstream:short)%00%(objectname)%00%(upstream:track)%00%(upstream:remotename)%00%(upstream:remoteref) refs/heads/main refs/remotes/main [1ms]
2024-04-10 03:03:23.573 [info] > git status -z -uall [49ms]
2024-04-10 03:03:28.674 [info] > git config --get commit.template [8ms]
2024-04-10 03:03:28.675 [info] > git for-each-ref --format=%(refname)%00%(upstream:short)%00%(objectname)%00%(upstream:track)%00%(upstream:remotename)%00%(upstream:remoteref) refs/heads/main refs/remotes/main [2ms]
2024-04-10 03:03:28.732 [info] > git status -z -uall [50ms]
2024-04-10 03:03:33.831 [info] > git config --get commit.template [7ms]
2024-04-10 03:03:33.831 [info] > git for-each-ref --format=%(refname)%00%(upstream:short)%00%(objectname)%00%(upstream:track)%00%(upstream:remotename)%00%(upstream:remoteref) refs/heads/main refs/remotes/main [1ms]
2024-04-10 03:03:33.888 [info] > git status -z -uall [51ms]
2024-04-10 03:03:38.985 [info] > git config --get commit.template [7ms]
2024-04-10 03:03:38.985 [info] > git for-each-ref --format=%(refname)%00%(upstream:short)%00%(objectname)%00%(upstream:track)%00%(upstream:remotename)%00%(upstream:remoteref) refs/heads/main refs/remotes/main [1ms]
2024-04-10 03:03:39.041 [info] > git status -z -uall [50ms]
2024-04-10 03:03:44.133 [info] > git config --get commit.template [7ms]
2024-04-10 03:03:44.133 [info] > git for-each-ref --format=%(refname)%00%(upstream:short)%00%(objectname)%00%(upstream:track)%00%(upstream:remotename)%00%(upstream:remoteref) refs/heads/main refs/remotes/main [1ms]
2024-04-10 03:03:44.189 [info] > git status -z -uall [50ms]
2024-04-10 03:03:46.835 [info] > git config --get commit.template [7ms]
2024-04-10 03:03:46.835 [info] > git for-each-ref --format=%(refname)%00%(upstream:short)%00%(objectname)%00%(upstream:track)%00%(upstream:remotename)%00%(upstream:remoteref) refs/heads/main refs/remotes/main [1ms]
2024-04-10 03:03:46.845 [info] > git status -z -uall [4ms]
2024-04-10 03:03:47.257 [info] > git check-ignore -v -z --stdin [2ms]
2024-04-10 03:03:49.147 [info] > git show --textconv :iris_data_sorted.csv [7ms]
2024-04-10 03:03:49.148 [info] > git ls-files --stage -- /home/student/ENGR212_Abdullah_Abdulaziz/iris_data_sorted.csv [2ms]
2024-04-10 03:03:49.278 [info] > git config --get commit.template [7ms]
2024-04-10 03:03:49.279 [info] > git for-each-ref --format=%(refname)%00%(upstream:short)%00%(objectname)%00%(upstream:track)%00%(upstream:remotename)%00%(upstream:remoteref) refs/heads/main refs/remotes/main [2ms]
2024-04-10 03:03:49.334 [info] > git status -z -uall [49ms]
2024-04-10 03:03:51.257 [info] > git show --textconv :Lab8/iris_data_sorted.csv [7ms]
2024-04-10 03:03:51.258 [info] > git ls-files --stage -- /home/student/ENGR212_Abdullah_Abdulaziz/Lab8/iris_data_sorted.csv [2ms]
2024-04-10 03:03:51.702 [info] > git show --textconv :iris_data_sorted.csv [7ms]
2024-04-10 03:03:51.703 [info] > git ls-files --stage -- /home/student/ENGR212_Abdullah_Abdulaziz/iris_data_sorted.csv [1ms]
2024-04-10 03:03:54.430 [info] > git config --get commit.template [7ms]
2024-04-10 03:03:54.430 [info] > git for-each-ref --format=%(refname)%00%(upstream:short)%00%(objectname)%00%(upstream:track)%00%(upstream:remotename)%00%(upstream:remoteref) refs/heads/main refs/remotes/main [2ms]
2024-04-10 03:03:54.486 [info] > git status -z -uall [50ms]
2024-04-10 03:03:55.281 [info] > git config --get commit.template [8ms]
2024-04-10 03:03:55.281 [info] > git for-each-ref --format=%(refname)%00%(upstream:short)%00%(objectname)%00%(upstream:track)%00%(upstream:remotename)%00%(upstream:remoteref) refs/heads/main refs/remotes/main [1ms]
2024-04-10 03:03:55.291 [info] > git status -z -uall [4ms]
2024-04-10 03:03:59.578 [info] > git config --get commit.template [8ms]
2024-04-10 03:03:59.578 [info] > git for-each-ref --format=%(refname)%00%(upstream:short)%00%(objectname)%00%(upstream:track)%00%(upstream:remotename)%00%(upstream:remoteref) refs/heads/main refs/remotes/main [1ms]
2024-04-10 03:03:59.634 [info] > git status -z -uall [50ms]
2024-04-10 03:04:04.726 [info] > git config --get commit.template [7ms]
2024-04-10 03:04:04.727 [info] > git for-each-ref --format=%(refname)%00%(upstream:short)%00%(objectname)%00%(upstream:track)%00%(upstream:remotename)%00%(upstream:remoteref) refs/heads/main refs/remotes/main [2ms]
2024-04-10 03:04:04.784 [info] > git status -z -uall [51ms]
2024-04-10 03:04:09.879 [info] > git config --get commit.template [6ms]
2024-04-10 03:04:09.879 [info] > git for-each-ref --format=%(refname)%00%(upstream:short)%00%(objectname)%00%(upstream:track)%00%(upstream:remotename)%00%(upstream:remoteref) refs/heads/main refs/remotes/main [1ms]
2024-04-10 03:04:09.935 [info] > git status -z -uall [49ms]
