2024-02-29 02:29:10.951 [info] Log level: Info
2024-02-29 02:29:10.951 [info] Validating found git in: "git"
2024-02-29 02:29:10.951 [info] Using git "2.34.1" from "git"
2024-02-29 02:29:10.951 [info] > git rev-parse --show-toplevel [43ms]
2024-02-29 02:29:10.951 [info] > git rev-parse --git-dir --git-common-dir [2ms]
2024-02-29 02:29:10.951 [info] Open repository: /home/student
2024-02-29 02:29:10.951 [info] > git config --get commit.template [11ms]
2024-02-29 02:29:10.951 [info] > git rev-parse --show-toplevel [9ms]
2024-02-29 02:29:10.951 [info] fatal: this operation must be run in a work tree
2024-02-29 02:29:10.951 [info] > git rev-parse --show-toplevel [1ms]
2024-02-29 02:29:10.951 [info] > git rev-parse --show-toplevel [2ms]
2024-02-29 02:29:10.951 [info] > git rev-parse --show-toplevel [1ms]
2024-02-29 02:29:10.951 [info] > git rev-parse --show-toplevel [0ms]
2024-02-29 02:29:10.951 [info] > git rev-parse --git-dir --git-common-dir [1ms]
2024-02-29 02:29:10.951 [info] Open repository: /home/student/ENGR212_Abdullah_Abdulaziz
2024-02-29 02:29:10.951 [info] > git for-each-ref --format=%(refname)%00%(upstream:short)%00%(objectname)%00%(upstream:track)%00%(upstream:remotename)%00%(upstream:remoteref) refs/heads/main refs/remotes/main [41ms]
2024-02-29 02:29:10.951 [info] > git config --get commit.template [2ms]
2024-02-29 02:29:10.951 [info] > git for-each-ref --format=%(refname)%00%(upstream:short)%00%(objectname)%00%(upstream:track)%00%(upstream:remotename)%00%(upstream:remoteref) refs/heads/main refs/remotes/main [7ms]
2024-02-29 02:29:10.951 [info] > git status -z -uall [14ms]
2024-02-29 02:29:10.951 [info] > git config --get commit.template [5ms]
2024-02-29 02:29:10.951 [info] > git for-each-ref --format=%(refname)%00%(upstream:short)%00%(objectname)%00%(upstream:track)%00%(upstream:remotename)%00%(upstream:remoteref) refs/heads/main refs/remotes/main [2ms]
2024-02-29 02:29:10.951 [info] > git status -z -uall [8ms]
2024-02-29 02:29:11.124 [info] > git status -z -uall [229ms]
2024-02-29 02:29:11.168 [info] > git config --get commit.template [5ms]
2024-02-29 02:29:11.169 [info] > git for-each-ref --format=%(refname)%00%(upstream:short)%00%(objectname)%00%(upstream:track)%00%(upstream:remotename)%00%(upstream:remoteref) refs/heads/main refs/remotes/main [2ms]
2024-02-29 02:29:11.197 [info] > git status -z -uall [23ms]
2024-02-29 02:29:11.507 [info] > git check-ignore -v -z --stdin [7ms]
2024-02-29 02:29:11.508 [info] > git check-ignore -v -z --stdin [3ms]
2024-02-29 02:29:11.862 [info] > git show --textconv :.git/COMMIT_EDITMSG [8ms]
2024-02-29 02:29:11.862 [info] > git ls-files --stage -- /home/student/ENGR212_Abdullah_Abdulaziz/.git/COMMIT_EDITMSG [2ms]
2024-02-29 02:29:14.351 [info] > git config --get commit.template [6ms]
2024-02-29 02:29:14.352 [info] > git for-each-ref --format=%(refname)%00%(upstream:short)%00%(objectname)%00%(upstream:track)%00%(upstream:remotename)%00%(upstream:remoteref) refs/heads/main refs/remotes/main [1ms]
2024-02-29 02:29:14.378 [info] > git status -z -uall [21ms]
2024-02-29 02:29:19.415 [info] > git config --get commit.template [7ms]
2024-02-29 02:29:19.415 [info] > git for-each-ref --format=%(refname)%00%(upstream:short)%00%(objectname)%00%(upstream:track)%00%(upstream:remotename)%00%(upstream:remoteref) refs/heads/main refs/remotes/main [2ms]
2024-02-29 02:29:19.442 [info] > git status -z -uall [21ms]
2024-02-29 02:29:24.478 [info] > git config --get commit.template [6ms]
2024-02-29 02:29:24.478 [info] > git for-each-ref --format=%(refname)%00%(upstream:short)%00%(objectname)%00%(upstream:track)%00%(upstream:remotename)%00%(upstream:remoteref) refs/heads/main refs/remotes/main [1ms]
2024-02-29 02:29:24.505 [info] > git status -z -uall [21ms]
2024-02-29 02:29:29.544 [info] > git config --get commit.template [7ms]
2024-02-29 02:29:29.545 [info] > git for-each-ref --format=%(refname)%00%(upstream:short)%00%(objectname)%00%(upstream:track)%00%(upstream:remotename)%00%(upstream:remoteref) refs/heads/main refs/remotes/main [2ms]
2024-02-29 02:29:29.572 [info] > git status -z -uall [21ms]
2024-02-29 02:29:33.788 [info] > git check-ignore -v -z --stdin [1ms]
2024-02-29 02:29:34.100 [info] > git config --get commit.template [6ms]
2024-02-29 02:29:34.100 [info] > git for-each-ref --format=%(refname)%00%(upstream:short)%00%(objectname)%00%(upstream:track)%00%(upstream:remotename)%00%(upstream:remoteref) refs/heads/main refs/remotes/main [2ms]
2024-02-29 02:29:34.107 [info] > git status -z -uall [2ms]
2024-02-29 02:29:34.609 [info] > git config --get commit.template [6ms]
2024-02-29 02:29:34.610 [info] > git for-each-ref --format=%(refname)%00%(upstream:short)%00%(objectname)%00%(upstream:track)%00%(upstream:remotename)%00%(upstream:remoteref) refs/heads/main refs/remotes/main [1ms]
2024-02-29 02:29:34.635 [info] > git status -z -uall [20ms]
2024-02-29 02:29:36.188 [info] > git show --textconv :.git/COMMIT_EDITMSG [7ms]
2024-02-29 02:29:36.190 [info] > git ls-files --stage -- /home/student/.git/COMMIT_EDITMSG [2ms]
2024-02-29 02:29:36.424 [info] > git check-ignore -v -z --stdin [2ms]
2024-02-29 02:29:39.668 [info] > git config --get commit.template [7ms]
2024-02-29 02:29:39.668 [info] > git for-each-ref --format=%(refname)%00%(upstream:short)%00%(objectname)%00%(upstream:track)%00%(upstream:remotename)%00%(upstream:remoteref) refs/heads/main refs/remotes/main [1ms]
2024-02-29 02:29:39.695 [info] > git status -z -uall [21ms]
2024-02-29 02:29:44.728 [info] > git config --get commit.template [7ms]
2024-02-29 02:29:44.728 [info] > git for-each-ref --format=%(refname)%00%(upstream:short)%00%(objectname)%00%(upstream:track)%00%(upstream:remotename)%00%(upstream:remoteref) refs/heads/main refs/remotes/main [1ms]
2024-02-29 02:29:44.755 [info] > git status -z -uall [21ms]
2024-02-29 02:29:49.793 [info] > git config --get commit.template [7ms]
2024-02-29 02:29:49.793 [info] > git for-each-ref --format=%(refname)%00%(upstream:short)%00%(objectname)%00%(upstream:track)%00%(upstream:remotename)%00%(upstream:remoteref) refs/heads/main refs/remotes/main [1ms]
2024-02-29 02:29:49.820 [info] > git status -z -uall [21ms]
2024-02-29 02:29:54.856 [info] > git config --get commit.template [7ms]
2024-02-29 02:29:54.857 [info] > git for-each-ref --format=%(refname)%00%(upstream:short)%00%(objectname)%00%(upstream:track)%00%(upstream:remotename)%00%(upstream:remoteref) refs/heads/main refs/remotes/main [2ms]
2024-02-29 02:29:54.884 [info] > git status -z -uall [20ms]
2024-02-29 02:29:59.917 [info] > git config --get commit.template [8ms]
2024-02-29 02:29:59.917 [info] > git for-each-ref --format=%(refname)%00%(upstream:short)%00%(objectname)%00%(upstream:track)%00%(upstream:remotename)%00%(upstream:remoteref) refs/heads/main refs/remotes/main [1ms]
2024-02-29 02:29:59.944 [info] > git status -z -uall [21ms]
2024-02-29 02:30:05.436 [info] > git config --get commit.template [8ms]
2024-02-29 02:30:05.436 [info] > git for-each-ref --format=%(refname)%00%(upstream:short)%00%(objectname)%00%(upstream:track)%00%(upstream:remotename)%00%(upstream:remoteref) refs/heads/main refs/remotes/main [1ms]
2024-02-29 02:30:05.464 [info] > git status -z -uall [21ms]
2024-02-29 02:30:10.498 [info] > git config --get commit.template [7ms]
2024-02-29 02:30:10.498 [info] > git for-each-ref --format=%(refname)%00%(upstream:short)%00%(objectname)%00%(upstream:track)%00%(upstream:remotename)%00%(upstream:remoteref) refs/heads/main refs/remotes/main [2ms]
2024-02-29 02:30:10.527 [info] > git status -z -uall [23ms]
2024-02-29 02:30:15.562 [info] > git config --get commit.template [7ms]
2024-02-29 02:30:15.563 [info] > git for-each-ref --format=%(refname)%00%(upstream:short)%00%(objectname)%00%(upstream:track)%00%(upstream:remotename)%00%(upstream:remoteref) refs/heads/main refs/remotes/main [2ms]
2024-02-29 02:30:15.589 [info] > git status -z -uall [20ms]
2024-02-29 02:30:20.630 [info] > git config --get commit.template [8ms]
2024-02-29 02:30:20.630 [info] > git for-each-ref --format=%(refname)%00%(upstream:short)%00%(objectname)%00%(upstream:track)%00%(upstream:remotename)%00%(upstream:remoteref) refs/heads/main refs/remotes/main [1ms]
2024-02-29 02:30:20.658 [info] > git status -z -uall [21ms]
2024-02-29 02:30:25.691 [info] > git config --get commit.template [7ms]
2024-02-29 02:30:25.692 [info] > git for-each-ref --format=%(refname)%00%(upstream:short)%00%(objectname)%00%(upstream:track)%00%(upstream:remotename)%00%(upstream:remoteref) refs/heads/main refs/remotes/main [2ms]
2024-02-29 02:30:25.719 [info] > git status -z -uall [20ms]
2024-02-29 02:30:30.754 [info] > git config --get commit.template [8ms]
2024-02-29 02:30:30.754 [info] > git for-each-ref --format=%(refname)%00%(upstream:short)%00%(objectname)%00%(upstream:track)%00%(upstream:remotename)%00%(upstream:remoteref) refs/heads/main refs/remotes/main [1ms]
2024-02-29 02:30:30.785 [info] > git status -z -uall [24ms]
2024-02-29 02:30:35.821 [info] > git config --get commit.template [9ms]
2024-02-29 02:30:35.822 [info] > git for-each-ref --format=%(refname)%00%(upstream:short)%00%(objectname)%00%(upstream:track)%00%(upstream:remotename)%00%(upstream:remoteref) refs/heads/main refs/remotes/main [2ms]
2024-02-29 02:30:35.849 [info] > git status -z -uall [20ms]
2024-02-29 02:30:40.887 [info] > git config --get commit.template [8ms]
2024-02-29 02:30:40.888 [info] > git for-each-ref --format=%(refname)%00%(upstream:short)%00%(objectname)%00%(upstream:track)%00%(upstream:remotename)%00%(upstream:remoteref) refs/heads/main refs/remotes/main [2ms]
2024-02-29 02:30:40.914 [info] > git status -z -uall [20ms]
2024-02-29 02:30:45.950 [info] > git config --get commit.template [8ms]
2024-02-29 02:30:45.950 [info] > git for-each-ref --format=%(refname)%00%(upstream:short)%00%(objectname)%00%(upstream:track)%00%(upstream:remotename)%00%(upstream:remoteref) refs/heads/main refs/remotes/main [1ms]
2024-02-29 02:30:45.978 [info] > git status -z -uall [21ms]
2024-02-29 02:30:51.014 [info] > git config --get commit.template [7ms]
2024-02-29 02:30:51.015 [info] > git for-each-ref --format=%(refname)%00%(upstream:short)%00%(objectname)%00%(upstream:track)%00%(upstream:remotename)%00%(upstream:remoteref) refs/heads/main refs/remotes/main [2ms]
2024-02-29 02:30:51.041 [info] > git status -z -uall [20ms]
2024-02-29 02:30:56.076 [info] > git config --get commit.template [8ms]
2024-02-29 02:30:56.077 [info] > git for-each-ref --format=%(refname)%00%(upstream:short)%00%(objectname)%00%(upstream:track)%00%(upstream:remotename)%00%(upstream:remoteref) refs/heads/main refs/remotes/main [1ms]
2024-02-29 02:30:56.103 [info] > git status -z -uall [20ms]
2024-02-29 02:31:01.138 [info] > git config --get commit.template [8ms]
2024-02-29 02:31:01.138 [info] > git for-each-ref --format=%(refname)%00%(upstream:short)%00%(objectname)%00%(upstream:track)%00%(upstream:remotename)%00%(upstream:remoteref) refs/heads/main refs/remotes/main [2ms]
2024-02-29 02:31:01.166 [info] > git status -z -uall [22ms]
2024-02-29 02:31:06.201 [info] > git config --get commit.template [7ms]
2024-02-29 02:31:06.202 [info] > git for-each-ref --format=%(refname)%00%(upstream:short)%00%(objectname)%00%(upstream:track)%00%(upstream:remotename)%00%(upstream:remoteref) refs/heads/main refs/remotes/main [1ms]
2024-02-29 02:31:06.230 [info] > git status -z -uall [22ms]
2024-02-29 02:31:11.263 [info] > git config --get commit.template [7ms]
2024-02-29 02:31:11.264 [info] > git for-each-ref --format=%(refname)%00%(upstream:short)%00%(objectname)%00%(upstream:track)%00%(upstream:remotename)%00%(upstream:remoteref) refs/heads/main refs/remotes/main [1ms]
2024-02-29 02:31:11.290 [info] > git status -z -uall [20ms]
2024-02-29 02:31:23.167 [info] > git config --get commit.template [6ms]
2024-02-29 02:31:23.168 [info] > git for-each-ref --format=%(refname)%00%(upstream:short)%00%(objectname)%00%(upstream:track)%00%(upstream:remotename)%00%(upstream:remoteref) refs/heads/main refs/remotes/main [1ms]
2024-02-29 02:31:23.194 [info] > git status -z -uall [20ms]
2024-02-29 02:31:26.793 [info] > git check-ignore -v -z --stdin [2ms]
2024-02-29 02:31:27.007 [info] > git config --get commit.template [7ms]
2024-02-29 02:31:27.007 [info] > git for-each-ref --format=%(refname)%00%(upstream:short)%00%(objectname)%00%(upstream:track)%00%(upstream:remotename)%00%(upstream:remoteref) refs/heads/main refs/remotes/main [1ms]
2024-02-29 02:31:27.014 [info] > git status -z -uall [2ms]
2024-02-29 02:31:28.227 [info] > git config --get commit.template [7ms]
2024-02-29 02:31:28.228 [info] > git for-each-ref --format=%(refname)%00%(upstream:short)%00%(objectname)%00%(upstream:track)%00%(upstream:remotename)%00%(upstream:remoteref) refs/heads/main refs/remotes/main [1ms]
2024-02-29 02:31:28.254 [info] > git status -z -uall [20ms]
2024-02-29 02:31:43.907 [info] > git config --get commit.template [7ms]
2024-02-29 02:31:43.907 [info] > git for-each-ref --format=%(refname)%00%(upstream:short)%00%(objectname)%00%(upstream:track)%00%(upstream:remotename)%00%(upstream:remoteref) refs/heads/main refs/remotes/main [1ms]
2024-02-29 02:31:43.938 [info] > git status -z -uall [24ms]
2024-02-29 02:31:48.978 [info] > git config --get commit.template [7ms]
2024-02-29 02:31:48.978 [info] > git for-each-ref --format=%(refname)%00%(upstream:short)%00%(objectname)%00%(upstream:track)%00%(upstream:remotename)%00%(upstream:remoteref) refs/heads/main refs/remotes/main [1ms]
2024-02-29 02:31:49.005 [info] > git status -z -uall [22ms]
2024-02-29 02:31:55.928 [info] > git config --get commit.template [6ms]
2024-02-29 02:31:55.929 [info] > git for-each-ref --format=%(refname)%00%(upstream:short)%00%(objectname)%00%(upstream:track)%00%(upstream:remotename)%00%(upstream:remoteref) refs/heads/main refs/remotes/main [1ms]
2024-02-29 02:31:55.958 [info] > git status -z -uall [24ms]
2024-02-29 02:32:00.992 [info] > git config --get commit.template [6ms]
2024-02-29 02:32:00.992 [info] > git for-each-ref --format=%(refname)%00%(upstream:short)%00%(objectname)%00%(upstream:track)%00%(upstream:remotename)%00%(upstream:remoteref) refs/heads/main refs/remotes/main [1ms]
2024-02-29 02:32:01.018 [info] > git status -z -uall [21ms]
2024-02-29 02:32:06.051 [info] > git config --get commit.template [7ms]
2024-02-29 02:32:06.052 [info] > git for-each-ref --format=%(refname)%00%(upstream:short)%00%(objectname)%00%(upstream:track)%00%(upstream:remotename)%00%(upstream:remoteref) refs/heads/main refs/remotes/main [1ms]
2024-02-29 02:32:06.078 [info] > git status -z -uall [21ms]
2024-02-29 02:32:11.118 [info] > git config --get commit.template [6ms]
2024-02-29 02:32:11.119 [info] > git for-each-ref --format=%(refname)%00%(upstream:short)%00%(objectname)%00%(upstream:track)%00%(upstream:remotename)%00%(upstream:remoteref) refs/heads/main refs/remotes/main [2ms]
2024-02-29 02:32:11.145 [info] > git status -z -uall [21ms]
2024-02-29 02:32:16.180 [info] > git config --get commit.template [7ms]
2024-02-29 02:32:16.180 [info] > git for-each-ref --format=%(refname)%00%(upstream:short)%00%(objectname)%00%(upstream:track)%00%(upstream:remotename)%00%(upstream:remoteref) refs/heads/main refs/remotes/main [1ms]
2024-02-29 02:32:16.207 [info] > git status -z -uall [21ms]
2024-02-29 02:32:21.242 [info] > git config --get commit.template [7ms]
2024-02-29 02:32:21.242 [info] > git for-each-ref --format=%(refname)%00%(upstream:short)%00%(objectname)%00%(upstream:track)%00%(upstream:remotename)%00%(upstream:remoteref) refs/heads/main refs/remotes/main [1ms]
2024-02-29 02:32:21.269 [info] > git status -z -uall [20ms]
2024-02-29 02:32:26.303 [info] > git config --get commit.template [7ms]
2024-02-29 02:32:26.304 [info] > git for-each-ref --format=%(refname)%00%(upstream:short)%00%(objectname)%00%(upstream:track)%00%(upstream:remotename)%00%(upstream:remoteref) refs/heads/main refs/remotes/main [2ms]
2024-02-29 02:32:26.330 [info] > git status -z -uall [21ms]
2024-02-29 02:32:31.363 [info] > git config --get commit.template [7ms]
2024-02-29 02:32:31.364 [info] > git for-each-ref --format=%(refname)%00%(upstream:short)%00%(objectname)%00%(upstream:track)%00%(upstream:remotename)%00%(upstream:remoteref) refs/heads/main refs/remotes/main [1ms]
2024-02-29 02:32:31.390 [info] > git status -z -uall [21ms]
2024-02-29 02:32:36.424 [info] > git config --get commit.template [7ms]
2024-02-29 02:32:36.424 [info] > git for-each-ref --format=%(refname)%00%(upstream:short)%00%(objectname)%00%(upstream:track)%00%(upstream:remotename)%00%(upstream:remoteref) refs/heads/main refs/remotes/main [1ms]
2024-02-29 02:32:36.451 [info] > git status -z -uall [21ms]
2024-02-29 02:32:41.486 [info] > git config --get commit.template [7ms]
2024-02-29 02:32:41.487 [info] > git for-each-ref --format=%(refname)%00%(upstream:short)%00%(objectname)%00%(upstream:track)%00%(upstream:remotename)%00%(upstream:remoteref) refs/heads/main refs/remotes/main [2ms]
2024-02-29 02:32:41.513 [info] > git status -z -uall [21ms]
2024-02-29 02:32:46.546 [info] > git config --get commit.template [7ms]
2024-02-29 02:32:46.546 [info] > git for-each-ref --format=%(refname)%00%(upstream:short)%00%(objectname)%00%(upstream:track)%00%(upstream:remotename)%00%(upstream:remoteref) refs/heads/main refs/remotes/main [1ms]
2024-02-29 02:32:46.573 [info] > git status -z -uall [21ms]
2024-02-29 02:32:51.605 [info] > git config --get commit.template [7ms]
2024-02-29 02:32:51.606 [info] > git for-each-ref --format=%(refname)%00%(upstream:short)%00%(objectname)%00%(upstream:track)%00%(upstream:remotename)%00%(upstream:remoteref) refs/heads/main refs/remotes/main [1ms]
2024-02-29 02:32:51.632 [info] > git status -z -uall [20ms]
2024-02-29 02:32:56.666 [info] > git config --get commit.template [6ms]
2024-02-29 02:32:56.667 [info] > git for-each-ref --format=%(refname)%00%(upstream:short)%00%(objectname)%00%(upstream:track)%00%(upstream:remotename)%00%(upstream:remoteref) refs/heads/main refs/remotes/main [2ms]
2024-02-29 02:32:56.693 [info] > git status -z -uall [20ms]
2024-02-29 02:33:01.730 [info] > git config --get commit.template [7ms]
2024-02-29 02:33:01.730 [info] > git for-each-ref --format=%(refname)%00%(upstream:short)%00%(objectname)%00%(upstream:track)%00%(upstream:remotename)%00%(upstream:remoteref) refs/heads/main refs/remotes/main [1ms]
2024-02-29 02:33:01.757 [info] > git status -z -uall [21ms]
2024-02-29 02:33:07.232 [info] > git config --get commit.template [7ms]
2024-02-29 02:33:07.233 [info] > git for-each-ref --format=%(refname)%00%(upstream:short)%00%(objectname)%00%(upstream:track)%00%(upstream:remotename)%00%(upstream:remoteref) refs/heads/main refs/remotes/main [2ms]
2024-02-29 02:33:07.260 [info] > git status -z -uall [20ms]
2024-02-29 02:33:12.293 [info] > git config --get commit.template [7ms]
2024-02-29 02:33:12.293 [info] > git for-each-ref --format=%(refname)%00%(upstream:short)%00%(objectname)%00%(upstream:track)%00%(upstream:remotename)%00%(upstream:remoteref) refs/heads/main refs/remotes/main [1ms]
2024-02-29 02:33:12.320 [info] > git status -z -uall [21ms]
2024-02-29 02:33:17.353 [info] > git config --get commit.template [7ms]
2024-02-29 02:33:17.354 [info] > git for-each-ref --format=%(refname)%00%(upstream:short)%00%(objectname)%00%(upstream:track)%00%(upstream:remotename)%00%(upstream:remoteref) refs/heads/main refs/remotes/main [1ms]
2024-02-29 02:33:17.380 [info] > git status -z -uall [21ms]
2024-02-29 02:34:09.850 [info] > git config --get commit.template [7ms]
2024-02-29 02:34:09.850 [info] > git for-each-ref --format=%(refname)%00%(upstream:short)%00%(objectname)%00%(upstream:track)%00%(upstream:remotename)%00%(upstream:remoteref) refs/heads/main refs/remotes/main [1ms]
2024-02-29 02:34:09.876 [info] > git status -z -uall [20ms]
2024-02-29 02:34:14.908 [info] > git config --get commit.template [5ms]
2024-02-29 02:34:14.908 [info] > git for-each-ref --format=%(refname)%00%(upstream:short)%00%(objectname)%00%(upstream:track)%00%(upstream:remotename)%00%(upstream:remoteref) refs/heads/main refs/remotes/main [1ms]
2024-02-29 02:34:14.933 [info] > git status -z -uall [20ms]
2024-02-29 02:34:19.964 [info] > git config --get commit.template [2ms]
2024-02-29 02:34:19.970 [info] > git for-each-ref --format=%(refname)%00%(upstream:short)%00%(objectname)%00%(upstream:track)%00%(upstream:remotename)%00%(upstream:remoteref) refs/heads/main refs/remotes/main [1ms]
2024-02-29 02:34:19.996 [info] > git status -z -uall [20ms]
2024-02-29 02:34:25.028 [info] > git config --get commit.template [1ms]
2024-02-29 02:34:25.035 [info] > git for-each-ref --format=%(refname)%00%(upstream:short)%00%(objectname)%00%(upstream:track)%00%(upstream:remotename)%00%(upstream:remoteref) refs/heads/main refs/remotes/main [2ms]
2024-02-29 02:34:25.061 [info] > git status -z -uall [20ms]
2024-02-29 02:34:30.095 [info] > git config --get commit.template [6ms]
2024-02-29 02:34:30.095 [info] > git for-each-ref --format=%(refname)%00%(upstream:short)%00%(objectname)%00%(upstream:track)%00%(upstream:remotename)%00%(upstream:remoteref) refs/heads/main refs/remotes/main [1ms]
2024-02-29 02:34:30.122 [info] > git status -z -uall [21ms]
2024-02-29 02:34:35.156 [info] > git config --get commit.template [7ms]
2024-02-29 02:34:35.156 [info] > git for-each-ref --format=%(refname)%00%(upstream:short)%00%(objectname)%00%(upstream:track)%00%(upstream:remotename)%00%(upstream:remoteref) refs/heads/main refs/remotes/main [1ms]
2024-02-29 02:34:35.183 [info] > git status -z -uall [21ms]
2024-02-29 02:35:01.590 [info] > git config --get commit.template [13ms]
2024-02-29 02:35:01.590 [info] > git for-each-ref --format=%(refname)%00%(upstream:short)%00%(objectname)%00%(upstream:track)%00%(upstream:remotename)%00%(upstream:remoteref) refs/heads/main refs/remotes/main [1ms]
2024-02-29 02:35:01.618 [info] > git status -z -uall [21ms]
2024-02-29 02:35:06.650 [info] > git config --get commit.template [6ms]
2024-02-29 02:35:06.651 [info] > git for-each-ref --format=%(refname)%00%(upstream:short)%00%(objectname)%00%(upstream:track)%00%(upstream:remotename)%00%(upstream:remoteref) refs/heads/main refs/remotes/main [2ms]
2024-02-29 02:35:06.676 [info] > git status -z -uall [20ms]
2024-02-29 02:35:11.710 [info] > git config --get commit.template [6ms]
2024-02-29 02:35:11.711 [info] > git for-each-ref --format=%(refname)%00%(upstream:short)%00%(objectname)%00%(upstream:track)%00%(upstream:remotename)%00%(upstream:remoteref) refs/heads/main refs/remotes/main [1ms]
2024-02-29 02:35:11.738 [info] > git status -z -uall [22ms]
2024-02-29 02:35:16.772 [info] > git config --get commit.template [7ms]
2024-02-29 02:35:16.772 [info] > git for-each-ref --format=%(refname)%00%(upstream:short)%00%(objectname)%00%(upstream:track)%00%(upstream:remotename)%00%(upstream:remoteref) refs/heads/main refs/remotes/main [2ms]
2024-02-29 02:35:16.801 [info] > git status -z -uall [22ms]
2024-02-29 02:35:21.835 [info] > git config --get commit.template [6ms]
2024-02-29 02:35:21.835 [info] > git for-each-ref --format=%(refname)%00%(upstream:short)%00%(objectname)%00%(upstream:track)%00%(upstream:remotename)%00%(upstream:remoteref) refs/heads/main refs/remotes/main [1ms]
2024-02-29 02:35:21.862 [info] > git status -z -uall [20ms]
2024-02-29 02:35:26.894 [info] > git config --get commit.template [7ms]
2024-02-29 02:35:26.894 [info] > git for-each-ref --format=%(refname)%00%(upstream:short)%00%(objectname)%00%(upstream:track)%00%(upstream:remotename)%00%(upstream:remoteref) refs/heads/main refs/remotes/main [1ms]
2024-02-29 02:35:26.921 [info] > git status -z -uall [20ms]
2024-02-29 02:35:31.953 [info] > git config --get commit.template [7ms]
2024-02-29 02:35:31.954 [info] > git for-each-ref --format=%(refname)%00%(upstream:short)%00%(objectname)%00%(upstream:track)%00%(upstream:remotename)%00%(upstream:remoteref) refs/heads/main refs/remotes/main [2ms]
2024-02-29 02:35:31.982 [info] > git status -z -uall [21ms]
2024-02-29 02:35:37.016 [info] > git config --get commit.template [8ms]
2024-02-29 02:35:37.016 [info] > git for-each-ref --format=%(refname)%00%(upstream:short)%00%(objectname)%00%(upstream:track)%00%(upstream:remotename)%00%(upstream:remoteref) refs/heads/main refs/remotes/main [1ms]
2024-02-29 02:35:37.043 [info] > git status -z -uall [21ms]
2024-02-29 02:35:44.849 [info] > git config --get commit.template [7ms]
2024-02-29 02:35:44.850 [info] > git for-each-ref --format=%(refname)%00%(upstream:short)%00%(objectname)%00%(upstream:track)%00%(upstream:remotename)%00%(upstream:remoteref) refs/heads/main refs/remotes/main [2ms]
2024-02-29 02:35:44.876 [info] > git status -z -uall [21ms]
2024-02-29 02:35:49.911 [info] > git config --get commit.template [7ms]
2024-02-29 02:35:49.911 [info] > git for-each-ref --format=%(refname)%00%(upstream:short)%00%(objectname)%00%(upstream:track)%00%(upstream:remotename)%00%(upstream:remoteref) refs/heads/main refs/remotes/main [2ms]
2024-02-29 02:35:49.937 [info] > git status -z -uall [20ms]
2024-02-29 02:35:54.971 [info] > git config --get commit.template [7ms]
2024-02-29 02:35:54.971 [info] > git for-each-ref --format=%(refname)%00%(upstream:short)%00%(objectname)%00%(upstream:track)%00%(upstream:remotename)%00%(upstream:remoteref) refs/heads/main refs/remotes/main [1ms]
2024-02-29 02:35:54.999 [info] > git status -z -uall [22ms]
2024-02-29 02:36:00.032 [info] > git config --get commit.template [7ms]
2024-02-29 02:36:00.033 [info] > git for-each-ref --format=%(refname)%00%(upstream:short)%00%(objectname)%00%(upstream:track)%00%(upstream:remotename)%00%(upstream:remoteref) refs/heads/main refs/remotes/main [1ms]
2024-02-29 02:36:00.060 [info] > git status -z -uall [21ms]
2024-02-29 02:36:05.094 [info] > git config --get commit.template [7ms]
2024-02-29 02:36:05.095 [info] > git for-each-ref --format=%(refname)%00%(upstream:short)%00%(objectname)%00%(upstream:track)%00%(upstream:remotename)%00%(upstream:remoteref) refs/heads/main refs/remotes/main [2ms]
2024-02-29 02:36:05.121 [info] > git status -z -uall [21ms]
2024-02-29 02:36:10.157 [info] > git config --get commit.template [7ms]
2024-02-29 02:36:10.157 [info] > git for-each-ref --format=%(refname)%00%(upstream:short)%00%(objectname)%00%(upstream:track)%00%(upstream:remotename)%00%(upstream:remoteref) refs/heads/main refs/remotes/main [2ms]
2024-02-29 02:36:10.184 [info] > git status -z -uall [21ms]
2024-02-29 02:36:15.216 [info] > git config --get commit.template [6ms]
2024-02-29 02:36:15.217 [info] > git for-each-ref --format=%(refname)%00%(upstream:short)%00%(objectname)%00%(upstream:track)%00%(upstream:remotename)%00%(upstream:remoteref) refs/heads/main refs/remotes/main [1ms]
2024-02-29 02:36:15.244 [info] > git status -z -uall [20ms]
2024-02-29 02:38:17.904 [info] > git config --get commit.template [6ms]
2024-02-29 02:38:17.904 [info] > git for-each-ref --format=%(refname)%00%(upstream:short)%00%(objectname)%00%(upstream:track)%00%(upstream:remotename)%00%(upstream:remoteref) refs/heads/main refs/remotes/main [1ms]
2024-02-29 02:38:17.932 [info] > git status -z -uall [22ms]
2024-02-29 02:38:35.255 [info] > git config --get commit.template [7ms]
2024-02-29 02:38:35.256 [info] > git for-each-ref --format=%(refname)%00%(upstream:short)%00%(objectname)%00%(upstream:track)%00%(upstream:remotename)%00%(upstream:remoteref) refs/heads/main refs/remotes/main [2ms]
2024-02-29 02:38:35.285 [info] > git status -z -uall [22ms]
2024-02-29 02:38:40.326 [info] > git config --get commit.template [6ms]
2024-02-29 02:38:40.327 [info] > git for-each-ref --format=%(refname)%00%(upstream:short)%00%(objectname)%00%(upstream:track)%00%(upstream:remotename)%00%(upstream:remoteref) refs/heads/main refs/remotes/main [1ms]
2024-02-29 02:38:40.357 [info] > git status -z -uall [24ms]
2024-02-29 02:38:45.391 [info] > git config --get commit.template [7ms]
2024-02-29 02:38:45.391 [info] > git for-each-ref --format=%(refname)%00%(upstream:short)%00%(objectname)%00%(upstream:track)%00%(upstream:remotename)%00%(upstream:remoteref) refs/heads/main refs/remotes/main [1ms]
2024-02-29 02:38:45.418 [info] > git status -z -uall [21ms]
2024-02-29 02:38:50.455 [info] > git config --get commit.template [7ms]
2024-02-29 02:38:50.456 [info] > git for-each-ref --format=%(refname)%00%(upstream:short)%00%(objectname)%00%(upstream:track)%00%(upstream:remotename)%00%(upstream:remoteref) refs/heads/main refs/remotes/main [2ms]
2024-02-29 02:38:50.485 [info] > git status -z -uall [23ms]
2024-02-29 02:38:55.519 [info] > git config --get commit.template [7ms]
2024-02-29 02:38:55.519 [info] > git for-each-ref --format=%(refname)%00%(upstream:short)%00%(objectname)%00%(upstream:track)%00%(upstream:remotename)%00%(upstream:remoteref) refs/heads/main refs/remotes/main [1ms]
2024-02-29 02:38:55.545 [info] > git status -z -uall [20ms]
2024-02-29 02:39:00.582 [info] > git config --get commit.template [6ms]
2024-02-29 02:39:00.582 [info] > git for-each-ref --format=%(refname)%00%(upstream:short)%00%(objectname)%00%(upstream:track)%00%(upstream:remotename)%00%(upstream:remoteref) refs/heads/main refs/remotes/main [1ms]
2024-02-29 02:39:00.609 [info] > git status -z -uall [20ms]
2024-02-29 02:39:05.642 [info] > git config --get commit.template [6ms]
2024-02-29 02:39:05.642 [info] > git for-each-ref --format=%(refname)%00%(upstream:short)%00%(objectname)%00%(upstream:track)%00%(upstream:remotename)%00%(upstream:remoteref) refs/heads/main refs/remotes/main [1ms]
2024-02-29 02:39:05.669 [info] > git status -z -uall [22ms]
2024-02-29 02:39:08.476 [info] > git config --get commit.template [7ms]
2024-02-29 02:39:08.477 [info] > git for-each-ref --format=%(refname)%00%(upstream:short)%00%(objectname)%00%(upstream:track)%00%(upstream:remotename)%00%(upstream:remoteref) refs/heads/main refs/remotes/main [2ms]
2024-02-29 02:39:08.484 [info] > git status -z -uall [2ms]
2024-02-29 02:39:09.286 [info] > git check-ignore -v -z --stdin [1ms]
2024-02-29 02:39:10.702 [info] > git config --get commit.template [7ms]
2024-02-29 02:39:10.703 [info] > git for-each-ref --format=%(refname)%00%(upstream:short)%00%(objectname)%00%(upstream:track)%00%(upstream:remotename)%00%(upstream:remoteref) refs/heads/main refs/remotes/main [1ms]
2024-02-29 02:39:10.729 [info] > git status -z -uall [21ms]
2024-02-29 02:39:15.766 [info] > git config --get commit.template [7ms]
2024-02-29 02:39:15.766 [info] > git for-each-ref --format=%(refname)%00%(upstream:short)%00%(objectname)%00%(upstream:track)%00%(upstream:remotename)%00%(upstream:remoteref) refs/heads/main refs/remotes/main [1ms]
2024-02-29 02:39:15.793 [info] > git status -z -uall [21ms]
2024-02-29 02:39:20.828 [info] > git config --get commit.template [7ms]
2024-02-29 02:39:20.829 [info] > git for-each-ref --format=%(refname)%00%(upstream:short)%00%(objectname)%00%(upstream:track)%00%(upstream:remotename)%00%(upstream:remoteref) refs/heads/main refs/remotes/main [2ms]
2024-02-29 02:39:20.856 [info] > git status -z -uall [21ms]
2024-02-29 02:39:44.168 [info] > git config --get commit.template [9ms]
2024-02-29 02:39:44.169 [info] > git for-each-ref --format=%(refname)%00%(upstream:short)%00%(objectname)%00%(upstream:track)%00%(upstream:remotename)%00%(upstream:remoteref) refs/heads/main refs/remotes/main [2ms]
2024-02-29 02:39:44.196 [info] > git status -z -uall [21ms]
2024-02-29 02:39:49.228 [info] > git config --get commit.template [6ms]
2024-02-29 02:39:49.228 [info] > git for-each-ref --format=%(refname)%00%(upstream:short)%00%(objectname)%00%(upstream:track)%00%(upstream:remotename)%00%(upstream:remoteref) refs/heads/main refs/remotes/main [1ms]
2024-02-29 02:39:49.257 [info] > git status -z -uall [23ms]
2024-02-29 02:39:53.775 [info] > git show --textconv :Lab3/03_cpu.txt [6ms]
2024-02-29 02:39:53.776 [info] > git ls-files --stage -- /home/student/ENGR212_Abdullah_Abdulaziz/Lab3/03_cpu.txt [3ms]
2024-02-29 02:39:54.290 [info] > git config --get commit.template [7ms]
2024-02-29 02:39:54.290 [info] > git for-each-ref --format=%(refname)%00%(upstream:short)%00%(objectname)%00%(upstream:track)%00%(upstream:remotename)%00%(upstream:remoteref) refs/heads/main refs/remotes/main [1ms]
2024-02-29 02:39:54.317 [info] > git status -z -uall [21ms]
2024-02-29 02:39:59.354 [info] > git config --get commit.template [7ms]
2024-02-29 02:39:59.354 [info] > git for-each-ref --format=%(refname)%00%(upstream:short)%00%(objectname)%00%(upstream:track)%00%(upstream:remotename)%00%(upstream:remoteref) refs/heads/main refs/remotes/main [1ms]
2024-02-29 02:39:59.380 [info] > git status -z -uall [21ms]
2024-02-29 02:40:04.413 [info] > git config --get commit.template [7ms]
2024-02-29 02:40:04.414 [info] > git for-each-ref --format=%(refname)%00%(upstream:short)%00%(objectname)%00%(upstream:track)%00%(upstream:remotename)%00%(upstream:remoteref) refs/heads/main refs/remotes/main [1ms]
2024-02-29 02:40:04.441 [info] > git status -z -uall [21ms]
2024-02-29 02:40:09.476 [info] > git config --get commit.template [7ms]
2024-02-29 02:40:09.477 [info] > git for-each-ref --format=%(refname)%00%(upstream:short)%00%(objectname)%00%(upstream:track)%00%(upstream:remotename)%00%(upstream:remoteref) refs/heads/main refs/remotes/main [2ms]
2024-02-29 02:40:09.504 [info] > git status -z -uall [21ms]
2024-02-29 02:40:14.537 [info] > git config --get commit.template [7ms]
2024-02-29 02:40:14.538 [info] > git for-each-ref --format=%(refname)%00%(upstream:short)%00%(objectname)%00%(upstream:track)%00%(upstream:remotename)%00%(upstream:remoteref) refs/heads/main refs/remotes/main [1ms]
2024-02-29 02:40:14.563 [info] > git status -z -uall [20ms]
2024-02-29 02:40:21.974 [info] > git config --get commit.template [7ms]
2024-02-29 02:40:21.974 [info] > git for-each-ref --format=%(refname)%00%(upstream:short)%00%(objectname)%00%(upstream:track)%00%(upstream:remotename)%00%(upstream:remoteref) refs/heads/main refs/remotes/main [1ms]
2024-02-29 02:40:22.000 [info] > git status -z -uall [20ms]
2024-02-29 02:40:27.037 [info] > git config --get commit.template [8ms]
2024-02-29 02:40:27.037 [info] > git for-each-ref --format=%(refname)%00%(upstream:short)%00%(objectname)%00%(upstream:track)%00%(upstream:remotename)%00%(upstream:remoteref) refs/heads/main refs/remotes/main [2ms]
2024-02-29 02:40:27.068 [info] > git status -z -uall [22ms]
2024-02-29 02:40:32.104 [info] > git config --get commit.template [7ms]
2024-02-29 02:40:32.104 [info] > git for-each-ref --format=%(refname)%00%(upstream:short)%00%(objectname)%00%(upstream:track)%00%(upstream:remotename)%00%(upstream:remoteref) refs/heads/main refs/remotes/main [1ms]
2024-02-29 02:40:32.131 [info] > git status -z -uall [21ms]
2024-02-29 02:40:37.164 [info] > git config --get commit.template [6ms]
2024-02-29 02:40:37.165 [info] > git for-each-ref --format=%(refname)%00%(upstream:short)%00%(objectname)%00%(upstream:track)%00%(upstream:remotename)%00%(upstream:remoteref) refs/heads/main refs/remotes/main [2ms]
2024-02-29 02:40:37.191 [info] > git status -z -uall [20ms]
2024-02-29 02:40:42.230 [info] > git config --get commit.template [7ms]
2024-02-29 02:40:42.230 [info] > git for-each-ref --format=%(refname)%00%(upstream:short)%00%(objectname)%00%(upstream:track)%00%(upstream:remotename)%00%(upstream:remoteref) refs/heads/main refs/remotes/main [1ms]
2024-02-29 02:40:42.256 [info] > git status -z -uall [20ms]
2024-02-29 02:40:47.292 [info] > git config --get commit.template [8ms]
2024-02-29 02:40:47.292 [info] > git for-each-ref --format=%(refname)%00%(upstream:short)%00%(objectname)%00%(upstream:track)%00%(upstream:remotename)%00%(upstream:remoteref) refs/heads/main refs/remotes/main [1ms]
2024-02-29 02:40:47.319 [info] > git status -z -uall [20ms]
2024-02-29 02:40:52.353 [info] > git config --get commit.template [7ms]
2024-02-29 02:40:52.354 [info] > git for-each-ref --format=%(refname)%00%(upstream:short)%00%(objectname)%00%(upstream:track)%00%(upstream:remotename)%00%(upstream:remoteref) refs/heads/main refs/remotes/main [2ms]
2024-02-29 02:40:52.381 [info] > git status -z -uall [21ms]
2024-02-29 02:40:57.414 [info] > git config --get commit.template [7ms]
2024-02-29 02:40:57.415 [info] > git for-each-ref --format=%(refname)%00%(upstream:short)%00%(objectname)%00%(upstream:track)%00%(upstream:remotename)%00%(upstream:remoteref) refs/heads/main refs/remotes/main [1ms]
2024-02-29 02:40:57.441 [info] > git status -z -uall [21ms]
2024-02-29 02:41:02.473 [info] > git config --get commit.template [6ms]
2024-02-29 02:41:02.473 [info] > git for-each-ref --format=%(refname)%00%(upstream:short)%00%(objectname)%00%(upstream:track)%00%(upstream:remotename)%00%(upstream:remoteref) refs/heads/main refs/remotes/main [1ms]
2024-02-29 02:41:02.500 [info] > git status -z -uall [21ms]
2024-02-29 02:41:07.533 [info] > git config --get commit.template [7ms]
2024-02-29 02:41:07.533 [info] > git for-each-ref --format=%(refname)%00%(upstream:short)%00%(objectname)%00%(upstream:track)%00%(upstream:remotename)%00%(upstream:remoteref) refs/heads/main refs/remotes/main [2ms]
2024-02-29 02:41:07.559 [info] > git status -z -uall [20ms]
2024-02-29 02:41:12.592 [info] > git config --get commit.template [7ms]
2024-02-29 02:41:12.593 [info] > git for-each-ref --format=%(refname)%00%(upstream:short)%00%(objectname)%00%(upstream:track)%00%(upstream:remotename)%00%(upstream:remoteref) refs/heads/main refs/remotes/main [2ms]
2024-02-29 02:41:12.620 [info] > git status -z -uall [22ms]
2024-02-29 02:41:17.656 [info] > git config --get commit.template [7ms]
2024-02-29 02:41:17.656 [info] > git for-each-ref --format=%(refname)%00%(upstream:short)%00%(objectname)%00%(upstream:track)%00%(upstream:remotename)%00%(upstream:remoteref) refs/heads/main refs/remotes/main [1ms]
2024-02-29 02:41:17.683 [info] > git status -z -uall [21ms]
2024-02-29 02:41:22.717 [info] > git config --get commit.template [7ms]
2024-02-29 02:41:22.719 [info] > git for-each-ref --format=%(refname)%00%(upstream:short)%00%(objectname)%00%(upstream:track)%00%(upstream:remotename)%00%(upstream:remoteref) refs/heads/main refs/remotes/main [3ms]
2024-02-29 02:41:22.747 [info] > git status -z -uall [22ms]
2024-02-29 02:41:27.785 [info] > git config --get commit.template [8ms]
2024-02-29 02:41:27.786 [info] > git for-each-ref --format=%(refname)%00%(upstream:short)%00%(objectname)%00%(upstream:track)%00%(upstream:remotename)%00%(upstream:remoteref) refs/heads/main refs/remotes/main [2ms]
2024-02-29 02:41:27.816 [info] > git status -z -uall [22ms]
2024-02-29 02:41:32.860 [info] > git config --get commit.template [7ms]
2024-02-29 02:41:32.860 [info] > git for-each-ref --format=%(refname)%00%(upstream:short)%00%(objectname)%00%(upstream:track)%00%(upstream:remotename)%00%(upstream:remoteref) refs/heads/main refs/remotes/main [1ms]
2024-02-29 02:41:32.886 [info] > git status -z -uall [20ms]
2024-02-29 02:44:55.175 [info] > git config --get commit.template [6ms]
2024-02-29 02:44:55.175 [info] > git for-each-ref --format=%(refname)%00%(upstream:short)%00%(objectname)%00%(upstream:track)%00%(upstream:remotename)%00%(upstream:remoteref) refs/heads/main refs/remotes/main [2ms]
2024-02-29 02:44:55.204 [info] > git status -z -uall [23ms]
2024-02-29 02:45:00.250 [info] > git config --get commit.template [6ms]
2024-02-29 02:45:00.250 [info] > git for-each-ref --format=%(refname)%00%(upstream:short)%00%(objectname)%00%(upstream:track)%00%(upstream:remotename)%00%(upstream:remoteref) refs/heads/main refs/remotes/main [1ms]
2024-02-29 02:45:00.276 [info] > git status -z -uall [20ms]
2024-02-29 02:45:18.483 [info] > git config --get commit.template [6ms]
2024-02-29 02:45:18.483 [info] > git for-each-ref --format=%(refname)%00%(upstream:short)%00%(objectname)%00%(upstream:track)%00%(upstream:remotename)%00%(upstream:remoteref) refs/heads/main refs/remotes/main [1ms]
2024-02-29 02:45:18.508 [info] > git status -z -uall [20ms]
2024-02-29 02:45:23.545 [info] > git config --get commit.template [6ms]
2024-02-29 02:45:23.546 [info] > git for-each-ref --format=%(refname)%00%(upstream:short)%00%(objectname)%00%(upstream:track)%00%(upstream:remotename)%00%(upstream:remoteref) refs/heads/main refs/remotes/main [2ms]
2024-02-29 02:45:23.572 [info] > git status -z -uall [20ms]
2024-02-29 02:45:28.608 [info] > git config --get commit.template [7ms]
2024-02-29 02:45:28.608 [info] > git for-each-ref --format=%(refname)%00%(upstream:short)%00%(objectname)%00%(upstream:track)%00%(upstream:remotename)%00%(upstream:remoteref) refs/heads/main refs/remotes/main [1ms]
2024-02-29 02:45:28.636 [info] > git status -z -uall [22ms]
2024-02-29 02:45:33.670 [info] > git config --get commit.template [6ms]
2024-02-29 02:45:33.670 [info] > git for-each-ref --format=%(refname)%00%(upstream:short)%00%(objectname)%00%(upstream:track)%00%(upstream:remotename)%00%(upstream:remoteref) refs/heads/main refs/remotes/main [1ms]
2024-02-29 02:45:33.696 [info] > git status -z -uall [20ms]
2024-02-29 02:45:38.728 [info] > git config --get commit.template [7ms]
2024-02-29 02:45:38.728 [info] > git for-each-ref --format=%(refname)%00%(upstream:short)%00%(objectname)%00%(upstream:track)%00%(upstream:remotename)%00%(upstream:remoteref) refs/heads/main refs/remotes/main [1ms]
2024-02-29 02:45:38.755 [info] > git status -z -uall [21ms]
2024-02-29 02:45:43.790 [info] > git config --get commit.template [7ms]
2024-02-29 02:45:43.791 [info] > git for-each-ref --format=%(refname)%00%(upstream:short)%00%(objectname)%00%(upstream:track)%00%(upstream:remotename)%00%(upstream:remoteref) refs/heads/main refs/remotes/main [1ms]
2024-02-29 02:45:43.817 [info] > git status -z -uall [21ms]
2024-02-29 02:45:48.855 [info] > git config --get commit.template [6ms]
2024-02-29 02:45:48.855 [info] > git for-each-ref --format=%(refname)%00%(upstream:short)%00%(objectname)%00%(upstream:track)%00%(upstream:remotename)%00%(upstream:remoteref) refs/heads/main refs/remotes/main [1ms]
2024-02-29 02:45:48.882 [info] > git status -z -uall [21ms]
2024-02-29 02:45:53.915 [info] > git config --get commit.template [7ms]
2024-02-29 02:45:53.916 [info] > git for-each-ref --format=%(refname)%00%(upstream:short)%00%(objectname)%00%(upstream:track)%00%(upstream:remotename)%00%(upstream:remoteref) refs/heads/main refs/remotes/main [1ms]
2024-02-29 02:45:53.942 [info] > git status -z -uall [21ms]
2024-02-29 02:45:58.976 [info] > git config --get commit.template [7ms]
2024-02-29 02:45:58.976 [info] > git for-each-ref --format=%(refname)%00%(upstream:short)%00%(objectname)%00%(upstream:track)%00%(upstream:remotename)%00%(upstream:remoteref) refs/heads/main refs/remotes/main [1ms]
2024-02-29 02:45:59.003 [info] > git status -z -uall [21ms]
2024-02-29 02:46:04.038 [info] > git config --get commit.template [8ms]
2024-02-29 02:46:04.038 [info] > git for-each-ref --format=%(refname)%00%(upstream:short)%00%(objectname)%00%(upstream:track)%00%(upstream:remotename)%00%(upstream:remoteref) refs/heads/main refs/remotes/main [2ms]
2024-02-29 02:46:04.068 [info] > git status -z -uall [22ms]
2024-02-29 02:46:09.982 [info] > git config --get commit.template [9ms]
2024-02-29 02:46:09.983 [info] > git for-each-ref --format=%(refname)%00%(upstream:short)%00%(objectname)%00%(upstream:track)%00%(upstream:remotename)%00%(upstream:remoteref) refs/heads/main refs/remotes/main [2ms]
2024-02-29 02:46:10.015 [info] > git status -z -uall [23ms]
