2024-03-14 17:05:45.617 [info] Extension host with pid 1243 started
2024-03-14 17:05:45.633 [info] Lock '/home/student/.vscode-server/data/User/workspaceStorage/63e31fa26b97c3d038b73ad41de3ba4a/vscode.lock': Lock acquired.
2024-03-14 17:05:45.840 [info] ExtensionService#_doActivateExtension vscode.git-base, startup: true, activationEvent: '*', root cause: vscode.git
2024-03-14 17:05:45.943 [info] ExtensionService#_doActivateExtension vscode.git, startup: true, activationEvent: '*'
2024-03-14 17:05:45.943 [info] ExtensionService#_doActivateExtension vscode.github, startup: true, activationEvent: '*'
2024-03-14 17:05:46.295 [info] Eager extensions activated
2024-03-14 17:05:46.295 [info] ExtensionService#_doActivateExtension vscode.debug-auto-launch, startup: false, activationEvent: 'onStartupFinished'
2024-03-14 17:05:46.295 [info] ExtensionService#_doActivateExtension vscode.merge-conflict, startup: false, activationEvent: 'onStartupFinished'
2024-03-14 17:05:46.555 [warning] [Decorations] CAPPING events from decorations provider vscode.git 894
2024-03-14 17:05:46.784 [warning] [Decorations] CAPPING events from decorations provider vscode.git 1151
2024-03-14 17:05:46.827 [warning] [Decorations] CAPPING events from decorations provider vscode.git 894
2024-03-14 17:05:47.069 [warning] [Decorations] CAPPING events from decorations provider vscode.git 1151
2024-03-14 17:05:49.994 [warning] [Decorations] CAPPING events from decorations provider vscode.git 1151
2024-03-14 17:05:55.085 [warning] [Decorations] CAPPING events from decorations provider vscode.git 1151
2024-03-14 17:06:00.175 [warning] [Decorations] CAPPING events from decorations provider vscode.git 1151
2024-03-14 17:06:05.267 [warning] [Decorations] CAPPING events from decorations provider vscode.git 1151
2024-03-14 17:06:10.356 [warning] [Decorations] CAPPING events from decorations provider vscode.git 1151
2024-03-14 17:06:15.448 [warning] [Decorations] CAPPING events from decorations provider vscode.git 1151
2024-03-14 17:06:20.539 [warning] [Decorations] CAPPING events from decorations provider vscode.git 1151
2024-03-14 17:06:25.632 [warning] [Decorations] CAPPING events from decorations provider vscode.git 1151
2024-03-14 17:06:30.724 [warning] [Decorations] CAPPING events from decorations provider vscode.git 1151
2024-03-14 17:06:35.815 [warning] [Decorations] CAPPING events from decorations provider vscode.git 1151
2024-03-14 17:06:40.905 [warning] [Decorations] CAPPING events from decorations provider vscode.git 1151
2024-03-14 17:12:45.528 [warning] [Decorations] CAPPING events from decorations provider vscode.git 1151
2024-03-14 17:12:50.618 [warning] [Decorations] CAPPING events from decorations provider vscode.git 1151
2024-03-14 17:12:55.710 [warning] [Decorations] CAPPING events from decorations provider vscode.git 1151
2024-03-14 17:13:00.795 [warning] [Decorations] CAPPING events from decorations provider vscode.git 1151
2024-03-14 17:13:05.881 [warning] [Decorations] CAPPING events from decorations provider vscode.git 1151
2024-03-14 17:13:09.293 [warning] [Decorations] CAPPING events from decorations provider vscode.git 894
2024-03-14 17:13:10.968 [warning] [Decorations] CAPPING events from decorations provider vscode.git 1151
2024-03-14 17:13:16.060 [warning] [Decorations] CAPPING events from decorations provider vscode.git 1151
2024-03-14 17:13:21.151 [warning] [Decorations] CAPPING events from decorations provider vscode.git 1151
2024-03-14 17:13:26.238 [warning] [Decorations] CAPPING events from decorations provider vscode.git 1151
2024-03-14 17:13:35.003 [warning] [Decorations] CAPPING events from decorations provider vscode.git 1151
2024-03-14 17:13:40.090 [warning] [Decorations] CAPPING events from decorations provider vscode.git 1151
2024-03-14 17:13:45.346 [warning] [Decorations] CAPPING events from decorations provider vscode.git 1151
2024-03-14 17:14:30.390 [warning] [Decorations] CAPPING events from decorations provider vscode.git 1151
2024-03-14 17:14:35.476 [warning] [Decorations] CAPPING events from decorations provider vscode.git 1151
2024-03-14 17:14:40.565 [warning] [Decorations] CAPPING events from decorations provider vscode.git 1151
2024-03-14 17:14:45.649 [warning] [Decorations] CAPPING events from decorations provider vscode.git 1151
2024-03-14 17:14:50.734 [warning] [Decorations] CAPPING events from decorations provider vscode.git 1151
2024-03-14 17:14:55.821 [warning] [Decorations] CAPPING events from decorations provider vscode.git 1151
2024-03-14 17:15:56.135 [warning] [Decorations] CAPPING events from decorations provider vscode.git 1151
2024-03-14 17:16:00.358 [info] ExtensionService#_doActivateExtension vscode.npm, startup: false, activationEvent: 'onTerminalQuickFixRequest:ms-vscode.npm-command'
2024-03-14 17:16:01.221 [warning] [Decorations] CAPPING events from decorations provider vscode.git 1151
2024-03-14 17:16:06.308 [warning] [Decorations] CAPPING events from decorations provider vscode.git 1151
2024-03-14 17:16:11.392 [warning] [Decorations] CAPPING events from decorations provider vscode.git 1151
2024-03-14 17:16:16.478 [warning] [Decorations] CAPPING events from decorations provider vscode.git 1151
2024-03-14 17:16:20.655 [warning] [Decorations] CAPPING events from decorations provider vscode.git 914
2024-03-14 17:16:21.565 [warning] [Decorations] CAPPING events from decorations provider vscode.git 1151
2024-03-14 17:16:26.655 [warning] [Decorations] CAPPING events from decorations provider vscode.git 1151
2024-03-14 17:16:31.742 [warning] [Decorations] CAPPING events from decorations provider vscode.git 1151
2024-03-14 17:16:53.666 [warning] [Decorations] CAPPING events from decorations provider vscode.git 1151
2024-03-14 17:16:58.755 [warning] [Decorations] CAPPING events from decorations provider vscode.git 1151
2024-03-14 17:17:03.842 [warning] [Decorations] CAPPING events from decorations provider vscode.git 1151
2024-03-14 17:17:08.929 [warning] [Decorations] CAPPING events from decorations provider vscode.git 1151
2024-03-14 17:17:14.015 [warning] [Decorations] CAPPING events from decorations provider vscode.git 1151
2024-03-14 17:17:19.102 [warning] [Decorations] CAPPING events from decorations provider vscode.git 1151
2024-03-14 17:17:24.189 [warning] [Decorations] CAPPING events from decorations provider vscode.git 1151
2024-03-14 17:17:29.276 [warning] [Decorations] CAPPING events from decorations provider vscode.git 1151
2024-03-14 17:17:34.360 [warning] [Decorations] CAPPING events from decorations provider vscode.git 1151
2024-03-14 17:17:39.449 [warning] [Decorations] CAPPING events from decorations provider vscode.git 1151
2024-03-14 17:17:44.536 [warning] [Decorations] CAPPING events from decorations provider vscode.git 1151
2024-03-14 17:17:49.628 [warning] [Decorations] CAPPING events from decorations provider vscode.git 1151
2024-03-14 17:21:56.450 [warning] [Decorations] CAPPING events from decorations provider vscode.git 1151
2024-03-14 17:22:01.543 [warning] [Decorations] CAPPING events from decorations provider vscode.git 1151
2024-03-14 17:22:06.636 [warning] [Decorations] CAPPING events from decorations provider vscode.git 1151
2024-03-14 17:22:19.177 [warning] [Decorations] CAPPING events from decorations provider vscode.git 1151
2024-03-14 17:22:24.264 [warning] [Decorations] CAPPING events from decorations provider vscode.git 1151
2024-03-14 17:22:29.352 [warning] [Decorations] CAPPING events from decorations provider vscode.git 1151
2024-03-14 17:22:36.003 [warning] [Decorations] CAPPING events from decorations provider vscode.git 1151
2024-03-14 17:22:41.091 [warning] [Decorations] CAPPING events from decorations provider vscode.git 1151
2024-03-14 17:22:46.178 [warning] [Decorations] CAPPING events from decorations provider vscode.git 1151
2024-03-14 17:24:42.724 [warning] [Decorations] CAPPING events from decorations provider vscode.git 1151
2024-03-14 17:24:47.815 [warning] [Decorations] CAPPING events from decorations provider vscode.git 1151
2024-03-14 17:24:52.902 [warning] [Decorations] CAPPING events from decorations provider vscode.git 1151
2024-03-14 17:24:57.988 [warning] [Decorations] CAPPING events from decorations provider vscode.git 1151
2024-03-14 17:25:03.076 [warning] [Decorations] CAPPING events from decorations provider vscode.git 1151
2024-03-14 17:25:50.572 [warning] [Decorations] CAPPING events from decorations provider vscode.git 1151
2024-03-14 17:25:55.659 [warning] [Decorations] CAPPING events from decorations provider vscode.git 1151
2024-03-14 17:26:08.816 [warning] [Decorations] CAPPING events from decorations provider vscode.git 1151
2024-03-14 17:26:11.689 [warning] [Decorations] CAPPING events from decorations provider vscode.git 914
2024-03-14 17:26:13.904 [warning] [Decorations] CAPPING events from decorations provider vscode.git 1151
2024-03-14 17:26:18.991 [warning] [Decorations] CAPPING events from decorations provider vscode.git 1151
2024-03-14 17:26:24.078 [warning] [Decorations] CAPPING events from decorations provider vscode.git 1151
2024-03-14 17:26:29.166 [warning] [Decorations] CAPPING events from decorations provider vscode.git 1151
2024-03-14 17:26:34.253 [warning] [Decorations] CAPPING events from decorations provider vscode.git 1151
2024-03-14 17:26:39.339 [warning] [Decorations] CAPPING events from decorations provider vscode.git 1151
2024-03-14 17:26:47.081 [warning] [Decorations] CAPPING events from decorations provider vscode.git 1151
2024-03-14 17:26:52.166 [warning] [Decorations] CAPPING events from decorations provider vscode.git 1151
2024-03-14 17:27:02.953 [warning] [Decorations] CAPPING events from decorations provider vscode.git 1151
2024-03-14 17:27:59.554 [warning] [Decorations] CAPPING events from decorations provider vscode.git 1151
2024-03-14 17:28:04.642 [warning] [Decorations] CAPPING events from decorations provider vscode.git 1151
2024-03-14 17:28:09.728 [warning] [Decorations] CAPPING events from decorations provider vscode.git 1151
2024-03-14 17:28:16.947 [warning] [Decorations] CAPPING events from decorations provider vscode.git 1151
2024-03-14 17:28:47.782 [warning] [Decorations] CAPPING events from decorations provider vscode.git 1151
2024-03-14 17:28:52.873 [warning] [Decorations] CAPPING events from decorations provider vscode.git 1151
2024-03-14 17:28:56.984 [warning] [Decorations] CAPPING events from decorations provider vscode.git 914
2024-03-14 17:28:57.962 [warning] [Decorations] CAPPING events from decorations provider vscode.git 1151
2024-03-14 17:29:08.157 [warning] [Decorations] CAPPING events from decorations provider vscode.git 1151
2024-03-14 17:29:13.244 [warning] [Decorations] CAPPING events from decorations provider vscode.git 1151
2024-03-14 17:29:24.036 [warning] [Decorations] CAPPING events from decorations provider vscode.git 1151
2024-03-14 17:30:39.041 [warning] [Decorations] CAPPING events from decorations provider vscode.git 1151
2024-03-14 17:30:44.130 [warning] [Decorations] CAPPING events from decorations provider vscode.git 1151
2024-03-14 17:30:48.764 [warning] [Decorations] CAPPING events from decorations provider vscode.git 914
2024-03-14 17:30:49.220 [warning] [Decorations] CAPPING events from decorations provider vscode.git 1151
2024-03-14 17:30:54.312 [warning] [Decorations] CAPPING events from decorations provider vscode.git 1151
2024-03-14 17:30:59.411 [warning] [Decorations] CAPPING events from decorations provider vscode.git 1151
2024-03-14 17:31:04.502 [warning] [Decorations] CAPPING events from decorations provider vscode.git 1151
2024-03-14 17:31:15.737 [warning] [Decorations] CAPPING events from decorations provider vscode.git 1151
2024-03-14 17:35:05.959 [warning] [Decorations] CAPPING events from decorations provider vscode.git 1151
2024-03-14 17:35:11.044 [warning] [Decorations] CAPPING events from decorations provider vscode.git 1151
2024-03-14 17:35:16.129 [warning] [Decorations] CAPPING events from decorations provider vscode.git 1151
2024-03-14 17:35:21.215 [warning] [Decorations] CAPPING events from decorations provider vscode.git 1151
2024-03-14 17:35:26.302 [warning] [Decorations] CAPPING events from decorations provider vscode.git 1151
2024-03-14 17:35:31.394 [warning] [Decorations] CAPPING events from decorations provider vscode.git 1151
2024-03-14 17:35:36.480 [warning] [Decorations] CAPPING events from decorations provider vscode.git 1151
2024-03-14 17:35:41.567 [warning] [Decorations] CAPPING events from decorations provider vscode.git 1151
2024-03-14 17:35:46.654 [warning] [Decorations] CAPPING events from decorations provider vscode.git 1151
2024-03-14 17:35:51.740 [warning] [Decorations] CAPPING events from decorations provider vscode.git 1151
2024-03-14 17:35:56.828 [warning] [Decorations] CAPPING events from decorations provider vscode.git 1151
2024-03-14 17:36:01.918 [warning] [Decorations] CAPPING events from decorations provider vscode.git 1151
2024-03-14 17:36:07.002 [warning] [Decorations] CAPPING events from decorations provider vscode.git 1151
2024-03-14 17:36:12.089 [warning] [Decorations] CAPPING events from decorations provider vscode.git 1151
2024-03-14 17:36:17.177 [warning] [Decorations] CAPPING events from decorations provider vscode.git 1151
2024-03-14 17:36:22.264 [warning] [Decorations] CAPPING events from decorations provider vscode.git 1151
2024-03-14 17:36:25.011 [warning] [Decorations] CAPPING events from decorations provider vscode.git 914
2024-03-14 17:36:27.718 [warning] [Decorations] CAPPING events from decorations provider vscode.git 1151
2024-03-14 17:36:32.806 [warning] [Decorations] CAPPING events from decorations provider vscode.git 1151
2024-03-14 17:36:37.900 [warning] [Decorations] CAPPING events from decorations provider vscode.git 1151
2024-03-14 17:36:42.986 [warning] [Decorations] CAPPING events from decorations provider vscode.git 1151
2024-03-14 17:36:48.072 [warning] [Decorations] CAPPING events from decorations provider vscode.git 1151
2024-03-14 17:36:53.161 [warning] [Decorations] CAPPING events from decorations provider vscode.git 1151
2024-03-14 17:36:58.247 [warning] [Decorations] CAPPING events from decorations provider vscode.git 1151
2024-03-14 17:38:33.757 [warning] [Decorations] CAPPING events from decorations provider vscode.git 1151
2024-03-14 17:38:38.846 [warning] [Decorations] CAPPING events from decorations provider vscode.git 1151
2024-03-14 17:38:43.932 [warning] [Decorations] CAPPING events from decorations provider vscode.git 1151
2024-03-14 17:38:49.017 [warning] [Decorations] CAPPING events from decorations provider vscode.git 1151
2024-03-14 17:38:54.103 [warning] [Decorations] CAPPING events from decorations provider vscode.git 1151
2024-03-14 17:38:59.191 [warning] [Decorations] CAPPING events from decorations provider vscode.git 1151
2024-03-14 17:39:04.277 [warning] [Decorations] CAPPING events from decorations provider vscode.git 1151
2024-03-14 17:39:09.367 [warning] [Decorations] CAPPING events from decorations provider vscode.git 1151
2024-03-14 17:39:14.455 [warning] [Decorations] CAPPING events from decorations provider vscode.git 1151
2024-03-14 17:39:19.543 [warning] [Decorations] CAPPING events from decorations provider vscode.git 1151
2024-03-14 17:39:25.000 [warning] [Decorations] CAPPING events from decorations provider vscode.git 1151
2024-03-14 17:39:30.090 [warning] [Decorations] CAPPING events from decorations provider vscode.git 1151
2024-03-14 17:39:35.174 [warning] [Decorations] CAPPING events from decorations provider vscode.git 1151
2024-03-14 17:39:40.262 [warning] [Decorations] CAPPING events from decorations provider vscode.git 1151
2024-03-14 17:39:45.349 [warning] [Decorations] CAPPING events from decorations provider vscode.git 1151
2024-03-14 17:39:50.436 [warning] [Decorations] CAPPING events from decorations provider vscode.git 1151
2024-03-14 17:39:55.523 [warning] [Decorations] CAPPING events from decorations provider vscode.git 1151
2024-03-14 17:40:00.611 [warning] [Decorations] CAPPING events from decorations provider vscode.git 1151
2024-03-14 17:40:05.700 [warning] [Decorations] CAPPING events from decorations provider vscode.git 1151
2024-03-14 17:40:10.787 [warning] [Decorations] CAPPING events from decorations provider vscode.git 1151
2024-03-14 17:40:15.871 [warning] [Decorations] CAPPING events from decorations provider vscode.git 1151
2024-03-14 17:40:20.957 [warning] [Decorations] CAPPING events from decorations provider vscode.git 1151
2024-03-14 17:40:26.045 [warning] [Decorations] CAPPING events from decorations provider vscode.git 1151
2024-03-14 17:40:31.133 [warning] [Decorations] CAPPING events from decorations provider vscode.git 1151
2024-03-14 17:40:36.221 [warning] [Decorations] CAPPING events from decorations provider vscode.git 1151
2024-03-14 17:40:41.309 [warning] [Decorations] CAPPING events from decorations provider vscode.git 1151
2024-03-14 17:40:46.396 [warning] [Decorations] CAPPING events from decorations provider vscode.git 1151
2024-03-14 17:40:51.487 [warning] [Decorations] CAPPING events from decorations provider vscode.git 1151
2024-03-14 17:40:56.572 [warning] [Decorations] CAPPING events from decorations provider vscode.git 1151
2024-03-14 17:41:01.660 [warning] [Decorations] CAPPING events from decorations provider vscode.git 1151
2024-03-14 17:41:06.748 [warning] [Decorations] CAPPING events from decorations provider vscode.git 1151
2024-03-14 17:41:11.836 [warning] [Decorations] CAPPING events from decorations provider vscode.git 1151
2024-03-14 17:41:16.923 [warning] [Decorations] CAPPING events from decorations provider vscode.git 1151
2024-03-14 17:41:22.010 [warning] [Decorations] CAPPING events from decorations provider vscode.git 1151
2024-03-14 17:41:27.098 [warning] [Decorations] CAPPING events from decorations provider vscode.git 1151
2024-03-14 17:41:32.187 [warning] [Decorations] CAPPING events from decorations provider vscode.git 1151
2024-03-14 17:41:37.275 [warning] [Decorations] CAPPING events from decorations provider vscode.git 1151
2024-03-14 17:41:42.363 [warning] [Decorations] CAPPING events from decorations provider vscode.git 1151
2024-03-14 17:41:47.450 [warning] [Decorations] CAPPING events from decorations provider vscode.git 1151
2024-03-14 17:41:52.542 [warning] [Decorations] CAPPING events from decorations provider vscode.git 1151
2024-03-14 17:41:57.628 [warning] [Decorations] CAPPING events from decorations provider vscode.git 1151
2024-03-14 17:42:02.715 [warning] [Decorations] CAPPING events from decorations provider vscode.git 1151
2024-03-14 17:42:07.802 [warning] [Decorations] CAPPING events from decorations provider vscode.git 1151
2024-03-14 17:42:12.889 [warning] [Decorations] CAPPING events from decorations provider vscode.git 1151
2024-03-14 17:42:17.975 [warning] [Decorations] CAPPING events from decorations provider vscode.git 1151
2024-03-14 17:42:23.063 [warning] [Decorations] CAPPING events from decorations provider vscode.git 1151
2024-03-14 17:42:28.151 [warning] [Decorations] CAPPING events from decorations provider vscode.git 1151
2024-03-14 17:42:33.237 [warning] [Decorations] CAPPING events from decorations provider vscode.git 1151
2024-03-14 17:42:38.323 [warning] [Decorations] CAPPING events from decorations provider vscode.git 1151
2024-03-14 17:42:43.410 [warning] [Decorations] CAPPING events from decorations provider vscode.git 1151
2024-03-14 17:42:48.499 [warning] [Decorations] CAPPING events from decorations provider vscode.git 1151
2024-03-14 17:42:53.587 [warning] [Decorations] CAPPING events from decorations provider vscode.git 1151
2024-03-14 17:42:58.676 [warning] [Decorations] CAPPING events from decorations provider vscode.git 1151
2024-03-14 17:43:03.762 [warning] [Decorations] CAPPING events from decorations provider vscode.git 1151
2024-03-14 17:43:08.851 [warning] [Decorations] CAPPING events from decorations provider vscode.git 1151
2024-03-14 17:43:13.938 [warning] [Decorations] CAPPING events from decorations provider vscode.git 1151
2024-03-14 17:43:19.024 [warning] [Decorations] CAPPING events from decorations provider vscode.git 1151
2024-03-14 17:43:24.112 [warning] [Decorations] CAPPING events from decorations provider vscode.git 1151
2024-03-14 17:43:29.200 [warning] [Decorations] CAPPING events from decorations provider vscode.git 1151
2024-03-14 17:43:34.294 [warning] [Decorations] CAPPING events from decorations provider vscode.git 1151
2024-03-14 17:43:39.382 [warning] [Decorations] CAPPING events from decorations provider vscode.git 1151
2024-03-14 17:43:44.470 [warning] [Decorations] CAPPING events from decorations provider vscode.git 1151
2024-03-14 17:43:49.557 [warning] [Decorations] CAPPING events from decorations provider vscode.git 1151
2024-03-14 17:43:54.644 [warning] [Decorations] CAPPING events from decorations provider vscode.git 1151
2024-03-14 17:43:59.732 [warning] [Decorations] CAPPING events from decorations provider vscode.git 1151
2024-03-14 17:44:04.818 [warning] [Decorations] CAPPING events from decorations provider vscode.git 1151
2024-03-14 17:44:10.292 [warning] [Decorations] CAPPING events from decorations provider vscode.git 1151
2024-03-14 17:44:15.382 [warning] [Decorations] CAPPING events from decorations provider vscode.git 1151
2024-03-14 17:44:20.469 [warning] [Decorations] CAPPING events from decorations provider vscode.git 1151
2024-03-14 17:44:25.556 [warning] [Decorations] CAPPING events from decorations provider vscode.git 1151
2024-03-14 17:44:30.643 [warning] [Decorations] CAPPING events from decorations provider vscode.git 1151
2024-03-14 17:44:35.729 [warning] [Decorations] CAPPING events from decorations provider vscode.git 1151
2024-03-14 17:44:40.816 [warning] [Decorations] CAPPING events from decorations provider vscode.git 1151
2024-03-14 17:44:45.904 [warning] [Decorations] CAPPING events from decorations provider vscode.git 1151
2024-03-14 17:44:50.992 [warning] [Decorations] CAPPING events from decorations provider vscode.git 1151
2024-03-14 17:44:56.079 [warning] [Decorations] CAPPING events from decorations provider vscode.git 1151
2024-03-14 17:45:01.166 [warning] [Decorations] CAPPING events from decorations provider vscode.git 1151
2024-03-14 17:45:28.744 [warning] [Decorations] CAPPING events from decorations provider vscode.git 1151
2024-03-14 17:45:35.638 [warning] [Decorations] CAPPING events from decorations provider vscode.git 1151
2024-03-14 17:46:13.203 [warning] [Decorations] CAPPING events from decorations provider vscode.git 1151
2024-03-14 17:48:23.247 [warning] [Decorations] CAPPING events from decorations provider vscode.git 1151
2024-03-14 17:49:09.444 [warning] [Decorations] CAPPING events from decorations provider vscode.git 1151
2024-03-14 17:49:14.532 [warning] [Decorations] CAPPING events from decorations provider vscode.git 1151
2024-03-14 17:49:19.975 [warning] [Decorations] CAPPING events from decorations provider vscode.git 1151
2024-03-14 17:49:25.061 [warning] [Decorations] CAPPING events from decorations provider vscode.git 1151
2024-03-14 17:49:30.150 [warning] [Decorations] CAPPING events from decorations provider vscode.git 1151
2024-03-14 17:49:35.236 [warning] [Decorations] CAPPING events from decorations provider vscode.git 1151
2024-03-14 17:49:40.322 [warning] [Decorations] CAPPING events from decorations provider vscode.git 1151
2024-03-14 17:49:45.408 [warning] [Decorations] CAPPING events from decorations provider vscode.git 1151
2024-03-14 17:49:49.238 [warning] [Decorations] CAPPING events from decorations provider vscode.git 914
2024-03-14 17:49:50.498 [warning] [Decorations] CAPPING events from decorations provider vscode.git 1151
2024-03-14 17:49:55.584 [warning] [Decorations] CAPPING events from decorations provider vscode.git 1151
2024-03-14 17:50:00.670 [warning] [Decorations] CAPPING events from decorations provider vscode.git 1151
2024-03-14 17:50:05.758 [warning] [Decorations] CAPPING events from decorations provider vscode.git 1151
2024-03-14 17:50:10.852 [warning] [Decorations] CAPPING events from decorations provider vscode.git 1151
2024-03-14 17:50:15.939 [warning] [Decorations] CAPPING events from decorations provider vscode.git 1151
2024-03-14 17:51:58.558 [warning] [Decorations] CAPPING events from decorations provider vscode.git 1151
2024-03-14 17:52:03.645 [warning] [Decorations] CAPPING events from decorations provider vscode.git 1151
2024-03-14 17:54:51.780 [warning] [Decorations] CAPPING events from decorations provider vscode.git 1151
2024-03-14 17:54:56.866 [warning] [Decorations] CAPPING events from decorations provider vscode.git 1151
2024-03-14 17:55:01.951 [warning] [Decorations] CAPPING events from decorations provider vscode.git 1151
2024-03-14 17:55:07.038 [warning] [Decorations] CAPPING events from decorations provider vscode.git 1151
2024-03-14 17:55:12.125 [warning] [Decorations] CAPPING events from decorations provider vscode.git 1151
2024-03-14 17:55:17.625 [warning] [Decorations] CAPPING events from decorations provider vscode.git 1151
2024-03-14 17:55:29.990 [warning] [Decorations] CAPPING events from decorations provider vscode.git 1151
2024-03-14 17:57:57.481 [warning] [Decorations] CAPPING events from decorations provider vscode.git 1151
2024-03-14 17:58:02.569 [warning] [Decorations] CAPPING events from decorations provider vscode.git 1151
2024-03-14 17:58:07.654 [warning] [Decorations] CAPPING events from decorations provider vscode.git 1151
2024-03-14 17:58:12.742 [warning] [Decorations] CAPPING events from decorations provider vscode.git 1151
2024-03-14 17:58:17.828 [warning] [Decorations] CAPPING events from decorations provider vscode.git 1151
2024-03-14 17:58:22.914 [warning] [Decorations] CAPPING events from decorations provider vscode.git 1151
2024-03-14 18:00:51.628 [warning] [Decorations] CAPPING events from decorations provider vscode.git 1151
2024-03-14 18:00:56.719 [warning] [Decorations] CAPPING events from decorations provider vscode.git 1151
2024-03-14 18:01:01.805 [warning] [Decorations] CAPPING events from decorations provider vscode.git 1151
2024-03-14 18:01:05.058 [warning] [Decorations] CAPPING events from decorations provider vscode.git 914
2024-03-14 18:01:06.890 [warning] [Decorations] CAPPING events from decorations provider vscode.git 1151
2024-03-14 18:01:11.977 [warning] [Decorations] CAPPING events from decorations provider vscode.git 1151
2024-03-14 18:01:17.062 [warning] [Decorations] CAPPING events from decorations provider vscode.git 1151
2024-03-14 18:01:43.938 [warning] [Decorations] CAPPING events from decorations provider vscode.git 1151
2024-03-14 18:01:49.024 [warning] [Decorations] CAPPING events from decorations provider vscode.git 1151
2024-03-14 18:01:54.110 [warning] [Decorations] CAPPING events from decorations provider vscode.git 1151
2024-03-14 18:01:59.197 [warning] [Decorations] CAPPING events from decorations provider vscode.git 1151
2024-03-14 18:02:04.283 [warning] [Decorations] CAPPING events from decorations provider vscode.git 1151
2024-03-14 18:02:09.370 [warning] [Decorations] CAPPING events from decorations provider vscode.git 1151
2024-03-14 18:02:14.456 [warning] [Decorations] CAPPING events from decorations provider vscode.git 1151
2024-03-14 18:03:51.889 [warning] [Decorations] CAPPING events from decorations provider vscode.git 1151
2024-03-14 18:03:56.977 [warning] [Decorations] CAPPING events from decorations provider vscode.git 1151
2024-03-14 18:04:02.063 [warning] [Decorations] CAPPING events from decorations provider vscode.git 1151
2024-03-14 18:04:07.148 [warning] [Decorations] CAPPING events from decorations provider vscode.git 1151
2024-03-14 18:04:12.235 [warning] [Decorations] CAPPING events from decorations provider vscode.git 1151
2024-03-14 18:05:14.248 [warning] [Decorations] CAPPING events from decorations provider vscode.git 1151
2024-03-14 18:05:45.974 [warning] [Decorations] CAPPING events from decorations provider vscode.git 1151
2024-03-14 18:05:51.066 [warning] [Decorations] CAPPING events from decorations provider vscode.git 1151
2024-03-14 18:05:56.152 [warning] [Decorations] CAPPING events from decorations provider vscode.git 1151
2024-03-14 18:06:01.239 [warning] [Decorations] CAPPING events from decorations provider vscode.git 1151
2024-03-14 18:06:06.326 [warning] [Decorations] CAPPING events from decorations provider vscode.git 1151
2024-03-14 18:06:11.414 [warning] [Decorations] CAPPING events from decorations provider vscode.git 1151
2024-03-14 18:06:16.501 [warning] [Decorations] CAPPING events from decorations provider vscode.git 1151
2024-03-14 18:06:21.595 [warning] [Decorations] CAPPING events from decorations provider vscode.git 1151
2024-03-14 18:06:26.682 [warning] [Decorations] CAPPING events from decorations provider vscode.git 1151
2024-03-14 18:06:31.769 [warning] [Decorations] CAPPING events from decorations provider vscode.git 1151
2024-03-14 18:06:36.855 [warning] [Decorations] CAPPING events from decorations provider vscode.git 1151
2024-03-14 18:06:41.942 [warning] [Decorations] CAPPING events from decorations provider vscode.git 1151
2024-03-14 18:06:47.028 [warning] [Decorations] CAPPING events from decorations provider vscode.git 1151
2024-03-14 18:06:52.113 [warning] [Decorations] CAPPING events from decorations provider vscode.git 1151
2024-03-14 18:06:57.201 [warning] [Decorations] CAPPING events from decorations provider vscode.git 1151
2024-03-14 18:07:02.288 [warning] [Decorations] CAPPING events from decorations provider vscode.git 1151
2024-03-14 18:08:12.122 [warning] [Decorations] CAPPING events from decorations provider vscode.git 1151
2024-03-14 18:08:17.209 [warning] [Decorations] CAPPING events from decorations provider vscode.git 1151
2024-03-14 18:08:22.296 [warning] [Decorations] CAPPING events from decorations provider vscode.git 1151
2024-03-14 18:08:27.383 [warning] [Decorations] CAPPING events from decorations provider vscode.git 1151
2024-03-14 18:08:32.468 [warning] [Decorations] CAPPING events from decorations provider vscode.git 1151
2024-03-14 18:08:37.556 [warning] [Decorations] CAPPING events from decorations provider vscode.git 1151
2024-03-14 18:08:42.643 [warning] [Decorations] CAPPING events from decorations provider vscode.git 1151
2024-03-14 18:08:47.728 [warning] [Decorations] CAPPING events from decorations provider vscode.git 1151
2024-03-14 18:08:52.813 [warning] [Decorations] CAPPING events from decorations provider vscode.git 1151
2024-03-14 18:08:57.901 [warning] [Decorations] CAPPING events from decorations provider vscode.git 1151
2024-03-14 18:09:02.988 [warning] [Decorations] CAPPING events from decorations provider vscode.git 1151
2024-03-14 18:09:08.075 [warning] [Decorations] CAPPING events from decorations provider vscode.git 1151
2024-03-14 18:09:20.241 [warning] [Decorations] CAPPING events from decorations provider vscode.git 1151
2024-03-14 18:09:25.328 [warning] [Decorations] CAPPING events from decorations provider vscode.git 1151
2024-03-14 18:09:30.416 [warning] [Decorations] CAPPING events from decorations provider vscode.git 1151
2024-03-14 18:09:35.507 [warning] [Decorations] CAPPING events from decorations provider vscode.git 1151
2024-03-14 18:09:47.045 [warning] [Decorations] CAPPING events from decorations provider vscode.git 1151
2024-03-14 18:11:02.789 [warning] [Decorations] CAPPING events from decorations provider vscode.git 1151
2024-03-14 18:11:07.875 [warning] [Decorations] CAPPING events from decorations provider vscode.git 1151
2024-03-14 18:11:12.961 [warning] [Decorations] CAPPING events from decorations provider vscode.git 1151
2024-03-14 18:11:18.612 [warning] [Decorations] CAPPING events from decorations provider vscode.git 1151
2024-03-14 18:13:15.788 [warning] [Decorations] CAPPING events from decorations provider vscode.git 1151
2024-03-14 18:13:20.874 [warning] [Decorations] CAPPING events from decorations provider vscode.git 1151
2024-03-14 18:13:25.961 [warning] [Decorations] CAPPING events from decorations provider vscode.git 1151
2024-03-14 18:13:31.051 [warning] [Decorations] CAPPING events from decorations provider vscode.git 1151
2024-03-14 18:13:36.137 [warning] [Decorations] CAPPING events from decorations provider vscode.git 1151
2024-03-14 18:13:46.825 [warning] [Decorations] CAPPING events from decorations provider vscode.git 1151
2024-03-14 18:13:51.910 [warning] [Decorations] CAPPING events from decorations provider vscode.git 1151
2024-03-14 18:13:57.646 [warning] [Decorations] CAPPING events from decorations provider vscode.git 1151
2024-03-14 18:14:02.732 [warning] [Decorations] CAPPING events from decorations provider vscode.git 1151
2024-03-14 18:14:07.818 [warning] [Decorations] CAPPING events from decorations provider vscode.git 1151
2024-03-14 18:14:12.905 [warning] [Decorations] CAPPING events from decorations provider vscode.git 1151
2024-03-14 18:14:17.997 [warning] [Decorations] CAPPING events from decorations provider vscode.git 1151
2024-03-14 18:14:23.083 [warning] [Decorations] CAPPING events from decorations provider vscode.git 1151
2024-03-14 18:14:28.169 [warning] [Decorations] CAPPING events from decorations provider vscode.git 1151
2024-03-14 18:14:33.255 [warning] [Decorations] CAPPING events from decorations provider vscode.git 1151
2024-03-14 18:14:38.346 [warning] [Decorations] CAPPING events from decorations provider vscode.git 1151
2024-03-14 18:14:43.433 [warning] [Decorations] CAPPING events from decorations provider vscode.git 1151
2024-03-14 18:14:48.520 [warning] [Decorations] CAPPING events from decorations provider vscode.git 1151
2024-03-14 18:14:57.921 [warning] [Decorations] CAPPING events from decorations provider vscode.git 1151
2024-03-14 18:15:03.009 [warning] [Decorations] CAPPING events from decorations provider vscode.git 1151
2024-03-14 18:15:08.093 [warning] [Decorations] CAPPING events from decorations provider vscode.git 1151
2024-03-14 18:15:13.184 [warning] [Decorations] CAPPING events from decorations provider vscode.git 1151
2024-03-14 18:15:18.271 [warning] [Decorations] CAPPING events from decorations provider vscode.git 1150
2024-03-14 18:15:23.355 [warning] [Decorations] CAPPING events from decorations provider vscode.git 1150
2024-03-14 18:15:28.445 [warning] [Decorations] CAPPING events from decorations provider vscode.git 1150
2024-03-14 18:15:33.526 [warning] [Decorations] CAPPING events from decorations provider vscode.git 1150
2024-03-14 18:16:10.389 [info] Extension host terminating: received terminate message from renderer
2024-03-14 18:16:10.389 [info] Lock '/home/student/.vscode-server/data/User/workspaceStorage/63e31fa26b97c3d038b73ad41de3ba4a/vscode.lock': Marking the lockfile as scheduled to be released in 6000 ms.
2024-03-14 18:16:10.421 [error] Canceled: Canceled
	at new $ (/home/student/.vscode-server/bin/863d2581ecda6849923a2118d93a088b0745d9d6/out/vs/workbench/api/node/extensionHostProcess.js:140:45885)
	at s.U (/home/student/.vscode-server/bin/863d2581ecda6849923a2118d93a088b0745d9d6/out/vs/workbench/api/node/extensionHostProcess.js:147:5556)
	at z.<computed>.T.charCodeAt.z.<computed> (/home/student/.vscode-server/bin/863d2581ecda6849923a2118d93a088b0745d9d6/out/vs/workbench/api/node/extensionHostProcess.js:147:3007)
	at u.g (/home/student/.vscode-server/bin/863d2581ecda6849923a2118d93a088b0745d9d6/out/vs/workbench/api/node/extensionHostProcess.js:150:184300)
	at u.executeCommand (/home/student/.vscode-server/bin/863d2581ecda6849923a2118d93a088b0745d9d6/out/vs/workbench/api/node/extensionHostProcess.js:150:183738)
	at f.registerCommand.description (/home/student/.vscode-server/bin/863d2581ecda6849923a2118d93a088b0745d9d6/out/vs/workbench/api/node/extensionHostProcess.js:150:183062)
	at u.h (/home/student/.vscode-server/bin/863d2581ecda6849923a2118d93a088b0745d9d6/out/vs/workbench/api/node/extensionHostProcess.js:150:184839)
	at u.g (/home/student/.vscode-server/bin/863d2581ecda6849923a2118d93a088b0745d9d6/out/vs/workbench/api/node/extensionHostProcess.js:150:183831)
	at u.executeCommand (/home/student/.vscode-server/bin/863d2581ecda6849923a2118d93a088b0745d9d6/out/vs/workbench/api/node/extensionHostProcess.js:150:183738)
	at Object.executeCommand (/home/student/.vscode-server/bin/863d2581ecda6849923a2118d93a088b0745d9d6/out/vs/workbench/api/node/extensionHostProcess.js:160:21654)
	at p.O [as value] (/home/student/.vscode-server/bin/863d2581ecda6849923a2118d93a088b0745d9d6/extensions/git/dist/main.js:2:943479)
	at n.y (/home/student/.vscode-server/bin/863d2581ecda6849923a2118d93a088b0745d9d6/out/vs/workbench/api/node/extensionHostProcess.js:80:1902)
	at n.z (/home/student/.vscode-server/bin/863d2581ecda6849923a2118d93a088b0745d9d6/out/vs/workbench/api/node/extensionHostProcess.js:80:1972)
	at n.fire (/home/student/.vscode-server/bin/863d2581ecda6849923a2118d93a088b0745d9d6/out/vs/workbench/api/node/extensionHostProcess.js:80:2188)
	at Object.m [as dispose] (/home/student/.vscode-server/bin/863d2581ecda6849923a2118d93a088b0745d9d6/extensions/git/dist/main.js:2:962791)
	at /home/student/.vscode-server/bin/863d2581ecda6849923a2118d93a088b0745d9d6/extensions/git/dist/main.js:2:968825
	at Array.forEach (<anonymous>)
	at f.dispose (/home/student/.vscode-server/bin/863d2581ecda6849923a2118d93a088b0745d9d6/extensions/git/dist/main.js:2:968811)
	at l.<anonymous> (/home/student/.vscode-server/bin/863d2581ecda6849923a2118d93a088b0745d9d6/out/vs/workbench/api/node/extensionHostProcess.js:148:3704)
	at l.dispose (/home/student/.vscode-server/bin/863d2581ecda6849923a2118d93a088b0745d9d6/out/vs/workbench/api/node/extensionHostProcess.js:148:3801)
	at l.<anonymous> (/home/student/.vscode-server/bin/863d2581ecda6849923a2118d93a088b0745d9d6/extensions/git/dist/main.js:2:945736)
	at l.dispose (/home/student/.vscode-server/bin/863d2581ecda6849923a2118d93a088b0745d9d6/out/vs/workbench/api/node/extensionHostProcess.js:148:3801)
	at o (/home/student/.vscode-server/bin/863d2581ecda6849923a2118d93a088b0745d9d6/out/vs/workbench/api/node/extensionHostProcess.js:30:754)
	at p.cb (/home/student/.vscode-server/bin/863d2581ecda6849923a2118d93a088b0745d9d6/out/vs/workbench/api/node/extensionHostProcess.js:156:9882)
	at /home/student/.vscode-server/bin/863d2581ecda6849923a2118d93a088b0745d9d6/out/vs/workbench/api/node/extensionHostProcess.js:156:7816
	at Array.map (<anonymous>)
	at p.Y (/home/student/.vscode-server/bin/863d2581ecda6849923a2118d93a088b0745d9d6/out/vs/workbench/api/node/extensionHostProcess.js:156:7803)
	at p.terminate (/home/student/.vscode-server/bin/863d2581ecda6849923a2118d93a088b0745d9d6/out/vs/workbench/api/node/extensionHostProcess.js:156:8076)
	at o.terminate (/home/student/.vscode-server/bin/863d2581ecda6849923a2118d93a088b0745d9d6/out/vs/workbench/api/node/extensionHostProcess.js:160:1513)
	at t (/home/student/.vscode-server/bin/863d2581ecda6849923a2118d93a088b0745d9d6/out/vs/workbench/api/node/extensionHostProcess.js:173:9949)
	at p.value (/home/student/.vscode-server/bin/863d2581ecda6849923a2118d93a088b0745d9d6/out/vs/workbench/api/node/extensionHostProcess.js:173:7996)
	at n.y (/home/student/.vscode-server/bin/863d2581ecda6849923a2118d93a088b0745d9d6/out/vs/workbench/api/node/extensionHostProcess.js:80:1902)
	at n.fire (/home/student/.vscode-server/bin/863d2581ecda6849923a2118d93a088b0745d9d6/out/vs/workbench/api/node/extensionHostProcess.js:80:2119)
	at r.fire (/home/student/.vscode-server/bin/863d2581ecda6849923a2118d93a088b0745d9d6/out/vs/workbench/api/node/extensionHostProcess.js:105:14091)
	at u.z (/home/student/.vscode-server/bin/863d2581ecda6849923a2118d93a088b0745d9d6/out/vs/workbench/api/node/extensionHostProcess.js:105:17156)
	at p.value (/home/student/.vscode-server/bin/863d2581ecda6849923a2118d93a088b0745d9d6/out/vs/workbench/api/node/extensionHostProcess.js:105:15608)
	at n.y (/home/student/.vscode-server/bin/863d2581ecda6849923a2118d93a088b0745d9d6/out/vs/workbench/api/node/extensionHostProcess.js:80:1902)
	at n.fire (/home/student/.vscode-server/bin/863d2581ecda6849923a2118d93a088b0745d9d6/out/vs/workbench/api/node/extensionHostProcess.js:80:2119)
	at p.acceptChunk (/home/student/.vscode-server/bin/863d2581ecda6849923a2118d93a088b0745d9d6/out/vs/workbench/api/node/extensionHostProcess.js:105:11865)
	at p.value (/home/student/.vscode-server/bin/863d2581ecda6849923a2118d93a088b0745d9d6/out/vs/workbench/api/node/extensionHostProcess.js:105:11152)
	at n.y (/home/student/.vscode-server/bin/863d2581ecda6849923a2118d93a088b0745d9d6/out/vs/workbench/api/node/extensionHostProcess.js:80:1902)
	at n.fire (/home/student/.vscode-server/bin/863d2581ecda6849923a2118d93a088b0745d9d6/out/vs/workbench/api/node/extensionHostProcess.js:80:2119)
	at n.z (/home/student/.vscode-server/bin/863d2581ecda6849923a2118d93a088b0745d9d6/out/vs/workbench/api/node/extensionHostProcess.js:170:19748) setContext undefined
2024-03-14 18:16:10.421 [error] Canceled: Canceled
	at new $ (/home/student/.vscode-server/bin/863d2581ecda6849923a2118d93a088b0745d9d6/out/vs/workbench/api/node/extensionHostProcess.js:140:45885)
	at s.U (/home/student/.vscode-server/bin/863d2581ecda6849923a2118d93a088b0745d9d6/out/vs/workbench/api/node/extensionHostProcess.js:147:5556)
	at z.<computed>.T.charCodeAt.z.<computed> (/home/student/.vscode-server/bin/863d2581ecda6849923a2118d93a088b0745d9d6/out/vs/workbench/api/node/extensionHostProcess.js:147:3007)
	at u.g (/home/student/.vscode-server/bin/863d2581ecda6849923a2118d93a088b0745d9d6/out/vs/workbench/api/node/extensionHostProcess.js:150:184300)
	at u.executeCommand (/home/student/.vscode-server/bin/863d2581ecda6849923a2118d93a088b0745d9d6/out/vs/workbench/api/node/extensionHostProcess.js:150:183738)
	at f.registerCommand.description (/home/student/.vscode-server/bin/863d2581ecda6849923a2118d93a088b0745d9d6/out/vs/workbench/api/node/extensionHostProcess.js:150:183062)
	at u.h (/home/student/.vscode-server/bin/863d2581ecda6849923a2118d93a088b0745d9d6/out/vs/workbench/api/node/extensionHostProcess.js:150:184839)
	at u.g (/home/student/.vscode-server/bin/863d2581ecda6849923a2118d93a088b0745d9d6/out/vs/workbench/api/node/extensionHostProcess.js:150:183831)
	at u.executeCommand (/home/student/.vscode-server/bin/863d2581ecda6849923a2118d93a088b0745d9d6/out/vs/workbench/api/node/extensionHostProcess.js:150:183738)
	at Object.executeCommand (/home/student/.vscode-server/bin/863d2581ecda6849923a2118d93a088b0745d9d6/out/vs/workbench/api/node/extensionHostProcess.js:160:21654)
	at p.O [as value] (/home/student/.vscode-server/bin/863d2581ecda6849923a2118d93a088b0745d9d6/extensions/git/dist/main.js:2:943479)
	at n.y (/home/student/.vscode-server/bin/863d2581ecda6849923a2118d93a088b0745d9d6/out/vs/workbench/api/node/extensionHostProcess.js:80:1902)
	at n.z (/home/student/.vscode-server/bin/863d2581ecda6849923a2118d93a088b0745d9d6/out/vs/workbench/api/node/extensionHostProcess.js:80:1972)
	at n.fire (/home/student/.vscode-server/bin/863d2581ecda6849923a2118d93a088b0745d9d6/out/vs/workbench/api/node/extensionHostProcess.js:80:2188)
	at Object.m [as dispose] (/home/student/.vscode-server/bin/863d2581ecda6849923a2118d93a088b0745d9d6/extensions/git/dist/main.js:2:962791)
	at /home/student/.vscode-server/bin/863d2581ecda6849923a2118d93a088b0745d9d6/extensions/git/dist/main.js:2:968825
	at Array.forEach (<anonymous>)
	at f.dispose (/home/student/.vscode-server/bin/863d2581ecda6849923a2118d93a088b0745d9d6/extensions/git/dist/main.js:2:968811)
	at l.<anonymous> (/home/student/.vscode-server/bin/863d2581ecda6849923a2118d93a088b0745d9d6/out/vs/workbench/api/node/extensionHostProcess.js:148:3704)
	at l.dispose (/home/student/.vscode-server/bin/863d2581ecda6849923a2118d93a088b0745d9d6/out/vs/workbench/api/node/extensionHostProcess.js:148:3801)
	at l.<anonymous> (/home/student/.vscode-server/bin/863d2581ecda6849923a2118d93a088b0745d9d6/extensions/git/dist/main.js:2:945736)
	at l.dispose (/home/student/.vscode-server/bin/863d2581ecda6849923a2118d93a088b0745d9d6/out/vs/workbench/api/node/extensionHostProcess.js:148:3801)
	at o (/home/student/.vscode-server/bin/863d2581ecda6849923a2118d93a088b0745d9d6/out/vs/workbench/api/node/extensionHostProcess.js:30:754)
	at p.cb (/home/student/.vscode-server/bin/863d2581ecda6849923a2118d93a088b0745d9d6/out/vs/workbench/api/node/extensionHostProcess.js:156:9882)
	at /home/student/.vscode-server/bin/863d2581ecda6849923a2118d93a088b0745d9d6/out/vs/workbench/api/node/extensionHostProcess.js:156:7816
	at Array.map (<anonymous>)
	at p.Y (/home/student/.vscode-server/bin/863d2581ecda6849923a2118d93a088b0745d9d6/out/vs/workbench/api/node/extensionHostProcess.js:156:7803)
	at p.terminate (/home/student/.vscode-server/bin/863d2581ecda6849923a2118d93a088b0745d9d6/out/vs/workbench/api/node/extensionHostProcess.js:156:8076)
	at o.terminate (/home/student/.vscode-server/bin/863d2581ecda6849923a2118d93a088b0745d9d6/out/vs/workbench/api/node/extensionHostProcess.js:160:1513)
	at t (/home/student/.vscode-server/bin/863d2581ecda6849923a2118d93a088b0745d9d6/out/vs/workbench/api/node/extensionHostProcess.js:173:9949)
	at p.value (/home/student/.vscode-server/bin/863d2581ecda6849923a2118d93a088b0745d9d6/out/vs/workbench/api/node/extensionHostProcess.js:173:7996)
	at n.y (/home/student/.vscode-server/bin/863d2581ecda6849923a2118d93a088b0745d9d6/out/vs/workbench/api/node/extensionHostProcess.js:80:1902)
	at n.fire (/home/student/.vscode-server/bin/863d2581ecda6849923a2118d93a088b0745d9d6/out/vs/workbench/api/node/extensionHostProcess.js:80:2119)
	at r.fire (/home/student/.vscode-server/bin/863d2581ecda6849923a2118d93a088b0745d9d6/out/vs/workbench/api/node/extensionHostProcess.js:105:14091)
	at u.z (/home/student/.vscode-server/bin/863d2581ecda6849923a2118d93a088b0745d9d6/out/vs/workbench/api/node/extensionHostProcess.js:105:17156)
	at p.value (/home/student/.vscode-server/bin/863d2581ecda6849923a2118d93a088b0745d9d6/out/vs/workbench/api/node/extensionHostProcess.js:105:15608)
	at n.y (/home/student/.vscode-server/bin/863d2581ecda6849923a2118d93a088b0745d9d6/out/vs/workbench/api/node/extensionHostProcess.js:80:1902)
	at n.fire (/home/student/.vscode-server/bin/863d2581ecda6849923a2118d93a088b0745d9d6/out/vs/workbench/api/node/extensionHostProcess.js:80:2119)
	at p.acceptChunk (/home/student/.vscode-server/bin/863d2581ecda6849923a2118d93a088b0745d9d6/out/vs/workbench/api/node/extensionHostProcess.js:105:11865)
	at p.value (/home/student/.vscode-server/bin/863d2581ecda6849923a2118d93a088b0745d9d6/out/vs/workbench/api/node/extensionHostProcess.js:105:11152)
	at n.y (/home/student/.vscode-server/bin/863d2581ecda6849923a2118d93a088b0745d9d6/out/vs/workbench/api/node/extensionHostProcess.js:80:1902)
	at n.fire (/home/student/.vscode-server/bin/863d2581ecda6849923a2118d93a088b0745d9d6/out/vs/workbench/api/node/extensionHostProcess.js:80:2119)
	at n.z (/home/student/.vscode-server/bin/863d2581ecda6849923a2118d93a088b0745d9d6/out/vs/workbench/api/node/extensionHostProcess.js:170:19748) setContext undefined
2024-03-14 18:16:10.421 [error] Canceled: Canceled
	at new $ (/home/student/.vscode-server/bin/863d2581ecda6849923a2118d93a088b0745d9d6/out/vs/workbench/api/node/extensionHostProcess.js:140:45885)
	at s.U (/home/student/.vscode-server/bin/863d2581ecda6849923a2118d93a088b0745d9d6/out/vs/workbench/api/node/extensionHostProcess.js:147:5556)
	at z.<computed>.T.charCodeAt.z.<computed> (/home/student/.vscode-server/bin/863d2581ecda6849923a2118d93a088b0745d9d6/out/vs/workbench/api/node/extensionHostProcess.js:147:3007)
	at u.g (/home/student/.vscode-server/bin/863d2581ecda6849923a2118d93a088b0745d9d6/out/vs/workbench/api/node/extensionHostProcess.js:150:184300)
	at u.executeCommand (/home/student/.vscode-server/bin/863d2581ecda6849923a2118d93a088b0745d9d6/out/vs/workbench/api/node/extensionHostProcess.js:150:183738)
	at f.registerCommand.description (/home/student/.vscode-server/bin/863d2581ecda6849923a2118d93a088b0745d9d6/out/vs/workbench/api/node/extensionHostProcess.js:150:183062)
	at u.h (/home/student/.vscode-server/bin/863d2581ecda6849923a2118d93a088b0745d9d6/out/vs/workbench/api/node/extensionHostProcess.js:150:184839)
	at u.g (/home/student/.vscode-server/bin/863d2581ecda6849923a2118d93a088b0745d9d6/out/vs/workbench/api/node/extensionHostProcess.js:150:183831)
	at u.executeCommand (/home/student/.vscode-server/bin/863d2581ecda6849923a2118d93a088b0745d9d6/out/vs/workbench/api/node/extensionHostProcess.js:150:183738)
	at Object.executeCommand (/home/student/.vscode-server/bin/863d2581ecda6849923a2118d93a088b0745d9d6/out/vs/workbench/api/node/extensionHostProcess.js:160:21654)
	at set hasGitHubRepositories [as hasGitHubRepositories] (/home/student/.vscode-server/bin/863d2581ecda6849923a2118d93a088b0745d9d6/extensions/github/dist/extension.js:2:325214)
	at /home/student/.vscode-server/bin/863d2581ecda6849923a2118d93a088b0745d9d6/extensions/github/dist/extension.js:2:326173
	at p.value (/home/student/.vscode-server/bin/863d2581ecda6849923a2118d93a088b0745d9d6/extensions/git/dist/main.js:2:1050811)
	at n.y (/home/student/.vscode-server/bin/863d2581ecda6849923a2118d93a088b0745d9d6/out/vs/workbench/api/node/extensionHostProcess.js:80:1902)
	at n.z (/home/student/.vscode-server/bin/863d2581ecda6849923a2118d93a088b0745d9d6/out/vs/workbench/api/node/extensionHostProcess.js:80:1972)
	at n.fire (/home/student/.vscode-server/bin/863d2581ecda6849923a2118d93a088b0745d9d6/out/vs/workbench/api/node/extensionHostProcess.js:80:2188)
	at Object.m [as dispose] (/home/student/.vscode-server/bin/863d2581ecda6849923a2118d93a088b0745d9d6/extensions/git/dist/main.js:2:962791)
	at /home/student/.vscode-server/bin/863d2581ecda6849923a2118d93a088b0745d9d6/extensions/git/dist/main.js:2:968825
	at Array.forEach (<anonymous>)
	at f.dispose (/home/student/.vscode-server/bin/863d2581ecda6849923a2118d93a088b0745d9d6/extensions/git/dist/main.js:2:968811)
	at l.<anonymous> (/home/student/.vscode-server/bin/863d2581ecda6849923a2118d93a088b0745d9d6/out/vs/workbench/api/node/extensionHostProcess.js:148:3704)
	at l.dispose (/home/student/.vscode-server/bin/863d2581ecda6849923a2118d93a088b0745d9d6/out/vs/workbench/api/node/extensionHostProcess.js:148:3801)
	at l.<anonymous> (/home/student/.vscode-server/bin/863d2581ecda6849923a2118d93a088b0745d9d6/extensions/git/dist/main.js:2:945736)
	at l.dispose (/home/student/.vscode-server/bin/863d2581ecda6849923a2118d93a088b0745d9d6/out/vs/workbench/api/node/extensionHostProcess.js:148:3801)
	at o (/home/student/.vscode-server/bin/863d2581ecda6849923a2118d93a088b0745d9d6/out/vs/workbench/api/node/extensionHostProcess.js:30:754)
	at p.cb (/home/student/.vscode-server/bin/863d2581ecda6849923a2118d93a088b0745d9d6/out/vs/workbench/api/node/extensionHostProcess.js:156:9882)
	at /home/student/.vscode-server/bin/863d2581ecda6849923a2118d93a088b0745d9d6/out/vs/workbench/api/node/extensionHostProcess.js:156:7816
	at Array.map (<anonymous>)
	at p.Y (/home/student/.vscode-server/bin/863d2581ecda6849923a2118d93a088b0745d9d6/out/vs/workbench/api/node/extensionHostProcess.js:156:7803)
	at p.terminate (/home/student/.vscode-server/bin/863d2581ecda6849923a2118d93a088b0745d9d6/out/vs/workbench/api/node/extensionHostProcess.js:156:8076)
	at o.terminate (/home/student/.vscode-server/bin/863d2581ecda6849923a2118d93a088b0745d9d6/out/vs/workbench/api/node/extensionHostProcess.js:160:1513)
	at t (/home/student/.vscode-server/bin/863d2581ecda6849923a2118d93a088b0745d9d6/out/vs/workbench/api/node/extensionHostProcess.js:173:9949)
	at p.value (/home/student/.vscode-server/bin/863d2581ecda6849923a2118d93a088b0745d9d6/out/vs/workbench/api/node/extensionHostProcess.js:173:7996)
	at n.y (/home/student/.vscode-server/bin/863d2581ecda6849923a2118d93a088b0745d9d6/out/vs/workbench/api/node/extensionHostProcess.js:80:1902)
	at n.fire (/home/student/.vscode-server/bin/863d2581ecda6849923a2118d93a088b0745d9d6/out/vs/workbench/api/node/extensionHostProcess.js:80:2119)
	at r.fire (/home/student/.vscode-server/bin/863d2581ecda6849923a2118d93a088b0745d9d6/out/vs/workbench/api/node/extensionHostProcess.js:105:14091)
	at u.z (/home/student/.vscode-server/bin/863d2581ecda6849923a2118d93a088b0745d9d6/out/vs/workbench/api/node/extensionHostProcess.js:105:17156)
	at p.value (/home/student/.vscode-server/bin/863d2581ecda6849923a2118d93a088b0745d9d6/out/vs/workbench/api/node/extensionHostProcess.js:105:15608)
	at n.y (/home/student/.vscode-server/bin/863d2581ecda6849923a2118d93a088b0745d9d6/out/vs/workbench/api/node/extensionHostProcess.js:80:1902)
	at n.fire (/home/student/.vscode-server/bin/863d2581ecda6849923a2118d93a088b0745d9d6/out/vs/workbench/api/node/extensionHostProcess.js:80:2119)
	at p.acceptChunk (/home/student/.vscode-server/bin/863d2581ecda6849923a2118d93a088b0745d9d6/out/vs/workbench/api/node/extensionHostProcess.js:105:11865)
	at p.value (/home/student/.vscode-server/bin/863d2581ecda6849923a2118d93a088b0745d9d6/out/vs/workbench/api/node/extensionHostProcess.js:105:11152)
	at n.y (/home/student/.vscode-server/bin/863d2581ecda6849923a2118d93a088b0745d9d6/out/vs/workbench/api/node/extensionHostProcess.js:80:1902)
	at n.fire (/home/student/.vscode-server/bin/863d2581ecda6849923a2118d93a088b0745d9d6/out/vs/workbench/api/node/extensionHostProcess.js:80:2119)
	at n.z (/home/student/.vscode-server/bin/863d2581ecda6849923a2118d93a088b0745d9d6/out/vs/workbench/api/node/extensionHostProcess.js:170:19748) setContext undefined
2024-03-14 18:16:10.421 [info] Extension host with pid 1243 exiting with code 0
