2024-03-09 20:31:17.557 [info] Log level: Info
2024-03-09 20:31:17.558 [info] Validating found git in: "git"
2024-03-09 20:31:17.558 [info] Using git "2.34.1" from "git"
2024-03-09 20:31:17.562 [info] > git rev-parse --show-toplevel [42ms]
2024-03-09 20:31:17.569 [info] > git rev-parse --git-dir --git-common-dir [1ms]
2024-03-09 20:31:17.581 [info] Open repository: /home/student
2024-03-09 20:31:17.601 [info] > git rev-parse --show-toplevel [8ms]
2024-03-09 20:31:17.603 [info] > git config --get commit.template [14ms]
2024-03-09 20:31:17.616 [info] > git rev-parse --show-toplevel [8ms]
2024-03-09 20:31:17.655 [info] > git for-each-ref --format=%(refname)%00%(upstream:short)%00%(objectname)%00%(upstream:track)%00%(upstream:remotename)%00%(upstream:remoteref) refs/heads/main refs/remotes/main [41ms]
2024-03-09 20:31:17.656 [info] > git rev-parse --show-toplevel [35ms]
2024-03-09 20:31:17.670 [info] > git rev-parse --show-toplevel [10ms]
2024-03-09 20:31:17.677 [info] > git rev-parse --git-dir --git-common-dir [1ms]
2024-03-09 20:31:17.680 [info] Open repository: /home/student/ENGR212_Abdullah_Abdulaziz
2024-03-09 20:31:17.700 [info] > git config --get commit.template [10ms]
2024-03-09 20:31:17.705 [info] > git for-each-ref --format=%(refname)%00%(upstream:short)%00%(objectname)%00%(upstream:track)%00%(upstream:remotename)%00%(upstream:remoteref) refs/heads/main refs/remotes/main [7ms]
2024-03-09 20:31:17.732 [info] > git status -z -uall [21ms]
2024-03-09 20:31:17.747 [info] > git config --get commit.template [6ms]
2024-03-09 20:31:17.749 [info] > git for-each-ref --format=%(refname)%00%(upstream:short)%00%(objectname)%00%(upstream:track)%00%(upstream:remotename)%00%(upstream:remoteref) refs/heads/main refs/remotes/main [2ms]
2024-03-09 20:31:17.755 [info] > git status -z -uall [2ms]
2024-03-09 20:31:17.892 [info] > git status -z -uall [223ms]
2024-03-09 20:31:17.948 [info] > git config --get commit.template [7ms]
2024-03-09 20:31:17.948 [info] > git for-each-ref --format=%(refname)%00%(upstream:short)%00%(objectname)%00%(upstream:track)%00%(upstream:remotename)%00%(upstream:remoteref) refs/heads/main refs/remotes/main [2ms]
2024-03-09 20:31:17.992 [info] > git status -z -uall [39ms]
2024-03-09 20:31:18.306 [info] > git check-ignore -v -z --stdin [7ms]
2024-03-09 20:31:18.311 [info] > git check-ignore -v -z --stdin [6ms]
2024-03-09 20:31:21.109 [info] > git config --get commit.template [8ms]
2024-03-09 20:31:21.110 [info] > git for-each-ref --format=%(refname)%00%(upstream:short)%00%(objectname)%00%(upstream:track)%00%(upstream:remotename)%00%(upstream:remoteref) refs/heads/main refs/remotes/main [2ms]
2024-03-09 20:31:21.153 [info] > git status -z -uall [38ms]
2024-03-09 20:31:34.308 [info] > git config --get commit.template [9ms]
2024-03-09 20:31:34.308 [info] > git for-each-ref --format=%(refname)%00%(upstream:short)%00%(objectname)%00%(upstream:track)%00%(upstream:remotename)%00%(upstream:remoteref) refs/heads/main refs/remotes/main [2ms]
2024-03-09 20:31:34.354 [info] > git status -z -uall [39ms]
2024-03-09 20:31:35.295 [info] > git check-ignore -v -z --stdin [1ms]
2024-03-09 20:31:39.394 [info] > git config --get commit.template [7ms]
2024-03-09 20:31:39.394 [info] > git for-each-ref --format=%(refname)%00%(upstream:short)%00%(objectname)%00%(upstream:track)%00%(upstream:remotename)%00%(upstream:remoteref) refs/heads/main refs/remotes/main [2ms]
2024-03-09 20:31:39.438 [info] > git status -z -uall [38ms]
2024-03-09 20:31:44.475 [info] > git config --get commit.template [7ms]
2024-03-09 20:31:44.475 [info] > git for-each-ref --format=%(refname)%00%(upstream:short)%00%(objectname)%00%(upstream:track)%00%(upstream:remotename)%00%(upstream:remoteref) refs/heads/main refs/remotes/main [2ms]
2024-03-09 20:31:44.519 [info] > git status -z -uall [37ms]
2024-03-09 20:31:51.353 [info] > git config --get commit.template [7ms]
2024-03-09 20:31:51.354 [info] > git for-each-ref --format=%(refname)%00%(upstream:short)%00%(objectname)%00%(upstream:track)%00%(upstream:remotename)%00%(upstream:remoteref) refs/heads/main refs/remotes/main [2ms]
2024-03-09 20:31:51.397 [info] > git status -z -uall [37ms]
2024-03-09 20:31:56.432 [info] > git config --get commit.template [7ms]
2024-03-09 20:31:56.432 [info] > git for-each-ref --format=%(refname)%00%(upstream:short)%00%(objectname)%00%(upstream:track)%00%(upstream:remotename)%00%(upstream:remoteref) refs/heads/main refs/remotes/main [2ms]
2024-03-09 20:31:56.475 [info] > git status -z -uall [37ms]
2024-03-09 20:31:58.154 [info] > git check-ignore -v -z --stdin [3ms]
2024-03-09 20:32:02.115 [info] > git config --get commit.template [11ms]
2024-03-09 20:32:02.116 [info] > git for-each-ref --format=%(refname)%00%(upstream:short)%00%(objectname)%00%(upstream:track)%00%(upstream:remotename)%00%(upstream:remoteref) refs/heads/main refs/remotes/main [1ms]
2024-03-09 20:32:02.162 [info] > git status -z -uall [40ms]
2024-03-09 20:32:07.207 [info] > git config --get commit.template [7ms]
2024-03-09 20:32:07.208 [info] > git for-each-ref --format=%(refname)%00%(upstream:short)%00%(objectname)%00%(upstream:track)%00%(upstream:remotename)%00%(upstream:remoteref) refs/heads/main refs/remotes/main [2ms]
2024-03-09 20:32:07.257 [info] > git status -z -uall [43ms]
2024-03-09 20:32:12.289 [info] > git config --get commit.template [7ms]
2024-03-09 20:32:12.290 [info] > git for-each-ref --format=%(refname)%00%(upstream:short)%00%(objectname)%00%(upstream:track)%00%(upstream:remotename)%00%(upstream:remoteref) refs/heads/main refs/remotes/main [2ms]
2024-03-09 20:32:12.337 [info] > git status -z -uall [41ms]
2024-03-09 20:32:12.426 [info] > git config --get commit.template [8ms]
2024-03-09 20:32:12.427 [info] > git for-each-ref --format=%(refname)%00%(upstream:short)%00%(objectname)%00%(upstream:track)%00%(upstream:remotename)%00%(upstream:remoteref) refs/heads/main refs/remotes/main [2ms]
2024-03-09 20:32:12.435 [info] > git status -z -uall [1ms]
2024-03-09 20:32:12.585 [info] > git check-ignore -v -z --stdin [1ms]
2024-03-09 20:32:17.372 [info] > git config --get commit.template [8ms]
2024-03-09 20:32:17.373 [info] > git for-each-ref --format=%(refname)%00%(upstream:short)%00%(objectname)%00%(upstream:track)%00%(upstream:remotename)%00%(upstream:remoteref) refs/heads/main refs/remotes/main [1ms]
2024-03-09 20:32:17.418 [info] > git status -z -uall [39ms]
2024-03-09 20:32:32.554 [info] > git config --get commit.template [7ms]
2024-03-09 20:32:32.555 [info] > git for-each-ref --format=%(refname)%00%(upstream:short)%00%(objectname)%00%(upstream:track)%00%(upstream:remotename)%00%(upstream:remoteref) refs/heads/main refs/remotes/main [1ms]
2024-03-09 20:32:32.600 [info] > git status -z -uall [38ms]
2024-03-09 20:32:57.197 [info] > git config --get commit.template [7ms]
2024-03-09 20:32:57.198 [info] > git for-each-ref --format=%(refname)%00%(upstream:short)%00%(objectname)%00%(upstream:track)%00%(upstream:remotename)%00%(upstream:remoteref) refs/heads/main refs/remotes/main [2ms]
2024-03-09 20:32:57.243 [info] > git status -z -uall [39ms]
2024-03-09 20:33:02.282 [info] > git config --get commit.template [7ms]
2024-03-09 20:33:02.283 [info] > git for-each-ref --format=%(refname)%00%(upstream:short)%00%(objectname)%00%(upstream:track)%00%(upstream:remotename)%00%(upstream:remoteref) refs/heads/main refs/remotes/main [2ms]
2024-03-09 20:33:02.326 [info] > git status -z -uall [38ms]
2024-03-09 20:33:07.363 [info] > git config --get commit.template [6ms]
2024-03-09 20:33:07.363 [info] > git for-each-ref --format=%(refname)%00%(upstream:short)%00%(objectname)%00%(upstream:track)%00%(upstream:remotename)%00%(upstream:remoteref) refs/heads/main refs/remotes/main [1ms]
2024-03-09 20:33:07.407 [info] > git status -z -uall [39ms]
2024-03-09 20:33:12.442 [info] > git config --get commit.template [7ms]
2024-03-09 20:33:12.443 [info] > git for-each-ref --format=%(refname)%00%(upstream:short)%00%(objectname)%00%(upstream:track)%00%(upstream:remotename)%00%(upstream:remoteref) refs/heads/main refs/remotes/main [2ms]
2024-03-09 20:33:12.491 [info] > git status -z -uall [41ms]
2024-03-09 20:33:26.158 [info] > git config --get commit.template [6ms]
2024-03-09 20:33:26.158 [info] > git for-each-ref --format=%(refname)%00%(upstream:short)%00%(objectname)%00%(upstream:track)%00%(upstream:remotename)%00%(upstream:remoteref) refs/heads/main refs/remotes/main [2ms]
2024-03-09 20:33:26.203 [info] > git status -z -uall [39ms]
2024-03-09 20:33:31.236 [info] > git config --get commit.template [6ms]
2024-03-09 20:33:31.237 [info] > git for-each-ref --format=%(refname)%00%(upstream:short)%00%(objectname)%00%(upstream:track)%00%(upstream:remotename)%00%(upstream:remoteref) refs/heads/main refs/remotes/main [2ms]
2024-03-09 20:33:31.280 [info] > git status -z -uall [38ms]
2024-03-09 20:34:32.569 [info] > git config --get commit.template [7ms]
2024-03-09 20:34:32.569 [info] > git for-each-ref --format=%(refname)%00%(upstream:short)%00%(objectname)%00%(upstream:track)%00%(upstream:remotename)%00%(upstream:remoteref) refs/heads/main refs/remotes/main [1ms]
2024-03-09 20:34:32.612 [info] > git status -z -uall [37ms]
2024-03-09 20:34:37.648 [info] > git config --get commit.template [2ms]
2024-03-09 20:34:37.655 [info] > git for-each-ref --format=%(refname)%00%(upstream:short)%00%(objectname)%00%(upstream:track)%00%(upstream:remotename)%00%(upstream:remoteref) refs/heads/main refs/remotes/main [1ms]
2024-03-09 20:34:37.697 [info] > git status -z -uall [37ms]
2024-03-09 20:34:46.516 [info] > git config --get commit.template [7ms]
2024-03-09 20:34:46.517 [info] > git for-each-ref --format=%(refname)%00%(upstream:short)%00%(objectname)%00%(upstream:track)%00%(upstream:remotename)%00%(upstream:remoteref) refs/heads/main refs/remotes/main [2ms]
2024-03-09 20:34:46.559 [info] > git status -z -uall [37ms]
2024-03-09 20:34:51.599 [info] > git config --get commit.template [7ms]
2024-03-09 20:34:51.600 [info] > git for-each-ref --format=%(refname)%00%(upstream:short)%00%(objectname)%00%(upstream:track)%00%(upstream:remotename)%00%(upstream:remoteref) refs/heads/main refs/remotes/main [2ms]
2024-03-09 20:34:51.643 [info] > git status -z -uall [38ms]
2024-03-09 20:34:56.676 [info] > git config --get commit.template [6ms]
2024-03-09 20:34:56.677 [info] > git for-each-ref --format=%(refname)%00%(upstream:short)%00%(objectname)%00%(upstream:track)%00%(upstream:remotename)%00%(upstream:remoteref) refs/heads/main refs/remotes/main [1ms]
2024-03-09 20:34:56.721 [info] > git status -z -uall [39ms]
2024-03-09 20:35:01.756 [info] > git config --get commit.template [7ms]
2024-03-09 20:35:01.757 [info] > git for-each-ref --format=%(refname)%00%(upstream:short)%00%(objectname)%00%(upstream:track)%00%(upstream:remotename)%00%(upstream:remoteref) refs/heads/main refs/remotes/main [1ms]
2024-03-09 20:35:01.800 [info] > git status -z -uall [38ms]
2024-03-09 20:35:06.835 [info] > git config --get commit.template [7ms]
2024-03-09 20:35:06.835 [info] > git for-each-ref --format=%(refname)%00%(upstream:short)%00%(objectname)%00%(upstream:track)%00%(upstream:remotename)%00%(upstream:remoteref) refs/heads/main refs/remotes/main [1ms]
2024-03-09 20:35:06.878 [info] > git status -z -uall [37ms]
2024-03-09 20:35:11.911 [info] > git config --get commit.template [7ms]
2024-03-09 20:35:11.912 [info] > git for-each-ref --format=%(refname)%00%(upstream:short)%00%(objectname)%00%(upstream:track)%00%(upstream:remotename)%00%(upstream:remoteref) refs/heads/main refs/remotes/main [2ms]
2024-03-09 20:35:11.958 [info] > git status -z -uall [40ms]
2024-03-09 20:35:16.995 [info] > git config --get commit.template [7ms]
2024-03-09 20:35:16.996 [info] > git for-each-ref --format=%(refname)%00%(upstream:short)%00%(objectname)%00%(upstream:track)%00%(upstream:remotename)%00%(upstream:remoteref) refs/heads/main refs/remotes/main [2ms]
2024-03-09 20:35:17.040 [info] > git status -z -uall [37ms]
2024-03-09 20:35:22.077 [info] > git config --get commit.template [6ms]
2024-03-09 20:35:22.077 [info] > git for-each-ref --format=%(refname)%00%(upstream:short)%00%(objectname)%00%(upstream:track)%00%(upstream:remotename)%00%(upstream:remoteref) refs/heads/main refs/remotes/main [1ms]
2024-03-09 20:35:22.120 [info] > git status -z -uall [37ms]
2024-03-09 20:35:27.153 [info] > git config --get commit.template [7ms]
2024-03-09 20:35:27.154 [info] > git for-each-ref --format=%(refname)%00%(upstream:short)%00%(objectname)%00%(upstream:track)%00%(upstream:remotename)%00%(upstream:remoteref) refs/heads/main refs/remotes/main [1ms]
2024-03-09 20:35:27.198 [info] > git status -z -uall [38ms]
2024-03-09 20:35:43.691 [info] > git config --get commit.template [7ms]
2024-03-09 20:35:43.691 [info] > git for-each-ref --format=%(refname)%00%(upstream:short)%00%(objectname)%00%(upstream:track)%00%(upstream:remotename)%00%(upstream:remoteref) refs/heads/main refs/remotes/main [1ms]
2024-03-09 20:35:43.733 [info] > git status -z -uall [36ms]
2024-03-09 20:35:48.768 [info] > git config --get commit.template [8ms]
2024-03-09 20:35:48.769 [info] > git for-each-ref --format=%(refname)%00%(upstream:short)%00%(objectname)%00%(upstream:track)%00%(upstream:remotename)%00%(upstream:remoteref) refs/heads/main refs/remotes/main [2ms]
2024-03-09 20:35:48.812 [info] > git status -z -uall [36ms]
2024-03-09 20:35:53.844 [info] > git config --get commit.template [7ms]
2024-03-09 20:35:53.844 [info] > git for-each-ref --format=%(refname)%00%(upstream:short)%00%(objectname)%00%(upstream:track)%00%(upstream:remotename)%00%(upstream:remoteref) refs/heads/main refs/remotes/main [1ms]
2024-03-09 20:35:53.887 [info] > git status -z -uall [37ms]
2024-03-09 20:35:58.920 [info] > git config --get commit.template [6ms]
2024-03-09 20:35:58.920 [info] > git for-each-ref --format=%(refname)%00%(upstream:short)%00%(objectname)%00%(upstream:track)%00%(upstream:remotename)%00%(upstream:remoteref) refs/heads/main refs/remotes/main [1ms]
2024-03-09 20:35:58.963 [info] > git status -z -uall [37ms]
2024-03-09 20:36:03.997 [info] > git config --get commit.template [7ms]
2024-03-09 20:36:03.997 [info] > git for-each-ref --format=%(refname)%00%(upstream:short)%00%(objectname)%00%(upstream:track)%00%(upstream:remotename)%00%(upstream:remoteref) refs/heads/main refs/remotes/main [1ms]
2024-03-09 20:36:04.040 [info] > git status -z -uall [37ms]
2024-03-09 20:36:09.075 [info] > git config --get commit.template [8ms]
2024-03-09 20:36:09.076 [info] > git for-each-ref --format=%(refname)%00%(upstream:short)%00%(objectname)%00%(upstream:track)%00%(upstream:remotename)%00%(upstream:remoteref) refs/heads/main refs/remotes/main [2ms]
2024-03-09 20:36:09.120 [info] > git status -z -uall [38ms]
2024-03-09 20:36:14.154 [info] > git config --get commit.template [7ms]
2024-03-09 20:36:14.154 [info] > git for-each-ref --format=%(refname)%00%(upstream:short)%00%(objectname)%00%(upstream:track)%00%(upstream:remotename)%00%(upstream:remoteref) refs/heads/main refs/remotes/main [1ms]
2024-03-09 20:36:14.199 [info] > git status -z -uall [39ms]
2024-03-09 20:36:19.234 [info] > git config --get commit.template [7ms]
2024-03-09 20:36:19.235 [info] > git for-each-ref --format=%(refname)%00%(upstream:short)%00%(objectname)%00%(upstream:track)%00%(upstream:remotename)%00%(upstream:remoteref) refs/heads/main refs/remotes/main [1ms]
2024-03-09 20:36:19.278 [info] > git status -z -uall [38ms]
2024-03-09 20:36:24.312 [info] > git config --get commit.template [8ms]
2024-03-09 20:36:24.312 [info] > git for-each-ref --format=%(refname)%00%(upstream:short)%00%(objectname)%00%(upstream:track)%00%(upstream:remotename)%00%(upstream:remoteref) refs/heads/main refs/remotes/main [1ms]
2024-03-09 20:36:24.355 [info] > git status -z -uall [37ms]
2024-03-09 20:36:29.389 [info] > git config --get commit.template [7ms]
2024-03-09 20:36:29.389 [info] > git for-each-ref --format=%(refname)%00%(upstream:short)%00%(objectname)%00%(upstream:track)%00%(upstream:remotename)%00%(upstream:remoteref) refs/heads/main refs/remotes/main [1ms]
2024-03-09 20:36:29.433 [info] > git status -z -uall [38ms]
2024-03-09 20:36:34.466 [info] > git config --get commit.template [7ms]
2024-03-09 20:36:34.467 [info] > git for-each-ref --format=%(refname)%00%(upstream:short)%00%(objectname)%00%(upstream:track)%00%(upstream:remotename)%00%(upstream:remoteref) refs/heads/main refs/remotes/main [2ms]
2024-03-09 20:36:34.512 [info] > git status -z -uall [39ms]
2024-03-09 20:37:01.503 [info] > git config --get commit.template [7ms]
2024-03-09 20:37:01.503 [info] > git for-each-ref --format=%(refname)%00%(upstream:short)%00%(objectname)%00%(upstream:track)%00%(upstream:remotename)%00%(upstream:remoteref) refs/heads/main refs/remotes/main [1ms]
2024-03-09 20:37:01.546 [info] > git status -z -uall [37ms]
2024-03-09 20:37:06.584 [info] > git config --get commit.template [7ms]
2024-03-09 20:37:06.584 [info] > git for-each-ref --format=%(refname)%00%(upstream:short)%00%(objectname)%00%(upstream:track)%00%(upstream:remotename)%00%(upstream:remoteref) refs/heads/main refs/remotes/main [1ms]
2024-03-09 20:37:06.627 [info] > git status -z -uall [38ms]
2024-03-09 20:37:26.580 [info] > git config --get commit.template [6ms]
2024-03-09 20:37:26.581 [info] > git for-each-ref --format=%(refname)%00%(upstream:short)%00%(objectname)%00%(upstream:track)%00%(upstream:remotename)%00%(upstream:remoteref) refs/heads/main refs/remotes/main [1ms]
2024-03-09 20:37:26.624 [info] > git status -z -uall [37ms]
2024-03-09 20:37:31.660 [info] > git config --get commit.template [7ms]
2024-03-09 20:37:31.661 [info] > git for-each-ref --format=%(refname)%00%(upstream:short)%00%(objectname)%00%(upstream:track)%00%(upstream:remotename)%00%(upstream:remoteref) refs/heads/main refs/remotes/main [1ms]
2024-03-09 20:37:31.704 [info] > git status -z -uall [37ms]
2024-03-09 20:42:41.959 [info] > git config --get commit.template [6ms]
2024-03-09 20:42:41.959 [info] > git for-each-ref --format=%(refname)%00%(upstream:short)%00%(objectname)%00%(upstream:track)%00%(upstream:remotename)%00%(upstream:remoteref) refs/heads/main refs/remotes/main [1ms]
2024-03-09 20:42:42.005 [info] > git status -z -uall [41ms]
2024-03-09 20:43:11.231 [info] > git config --get commit.template [6ms]
2024-03-09 20:43:11.231 [info] > git for-each-ref --format=%(refname)%00%(upstream:short)%00%(objectname)%00%(upstream:track)%00%(upstream:remotename)%00%(upstream:remoteref) refs/heads/main refs/remotes/main [1ms]
2024-03-09 20:43:11.279 [info] > git status -z -uall [43ms]
2024-03-09 20:43:16.319 [info] > git config --get commit.template [8ms]
2024-03-09 20:43:16.319 [info] > git for-each-ref --format=%(refname)%00%(upstream:short)%00%(objectname)%00%(upstream:track)%00%(upstream:remotename)%00%(upstream:remoteref) refs/heads/main refs/remotes/main [2ms]
2024-03-09 20:43:16.363 [info] > git status -z -uall [38ms]
2024-03-09 20:43:36.791 [info] > git check-ignore -v -z --stdin [1ms]
2024-03-09 20:43:38.047 [info] > git config --get commit.template [6ms]
2024-03-09 20:43:38.048 [info] > git config --get commit.template [2ms]
2024-03-09 20:43:38.059 [info] > git for-each-ref --format=%(refname)%00%(upstream:short)%00%(objectname)%00%(upstream:track)%00%(upstream:remotename)%00%(upstream:remoteref) refs/heads/main refs/remotes/main [5ms]
2024-03-09 20:43:38.059 [info] > git for-each-ref --format=%(refname)%00%(upstream:short)%00%(objectname)%00%(upstream:track)%00%(upstream:remotename)%00%(upstream:remoteref) refs/heads/main refs/remotes/main [1ms]
2024-03-09 20:43:38.069 [info] > git status -z -uall [5ms]
2024-03-09 20:43:38.107 [info] > git status -z -uall [38ms]
2024-03-09 20:44:50.844 [info] > git config --get commit.template [6ms]
2024-03-09 20:44:50.845 [info] > git for-each-ref --format=%(refname)%00%(upstream:short)%00%(objectname)%00%(upstream:track)%00%(upstream:remotename)%00%(upstream:remoteref) refs/heads/main refs/remotes/main [2ms]
2024-03-09 20:44:50.851 [info] > git status -z -uall [2ms]
2024-03-09 20:44:53.523 [info] > git config --get commit.template [6ms]
2024-03-09 20:44:53.524 [info] > git for-each-ref --format=%(refname)%00%(upstream:short)%00%(objectname)%00%(upstream:track)%00%(upstream:remotename)%00%(upstream:remoteref) refs/heads/main refs/remotes/main [1ms]
2024-03-09 20:44:53.568 [info] > git status -z -uall [39ms]
2024-03-09 20:44:58.608 [info] > git config --get commit.template [7ms]
2024-03-09 20:44:58.608 [info] > git for-each-ref --format=%(refname)%00%(upstream:short)%00%(objectname)%00%(upstream:track)%00%(upstream:remotename)%00%(upstream:remoteref) refs/heads/main refs/remotes/main [2ms]
2024-03-09 20:44:58.651 [info] > git status -z -uall [37ms]
2024-03-09 20:45:03.689 [info] > git config --get commit.template [9ms]
2024-03-09 20:45:03.690 [info] > git for-each-ref --format=%(refname)%00%(upstream:short)%00%(objectname)%00%(upstream:track)%00%(upstream:remotename)%00%(upstream:remoteref) refs/heads/main refs/remotes/main [1ms]
2024-03-09 20:45:03.753 [info] > git status -z -uall [54ms]
2024-03-09 20:45:05.540 [info] > git check-ignore -v -z --stdin [1ms]
2024-03-09 20:45:05.922 [info] > git config --get commit.template [6ms]
2024-03-09 20:45:05.923 [info] > git for-each-ref --format=%(refname)%00%(upstream:short)%00%(objectname)%00%(upstream:track)%00%(upstream:remotename)%00%(upstream:remoteref) refs/heads/main refs/remotes/main [2ms]
2024-03-09 20:45:05.931 [info] > git status -z -uall [3ms]
2024-03-09 20:45:08.791 [info] > git config --get commit.template [6ms]
2024-03-09 20:45:08.792 [info] > git for-each-ref --format=%(refname)%00%(upstream:short)%00%(objectname)%00%(upstream:track)%00%(upstream:remotename)%00%(upstream:remoteref) refs/heads/main refs/remotes/main [1ms]
2024-03-09 20:45:08.834 [info] > git status -z -uall [37ms]
2024-03-09 20:45:13.867 [info] > git config --get commit.template [7ms]
2024-03-09 20:45:13.868 [info] > git for-each-ref --format=%(refname)%00%(upstream:short)%00%(objectname)%00%(upstream:track)%00%(upstream:remotename)%00%(upstream:remoteref) refs/heads/main refs/remotes/main [2ms]
2024-03-09 20:45:13.911 [info] > git status -z -uall [37ms]
2024-03-09 20:45:18.943 [info] > git config --get commit.template [7ms]
2024-03-09 20:45:18.943 [info] > git for-each-ref --format=%(refname)%00%(upstream:short)%00%(objectname)%00%(upstream:track)%00%(upstream:remotename)%00%(upstream:remoteref) refs/heads/main refs/remotes/main [1ms]
2024-03-09 20:45:18.988 [info] > git status -z -uall [39ms]
2024-03-09 20:45:53.062 [info] > git config --get commit.template [7ms]
2024-03-09 20:45:53.063 [info] > git for-each-ref --format=%(refname)%00%(upstream:short)%00%(objectname)%00%(upstream:track)%00%(upstream:remotename)%00%(upstream:remoteref) refs/heads/main refs/remotes/main [1ms]
2024-03-09 20:45:53.107 [info] > git status -z -uall [38ms]
2024-03-09 20:45:58.139 [info] > git config --get commit.template [6ms]
2024-03-09 20:45:58.140 [info] > git for-each-ref --format=%(refname)%00%(upstream:short)%00%(objectname)%00%(upstream:track)%00%(upstream:remotename)%00%(upstream:remoteref) refs/heads/main refs/remotes/main [1ms]
2024-03-09 20:45:58.183 [info] > git status -z -uall [38ms]
2024-03-09 20:46:03.217 [info] > git config --get commit.template [6ms]
2024-03-09 20:46:03.218 [info] > git for-each-ref --format=%(refname)%00%(upstream:short)%00%(objectname)%00%(upstream:track)%00%(upstream:remotename)%00%(upstream:remoteref) refs/heads/main refs/remotes/main [2ms]
2024-03-09 20:46:03.261 [info] > git status -z -uall [38ms]
2024-03-09 20:46:08.296 [info] > git config --get commit.template [7ms]
2024-03-09 20:46:08.297 [info] > git for-each-ref --format=%(refname)%00%(upstream:short)%00%(objectname)%00%(upstream:track)%00%(upstream:remotename)%00%(upstream:remoteref) refs/heads/main refs/remotes/main [2ms]
2024-03-09 20:46:08.340 [info] > git status -z -uall [38ms]
2024-03-09 20:46:13.374 [info] > git config --get commit.template [7ms]
2024-03-09 20:46:13.375 [info] > git for-each-ref --format=%(refname)%00%(upstream:short)%00%(objectname)%00%(upstream:track)%00%(upstream:remotename)%00%(upstream:remoteref) refs/heads/main refs/remotes/main [2ms]
2024-03-09 20:46:13.417 [info] > git status -z -uall [37ms]
2024-03-09 20:46:18.452 [info] > git config --get commit.template [7ms]
2024-03-09 20:46:18.452 [info] > git for-each-ref --format=%(refname)%00%(upstream:short)%00%(objectname)%00%(upstream:track)%00%(upstream:remotename)%00%(upstream:remoteref) refs/heads/main refs/remotes/main [1ms]
2024-03-09 20:46:18.496 [info] > git status -z -uall [38ms]
2024-03-09 20:46:39.715 [info] > git config --get commit.template [6ms]
2024-03-09 20:46:39.715 [info] > git for-each-ref --format=%(refname)%00%(upstream:short)%00%(objectname)%00%(upstream:track)%00%(upstream:remotename)%00%(upstream:remoteref) refs/heads/main refs/remotes/main [1ms]
2024-03-09 20:46:39.758 [info] > git status -z -uall [38ms]
2024-03-09 20:46:44.798 [info] > git config --get commit.template [6ms]
2024-03-09 20:46:44.798 [info] > git for-each-ref --format=%(refname)%00%(upstream:short)%00%(objectname)%00%(upstream:track)%00%(upstream:remotename)%00%(upstream:remoteref) refs/heads/main refs/remotes/main [1ms]
2024-03-09 20:46:44.841 [info] > git status -z -uall [37ms]
2024-03-09 20:46:49.875 [info] > git config --get commit.template [6ms]
2024-03-09 20:46:49.875 [info] > git for-each-ref --format=%(refname)%00%(upstream:short)%00%(objectname)%00%(upstream:track)%00%(upstream:remotename)%00%(upstream:remoteref) refs/heads/main refs/remotes/main [1ms]
2024-03-09 20:46:49.919 [info] > git status -z -uall [39ms]
2024-03-09 20:46:51.479 [info] > git config --get commit.template [6ms]
2024-03-09 20:46:51.480 [info] > git for-each-ref --format=%(refname)%00%(upstream:short)%00%(objectname)%00%(upstream:track)%00%(upstream:remotename)%00%(upstream:remoteref) refs/heads/main refs/remotes/main [1ms]
2024-03-09 20:46:51.488 [info] > git status -z -uall [3ms]
2024-03-09 20:47:09.189 [info] > git config --get commit.template [7ms]
2024-03-09 20:47:09.189 [info] > git for-each-ref --format=%(refname)%00%(upstream:short)%00%(objectname)%00%(upstream:track)%00%(upstream:remotename)%00%(upstream:remoteref) refs/heads/main refs/remotes/main [1ms]
2024-03-09 20:47:09.233 [info] > git status -z -uall [38ms]
2024-03-09 20:47:14.274 [info] > git config --get commit.template [6ms]
2024-03-09 20:47:14.275 [info] > git for-each-ref --format=%(refname)%00%(upstream:short)%00%(objectname)%00%(upstream:track)%00%(upstream:remotename)%00%(upstream:remoteref) refs/heads/main refs/remotes/main [2ms]
2024-03-09 20:47:14.318 [info] > git status -z -uall [38ms]
2024-03-09 20:47:19.354 [info] > git config --get commit.template [7ms]
2024-03-09 20:47:19.355 [info] > git for-each-ref --format=%(refname)%00%(upstream:short)%00%(objectname)%00%(upstream:track)%00%(upstream:remotename)%00%(upstream:remoteref) refs/heads/main refs/remotes/main [1ms]
2024-03-09 20:47:19.399 [info] > git status -z -uall [38ms]
2024-03-09 20:47:24.433 [info] > git config --get commit.template [6ms]
2024-03-09 20:47:24.433 [info] > git for-each-ref --format=%(refname)%00%(upstream:short)%00%(objectname)%00%(upstream:track)%00%(upstream:remotename)%00%(upstream:remoteref) refs/heads/main refs/remotes/main [1ms]
2024-03-09 20:47:24.476 [info] > git status -z -uall [37ms]
2024-03-09 20:47:29.510 [info] > git config --get commit.template [6ms]
2024-03-09 20:47:29.510 [info] > git for-each-ref --format=%(refname)%00%(upstream:short)%00%(objectname)%00%(upstream:track)%00%(upstream:remotename)%00%(upstream:remoteref) refs/heads/main refs/remotes/main [1ms]
2024-03-09 20:47:29.552 [info] > git status -z -uall [36ms]
2024-03-09 20:47:34.589 [info] > git config --get commit.template [7ms]
2024-03-09 20:47:34.590 [info] > git for-each-ref --format=%(refname)%00%(upstream:short)%00%(objectname)%00%(upstream:track)%00%(upstream:remotename)%00%(upstream:remoteref) refs/heads/main refs/remotes/main [2ms]
2024-03-09 20:47:34.633 [info] > git status -z -uall [37ms]
2024-03-09 20:47:39.668 [info] > git config --get commit.template [7ms]
2024-03-09 20:47:39.668 [info] > git for-each-ref --format=%(refname)%00%(upstream:short)%00%(objectname)%00%(upstream:track)%00%(upstream:remotename)%00%(upstream:remoteref) refs/heads/main refs/remotes/main [1ms]
2024-03-09 20:47:39.712 [info] > git status -z -uall [38ms]
2024-03-09 20:47:44.746 [info] > git config --get commit.template [6ms]
2024-03-09 20:47:44.746 [info] > git for-each-ref --format=%(refname)%00%(upstream:short)%00%(objectname)%00%(upstream:track)%00%(upstream:remotename)%00%(upstream:remoteref) refs/heads/main refs/remotes/main [1ms]
2024-03-09 20:47:44.789 [info] > git status -z -uall [37ms]
2024-03-09 20:47:49.823 [info] > git config --get commit.template [6ms]
2024-03-09 20:47:49.823 [info] > git for-each-ref --format=%(refname)%00%(upstream:short)%00%(objectname)%00%(upstream:track)%00%(upstream:remotename)%00%(upstream:remoteref) refs/heads/main refs/remotes/main [1ms]
2024-03-09 20:47:49.867 [info] > git status -z -uall [38ms]
2024-03-09 20:47:50.397 [info] > git config --get commit.template [7ms]
2024-03-09 20:47:50.398 [info] > git for-each-ref --format=%(refname)%00%(upstream:short)%00%(objectname)%00%(upstream:track)%00%(upstream:remotename)%00%(upstream:remoteref) refs/heads/main refs/remotes/main [2ms]
2024-03-09 20:47:50.407 [info] > git status -z -uall [4ms]
2024-03-09 20:47:50.702 [info] > git check-ignore -v -z --stdin [1ms]
2024-03-09 20:48:06.482 [info] > git config --get commit.template [7ms]
2024-03-09 20:48:06.483 [info] > git for-each-ref --format=%(refname)%00%(upstream:short)%00%(objectname)%00%(upstream:track)%00%(upstream:remotename)%00%(upstream:remoteref) refs/heads/main refs/remotes/main [1ms]
2024-03-09 20:48:06.527 [info] > git status -z -uall [38ms]
2024-03-09 20:48:11.561 [info] > git config --get commit.template [7ms]
2024-03-09 20:48:11.561 [info] > git for-each-ref --format=%(refname)%00%(upstream:short)%00%(objectname)%00%(upstream:track)%00%(upstream:remotename)%00%(upstream:remoteref) refs/heads/main refs/remotes/main [1ms]
2024-03-09 20:48:11.605 [info] > git status -z -uall [38ms]
2024-03-09 20:48:27.390 [info] > git config --get commit.template [6ms]
2024-03-09 20:48:27.390 [info] > git for-each-ref --format=%(refname)%00%(upstream:short)%00%(objectname)%00%(upstream:track)%00%(upstream:remotename)%00%(upstream:remoteref) refs/heads/main refs/remotes/main [1ms]
2024-03-09 20:48:27.434 [info] > git status -z -uall [38ms]
2024-03-09 20:48:32.469 [info] > git config --get commit.template [7ms]
2024-03-09 20:48:32.469 [info] > git for-each-ref --format=%(refname)%00%(upstream:short)%00%(objectname)%00%(upstream:track)%00%(upstream:remotename)%00%(upstream:remoteref) refs/heads/main refs/remotes/main [1ms]
2024-03-09 20:48:32.512 [info] > git status -z -uall [37ms]
2024-03-09 20:48:34.841 [info] > git config --get commit.template [7ms]
2024-03-09 20:48:34.841 [info] > git for-each-ref --format=%(refname)%00%(upstream:short)%00%(objectname)%00%(upstream:track)%00%(upstream:remotename)%00%(upstream:remoteref) refs/heads/main refs/remotes/main [1ms]
2024-03-09 20:48:34.850 [info] > git status -z -uall [3ms]
2024-03-09 20:49:01.836 [info] > git config --get commit.template [7ms]
2024-03-09 20:49:01.837 [info] > git for-each-ref --format=%(refname)%00%(upstream:short)%00%(objectname)%00%(upstream:track)%00%(upstream:remotename)%00%(upstream:remoteref) refs/heads/main refs/remotes/main [2ms]
2024-03-09 20:49:01.880 [info] > git status -z -uall [38ms]
2024-03-09 20:49:07.893 [info] > git config --get commit.template [6ms]
2024-03-09 20:49:07.893 [info] > git for-each-ref --format=%(refname)%00%(upstream:short)%00%(objectname)%00%(upstream:track)%00%(upstream:remotename)%00%(upstream:remoteref) refs/heads/main refs/remotes/main [1ms]
2024-03-09 20:49:07.938 [info] > git status -z -uall [39ms]
2024-03-09 20:49:12.977 [info] > git config --get commit.template [6ms]
2024-03-09 20:49:12.977 [info] > git for-each-ref --format=%(refname)%00%(upstream:short)%00%(objectname)%00%(upstream:track)%00%(upstream:remotename)%00%(upstream:remoteref) refs/heads/main refs/remotes/main [1ms]
2024-03-09 20:49:13.020 [info] > git status -z -uall [37ms]
2024-03-09 20:49:15.178 [info] > git config --get commit.template [7ms]
2024-03-09 20:49:15.179 [info] > git for-each-ref --format=%(refname)%00%(upstream:short)%00%(objectname)%00%(upstream:track)%00%(upstream:remotename)%00%(upstream:remoteref) refs/heads/main refs/remotes/main [1ms]
2024-03-09 20:49:15.187 [info] > git status -z -uall [3ms]
2024-03-09 20:49:15.662 [info] > git check-ignore -v -z --stdin [2ms]
2024-03-09 20:49:36.030 [info] > git config --get commit.template [7ms]
2024-03-09 20:49:36.031 [info] > git for-each-ref --format=%(refname)%00%(upstream:short)%00%(objectname)%00%(upstream:track)%00%(upstream:remotename)%00%(upstream:remoteref) refs/heads/main refs/remotes/main [1ms]
2024-03-09 20:49:36.075 [info] > git status -z -uall [38ms]
2024-03-09 20:49:41.108 [info] > git config --get commit.template [7ms]
2024-03-09 20:49:41.109 [info] > git for-each-ref --format=%(refname)%00%(upstream:short)%00%(objectname)%00%(upstream:track)%00%(upstream:remotename)%00%(upstream:remoteref) refs/heads/main refs/remotes/main [2ms]
2024-03-09 20:49:41.152 [info] > git status -z -uall [38ms]
2024-03-09 20:49:46.185 [info] > git config --get commit.template [7ms]
2024-03-09 20:49:46.185 [info] > git for-each-ref --format=%(refname)%00%(upstream:short)%00%(objectname)%00%(upstream:track)%00%(upstream:remotename)%00%(upstream:remoteref) refs/heads/main refs/remotes/main [1ms]
2024-03-09 20:49:46.228 [info] > git status -z -uall [37ms]
2024-03-09 20:49:51.267 [info] > git config --get commit.template [6ms]
2024-03-09 20:49:51.267 [info] > git for-each-ref --format=%(refname)%00%(upstream:short)%00%(objectname)%00%(upstream:track)%00%(upstream:remotename)%00%(upstream:remoteref) refs/heads/main refs/remotes/main [1ms]
2024-03-09 20:49:51.311 [info] > git status -z -uall [38ms]
2024-03-09 20:49:56.344 [info] > git config --get commit.template [7ms]
2024-03-09 20:49:56.345 [info] > git for-each-ref --format=%(refname)%00%(upstream:short)%00%(objectname)%00%(upstream:track)%00%(upstream:remotename)%00%(upstream:remoteref) refs/heads/main refs/remotes/main [2ms]
2024-03-09 20:49:56.387 [info] > git status -z -uall [37ms]
2024-03-09 20:50:53.132 [info] > git config --get commit.template [6ms]
2024-03-09 20:50:53.133 [info] > git for-each-ref --format=%(refname)%00%(upstream:short)%00%(objectname)%00%(upstream:track)%00%(upstream:remotename)%00%(upstream:remoteref) refs/heads/main refs/remotes/main [2ms]
2024-03-09 20:50:53.175 [info] > git status -z -uall [37ms]
2024-03-09 20:50:58.214 [info] > git config --get commit.template [6ms]
2024-03-09 20:50:58.215 [info] > git for-each-ref --format=%(refname)%00%(upstream:short)%00%(objectname)%00%(upstream:track)%00%(upstream:remotename)%00%(upstream:remoteref) refs/heads/main refs/remotes/main [1ms]
2024-03-09 20:50:58.257 [info] > git status -z -uall [37ms]
2024-03-09 20:51:03.293 [info] > git config --get commit.template [7ms]
2024-03-09 20:51:03.293 [info] > git for-each-ref --format=%(refname)%00%(upstream:short)%00%(objectname)%00%(upstream:track)%00%(upstream:remotename)%00%(upstream:remoteref) refs/heads/main refs/remotes/main [1ms]
2024-03-09 20:51:03.337 [info] > git status -z -uall [38ms]
2024-03-09 20:51:08.370 [info] > git config --get commit.template [7ms]
2024-03-09 20:51:08.371 [info] > git for-each-ref --format=%(refname)%00%(upstream:short)%00%(objectname)%00%(upstream:track)%00%(upstream:remotename)%00%(upstream:remoteref) refs/heads/main refs/remotes/main [2ms]
2024-03-09 20:51:08.413 [info] > git status -z -uall [37ms]
2024-03-09 20:51:13.446 [info] > git config --get commit.template [6ms]
2024-03-09 20:51:13.446 [info] > git for-each-ref --format=%(refname)%00%(upstream:short)%00%(objectname)%00%(upstream:track)%00%(upstream:remotename)%00%(upstream:remoteref) refs/heads/main refs/remotes/main [2ms]
2024-03-09 20:51:13.489 [info] > git status -z -uall [38ms]
2024-03-09 20:51:18.523 [info] > git config --get commit.template [7ms]
2024-03-09 20:51:18.523 [info] > git for-each-ref --format=%(refname)%00%(upstream:short)%00%(objectname)%00%(upstream:track)%00%(upstream:remotename)%00%(upstream:remoteref) refs/heads/main refs/remotes/main [1ms]
2024-03-09 20:51:18.567 [info] > git status -z -uall [38ms]
2024-03-09 20:51:23.601 [info] > git config --get commit.template [8ms]
2024-03-09 20:51:23.602 [info] > git for-each-ref --format=%(refname)%00%(upstream:short)%00%(objectname)%00%(upstream:track)%00%(upstream:remotename)%00%(upstream:remoteref) refs/heads/main refs/remotes/main [2ms]
2024-03-09 20:51:23.645 [info] > git status -z -uall [37ms]
2024-03-09 20:51:28.681 [info] > git config --get commit.template [6ms]
2024-03-09 20:51:28.681 [info] > git for-each-ref --format=%(refname)%00%(upstream:short)%00%(objectname)%00%(upstream:track)%00%(upstream:remotename)%00%(upstream:remoteref) refs/heads/main refs/remotes/main [1ms]
2024-03-09 20:51:28.724 [info] > git status -z -uall [37ms]
2024-03-09 20:51:33.762 [info] > git config --get commit.template [7ms]
2024-03-09 20:51:33.762 [info] > git for-each-ref --format=%(refname)%00%(upstream:short)%00%(objectname)%00%(upstream:track)%00%(upstream:remotename)%00%(upstream:remoteref) refs/heads/main refs/remotes/main [1ms]
2024-03-09 20:51:33.806 [info] > git status -z -uall [38ms]
2024-03-09 20:51:38.841 [info] > git config --get commit.template [6ms]
2024-03-09 20:51:38.841 [info] > git for-each-ref --format=%(refname)%00%(upstream:short)%00%(objectname)%00%(upstream:track)%00%(upstream:remotename)%00%(upstream:remoteref) refs/heads/main refs/remotes/main [1ms]
2024-03-09 20:51:38.886 [info] > git status -z -uall [38ms]
2024-03-09 20:51:43.922 [info] > git config --get commit.template [7ms]
2024-03-09 20:51:43.922 [info] > git for-each-ref --format=%(refname)%00%(upstream:short)%00%(objectname)%00%(upstream:track)%00%(upstream:remotename)%00%(upstream:remoteref) refs/heads/main refs/remotes/main [1ms]
2024-03-09 20:51:43.966 [info] > git status -z -uall [38ms]
2024-03-09 20:51:48.999 [info] > git config --get commit.template [7ms]
2024-03-09 20:51:48.999 [info] > git for-each-ref --format=%(refname)%00%(upstream:short)%00%(objectname)%00%(upstream:track)%00%(upstream:remotename)%00%(upstream:remoteref) refs/heads/main refs/remotes/main [1ms]
2024-03-09 20:51:49.043 [info] > git status -z -uall [38ms]
2024-03-09 20:51:50.316 [info] > git config --get commit.template [7ms]
2024-03-09 20:51:50.316 [info] > git for-each-ref --format=%(refname)%00%(upstream:short)%00%(objectname)%00%(upstream:track)%00%(upstream:remotename)%00%(upstream:remoteref) refs/heads/main refs/remotes/main [2ms]
2024-03-09 20:51:50.325 [info] > git status -z -uall [3ms]
2024-03-09 20:51:50.755 [info] > git check-ignore -v -z --stdin [1ms]
2024-03-09 20:51:54.082 [info] > git config --get commit.template [7ms]
2024-03-09 20:51:54.083 [info] > git for-each-ref --format=%(refname)%00%(upstream:short)%00%(objectname)%00%(upstream:track)%00%(upstream:remotename)%00%(upstream:remoteref) refs/heads/main refs/remotes/main [2ms]
2024-03-09 20:51:54.125 [info] > git status -z -uall [36ms]
2024-03-09 20:51:55.464 [info] > git check-ignore -v -z --stdin [1ms]
2024-03-09 20:51:56.842 [info] > git check-ignore -v -z --stdin [1ms]
2024-03-09 20:51:57.943 [info] > git check-ignore -v -z --stdin [1ms]
2024-03-09 20:51:59.158 [info] > git config --get commit.template [7ms]
2024-03-09 20:51:59.159 [info] > git for-each-ref --format=%(refname)%00%(upstream:short)%00%(objectname)%00%(upstream:track)%00%(upstream:remotename)%00%(upstream:remoteref) refs/heads/main refs/remotes/main [2ms]
2024-03-09 20:51:59.203 [info] > git status -z -uall [38ms]
2024-03-09 20:52:19.822 [info] > git config --get commit.template [7ms]
2024-03-09 20:52:19.823 [info] > git for-each-ref --format=%(refname)%00%(upstream:short)%00%(objectname)%00%(upstream:track)%00%(upstream:remotename)%00%(upstream:remoteref) refs/heads/main refs/remotes/main [1ms]
2024-03-09 20:52:19.866 [info] > git status -z -uall [37ms]
2024-03-09 20:52:24.899 [info] > git config --get commit.template [7ms]
2024-03-09 20:52:24.899 [info] > git for-each-ref --format=%(refname)%00%(upstream:short)%00%(objectname)%00%(upstream:track)%00%(upstream:remotename)%00%(upstream:remoteref) refs/heads/main refs/remotes/main [1ms]
2024-03-09 20:52:24.943 [info] > git status -z -uall [38ms]
2024-03-09 20:52:29.979 [info] > git config --get commit.template [6ms]
2024-03-09 20:52:29.979 [info] > git for-each-ref --format=%(refname)%00%(upstream:short)%00%(objectname)%00%(upstream:track)%00%(upstream:remotename)%00%(upstream:remoteref) refs/heads/main refs/remotes/main [2ms]
2024-03-09 20:52:30.022 [info] > git status -z -uall [37ms]
2024-03-09 20:52:35.057 [info] > git config --get commit.template [7ms]
2024-03-09 20:52:35.057 [info] > git for-each-ref --format=%(refname)%00%(upstream:short)%00%(objectname)%00%(upstream:track)%00%(upstream:remotename)%00%(upstream:remoteref) refs/heads/main refs/remotes/main [1ms]
2024-03-09 20:52:35.099 [info] > git status -z -uall [36ms]
2024-03-09 20:52:40.132 [info] > git config --get commit.template [7ms]
2024-03-09 20:52:40.133 [info] > git for-each-ref --format=%(refname)%00%(upstream:short)%00%(objectname)%00%(upstream:track)%00%(upstream:remotename)%00%(upstream:remoteref) refs/heads/main refs/remotes/main [2ms]
2024-03-09 20:52:40.175 [info] > git status -z -uall [36ms]
2024-03-09 20:52:45.210 [info] > git config --get commit.template [7ms]
2024-03-09 20:52:45.210 [info] > git for-each-ref --format=%(refname)%00%(upstream:short)%00%(objectname)%00%(upstream:track)%00%(upstream:remotename)%00%(upstream:remoteref) refs/heads/main refs/remotes/main [1ms]
2024-03-09 20:52:45.254 [info] > git status -z -uall [38ms]
2024-03-09 20:52:50.288 [info] > git config --get commit.template [7ms]
2024-03-09 20:52:50.289 [info] > git for-each-ref --format=%(refname)%00%(upstream:short)%00%(objectname)%00%(upstream:track)%00%(upstream:remotename)%00%(upstream:remoteref) refs/heads/main refs/remotes/main [2ms]
2024-03-09 20:52:50.332 [info] > git status -z -uall [37ms]
2024-03-09 20:52:55.636 [info] > git config --get commit.template [8ms]
2024-03-09 20:52:55.637 [info] > git for-each-ref --format=%(refname)%00%(upstream:short)%00%(objectname)%00%(upstream:track)%00%(upstream:remotename)%00%(upstream:remoteref) refs/heads/main refs/remotes/main [2ms]
2024-03-09 20:52:55.679 [info] > git status -z -uall [37ms]
2024-03-09 20:52:57.509 [info] > git config --get commit.template [7ms]
2024-03-09 20:52:57.509 [info] > git for-each-ref --format=%(refname)%00%(upstream:short)%00%(objectname)%00%(upstream:track)%00%(upstream:remotename)%00%(upstream:remoteref) refs/heads/main refs/remotes/main [1ms]
2024-03-09 20:52:57.517 [info] > git status -z -uall [1ms]
2024-03-09 20:53:01.133 [info] > git config --get commit.template [7ms]
2024-03-09 20:53:01.134 [info] > git for-each-ref --format=%(refname)%00%(upstream:short)%00%(objectname)%00%(upstream:track)%00%(upstream:remotename)%00%(upstream:remoteref) refs/heads/main refs/remotes/main [2ms]
2024-03-09 20:53:01.178 [info] > git status -z -uall [38ms]
2024-03-09 20:53:02.789 [info] > git config --get commit.template [7ms]
2024-03-09 20:53:02.789 [info] > git for-each-ref --format=%(refname)%00%(upstream:short)%00%(objectname)%00%(upstream:track)%00%(upstream:remotename)%00%(upstream:remoteref) refs/heads/main refs/remotes/main [1ms]
2024-03-09 20:53:02.797 [info] > git status -z -uall [2ms]
2024-03-09 20:53:06.213 [info] > git config --get commit.template [7ms]
2024-03-09 20:53:06.214 [info] > git for-each-ref --format=%(refname)%00%(upstream:short)%00%(objectname)%00%(upstream:track)%00%(upstream:remotename)%00%(upstream:remoteref) refs/heads/main refs/remotes/main [1ms]
2024-03-09 20:53:06.256 [info] > git status -z -uall [37ms]
2024-03-09 20:53:11.289 [info] > git config --get commit.template [7ms]
2024-03-09 20:53:11.290 [info] > git for-each-ref --format=%(refname)%00%(upstream:short)%00%(objectname)%00%(upstream:track)%00%(upstream:remotename)%00%(upstream:remoteref) refs/heads/main refs/remotes/main [2ms]
2024-03-09 20:53:11.333 [info] > git status -z -uall [37ms]
2024-03-09 20:53:16.371 [info] > git config --get commit.template [7ms]
2024-03-09 20:53:16.371 [info] > git for-each-ref --format=%(refname)%00%(upstream:short)%00%(objectname)%00%(upstream:track)%00%(upstream:remotename)%00%(upstream:remoteref) refs/heads/main refs/remotes/main [1ms]
2024-03-09 20:53:16.414 [info] > git status -z -uall [37ms]
2024-03-09 20:53:21.448 [info] > git config --get commit.template [7ms]
2024-03-09 20:53:21.448 [info] > git for-each-ref --format=%(refname)%00%(upstream:short)%00%(objectname)%00%(upstream:track)%00%(upstream:remotename)%00%(upstream:remoteref) refs/heads/main refs/remotes/main [1ms]
2024-03-09 20:53:21.491 [info] > git status -z -uall [37ms]
2024-03-09 20:53:26.525 [info] > git config --get commit.template [7ms]
2024-03-09 20:53:26.526 [info] > git for-each-ref --format=%(refname)%00%(upstream:short)%00%(objectname)%00%(upstream:track)%00%(upstream:remotename)%00%(upstream:remoteref) refs/heads/main refs/remotes/main [2ms]
2024-03-09 20:53:26.570 [info] > git status -z -uall [38ms]
