2024-02-09 05:39:44.991 [info] Log level: Info
2024-02-09 05:39:44.991 [info] Validating found git in: "git"
2024-02-09 05:39:44.991 [info] Using git "2.34.1" from "git"
2024-02-09 05:39:44.991 [info] > git rev-parse --show-toplevel [27ms]
2024-02-09 05:39:44.991 [info] fatal: not a git repository (or any of the parent directories): .git
2024-02-09 05:39:44.991 [info] > git rev-parse --show-toplevel [1ms]
2024-02-09 05:39:44.991 [info] fatal: not a git repository (or any of the parent directories): .git
2024-02-09 05:39:44.991 [info] > git rev-parse --show-toplevel [1ms]
2024-02-09 05:39:44.991 [info] fatal: not a git repository (or any of the parent directories): .git
2024-02-09 05:39:44.991 [info] > git rev-parse --show-toplevel [1ms]
2024-02-09 05:39:44.991 [info] fatal: not a git repository (or any of the parent directories): .git
2024-02-09 05:39:44.991 [info] > git rev-parse --show-toplevel [15ms]
2024-02-09 05:39:44.991 [info] > git rev-parse --git-dir --git-common-dir [1ms]
2024-02-09 05:39:44.991 [info] Open repository: /home/student/ENGR212_Abdullah_Abdulaziz
2024-02-09 05:39:44.999 [info] > git config --get commit.template [9ms]
2024-02-09 05:39:45.001 [info] > git for-each-ref --format=%(refname)%00%(upstream:short)%00%(objectname)%00%(upstream:track)%00%(upstream:remotename)%00%(upstream:remoteref) refs/heads/main refs/remotes/main [6ms]
2024-02-09 05:39:45.043 [info] > git status -z -uall [38ms]
2024-02-09 05:39:45.054 [info] > git config --get commit.template [0ms]
2024-02-09 05:39:45.059 [info] > git for-each-ref --format=%(refname)%00%(upstream:short)%00%(objectname)%00%(upstream:track)%00%(upstream:remotename)%00%(upstream:remoteref) refs/heads/main refs/remotes/main [1ms]
2024-02-09 05:39:45.064 [info] > git status -z -uall [2ms]
2024-02-09 05:39:45.507 [info] > git check-ignore -v -z --stdin [1ms]
2024-02-09 05:39:51.148 [info] > git check-ignore -v -z --stdin [1ms]
2024-02-09 05:39:56.653 [info] > git ls-files --stage -- /home/student/ENGR212_Abdullah_Abdulaziz/Lab1.txtgit [3ms]
2024-02-09 05:39:56.661 [info] > git cat-file -s 67f7c3b92fa01be3e516947881b3bab86f08283b [4ms]
2024-02-09 05:39:56.662 [info] > git show --textconv :Lab1.txtgit [17ms]
2024-02-09 05:40:23.585 [info] > git config --get commit.template [6ms]
2024-02-09 05:40:23.586 [info] > git for-each-ref --format=%(refname)%00%(upstream:short)%00%(objectname)%00%(upstream:track)%00%(upstream:remotename)%00%(upstream:remoteref) refs/heads/main refs/remotes/main [2ms]
2024-02-09 05:40:23.591 [info] > git status -z -uall [1ms]
2024-02-09 05:40:23.720 [info] > git show --textconv :README.md [6ms]
2024-02-09 05:40:23.720 [info] > git ls-files --stage -- /home/student/ENGR212_Abdullah_Abdulaziz/README.md [2ms]
2024-02-09 05:40:23.725 [info] > git cat-file -s 7a6558ce37a52fef8fb4696950b20a16abcb3438 [1ms]
2024-02-09 05:40:26.179 [info] > git show --textconv :README.me [7ms]
2024-02-09 05:40:26.180 [info] > git ls-files --stage -- /home/student/ENGR212_Abdullah_Abdulaziz/README.me [1ms]
2024-02-09 05:40:26.185 [info] > git cat-file -s 6ee59f12bd64aa3a8156e86b61154d468a3c5096 [1ms]
2024-02-09 05:40:32.014 [info] > git config --get commit.template [6ms]
2024-02-09 05:40:32.014 [info] > git for-each-ref --format=%(refname)%00%(upstream:short)%00%(objectname)%00%(upstream:track)%00%(upstream:remotename)%00%(upstream:remoteref) refs/heads/main refs/remotes/main [2ms]
2024-02-09 05:40:32.020 [info] > git status -z -uall [2ms]
2024-02-09 05:40:32.145 [info] > git ls-files --stage -- /home/student/ENGR212_Abdullah_Abdulaziz/README.meecho [2ms]
2024-02-09 05:40:32.150 [info] > git show --textconv :README.meecho [11ms]
2024-02-09 05:40:32.152 [info] > git cat-file -s e69de29bb2d1d6434b8b29ae775ad8c2e48c5391 [3ms]
2024-02-09 05:40:37.035 [info] > git config --get commit.template [5ms]
2024-02-09 05:40:37.035 [info] > git for-each-ref --format=%(refname)%00%(upstream:short)%00%(objectname)%00%(upstream:track)%00%(upstream:remotename)%00%(upstream:remoteref) refs/heads/main refs/remotes/main [1ms]
2024-02-09 05:40:37.041 [info] > git status -z -uall [1ms]
2024-02-09 05:40:45.871 [info] > git for-each-ref --format=%(refname)%00%(upstream:short)%00%(objectname)%00%(upstream:track)%00%(upstream:remotename)%00%(upstream:remoteref) refs/heads/main [1ms]
2024-02-09 05:40:45.878 [info] > git config --local branch.main.vscode-merge-base [1ms]
2024-02-09 05:40:45.878 [warning] git config failed: Failed to execute git
2024-02-09 05:40:45.895 [info] > git reflog refs/heads/main --grep-reflog=branch: Created from *. [13ms]
2024-02-09 05:40:45.904 [info] > git symbolic-ref --short refs/remotes/origin/HEAD [5ms]
2024-02-09 05:40:45.904 [info] fatal: ref refs/remotes/origin/HEAD is not a symbolic ref
2024-02-09 05:40:46.076 [info] > git for-each-ref --format=%(refname)%00%(upstream:short)%00%(objectname)%00%(upstream:track)%00%(upstream:remotename)%00%(upstream:remoteref) refs/heads/main [17ms]
2024-02-09 05:40:46.081 [info] > git rev-parse --show-toplevel [6ms]
2024-02-09 05:40:46.081 [info] fatal: not a git repository (or any of the parent directories): .git
2024-02-09 05:40:46.083 [info] > git config --local branch.main.vscode-merge-base [1ms]
2024-02-09 05:40:46.083 [warning] git config failed: Failed to execute git
2024-02-09 05:40:46.088 [info] > git reflog refs/heads/main --grep-reflog=branch: Created from *. [1ms]
2024-02-09 05:40:46.093 [info] > git symbolic-ref --short refs/remotes/origin/HEAD [1ms]
2024-02-09 05:40:46.093 [info] fatal: ref refs/remotes/origin/HEAD is not a symbolic ref
2024-02-09 05:40:50.659 [info] > git for-each-ref --format=%(refname)%00%(upstream:short)%00%(objectname)%00%(upstream:track)%00%(upstream:remotename)%00%(upstream:remoteref) refs/heads/main [2ms]
2024-02-09 05:40:50.665 [info] > git config --local branch.main.vscode-merge-base [1ms]
2024-02-09 05:40:50.665 [warning] git config failed: Failed to execute git
2024-02-09 05:40:50.671 [info] > git reflog refs/heads/main --grep-reflog=branch: Created from *. [2ms]
2024-02-09 05:40:50.675 [info] > git symbolic-ref --short refs/remotes/origin/HEAD [1ms]
2024-02-09 05:40:50.675 [info] fatal: ref refs/remotes/origin/HEAD is not a symbolic ref
2024-02-09 05:40:52.807 [info] > git show --textconv :Lab1.txt [5ms]
2024-02-09 05:40:52.808 [info] > git ls-files --stage -- /home/student/ENGR212_Abdullah_Abdulaziz/Lab1.txt [2ms]
2024-02-09 05:40:52.814 [info] > git cat-file -s 2a2e201614e50f318670263f7874a34439eceaa0 [2ms]
2024-02-09 05:40:53.534 [info] > git for-each-ref --format=%(refname)%00%(upstream:short)%00%(objectname)%00%(upstream:track)%00%(upstream:remotename)%00%(upstream:remoteref) refs/heads/main [1ms]
2024-02-09 05:40:53.540 [info] > git config --local branch.main.vscode-merge-base [1ms]
2024-02-09 05:40:53.540 [warning] git config failed: Failed to execute git
2024-02-09 05:40:53.546 [info] > git reflog refs/heads/main --grep-reflog=branch: Created from *. [1ms]
2024-02-09 05:40:53.551 [info] > git symbolic-ref --short refs/remotes/origin/HEAD [1ms]
2024-02-09 05:40:53.551 [info] fatal: ref refs/remotes/origin/HEAD is not a symbolic ref
2024-02-09 05:40:53.644 [info] > git for-each-ref --format=%(refname)%00%(upstream:short)%00%(objectname)%00%(upstream:track)%00%(upstream:remotename)%00%(upstream:remoteref) refs/heads/main [1ms]
2024-02-09 05:40:53.649 [info] > git config --local branch.main.vscode-merge-base [1ms]
2024-02-09 05:40:53.650 [warning] git config failed: Failed to execute git
2024-02-09 05:40:53.656 [info] > git reflog refs/heads/main --grep-reflog=branch: Created from *. [2ms]
2024-02-09 05:40:53.661 [info] > git symbolic-ref --short refs/remotes/origin/HEAD [0ms]
2024-02-09 05:40:53.661 [info] fatal: ref refs/remotes/origin/HEAD is not a symbolic ref
2024-02-09 05:41:27.087 [info] > git for-each-ref --format=%(refname)%00%(upstream:short)%00%(objectname)%00%(upstream:track)%00%(upstream:remotename)%00%(upstream:remoteref) refs/heads/main [1ms]
2024-02-09 05:41:27.093 [info] > git config --local branch.main.vscode-merge-base [1ms]
2024-02-09 05:41:27.093 [warning] git config failed: Failed to execute git
2024-02-09 05:41:27.098 [info] > git reflog refs/heads/main --grep-reflog=branch: Created from *. [1ms]
2024-02-09 05:41:27.103 [info] > git symbolic-ref --short refs/remotes/origin/HEAD [1ms]
2024-02-09 05:41:27.103 [info] fatal: ref refs/remotes/origin/HEAD is not a symbolic ref
2024-02-09 05:41:49.706 [info] > git for-each-ref --format=%(refname)%00%(upstream:short)%00%(objectname)%00%(upstream:track)%00%(upstream:remotename)%00%(upstream:remoteref) refs/heads/main [1ms]
2024-02-09 05:41:49.712 [info] > git config --local branch.main.vscode-merge-base [1ms]
2024-02-09 05:41:49.712 [warning] git config failed: Failed to execute git
2024-02-09 05:41:49.718 [info] > git reflog refs/heads/main --grep-reflog=branch: Created from *. [2ms]
2024-02-09 05:41:49.722 [info] > git symbolic-ref --short refs/remotes/origin/HEAD [0ms]
2024-02-09 05:41:49.722 [info] fatal: ref refs/remotes/origin/HEAD is not a symbolic ref
2024-02-09 05:41:49.816 [info] > git for-each-ref --format=%(refname)%00%(upstream:short)%00%(objectname)%00%(upstream:track)%00%(upstream:remotename)%00%(upstream:remoteref) refs/heads/main [1ms]
2024-02-09 05:41:49.822 [info] > git config --local branch.main.vscode-merge-base [0ms]
2024-02-09 05:41:49.822 [warning] git config failed: Failed to execute git
2024-02-09 05:41:49.827 [info] > git reflog refs/heads/main --grep-reflog=branch: Created from *. [1ms]
2024-02-09 05:41:49.832 [info] > git symbolic-ref --short refs/remotes/origin/HEAD [1ms]
2024-02-09 05:41:49.832 [info] fatal: ref refs/remotes/origin/HEAD is not a symbolic ref
2024-02-09 05:41:51.500 [info] > git show --textconv HEAD:Lab1.txtgit [6ms]
2024-02-09 05:41:51.501 [info] > git ls-tree -l HEAD -- /home/student/ENGR212_Abdullah_Abdulaziz/Lab1.txtgit [2ms]
2024-02-09 05:41:52.010 [info] > git check-ignore -v -z --stdin [1ms]
2024-02-09 05:41:52.521 [info] > git show --textconv HEAD:README.me [5ms]
2024-02-09 05:41:52.522 [info] > git ls-tree -l HEAD -- /home/student/ENGR212_Abdullah_Abdulaziz/README.me [2ms]
2024-02-09 05:41:52.988 [info] > git show --textconv HEAD:README.meecho [5ms]
2024-02-09 05:41:52.991 [info] > git ls-tree -l HEAD -- /home/student/ENGR212_Abdullah_Abdulaziz/README.meecho [3ms]
2024-02-09 05:41:53.499 [info] > git check-ignore -v -z --stdin [1ms]
2024-02-09 05:41:58.949 [info] > git ls-tree -l HEAD -- /home/student/ENGR212_Abdullah_Abdulaziz/README.meecho [1ms]
2024-02-09 05:42:09.391 [info] > git ls-tree -l HEAD -- /home/student/ENGR212_Abdullah_Abdulaziz/README.meecho [1ms]
2024-02-09 05:42:09.422 [info] > git add -A -- . [2ms]
2024-02-09 05:42:09.528 [info] > git for-each-ref --format=%(refname)%00%(upstream:short)%00%(objectname)%00%(upstream:track)%00%(upstream:remotename)%00%(upstream:remoteref) refs/heads/main [4ms]
2024-02-09 05:42:09.533 [info] > git config --local branch.main.vscode-merge-base [0ms]
2024-02-09 05:42:09.534 [warning] git config failed: Failed to execute git
2024-02-09 05:42:09.539 [info] > git reflog refs/heads/main --grep-reflog=branch: Created from *. [1ms]
2024-02-09 05:42:09.545 [info] > git symbolic-ref --short refs/remotes/origin/HEAD [1ms]
2024-02-09 05:42:09.545 [info] fatal: ref refs/remotes/origin/HEAD is not a symbolic ref
2024-02-09 05:42:09.559 [info] > git -c user.useConfigOnly=true commit --quiet --allow-empty-message --file - [133ms]
2024-02-09 05:42:09.564 [info] > git config --get commit.template [0ms]
2024-02-09 05:42:09.574 [info] > git config --get commit.template [5ms]
2024-02-09 05:42:09.574 [info] > git for-each-ref --format=%(refname)%00%(upstream:short)%00%(objectname)%00%(upstream:track)%00%(upstream:remotename)%00%(upstream:remoteref) refs/heads/main refs/remotes/main [1ms]
2024-02-09 05:42:09.579 [info] > git status -z -uall [1ms]
2024-02-09 05:42:09.637 [info] > git for-each-ref --format=%(refname)%00%(upstream:short)%00%(objectname)%00%(upstream:track)%00%(upstream:remotename)%00%(upstream:remoteref) refs/heads/main [1ms]
2024-02-09 05:42:09.644 [info] > git config --local branch.main.vscode-merge-base [3ms]
2024-02-09 05:42:09.644 [warning] git config failed: Failed to execute git
2024-02-09 05:42:09.649 [info] > git reflog refs/heads/main --grep-reflog=branch: Created from *. [1ms]
2024-02-09 05:42:09.654 [info] > git symbolic-ref --short refs/remotes/origin/HEAD [1ms]
2024-02-09 05:42:09.654 [info] fatal: ref refs/remotes/origin/HEAD is not a symbolic ref
2024-02-09 05:42:09.696 [info] > git config --get commit.template [5ms]
2024-02-09 05:42:09.696 [info] > git for-each-ref --format=%(refname)%00%(upstream:short)%00%(objectname)%00%(upstream:track)%00%(upstream:remotename)%00%(upstream:remoteref) refs/heads/main refs/remotes/main [1ms]
2024-02-09 05:42:09.702 [info] > git status -z -uall [2ms]
2024-02-09 05:42:09.752 [info] > git for-each-ref --format=%(refname)%00%(upstream:short)%00%(objectname)%00%(upstream:track)%00%(upstream:remotename)%00%(upstream:remoteref) refs/heads/main [1ms]
2024-02-09 05:42:09.757 [info] > git config --local branch.main.vscode-merge-base [1ms]
2024-02-09 05:42:09.757 [warning] git config failed: Failed to execute git
2024-02-09 05:42:09.762 [info] > git reflog refs/heads/main --grep-reflog=branch: Created from *. [1ms]
2024-02-09 05:42:09.767 [info] > git symbolic-ref --short refs/remotes/origin/HEAD [1ms]
2024-02-09 05:42:09.767 [info] fatal: ref refs/remotes/origin/HEAD is not a symbolic ref
2024-02-09 05:42:09.863 [info] > git for-each-ref --format=%(refname)%00%(upstream:short)%00%(objectname)%00%(upstream:track)%00%(upstream:remotename)%00%(upstream:remoteref) refs/heads/main [1ms]
2024-02-09 05:42:09.869 [info] > git config --local branch.main.vscode-merge-base [0ms]
2024-02-09 05:42:09.869 [warning] git config failed: Failed to execute git
2024-02-09 05:42:09.874 [info] > git reflog refs/heads/main --grep-reflog=branch: Created from *. [1ms]
2024-02-09 05:42:09.879 [info] > git symbolic-ref --short refs/remotes/origin/HEAD [1ms]
2024-02-09 05:42:09.879 [info] fatal: ref refs/remotes/origin/HEAD is not a symbolic ref
2024-02-09 05:42:10.839 [info] > git ls-tree -l HEAD -- /home/student/ENGR212_Abdullah_Abdulaziz/README.meecho [1ms]
2024-02-09 05:42:10.932 [info] > git show --textconv HEAD:README.meecho [1ms]
2024-02-09 05:42:11.844 [info] > git config --get commit.template [6ms]
2024-02-09 05:42:11.844 [info] > git for-each-ref --format=%(refname)%00%(upstream:short)%00%(objectname)%00%(upstream:track)%00%(upstream:remotename)%00%(upstream:remoteref) refs/heads/main refs/remotes/main [1ms]
2024-02-09 05:42:11.850 [info] > git status -z -uall [1ms]
2024-02-09 05:42:19.677 [info] > git push -u origin main [21ms]
2024-02-09 05:42:19.677 [info] git: 'remote-hps' is not a git command. See 'git --help'.

The most similar command is
	remote-https
2024-02-09 05:42:19.688 [info] > git config --get commit.template [5ms]
2024-02-09 05:42:19.688 [info] > git for-each-ref --format=%(refname)%00%(upstream:short)%00%(objectname)%00%(upstream:track)%00%(upstream:remotename)%00%(upstream:remoteref) refs/heads/main refs/remotes/main [1ms]
2024-02-09 05:42:19.694 [info] > git status -z -uall [1ms]
2024-02-09 05:42:19.747 [info] > git for-each-ref --format=%(refname)%00%(upstream:short)%00%(objectname)%00%(upstream:track)%00%(upstream:remotename)%00%(upstream:remoteref) refs/heads/main [1ms]
2024-02-09 05:42:19.753 [info] > git config --local branch.main.vscode-merge-base [0ms]
2024-02-09 05:42:19.753 [warning] git config failed: Failed to execute git
2024-02-09 05:42:19.758 [info] > git reflog refs/heads/main --grep-reflog=branch: Created from *. [1ms]
2024-02-09 05:42:19.763 [info] > git symbolic-ref --short refs/remotes/origin/HEAD [1ms]
2024-02-09 05:42:19.763 [info] fatal: ref refs/remotes/origin/HEAD is not a symbolic ref
2024-02-09 05:42:19.856 [info] > git for-each-ref --format=%(refname)%00%(upstream:short)%00%(objectname)%00%(upstream:track)%00%(upstream:remotename)%00%(upstream:remoteref) refs/heads/main [1ms]
2024-02-09 05:42:19.862 [info] > git config --local branch.main.vscode-merge-base [0ms]
2024-02-09 05:42:19.862 [warning] git config failed: Failed to execute git
2024-02-09 05:42:19.867 [info] > git reflog refs/heads/main --grep-reflog=branch: Created from *. [1ms]
2024-02-09 05:42:19.872 [info] > git symbolic-ref --short refs/remotes/origin/HEAD [1ms]
2024-02-09 05:42:19.872 [info] fatal: ref refs/remotes/origin/HEAD is not a symbolic ref
2024-02-09 05:42:23.088 [info] > git ls-tree -l HEAD -- /home/student/ENGR212_Abdullah_Abdulaziz/README.meecho [1ms]
2024-02-09 05:42:31.217 [info] > git for-each-ref --format=%(refname)%00%(upstream:short)%00%(objectname)%00%(upstream:track)%00%(upstream:remotename)%00%(upstream:remoteref) refs/heads/main [1ms]
2024-02-09 05:42:31.223 [info] > git config --local branch.main.vscode-merge-base [1ms]
2024-02-09 05:42:31.223 [warning] git config failed: Failed to execute git
2024-02-09 05:42:31.229 [info] > git reflog refs/heads/main --grep-reflog=branch: Created from *. [1ms]
2024-02-09 05:42:31.235 [info] > git symbolic-ref --short refs/remotes/origin/HEAD [1ms]
2024-02-09 05:42:31.235 [info] fatal: ref refs/remotes/origin/HEAD is not a symbolic ref
2024-02-09 05:42:33.960 [info] > git show --textconv :Lab1.txt [5ms]
2024-02-09 05:42:33.961 [info] > git ls-files --stage -- /home/student/ENGR212_Abdullah_Abdulaziz/Lab1.txt [2ms]
2024-02-09 05:42:33.967 [info] > git cat-file -s 2a2e201614e50f318670263f7874a34439eceaa0 [2ms]
2024-02-09 05:46:06.074 [info] > git rev-parse --show-toplevel [1ms]
2024-02-09 05:46:06.074 [info] fatal: not a git repository (or any of the parent directories): .git
2024-02-09 05:46:15.915 [info] > git rev-parse --show-toplevel [1ms]
2024-02-09 05:46:15.915 [info] fatal: not a git repository (or any of the parent directories): .git
2024-02-09 05:46:17.526 [info] > git rev-parse --show-toplevel [2ms]
2024-02-09 05:46:17.526 [info] fatal: not a git repository (or any of the parent directories): .git
2024-02-09 05:46:31.464 [info] > git for-each-ref --format=%(refname)%00%(upstream:short)%00%(objectname)%00%(upstream:track)%00%(upstream:remotename)%00%(upstream:remoteref) refs/heads/main [2ms]
2024-02-09 05:46:31.469 [info] > git config --local branch.main.vscode-merge-base [1ms]
2024-02-09 05:46:31.469 [warning] git config failed: Failed to execute git
2024-02-09 05:46:31.475 [info] > git reflog refs/heads/main --grep-reflog=branch: Created from *. [1ms]
2024-02-09 05:46:31.480 [info] > git symbolic-ref --short refs/remotes/origin/HEAD [1ms]
2024-02-09 05:46:31.480 [info] fatal: ref refs/remotes/origin/HEAD is not a symbolic ref
2024-02-09 05:46:31.580 [info] > git for-each-ref --format=%(refname)%00%(upstream:short)%00%(objectname)%00%(upstream:track)%00%(upstream:remotename)%00%(upstream:remoteref) refs/heads/main [1ms]
2024-02-09 05:46:31.585 [info] > git config --local branch.main.vscode-merge-base [1ms]
2024-02-09 05:46:31.585 [warning] git config failed: Failed to execute git
2024-02-09 05:46:31.591 [info] > git reflog refs/heads/main --grep-reflog=branch: Created from *. [2ms]
2024-02-09 05:46:31.595 [info] > git symbolic-ref --short refs/remotes/origin/HEAD [1ms]
2024-02-09 05:46:31.595 [info] fatal: ref refs/remotes/origin/HEAD is not a symbolic ref
2024-02-09 05:46:32.360 [info] > git push -u origin main [5ms]
2024-02-09 05:46:32.360 [info] git: 'remote-hps' is not a git command. See 'git --help'.

The most similar command is
	remote-https
2024-02-09 05:46:32.370 [info] > git config --get commit.template [5ms]
2024-02-09 05:46:32.370 [info] > git for-each-ref --format=%(refname)%00%(upstream:short)%00%(objectname)%00%(upstream:track)%00%(upstream:remotename)%00%(upstream:remoteref) refs/heads/main refs/remotes/main [1ms]
2024-02-09 05:46:32.376 [info] > git status -z -uall [2ms]
2024-02-09 05:46:32.450 [info] > git for-each-ref --format=%(refname)%00%(upstream:short)%00%(objectname)%00%(upstream:track)%00%(upstream:remotename)%00%(upstream:remoteref) refs/heads/main [1ms]
2024-02-09 05:46:32.456 [info] > git config --local branch.main.vscode-merge-base [1ms]
2024-02-09 05:46:32.456 [warning] git config failed: Failed to execute git
2024-02-09 05:46:32.462 [info] > git reflog refs/heads/main --grep-reflog=branch: Created from *. [2ms]
2024-02-09 05:46:32.467 [info] > git symbolic-ref --short refs/remotes/origin/HEAD [1ms]
2024-02-09 05:46:32.467 [info] fatal: ref refs/remotes/origin/HEAD is not a symbolic ref
2024-02-09 05:46:32.559 [info] > git for-each-ref --format=%(refname)%00%(upstream:short)%00%(objectname)%00%(upstream:track)%00%(upstream:remotename)%00%(upstream:remoteref) refs/heads/main [1ms]
2024-02-09 05:46:32.565 [info] > git config --local branch.main.vscode-merge-base [0ms]
2024-02-09 05:46:32.565 [warning] git config failed: Failed to execute git
2024-02-09 05:46:32.570 [info] > git reflog refs/heads/main --grep-reflog=branch: Created from *. [1ms]
2024-02-09 05:46:32.575 [info] > git symbolic-ref --short refs/remotes/origin/HEAD [1ms]
2024-02-09 05:46:32.575 [info] fatal: ref refs/remotes/origin/HEAD is not a symbolic ref
2024-02-09 05:46:39.619 [info] > git for-each-ref --format=%(refname)%00%(upstream:short)%00%(objectname)%00%(upstream:track)%00%(upstream:remotename)%00%(upstream:remoteref) refs/heads/main [1ms]
2024-02-09 05:46:39.625 [info] > git config --local branch.main.vscode-merge-base [1ms]
2024-02-09 05:46:39.625 [warning] git config failed: Failed to execute git
2024-02-09 05:46:39.631 [info] > git reflog refs/heads/main --grep-reflog=branch: Created from *. [1ms]
2024-02-09 05:46:39.635 [info] > git symbolic-ref --short refs/remotes/origin/HEAD [1ms]
2024-02-09 05:46:39.635 [info] fatal: ref refs/remotes/origin/HEAD is not a symbolic ref
2024-02-09 05:46:41.692 [info] > git show --textconv :Lab1.txt [5ms]
2024-02-09 05:46:41.693 [info] > git ls-files --stage -- /home/student/ENGR212_Abdullah_Abdulaziz/Lab1.txt [1ms]
2024-02-09 05:46:41.698 [info] > git cat-file -s 2a2e201614e50f318670263f7874a34439eceaa0 [1ms]
2024-02-09 05:46:43.418 [info] > git rev-parse --show-toplevel [1ms]
2024-02-09 05:46:43.418 [info] fatal: not a git repository (or any of the parent directories): .git
2024-02-09 05:46:44.187 [info] > git show --textconv :README.md [6ms]
2024-02-09 05:46:44.188 [info] > git ls-files --stage -- /home/student/ENGR212_Abdullah_Abdulaziz/README.md [1ms]
2024-02-09 05:46:44.193 [info] > git cat-file -s 7a6558ce37a52fef8fb4696950b20a16abcb3438 [2ms]
2024-02-09 05:47:26.798 [info] > git show --textconv :Lab1.txt [6ms]
2024-02-09 05:47:26.799 [info] > git ls-files --stage -- /home/student/ENGR212_Abdullah_Abdulaziz/Lab1.txt [2ms]
2024-02-09 05:47:26.804 [info] > git cat-file -s 2a2e201614e50f318670263f7874a34439eceaa0 [1ms]
2024-02-09 05:53:24.061 [info] > git rev-parse --show-toplevel [1ms]
2024-02-09 05:53:24.061 [info] fatal: not a git repository (or any of the parent directories): .git
2024-02-09 05:53:31.520 [info] > git rev-parse --show-toplevel [2ms]
2024-02-09 05:53:31.520 [info] fatal: not a git repository (or any of the parent directories): .git
2024-02-09 05:55:43.514 [info] > git rev-parse --show-toplevel [1ms]
2024-02-09 05:55:43.520 [info] > git rev-parse --git-dir --git-common-dir [0ms]
2024-02-09 05:55:43.527 [info] Open repository: /home/student
2024-02-09 05:55:43.533 [info] No remotes found in the git config file.
2024-02-09 05:55:43.539 [info] > git config --get commit.template [6ms]
2024-02-09 05:55:43.539 [info] > git for-each-ref --format=%(refname)%00%(upstream:short)%00%(objectname)%00%(upstream:track)%00%(upstream:remotename)%00%(upstream:remoteref) refs/heads/master refs/remotes/master [1ms]
2024-02-09 05:55:43.539 [warning] No such branch: master.
2024-02-09 05:55:43.554 [info] > git status -z -uall [11ms]
2024-02-09 05:55:43.619 [info] No remotes found in the git config file.
2024-02-09 05:55:43.620 [info] > git config --get commit.template [13ms]
2024-02-09 05:55:43.621 [info] > git for-each-ref --format=%(refname)%00%(upstream:short)%00%(objectname)%00%(upstream:track)%00%(upstream:remotename)%00%(upstream:remoteref) refs/heads/master refs/remotes/master [2ms]
2024-02-09 05:55:43.621 [warning] No such branch: master.
2024-02-09 05:55:43.832 [info] > git status -z -uall [198ms]
2024-02-09 05:55:44.366 [info] > git check-ignore -v -z --stdin [7ms]
2024-02-09 05:55:44.367 [info] > git check-ignore -v -z --stdin [2ms]
2024-02-09 05:55:48.528 [info] No remotes found in the git config file.
2024-02-09 05:55:48.528 [info] > git config --get commit.template [6ms]
2024-02-09 05:55:48.529 [info] > git for-each-ref --format=%(refname)%00%(upstream:short)%00%(objectname)%00%(upstream:track)%00%(upstream:remotename)%00%(upstream:remoteref) refs/heads/master refs/remotes/master [2ms]
2024-02-09 05:55:48.529 [warning] No such branch: master.
2024-02-09 05:55:48.542 [info] > git status -z -uall [9ms]
2024-02-09 05:55:53.577 [info] No remotes found in the git config file.
2024-02-09 05:55:53.578 [info] > git config --get commit.template [7ms]
2024-02-09 05:55:53.578 [info] > git for-each-ref --format=%(refname)%00%(upstream:short)%00%(objectname)%00%(upstream:track)%00%(upstream:remotename)%00%(upstream:remoteref) refs/heads/master refs/remotes/master [1ms]
2024-02-09 05:55:53.578 [warning] No such branch: master.
2024-02-09 05:55:53.592 [info] > git status -z -uall [9ms]
2024-02-09 05:55:58.618 [info] No remotes found in the git config file.
2024-02-09 05:55:58.624 [info] > git config --get commit.template [7ms]
2024-02-09 05:55:58.624 [info] > git for-each-ref --format=%(refname)%00%(upstream:short)%00%(objectname)%00%(upstream:track)%00%(upstream:remotename)%00%(upstream:remoteref) refs/heads/master refs/remotes/master [1ms]
2024-02-09 05:55:58.624 [warning] No such branch: master.
2024-02-09 05:55:58.638 [info] > git status -z -uall [9ms]
2024-02-09 05:56:03.669 [info] No remotes found in the git config file.
2024-02-09 05:56:03.670 [info] > git config --get commit.template [6ms]
2024-02-09 05:56:03.670 [info] > git for-each-ref --format=%(refname)%00%(upstream:short)%00%(objectname)%00%(upstream:track)%00%(upstream:remotename)%00%(upstream:remoteref) refs/heads/master refs/remotes/master [1ms]
2024-02-09 05:56:03.670 [warning] No such branch: master.
2024-02-09 05:56:03.684 [info] > git status -z -uall [9ms]
2024-02-09 05:56:08.713 [info] No remotes found in the git config file.
2024-02-09 05:56:08.714 [info] > git config --get commit.template [6ms]
2024-02-09 05:56:08.714 [info] > git for-each-ref --format=%(refname)%00%(upstream:short)%00%(objectname)%00%(upstream:track)%00%(upstream:remotename)%00%(upstream:remoteref) refs/heads/master refs/remotes/master [1ms]
2024-02-09 05:56:08.714 [warning] No such branch: master.
2024-02-09 05:56:08.728 [info] > git status -z -uall [9ms]
2024-02-09 05:56:10.947 [info] > git ls-files --stage -- /home/student/ENGR212_Abdullah_Abdulaziz/Lab1.txt [1ms]
2024-02-09 05:56:10.953 [info] > git cat-file -s 2a2e201614e50f318670263f7874a34439eceaa0 [1ms]
2024-02-09 05:56:11.044 [info] > git show --textconv :Lab1.txt [1ms]
2024-02-09 05:56:13.758 [info] No remotes found in the git config file.
2024-02-09 05:56:13.758 [info] > git config --get commit.template [7ms]
2024-02-09 05:56:13.759 [info] > git for-each-ref --format=%(refname)%00%(upstream:short)%00%(objectname)%00%(upstream:track)%00%(upstream:remotename)%00%(upstream:remoteref) refs/heads/master refs/remotes/master [1ms]
2024-02-09 05:56:13.759 [warning] No such branch: master.
2024-02-09 05:56:13.773 [info] > git status -z -uall [9ms]
2024-02-09 05:56:18.803 [info] No remotes found in the git config file.
2024-02-09 05:56:18.804 [info] > git config --get commit.template [6ms]
2024-02-09 05:56:18.804 [info] > git for-each-ref --format=%(refname)%00%(upstream:short)%00%(objectname)%00%(upstream:track)%00%(upstream:remotename)%00%(upstream:remoteref) refs/heads/master refs/remotes/master [2ms]
2024-02-09 05:56:18.804 [warning] No such branch: master.
2024-02-09 05:56:18.818 [info] > git status -z -uall [9ms]
2024-02-09 05:56:23.849 [info] No remotes found in the git config file.
2024-02-09 05:56:23.850 [info] > git config --get commit.template [7ms]
2024-02-09 05:56:23.850 [info] > git for-each-ref --format=%(refname)%00%(upstream:short)%00%(objectname)%00%(upstream:track)%00%(upstream:remotename)%00%(upstream:remoteref) refs/heads/master refs/remotes/master [1ms]
2024-02-09 05:56:23.850 [warning] No such branch: master.
2024-02-09 05:56:23.864 [info] > git status -z -uall [9ms]
2024-02-09 05:56:28.893 [info] No remotes found in the git config file.
2024-02-09 05:56:28.894 [info] > git config --get commit.template [6ms]
2024-02-09 05:56:28.894 [info] > git for-each-ref --format=%(refname)%00%(upstream:short)%00%(objectname)%00%(upstream:track)%00%(upstream:remotename)%00%(upstream:remoteref) refs/heads/master refs/remotes/master [1ms]
2024-02-09 05:56:28.894 [warning] No such branch: master.
2024-02-09 05:56:28.909 [info] > git status -z -uall [10ms]
2024-02-09 05:56:33.938 [info] No remotes found in the git config file.
2024-02-09 05:56:33.939 [info] > git config --get commit.template [7ms]
2024-02-09 05:56:33.939 [info] > git for-each-ref --format=%(refname)%00%(upstream:short)%00%(objectname)%00%(upstream:track)%00%(upstream:remotename)%00%(upstream:remoteref) refs/heads/master refs/remotes/master [2ms]
2024-02-09 05:56:33.939 [warning] No such branch: master.
2024-02-09 05:56:33.953 [info] > git status -z -uall [9ms]
2024-02-09 05:56:38.984 [info] No remotes found in the git config file.
2024-02-09 05:56:38.984 [info] > git config --get commit.template [7ms]
2024-02-09 05:56:38.985 [info] > git for-each-ref --format=%(refname)%00%(upstream:short)%00%(objectname)%00%(upstream:track)%00%(upstream:remotename)%00%(upstream:remoteref) refs/heads/master refs/remotes/master [1ms]
2024-02-09 05:56:38.985 [warning] No such branch: master.
2024-02-09 05:56:38.999 [info] > git status -z -uall [9ms]
2024-02-09 05:56:44.028 [info] No remotes found in the git config file.
2024-02-09 05:56:44.029 [info] > git config --get commit.template [7ms]
2024-02-09 05:56:44.029 [info] > git for-each-ref --format=%(refname)%00%(upstream:short)%00%(objectname)%00%(upstream:track)%00%(upstream:remotename)%00%(upstream:remoteref) refs/heads/master refs/remotes/master [1ms]
2024-02-09 05:56:44.029 [warning] No such branch: master.
2024-02-09 05:56:44.043 [info] > git status -z -uall [9ms]
2024-02-09 05:56:49.073 [info] No remotes found in the git config file.
2024-02-09 05:56:49.074 [info] > git config --get commit.template [7ms]
2024-02-09 05:56:49.074 [info] > git for-each-ref --format=%(refname)%00%(upstream:short)%00%(objectname)%00%(upstream:track)%00%(upstream:remotename)%00%(upstream:remoteref) refs/heads/master refs/remotes/master [1ms]
2024-02-09 05:56:49.074 [warning] No such branch: master.
2024-02-09 05:56:49.088 [info] > git status -z -uall [9ms]
2024-02-09 05:56:54.118 [info] No remotes found in the git config file.
2024-02-09 05:56:54.119 [info] > git config --get commit.template [7ms]
2024-02-09 05:56:54.119 [info] > git for-each-ref --format=%(refname)%00%(upstream:short)%00%(objectname)%00%(upstream:track)%00%(upstream:remotename)%00%(upstream:remoteref) refs/heads/master refs/remotes/master [1ms]
2024-02-09 05:56:54.119 [warning] No such branch: master.
2024-02-09 05:56:54.133 [info] > git status -z -uall [9ms]
2024-02-09 05:56:59.552 [info] > git config --get commit.template [7ms]
2024-02-09 05:56:59.552 [info] No remotes found in the git config file.
2024-02-09 05:56:59.553 [info] > git for-each-ref --format=%(refname)%00%(upstream:short)%00%(objectname)%00%(upstream:track)%00%(upstream:remotename)%00%(upstream:remoteref) refs/heads/master refs/remotes/master [1ms]
2024-02-09 05:56:59.553 [warning] No such branch: master.
2024-02-09 05:56:59.567 [info] > git status -z -uall [9ms]
2024-02-09 05:57:04.600 [info] No remotes found in the git config file.
2024-02-09 05:57:04.600 [info] > git config --get commit.template [6ms]
2024-02-09 05:57:04.601 [info] > git for-each-ref --format=%(refname)%00%(upstream:short)%00%(objectname)%00%(upstream:track)%00%(upstream:remotename)%00%(upstream:remoteref) refs/heads/master refs/remotes/master [2ms]
2024-02-09 05:57:04.601 [warning] No such branch: master.
2024-02-09 05:57:04.615 [info] > git status -z -uall [9ms]
2024-02-09 05:57:09.640 [info] No remotes found in the git config file.
2024-02-09 05:57:09.646 [info] > git config --get commit.template [7ms]
2024-02-09 05:57:09.646 [info] > git for-each-ref --format=%(refname)%00%(upstream:short)%00%(objectname)%00%(upstream:track)%00%(upstream:remotename)%00%(upstream:remoteref) refs/heads/master refs/remotes/master [1ms]
2024-02-09 05:57:09.646 [warning] No such branch: master.
2024-02-09 05:57:09.661 [info] > git status -z -uall [10ms]
2024-02-09 05:57:14.687 [info] No remotes found in the git config file.
2024-02-09 05:57:14.693 [info] > git config --get commit.template [7ms]
2024-02-09 05:57:14.693 [info] > git for-each-ref --format=%(refname)%00%(upstream:short)%00%(objectname)%00%(upstream:track)%00%(upstream:remotename)%00%(upstream:remoteref) refs/heads/master refs/remotes/master [1ms]
2024-02-09 05:57:14.694 [warning] No such branch: master.
2024-02-09 05:57:14.708 [info] > git status -z -uall [9ms]
2024-02-09 05:57:19.731 [info] No remotes found in the git config file.
2024-02-09 05:57:19.737 [info] > git config --get commit.template [7ms]
2024-02-09 05:57:19.737 [info] > git for-each-ref --format=%(refname)%00%(upstream:short)%00%(objectname)%00%(upstream:track)%00%(upstream:remotename)%00%(upstream:remoteref) refs/heads/master refs/remotes/master [1ms]
2024-02-09 05:57:19.737 [warning] No such branch: master.
2024-02-09 05:57:19.752 [info] > git status -z -uall [10ms]
2024-02-09 05:57:24.782 [info] No remotes found in the git config file.
2024-02-09 05:57:24.783 [info] > git config --get commit.template [7ms]
2024-02-09 05:57:24.783 [info] > git for-each-ref --format=%(refname)%00%(upstream:short)%00%(objectname)%00%(upstream:track)%00%(upstream:remotename)%00%(upstream:remoteref) refs/heads/master refs/remotes/master [1ms]
2024-02-09 05:57:24.783 [warning] No such branch: master.
2024-02-09 05:57:24.798 [info] > git status -z -uall [9ms]
2024-02-09 05:57:29.828 [info] No remotes found in the git config file.
2024-02-09 05:57:29.828 [info] > git config --get commit.template [6ms]
2024-02-09 05:57:29.829 [info] > git for-each-ref --format=%(refname)%00%(upstream:short)%00%(objectname)%00%(upstream:track)%00%(upstream:remotename)%00%(upstream:remoteref) refs/heads/master refs/remotes/master [1ms]
2024-02-09 05:57:29.829 [warning] No such branch: master.
2024-02-09 05:57:29.843 [info] > git status -z -uall [9ms]
2024-02-09 05:57:34.873 [info] No remotes found in the git config file.
2024-02-09 05:57:34.874 [info] > git config --get commit.template [6ms]
2024-02-09 05:57:34.874 [info] > git for-each-ref --format=%(refname)%00%(upstream:short)%00%(objectname)%00%(upstream:track)%00%(upstream:remotename)%00%(upstream:remoteref) refs/heads/master refs/remotes/master [2ms]
2024-02-09 05:57:34.874 [warning] No such branch: master.
2024-02-09 05:57:34.888 [info] > git status -z -uall [9ms]
2024-02-09 05:57:39.917 [info] No remotes found in the git config file.
2024-02-09 05:57:39.917 [info] > git config --get commit.template [6ms]
2024-02-09 05:57:39.918 [info] > git for-each-ref --format=%(refname)%00%(upstream:short)%00%(objectname)%00%(upstream:track)%00%(upstream:remotename)%00%(upstream:remoteref) refs/heads/master refs/remotes/master [1ms]
2024-02-09 05:57:39.918 [warning] No such branch: master.
2024-02-09 05:57:39.932 [info] > git status -z -uall [9ms]
2024-02-09 05:57:44.961 [info] No remotes found in the git config file.
2024-02-09 05:57:44.962 [info] > git config --get commit.template [7ms]
2024-02-09 05:57:44.962 [info] > git for-each-ref --format=%(refname)%00%(upstream:short)%00%(objectname)%00%(upstream:track)%00%(upstream:remotename)%00%(upstream:remoteref) refs/heads/master refs/remotes/master [1ms]
2024-02-09 05:57:44.962 [warning] No such branch: master.
2024-02-09 05:57:44.976 [info] > git status -z -uall [9ms]
2024-02-09 05:57:50.006 [info] No remotes found in the git config file.
2024-02-09 05:57:50.006 [info] > git config --get commit.template [7ms]
2024-02-09 05:57:50.007 [info] > git for-each-ref --format=%(refname)%00%(upstream:short)%00%(objectname)%00%(upstream:track)%00%(upstream:remotename)%00%(upstream:remoteref) refs/heads/master refs/remotes/master [2ms]
2024-02-09 05:57:50.007 [warning] No such branch: master.
2024-02-09 05:57:50.021 [info] > git status -z -uall [9ms]
