2024-03-08 05:47:19.137 [info] Extension host with pid 1447 started
2024-03-08 05:47:19.138 [error] Error: EEXIST: file already exists, open '/home/student/.vscode-server/data/User/workspaceStorage/63e31fa26b97c3d038b73ad41de3ba4a/vscode.lock'
2024-03-08 05:47:19.146 [info] Lock '/home/student/.vscode-server/data/User/workspaceStorage/63e31fa26b97c3d038b73ad41de3ba4a/vscode.lock': Could not acquire lock, checking if the file is stale.
2024-03-08 05:47:19.155 [info] Lock '/home/student/.vscode-server/data/User/workspaceStorage/63e31fa26b97c3d038b73ad41de3ba4a/vscode.lock': The pid 1284 appears to be gone.
2024-03-08 05:47:19.155 [info] Lock '/home/student/.vscode-server/data/User/workspaceStorage/63e31fa26b97c3d038b73ad41de3ba4a/vscode.lock': Deleting a stale lock.
2024-03-08 05:47:19.169 [info] Lock '/home/student/.vscode-server/data/User/workspaceStorage/63e31fa26b97c3d038b73ad41de3ba4a/vscode.lock': Lock acquired.
2024-03-08 05:47:19.315 [info] ExtensionService#_doActivateExtension vscode.emmet, startup: false, activationEvent: 'onLanguage'
2024-03-08 05:47:19.461 [info] ExtensionService#_doActivateExtension vscode.git-base, startup: true, activationEvent: '*', root cause: vscode.git
2024-03-08 05:47:19.580 [info] ExtensionService#_doActivateExtension vscode.git, startup: true, activationEvent: '*'
2024-03-08 05:47:19.580 [info] ExtensionService#_doActivateExtension vscode.github, startup: true, activationEvent: '*'
2024-03-08 05:47:20.354 [info] Eager extensions activated
2024-03-08 05:47:20.354 [info] ExtensionService#_doActivateExtension vscode.debug-auto-launch, startup: false, activationEvent: 'onStartupFinished'
2024-03-08 05:47:20.359 [info] ExtensionService#_doActivateExtension vscode.merge-conflict, startup: false, activationEvent: 'onStartupFinished'
2024-03-08 05:48:55.401 [info] ExtensionService#_doActivateExtension vscode.npm, startup: false, activationEvent: 'onTerminalQuickFixRequest:ms-vscode.npm-command'
2024-03-08 06:21:53.550 [info] Extension host terminating: received terminate message from renderer
2024-03-08 06:21:53.551 [info] Lock '/home/student/.vscode-server/data/User/workspaceStorage/63e31fa26b97c3d038b73ad41de3ba4a/vscode.lock': Marking the lockfile as scheduled to be released in 6000 ms.
2024-03-08 06:21:53.584 [error] Canceled: Canceled
	at new $ (/home/student/.vscode-server/bin/019f4d1419fbc8219a181fab7892ebccf7ee29a2/out/vs/workbench/api/node/extensionHostProcess.js:140:45885)
	at s.U (/home/student/.vscode-server/bin/019f4d1419fbc8219a181fab7892ebccf7ee29a2/out/vs/workbench/api/node/extensionHostProcess.js:147:5556)
	at z.<computed>.T.charCodeAt.z.<computed> (/home/student/.vscode-server/bin/019f4d1419fbc8219a181fab7892ebccf7ee29a2/out/vs/workbench/api/node/extensionHostProcess.js:147:3007)
	at u.g (/home/student/.vscode-server/bin/019f4d1419fbc8219a181fab7892ebccf7ee29a2/out/vs/workbench/api/node/extensionHostProcess.js:150:184415)
	at u.executeCommand (/home/student/.vscode-server/bin/019f4d1419fbc8219a181fab7892ebccf7ee29a2/out/vs/workbench/api/node/extensionHostProcess.js:150:183853)
	at f.registerCommand.description (/home/student/.vscode-server/bin/019f4d1419fbc8219a181fab7892ebccf7ee29a2/out/vs/workbench/api/node/extensionHostProcess.js:150:183177)
	at u.h (/home/student/.vscode-server/bin/019f4d1419fbc8219a181fab7892ebccf7ee29a2/out/vs/workbench/api/node/extensionHostProcess.js:150:184954)
	at u.g (/home/student/.vscode-server/bin/019f4d1419fbc8219a181fab7892ebccf7ee29a2/out/vs/workbench/api/node/extensionHostProcess.js:150:183946)
	at u.executeCommand (/home/student/.vscode-server/bin/019f4d1419fbc8219a181fab7892ebccf7ee29a2/out/vs/workbench/api/node/extensionHostProcess.js:150:183853)
	at Object.executeCommand (/home/student/.vscode-server/bin/019f4d1419fbc8219a181fab7892ebccf7ee29a2/out/vs/workbench/api/node/extensionHostProcess.js:160:21654)
	at p.O [as value] (/home/student/.vscode-server/bin/019f4d1419fbc8219a181fab7892ebccf7ee29a2/extensions/git/dist/main.js:2:943479)
	at n.y (/home/student/.vscode-server/bin/019f4d1419fbc8219a181fab7892ebccf7ee29a2/out/vs/workbench/api/node/extensionHostProcess.js:80:1902)
	at n.z (/home/student/.vscode-server/bin/019f4d1419fbc8219a181fab7892ebccf7ee29a2/out/vs/workbench/api/node/extensionHostProcess.js:80:1972)
	at n.fire (/home/student/.vscode-server/bin/019f4d1419fbc8219a181fab7892ebccf7ee29a2/out/vs/workbench/api/node/extensionHostProcess.js:80:2188)
	at Object.m [as dispose] (/home/student/.vscode-server/bin/019f4d1419fbc8219a181fab7892ebccf7ee29a2/extensions/git/dist/main.js:2:962791)
	at /home/student/.vscode-server/bin/019f4d1419fbc8219a181fab7892ebccf7ee29a2/extensions/git/dist/main.js:2:968825
	at Array.forEach (<anonymous>)
	at f.dispose (/home/student/.vscode-server/bin/019f4d1419fbc8219a181fab7892ebccf7ee29a2/extensions/git/dist/main.js:2:968811)
	at l.<anonymous> (/home/student/.vscode-server/bin/019f4d1419fbc8219a181fab7892ebccf7ee29a2/out/vs/workbench/api/node/extensionHostProcess.js:148:3704)
	at l.dispose (/home/student/.vscode-server/bin/019f4d1419fbc8219a181fab7892ebccf7ee29a2/out/vs/workbench/api/node/extensionHostProcess.js:148:3801)
	at l.<anonymous> (/home/student/.vscode-server/bin/019f4d1419fbc8219a181fab7892ebccf7ee29a2/extensions/git/dist/main.js:2:945736)
	at l.dispose (/home/student/.vscode-server/bin/019f4d1419fbc8219a181fab7892ebccf7ee29a2/out/vs/workbench/api/node/extensionHostProcess.js:148:3801)
	at o (/home/student/.vscode-server/bin/019f4d1419fbc8219a181fab7892ebccf7ee29a2/out/vs/workbench/api/node/extensionHostProcess.js:30:754)
	at p.cb (/home/student/.vscode-server/bin/019f4d1419fbc8219a181fab7892ebccf7ee29a2/out/vs/workbench/api/node/extensionHostProcess.js:156:9882)
	at /home/student/.vscode-server/bin/019f4d1419fbc8219a181fab7892ebccf7ee29a2/out/vs/workbench/api/node/extensionHostProcess.js:156:7816
	at Array.map (<anonymous>)
	at p.Y (/home/student/.vscode-server/bin/019f4d1419fbc8219a181fab7892ebccf7ee29a2/out/vs/workbench/api/node/extensionHostProcess.js:156:7803)
	at p.terminate (/home/student/.vscode-server/bin/019f4d1419fbc8219a181fab7892ebccf7ee29a2/out/vs/workbench/api/node/extensionHostProcess.js:156:8076)
	at o.terminate (/home/student/.vscode-server/bin/019f4d1419fbc8219a181fab7892ebccf7ee29a2/out/vs/workbench/api/node/extensionHostProcess.js:160:1513)
	at t (/home/student/.vscode-server/bin/019f4d1419fbc8219a181fab7892ebccf7ee29a2/out/vs/workbench/api/node/extensionHostProcess.js:173:9949)
	at p.value (/home/student/.vscode-server/bin/019f4d1419fbc8219a181fab7892ebccf7ee29a2/out/vs/workbench/api/node/extensionHostProcess.js:173:7996)
	at n.y (/home/student/.vscode-server/bin/019f4d1419fbc8219a181fab7892ebccf7ee29a2/out/vs/workbench/api/node/extensionHostProcess.js:80:1902)
	at n.fire (/home/student/.vscode-server/bin/019f4d1419fbc8219a181fab7892ebccf7ee29a2/out/vs/workbench/api/node/extensionHostProcess.js:80:2119)
	at r.fire (/home/student/.vscode-server/bin/019f4d1419fbc8219a181fab7892ebccf7ee29a2/out/vs/workbench/api/node/extensionHostProcess.js:105:14091)
	at u.z (/home/student/.vscode-server/bin/019f4d1419fbc8219a181fab7892ebccf7ee29a2/out/vs/workbench/api/node/extensionHostProcess.js:105:17156)
	at p.value (/home/student/.vscode-server/bin/019f4d1419fbc8219a181fab7892ebccf7ee29a2/out/vs/workbench/api/node/extensionHostProcess.js:105:16561)
	at n.y (/home/student/.vscode-server/bin/019f4d1419fbc8219a181fab7892ebccf7ee29a2/out/vs/workbench/api/node/extensionHostProcess.js:80:1902)
	at n.fire (/home/student/.vscode-server/bin/019f4d1419fbc8219a181fab7892ebccf7ee29a2/out/vs/workbench/api/node/extensionHostProcess.js:80:2119)
	at p.acceptChunk (/home/student/.vscode-server/bin/019f4d1419fbc8219a181fab7892ebccf7ee29a2/out/vs/workbench/api/node/extensionHostProcess.js:105:11865)
	at p.value (/home/student/.vscode-server/bin/019f4d1419fbc8219a181fab7892ebccf7ee29a2/out/vs/workbench/api/node/extensionHostProcess.js:105:11152)
	at n.y (/home/student/.vscode-server/bin/019f4d1419fbc8219a181fab7892ebccf7ee29a2/out/vs/workbench/api/node/extensionHostProcess.js:80:1902)
	at n.fire (/home/student/.vscode-server/bin/019f4d1419fbc8219a181fab7892ebccf7ee29a2/out/vs/workbench/api/node/extensionHostProcess.js:80:2119)
	at n.z (/home/student/.vscode-server/bin/019f4d1419fbc8219a181fab7892ebccf7ee29a2/out/vs/workbench/api/node/extensionHostProcess.js:170:19748) setContext undefined
2024-03-08 06:21:53.584 [error] Canceled: Canceled
	at new $ (/home/student/.vscode-server/bin/019f4d1419fbc8219a181fab7892ebccf7ee29a2/out/vs/workbench/api/node/extensionHostProcess.js:140:45885)
	at s.U (/home/student/.vscode-server/bin/019f4d1419fbc8219a181fab7892ebccf7ee29a2/out/vs/workbench/api/node/extensionHostProcess.js:147:5556)
	at z.<computed>.T.charCodeAt.z.<computed> (/home/student/.vscode-server/bin/019f4d1419fbc8219a181fab7892ebccf7ee29a2/out/vs/workbench/api/node/extensionHostProcess.js:147:3007)
	at u.g (/home/student/.vscode-server/bin/019f4d1419fbc8219a181fab7892ebccf7ee29a2/out/vs/workbench/api/node/extensionHostProcess.js:150:184415)
	at u.executeCommand (/home/student/.vscode-server/bin/019f4d1419fbc8219a181fab7892ebccf7ee29a2/out/vs/workbench/api/node/extensionHostProcess.js:150:183853)
	at f.registerCommand.description (/home/student/.vscode-server/bin/019f4d1419fbc8219a181fab7892ebccf7ee29a2/out/vs/workbench/api/node/extensionHostProcess.js:150:183177)
	at u.h (/home/student/.vscode-server/bin/019f4d1419fbc8219a181fab7892ebccf7ee29a2/out/vs/workbench/api/node/extensionHostProcess.js:150:184954)
	at u.g (/home/student/.vscode-server/bin/019f4d1419fbc8219a181fab7892ebccf7ee29a2/out/vs/workbench/api/node/extensionHostProcess.js:150:183946)
	at u.executeCommand (/home/student/.vscode-server/bin/019f4d1419fbc8219a181fab7892ebccf7ee29a2/out/vs/workbench/api/node/extensionHostProcess.js:150:183853)
	at Object.executeCommand (/home/student/.vscode-server/bin/019f4d1419fbc8219a181fab7892ebccf7ee29a2/out/vs/workbench/api/node/extensionHostProcess.js:160:21654)
	at p.O [as value] (/home/student/.vscode-server/bin/019f4d1419fbc8219a181fab7892ebccf7ee29a2/extensions/git/dist/main.js:2:943479)
	at n.y (/home/student/.vscode-server/bin/019f4d1419fbc8219a181fab7892ebccf7ee29a2/out/vs/workbench/api/node/extensionHostProcess.js:80:1902)
	at n.z (/home/student/.vscode-server/bin/019f4d1419fbc8219a181fab7892ebccf7ee29a2/out/vs/workbench/api/node/extensionHostProcess.js:80:1972)
	at n.fire (/home/student/.vscode-server/bin/019f4d1419fbc8219a181fab7892ebccf7ee29a2/out/vs/workbench/api/node/extensionHostProcess.js:80:2188)
	at Object.m [as dispose] (/home/student/.vscode-server/bin/019f4d1419fbc8219a181fab7892ebccf7ee29a2/extensions/git/dist/main.js:2:962791)
	at /home/student/.vscode-server/bin/019f4d1419fbc8219a181fab7892ebccf7ee29a2/extensions/git/dist/main.js:2:968825
	at Array.forEach (<anonymous>)
	at f.dispose (/home/student/.vscode-server/bin/019f4d1419fbc8219a181fab7892ebccf7ee29a2/extensions/git/dist/main.js:2:968811)
	at l.<anonymous> (/home/student/.vscode-server/bin/019f4d1419fbc8219a181fab7892ebccf7ee29a2/out/vs/workbench/api/node/extensionHostProcess.js:148:3704)
	at l.dispose (/home/student/.vscode-server/bin/019f4d1419fbc8219a181fab7892ebccf7ee29a2/out/vs/workbench/api/node/extensionHostProcess.js:148:3801)
	at l.<anonymous> (/home/student/.vscode-server/bin/019f4d1419fbc8219a181fab7892ebccf7ee29a2/extensions/git/dist/main.js:2:945736)
	at l.dispose (/home/student/.vscode-server/bin/019f4d1419fbc8219a181fab7892ebccf7ee29a2/out/vs/workbench/api/node/extensionHostProcess.js:148:3801)
	at o (/home/student/.vscode-server/bin/019f4d1419fbc8219a181fab7892ebccf7ee29a2/out/vs/workbench/api/node/extensionHostProcess.js:30:754)
	at p.cb (/home/student/.vscode-server/bin/019f4d1419fbc8219a181fab7892ebccf7ee29a2/out/vs/workbench/api/node/extensionHostProcess.js:156:9882)
	at /home/student/.vscode-server/bin/019f4d1419fbc8219a181fab7892ebccf7ee29a2/out/vs/workbench/api/node/extensionHostProcess.js:156:7816
	at Array.map (<anonymous>)
	at p.Y (/home/student/.vscode-server/bin/019f4d1419fbc8219a181fab7892ebccf7ee29a2/out/vs/workbench/api/node/extensionHostProcess.js:156:7803)
	at p.terminate (/home/student/.vscode-server/bin/019f4d1419fbc8219a181fab7892ebccf7ee29a2/out/vs/workbench/api/node/extensionHostProcess.js:156:8076)
	at o.terminate (/home/student/.vscode-server/bin/019f4d1419fbc8219a181fab7892ebccf7ee29a2/out/vs/workbench/api/node/extensionHostProcess.js:160:1513)
	at t (/home/student/.vscode-server/bin/019f4d1419fbc8219a181fab7892ebccf7ee29a2/out/vs/workbench/api/node/extensionHostProcess.js:173:9949)
	at p.value (/home/student/.vscode-server/bin/019f4d1419fbc8219a181fab7892ebccf7ee29a2/out/vs/workbench/api/node/extensionHostProcess.js:173:7996)
	at n.y (/home/student/.vscode-server/bin/019f4d1419fbc8219a181fab7892ebccf7ee29a2/out/vs/workbench/api/node/extensionHostProcess.js:80:1902)
	at n.fire (/home/student/.vscode-server/bin/019f4d1419fbc8219a181fab7892ebccf7ee29a2/out/vs/workbench/api/node/extensionHostProcess.js:80:2119)
	at r.fire (/home/student/.vscode-server/bin/019f4d1419fbc8219a181fab7892ebccf7ee29a2/out/vs/workbench/api/node/extensionHostProcess.js:105:14091)
	at u.z (/home/student/.vscode-server/bin/019f4d1419fbc8219a181fab7892ebccf7ee29a2/out/vs/workbench/api/node/extensionHostProcess.js:105:17156)
	at p.value (/home/student/.vscode-server/bin/019f4d1419fbc8219a181fab7892ebccf7ee29a2/out/vs/workbench/api/node/extensionHostProcess.js:105:16561)
	at n.y (/home/student/.vscode-server/bin/019f4d1419fbc8219a181fab7892ebccf7ee29a2/out/vs/workbench/api/node/extensionHostProcess.js:80:1902)
	at n.fire (/home/student/.vscode-server/bin/019f4d1419fbc8219a181fab7892ebccf7ee29a2/out/vs/workbench/api/node/extensionHostProcess.js:80:2119)
	at p.acceptChunk (/home/student/.vscode-server/bin/019f4d1419fbc8219a181fab7892ebccf7ee29a2/out/vs/workbench/api/node/extensionHostProcess.js:105:11865)
	at p.value (/home/student/.vscode-server/bin/019f4d1419fbc8219a181fab7892ebccf7ee29a2/out/vs/workbench/api/node/extensionHostProcess.js:105:11152)
	at n.y (/home/student/.vscode-server/bin/019f4d1419fbc8219a181fab7892ebccf7ee29a2/out/vs/workbench/api/node/extensionHostProcess.js:80:1902)
	at n.fire (/home/student/.vscode-server/bin/019f4d1419fbc8219a181fab7892ebccf7ee29a2/out/vs/workbench/api/node/extensionHostProcess.js:80:2119)
	at n.z (/home/student/.vscode-server/bin/019f4d1419fbc8219a181fab7892ebccf7ee29a2/out/vs/workbench/api/node/extensionHostProcess.js:170:19748) setContext undefined
2024-03-08 06:21:53.584 [error] Canceled: Canceled
	at new $ (/home/student/.vscode-server/bin/019f4d1419fbc8219a181fab7892ebccf7ee29a2/out/vs/workbench/api/node/extensionHostProcess.js:140:45885)
	at s.U (/home/student/.vscode-server/bin/019f4d1419fbc8219a181fab7892ebccf7ee29a2/out/vs/workbench/api/node/extensionHostProcess.js:147:5556)
	at z.<computed>.T.charCodeAt.z.<computed> (/home/student/.vscode-server/bin/019f4d1419fbc8219a181fab7892ebccf7ee29a2/out/vs/workbench/api/node/extensionHostProcess.js:147:3007)
	at u.g (/home/student/.vscode-server/bin/019f4d1419fbc8219a181fab7892ebccf7ee29a2/out/vs/workbench/api/node/extensionHostProcess.js:150:184415)
	at u.executeCommand (/home/student/.vscode-server/bin/019f4d1419fbc8219a181fab7892ebccf7ee29a2/out/vs/workbench/api/node/extensionHostProcess.js:150:183853)
	at f.registerCommand.description (/home/student/.vscode-server/bin/019f4d1419fbc8219a181fab7892ebccf7ee29a2/out/vs/workbench/api/node/extensionHostProcess.js:150:183177)
	at u.h (/home/student/.vscode-server/bin/019f4d1419fbc8219a181fab7892ebccf7ee29a2/out/vs/workbench/api/node/extensionHostProcess.js:150:184954)
	at u.g (/home/student/.vscode-server/bin/019f4d1419fbc8219a181fab7892ebccf7ee29a2/out/vs/workbench/api/node/extensionHostProcess.js:150:183946)
	at u.executeCommand (/home/student/.vscode-server/bin/019f4d1419fbc8219a181fab7892ebccf7ee29a2/out/vs/workbench/api/node/extensionHostProcess.js:150:183853)
	at Object.executeCommand (/home/student/.vscode-server/bin/019f4d1419fbc8219a181fab7892ebccf7ee29a2/out/vs/workbench/api/node/extensionHostProcess.js:160:21654)
	at set hasGitHubRepositories [as hasGitHubRepositories] (/home/student/.vscode-server/bin/019f4d1419fbc8219a181fab7892ebccf7ee29a2/extensions/github/dist/extension.js:2:325214)
	at /home/student/.vscode-server/bin/019f4d1419fbc8219a181fab7892ebccf7ee29a2/extensions/github/dist/extension.js:2:326173
	at p.value (/home/student/.vscode-server/bin/019f4d1419fbc8219a181fab7892ebccf7ee29a2/extensions/git/dist/main.js:2:1050811)
	at n.y (/home/student/.vscode-server/bin/019f4d1419fbc8219a181fab7892ebccf7ee29a2/out/vs/workbench/api/node/extensionHostProcess.js:80:1902)
	at n.z (/home/student/.vscode-server/bin/019f4d1419fbc8219a181fab7892ebccf7ee29a2/out/vs/workbench/api/node/extensionHostProcess.js:80:1972)
	at n.fire (/home/student/.vscode-server/bin/019f4d1419fbc8219a181fab7892ebccf7ee29a2/out/vs/workbench/api/node/extensionHostProcess.js:80:2188)
	at Object.m [as dispose] (/home/student/.vscode-server/bin/019f4d1419fbc8219a181fab7892ebccf7ee29a2/extensions/git/dist/main.js:2:962791)
	at /home/student/.vscode-server/bin/019f4d1419fbc8219a181fab7892ebccf7ee29a2/extensions/git/dist/main.js:2:968825
	at Array.forEach (<anonymous>)
	at f.dispose (/home/student/.vscode-server/bin/019f4d1419fbc8219a181fab7892ebccf7ee29a2/extensions/git/dist/main.js:2:968811)
	at l.<anonymous> (/home/student/.vscode-server/bin/019f4d1419fbc8219a181fab7892ebccf7ee29a2/out/vs/workbench/api/node/extensionHostProcess.js:148:3704)
	at l.dispose (/home/student/.vscode-server/bin/019f4d1419fbc8219a181fab7892ebccf7ee29a2/out/vs/workbench/api/node/extensionHostProcess.js:148:3801)
	at l.<anonymous> (/home/student/.vscode-server/bin/019f4d1419fbc8219a181fab7892ebccf7ee29a2/extensions/git/dist/main.js:2:945736)
	at l.dispose (/home/student/.vscode-server/bin/019f4d1419fbc8219a181fab7892ebccf7ee29a2/out/vs/workbench/api/node/extensionHostProcess.js:148:3801)
	at o (/home/student/.vscode-server/bin/019f4d1419fbc8219a181fab7892ebccf7ee29a2/out/vs/workbench/api/node/extensionHostProcess.js:30:754)
	at p.cb (/home/student/.vscode-server/bin/019f4d1419fbc8219a181fab7892ebccf7ee29a2/out/vs/workbench/api/node/extensionHostProcess.js:156:9882)
	at /home/student/.vscode-server/bin/019f4d1419fbc8219a181fab7892ebccf7ee29a2/out/vs/workbench/api/node/extensionHostProcess.js:156:7816
	at Array.map (<anonymous>)
	at p.Y (/home/student/.vscode-server/bin/019f4d1419fbc8219a181fab7892ebccf7ee29a2/out/vs/workbench/api/node/extensionHostProcess.js:156:7803)
	at p.terminate (/home/student/.vscode-server/bin/019f4d1419fbc8219a181fab7892ebccf7ee29a2/out/vs/workbench/api/node/extensionHostProcess.js:156:8076)
	at o.terminate (/home/student/.vscode-server/bin/019f4d1419fbc8219a181fab7892ebccf7ee29a2/out/vs/workbench/api/node/extensionHostProcess.js:160:1513)
	at t (/home/student/.vscode-server/bin/019f4d1419fbc8219a181fab7892ebccf7ee29a2/out/vs/workbench/api/node/extensionHostProcess.js:173:9949)
	at p.value (/home/student/.vscode-server/bin/019f4d1419fbc8219a181fab7892ebccf7ee29a2/out/vs/workbench/api/node/extensionHostProcess.js:173:7996)
	at n.y (/home/student/.vscode-server/bin/019f4d1419fbc8219a181fab7892ebccf7ee29a2/out/vs/workbench/api/node/extensionHostProcess.js:80:1902)
	at n.fire (/home/student/.vscode-server/bin/019f4d1419fbc8219a181fab7892ebccf7ee29a2/out/vs/workbench/api/node/extensionHostProcess.js:80:2119)
	at r.fire (/home/student/.vscode-server/bin/019f4d1419fbc8219a181fab7892ebccf7ee29a2/out/vs/workbench/api/node/extensionHostProcess.js:105:14091)
	at u.z (/home/student/.vscode-server/bin/019f4d1419fbc8219a181fab7892ebccf7ee29a2/out/vs/workbench/api/node/extensionHostProcess.js:105:17156)
	at p.value (/home/student/.vscode-server/bin/019f4d1419fbc8219a181fab7892ebccf7ee29a2/out/vs/workbench/api/node/extensionHostProcess.js:105:16561)
	at n.y (/home/student/.vscode-server/bin/019f4d1419fbc8219a181fab7892ebccf7ee29a2/out/vs/workbench/api/node/extensionHostProcess.js:80:1902)
	at n.fire (/home/student/.vscode-server/bin/019f4d1419fbc8219a181fab7892ebccf7ee29a2/out/vs/workbench/api/node/extensionHostProcess.js:80:2119)
	at p.acceptChunk (/home/student/.vscode-server/bin/019f4d1419fbc8219a181fab7892ebccf7ee29a2/out/vs/workbench/api/node/extensionHostProcess.js:105:11865)
	at p.value (/home/student/.vscode-server/bin/019f4d1419fbc8219a181fab7892ebccf7ee29a2/out/vs/workbench/api/node/extensionHostProcess.js:105:11152)
	at n.y (/home/student/.vscode-server/bin/019f4d1419fbc8219a181fab7892ebccf7ee29a2/out/vs/workbench/api/node/extensionHostProcess.js:80:1902)
	at n.fire (/home/student/.vscode-server/bin/019f4d1419fbc8219a181fab7892ebccf7ee29a2/out/vs/workbench/api/node/extensionHostProcess.js:80:2119)
	at n.z (/home/student/.vscode-server/bin/019f4d1419fbc8219a181fab7892ebccf7ee29a2/out/vs/workbench/api/node/extensionHostProcess.js:170:19748) setContext undefined
2024-03-08 06:21:53.585 [info] Extension host with pid 1447 exiting with code 0
