2024-02-29 04:14:36.010 [info] Log level: Info
2024-02-29 04:14:36.010 [info] Validating found git in: "git"
2024-02-29 04:14:36.010 [info] Using git "2.34.1" from "git"
2024-02-29 04:14:36.054 [info] > git rev-parse --show-toplevel [45ms]
2024-02-29 04:14:36.060 [info] > git rev-parse --git-dir --git-common-dir [1ms]
2024-02-29 04:14:36.071 [info] Open repository: /home/student
2024-02-29 04:14:36.090 [info] > git config --get commit.template [11ms]
2024-02-29 04:14:36.091 [info] > git rev-parse --show-toplevel [9ms]
2024-02-29 04:14:36.132 [info] > git rev-parse --git-dir --git-common-dir [30ms]
2024-02-29 04:14:36.135 [info] Open repository: /home/student/ENGR212_Abdullah_Abdulaziz
2024-02-29 04:14:36.164 [info] > git config --get commit.template [23ms]
2024-02-29 04:14:36.164 [info] > git for-each-ref --format=%(refname)%00%(upstream:short)%00%(objectname)%00%(upstream:track)%00%(upstream:remotename)%00%(upstream:remoteref) refs/heads/main refs/remotes/main [68ms]
2024-02-29 04:14:36.166 [info] > git rev-parse --show-toplevel [20ms]
2024-02-29 04:14:36.182 [info] > git rev-parse --show-toplevel [7ms]
2024-02-29 04:14:36.188 [info] > git for-each-ref --format=%(refname)%00%(upstream:short)%00%(objectname)%00%(upstream:track)%00%(upstream:remotename)%00%(upstream:remoteref) refs/heads/main refs/remotes/main [17ms]
2024-02-29 04:14:36.194 [info] > git rev-parse --show-toplevel [6ms]
2024-02-29 04:14:36.218 [info] > git status -z -uall [25ms]
2024-02-29 04:14:36.239 [info] > git for-each-ref --format=%(refname)%00%(upstream:short)%00%(objectname)%00%(upstream:track)%00%(upstream:remotename)%00%(upstream:remoteref) refs/heads/main refs/remotes/main [3ms]
2024-02-29 04:14:36.239 [info] > git config --get commit.template [8ms]
2024-02-29 04:14:36.245 [info] > git status -z -uall [2ms]
2024-02-29 04:14:36.554 [info] > git status -z -uall [373ms]
2024-02-29 04:14:36.627 [info] > git config --get commit.template [6ms]
2024-02-29 04:14:36.628 [info] > git for-each-ref --format=%(refname)%00%(upstream:short)%00%(objectname)%00%(upstream:track)%00%(upstream:remotename)%00%(upstream:remoteref) refs/heads/main refs/remotes/main [3ms]
2024-02-29 04:14:36.645 [info] > git show --textconv :Lab3/03_cpu.txt [11ms]
2024-02-29 04:14:36.646 [info] > git ls-files --stage -- /home/student/ENGR212_Abdullah_Abdulaziz/Lab3/03_cpu.txt [7ms]
2024-02-29 04:14:36.983 [info] > git status -z -uall [339ms]
2024-02-29 04:14:36.983 [info] > git check-ignore -v -z --stdin [315ms]
2024-02-29 04:14:36.984 [info] > git check-ignore -v -z --stdin [311ms]
2024-02-29 04:14:55.942 [info] > git config --get commit.template [7ms]
2024-02-29 04:14:55.942 [info] > git for-each-ref --format=%(refname)%00%(upstream:short)%00%(objectname)%00%(upstream:track)%00%(upstream:remotename)%00%(upstream:remoteref) refs/heads/main refs/remotes/main [2ms]
2024-02-29 04:14:55.977 [info] > git status -z -uall [29ms]
2024-02-29 04:15:01.047 [info] > git config --get commit.template [8ms]
2024-02-29 04:15:01.048 [info] > git for-each-ref --format=%(refname)%00%(upstream:short)%00%(objectname)%00%(upstream:track)%00%(upstream:remotename)%00%(upstream:remoteref) refs/heads/main refs/remotes/main [2ms]
2024-02-29 04:15:01.085 [info] > git status -z -uall [31ms]
2024-02-29 04:15:06.138 [info] > git config --get commit.template [7ms]
2024-02-29 04:15:06.138 [info] > git for-each-ref --format=%(refname)%00%(upstream:short)%00%(objectname)%00%(upstream:track)%00%(upstream:remotename)%00%(upstream:remoteref) refs/heads/main refs/remotes/main [2ms]
2024-02-29 04:15:06.176 [info] > git status -z -uall [31ms]
2024-02-29 04:15:11.227 [info] > git config --get commit.template [8ms]
2024-02-29 04:15:11.228 [info] > git for-each-ref --format=%(refname)%00%(upstream:short)%00%(objectname)%00%(upstream:track)%00%(upstream:remotename)%00%(upstream:remoteref) refs/heads/main refs/remotes/main [2ms]
2024-02-29 04:15:11.263 [info] > git status -z -uall [28ms]
2024-02-29 04:15:16.312 [info] > git config --get commit.template [8ms]
2024-02-29 04:15:16.312 [info] > git for-each-ref --format=%(refname)%00%(upstream:short)%00%(objectname)%00%(upstream:track)%00%(upstream:remotename)%00%(upstream:remoteref) refs/heads/main refs/remotes/main [2ms]
2024-02-29 04:15:16.346 [info] > git status -z -uall [28ms]
2024-02-29 04:15:21.396 [info] > git config --get commit.template [7ms]
2024-02-29 04:15:21.397 [info] > git for-each-ref --format=%(refname)%00%(upstream:short)%00%(objectname)%00%(upstream:track)%00%(upstream:remotename)%00%(upstream:remoteref) refs/heads/main refs/remotes/main [2ms]
2024-02-29 04:15:21.432 [info] > git status -z -uall [29ms]
2024-02-29 04:15:26.484 [info] > git config --get commit.template [7ms]
2024-02-29 04:15:26.484 [info] > git for-each-ref --format=%(refname)%00%(upstream:short)%00%(objectname)%00%(upstream:track)%00%(upstream:remotename)%00%(upstream:remoteref) refs/heads/main refs/remotes/main [2ms]
2024-02-29 04:15:26.519 [info] > git status -z -uall [28ms]
2024-02-29 04:15:31.565 [info] > git config --get commit.template [3ms]
2024-02-29 04:15:31.572 [info] > git for-each-ref --format=%(refname)%00%(upstream:short)%00%(objectname)%00%(upstream:track)%00%(upstream:remotename)%00%(upstream:remoteref) refs/heads/main refs/remotes/main [1ms]
2024-02-29 04:15:31.607 [info] > git status -z -uall [28ms]
2024-02-29 04:15:36.661 [info] > git config --get commit.template [7ms]
2024-02-29 04:15:36.662 [info] > git for-each-ref --format=%(refname)%00%(upstream:short)%00%(objectname)%00%(upstream:track)%00%(upstream:remotename)%00%(upstream:remoteref) refs/heads/main refs/remotes/main [1ms]
2024-02-29 04:15:36.696 [info] > git status -z -uall [28ms]
2024-02-29 04:15:41.747 [info] > git config --get commit.template [8ms]
2024-02-29 04:15:41.747 [info] > git for-each-ref --format=%(refname)%00%(upstream:short)%00%(objectname)%00%(upstream:track)%00%(upstream:remotename)%00%(upstream:remoteref) refs/heads/main refs/remotes/main [1ms]
2024-02-29 04:15:41.783 [info] > git status -z -uall [29ms]
2024-02-29 04:16:05.863 [info] > git config --get commit.template [7ms]
2024-02-29 04:16:05.864 [info] > git for-each-ref --format=%(refname)%00%(upstream:short)%00%(objectname)%00%(upstream:track)%00%(upstream:remotename)%00%(upstream:remoteref) refs/heads/main refs/remotes/main [2ms]
2024-02-29 04:16:05.900 [info] > git status -z -uall [31ms]
2024-02-29 04:16:10.962 [info] > git config --get commit.template [6ms]
2024-02-29 04:16:10.963 [info] > git for-each-ref --format=%(refname)%00%(upstream:short)%00%(objectname)%00%(upstream:track)%00%(upstream:remotename)%00%(upstream:remoteref) refs/heads/main refs/remotes/main [1ms]
2024-02-29 04:16:10.997 [info] > git status -z -uall [28ms]
2024-02-29 04:16:16.052 [info] > git config --get commit.template [7ms]
2024-02-29 04:16:16.053 [info] > git for-each-ref --format=%(refname)%00%(upstream:short)%00%(objectname)%00%(upstream:track)%00%(upstream:remotename)%00%(upstream:remoteref) refs/heads/main refs/remotes/main [1ms]
2024-02-29 04:16:16.087 [info] > git status -z -uall [29ms]
2024-02-29 04:16:21.139 [info] > git config --get commit.template [8ms]
2024-02-29 04:16:21.140 [info] > git for-each-ref --format=%(refname)%00%(upstream:short)%00%(objectname)%00%(upstream:track)%00%(upstream:remotename)%00%(upstream:remoteref) refs/heads/main refs/remotes/main [1ms]
2024-02-29 04:16:21.176 [info] > git status -z -uall [30ms]
2024-02-29 04:16:26.226 [info] > git config --get commit.template [7ms]
2024-02-29 04:16:26.227 [info] > git for-each-ref --format=%(refname)%00%(upstream:short)%00%(objectname)%00%(upstream:track)%00%(upstream:remotename)%00%(upstream:remoteref) refs/heads/main refs/remotes/main [1ms]
2024-02-29 04:16:26.262 [info] > git status -z -uall [29ms]
2024-02-29 04:16:31.314 [info] > git config --get commit.template [7ms]
2024-02-29 04:16:31.315 [info] > git for-each-ref --format=%(refname)%00%(upstream:short)%00%(objectname)%00%(upstream:track)%00%(upstream:remotename)%00%(upstream:remoteref) refs/heads/main refs/remotes/main [2ms]
2024-02-29 04:16:31.349 [info] > git status -z -uall [28ms]
2024-02-29 04:16:43.669 [info] > git config --get commit.template [8ms]
2024-02-29 04:16:43.669 [info] > git for-each-ref --format=%(refname)%00%(upstream:short)%00%(objectname)%00%(upstream:track)%00%(upstream:remotename)%00%(upstream:remoteref) refs/heads/main refs/remotes/main [1ms]
2024-02-29 04:16:43.704 [info] > git status -z -uall [29ms]
2024-02-29 04:16:56.335 [info] > git config --get commit.template [7ms]
2024-02-29 04:16:56.336 [info] > git for-each-ref --format=%(refname)%00%(upstream:short)%00%(objectname)%00%(upstream:track)%00%(upstream:remotename)%00%(upstream:remoteref) refs/heads/main refs/remotes/main [2ms]
2024-02-29 04:16:56.370 [info] > git status -z -uall [28ms]
2024-02-29 04:17:01.423 [info] > git config --get commit.template [6ms]
2024-02-29 04:17:01.423 [info] > git for-each-ref --format=%(refname)%00%(upstream:short)%00%(objectname)%00%(upstream:track)%00%(upstream:remotename)%00%(upstream:remoteref) refs/heads/main refs/remotes/main [1ms]
2024-02-29 04:17:01.458 [info] > git status -z -uall [29ms]
2024-02-29 04:17:06.506 [info] > git config --get commit.template [7ms]
2024-02-29 04:17:06.507 [info] > git for-each-ref --format=%(refname)%00%(upstream:short)%00%(objectname)%00%(upstream:track)%00%(upstream:remotename)%00%(upstream:remoteref) refs/heads/main refs/remotes/main [2ms]
2024-02-29 04:17:06.541 [info] > git status -z -uall [28ms]
2024-02-29 04:17:11.591 [info] > git config --get commit.template [7ms]
2024-02-29 04:17:11.592 [info] > git for-each-ref --format=%(refname)%00%(upstream:short)%00%(objectname)%00%(upstream:track)%00%(upstream:remotename)%00%(upstream:remoteref) refs/heads/main refs/remotes/main [2ms]
2024-02-29 04:17:11.627 [info] > git status -z -uall [29ms]
2024-02-29 04:17:13.950 [info] > git config --get commit.template [7ms]
2024-02-29 04:17:13.951 [info] > git for-each-ref --format=%(refname)%00%(upstream:short)%00%(objectname)%00%(upstream:track)%00%(upstream:remotename)%00%(upstream:remoteref) refs/heads/main refs/remotes/main [1ms]
2024-02-29 04:17:13.957 [info] > git status -z -uall [1ms]
2024-02-29 04:17:14.434 [info] > git check-ignore -v -z --stdin [1ms]
2024-02-29 04:17:16.674 [info] > git config --get commit.template [6ms]
2024-02-29 04:17:16.675 [info] > git for-each-ref --format=%(refname)%00%(upstream:short)%00%(objectname)%00%(upstream:track)%00%(upstream:remotename)%00%(upstream:remoteref) refs/heads/main refs/remotes/main [1ms]
2024-02-29 04:17:16.709 [info] > git status -z -uall [28ms]
2024-02-29 04:17:21.761 [info] > git config --get commit.template [7ms]
2024-02-29 04:17:21.761 [info] > git for-each-ref --format=%(refname)%00%(upstream:short)%00%(objectname)%00%(upstream:track)%00%(upstream:remotename)%00%(upstream:remoteref) refs/heads/main refs/remotes/main [1ms]
2024-02-29 04:17:21.796 [info] > git status -z -uall [29ms]
2024-02-29 04:18:28.253 [info] > git config --get commit.template [1ms]
2024-02-29 04:18:28.260 [info] > git for-each-ref --format=%(refname)%00%(upstream:short)%00%(objectname)%00%(upstream:track)%00%(upstream:remotename)%00%(upstream:remoteref) refs/heads/main refs/remotes/main [1ms]
2024-02-29 04:18:28.295 [info] > git status -z -uall [29ms]
2024-02-29 04:18:33.345 [info] > git config --get commit.template [6ms]
2024-02-29 04:18:33.346 [info] > git for-each-ref --format=%(refname)%00%(upstream:short)%00%(objectname)%00%(upstream:track)%00%(upstream:remotename)%00%(upstream:remoteref) refs/heads/main refs/remotes/main [2ms]
2024-02-29 04:18:33.380 [info] > git status -z -uall [29ms]
2024-02-29 04:18:38.430 [info] > git config --get commit.template [6ms]
2024-02-29 04:18:38.430 [info] > git for-each-ref --format=%(refname)%00%(upstream:short)%00%(objectname)%00%(upstream:track)%00%(upstream:remotename)%00%(upstream:remoteref) refs/heads/main refs/remotes/main [2ms]
2024-02-29 04:18:38.465 [info] > git status -z -uall [29ms]
2024-02-29 04:19:05.831 [info] > git config --get commit.template [7ms]
2024-02-29 04:19:05.832 [info] > git for-each-ref --format=%(refname)%00%(upstream:short)%00%(objectname)%00%(upstream:track)%00%(upstream:remotename)%00%(upstream:remoteref) refs/heads/main refs/remotes/main [2ms]
2024-02-29 04:19:05.866 [info] > git status -z -uall [29ms]
2024-02-29 04:19:10.918 [info] > git config --get commit.template [6ms]
2024-02-29 04:19:10.919 [info] > git for-each-ref --format=%(refname)%00%(upstream:short)%00%(objectname)%00%(upstream:track)%00%(upstream:remotename)%00%(upstream:remoteref) refs/heads/main refs/remotes/main [1ms]
2024-02-29 04:19:10.953 [info] > git status -z -uall [28ms]
2024-02-29 04:19:16.006 [info] > git config --get commit.template [7ms]
2024-02-29 04:19:16.007 [info] > git for-each-ref --format=%(refname)%00%(upstream:short)%00%(objectname)%00%(upstream:track)%00%(upstream:remotename)%00%(upstream:remoteref) refs/heads/main refs/remotes/main [2ms]
2024-02-29 04:19:16.041 [info] > git status -z -uall [29ms]
2024-02-29 04:19:21.094 [info] > git config --get commit.template [7ms]
2024-02-29 04:19:21.094 [info] > git for-each-ref --format=%(refname)%00%(upstream:short)%00%(objectname)%00%(upstream:track)%00%(upstream:remotename)%00%(upstream:remoteref) refs/heads/main refs/remotes/main [2ms]
2024-02-29 04:19:21.129 [info] > git status -z -uall [29ms]
2024-02-29 04:19:23.170 [info] > git show --textconv :Lab3/Lab3 [7ms]
2024-02-29 04:19:23.171 [info] > git ls-files --stage -- /home/student/ENGR212_Abdullah_Abdulaziz/Lab3/Lab3 [2ms]
2024-02-29 04:19:23.199 [info] > git check-ignore -v -z --stdin [2ms]
2024-02-29 04:19:23.727 [info] > git config --get commit.template [7ms]
2024-02-29 04:19:23.727 [info] > git for-each-ref --format=%(refname)%00%(upstream:short)%00%(objectname)%00%(upstream:track)%00%(upstream:remotename)%00%(upstream:remoteref) refs/heads/main refs/remotes/main [1ms]
2024-02-29 04:19:23.733 [info] > git status -z -uall [1ms]
2024-02-29 04:19:26.178 [info] > git config --get commit.template [7ms]
2024-02-29 04:19:26.179 [info] > git for-each-ref --format=%(refname)%00%(upstream:short)%00%(objectname)%00%(upstream:track)%00%(upstream:remotename)%00%(upstream:remoteref) refs/heads/main refs/remotes/main [1ms]
2024-02-29 04:19:26.213 [info] > git status -z -uall [28ms]
2024-02-29 04:19:29.410 [info] > git show --textconv :Lab3/Lab3.txt [7ms]
2024-02-29 04:19:29.411 [info] > git ls-files --stage -- /home/student/ENGR212_Abdullah_Abdulaziz/Lab3/Lab3.txt [2ms]
2024-02-29 04:19:29.533 [info] > git check-ignore -v -z --stdin [1ms]
2024-02-29 04:19:30.044 [info] > git config --get commit.template [7ms]
2024-02-29 04:19:30.044 [info] > git for-each-ref --format=%(refname)%00%(upstream:short)%00%(objectname)%00%(upstream:track)%00%(upstream:remotename)%00%(upstream:remoteref) refs/heads/main refs/remotes/main [1ms]
2024-02-29 04:19:30.051 [info] > git status -z -uall [1ms]
2024-02-29 04:19:31.260 [info] > git config --get commit.template [6ms]
2024-02-29 04:19:31.261 [info] > git for-each-ref --format=%(refname)%00%(upstream:short)%00%(objectname)%00%(upstream:track)%00%(upstream:remotename)%00%(upstream:remoteref) refs/heads/main refs/remotes/main [1ms]
2024-02-29 04:19:31.296 [info] > git status -z -uall [29ms]
2024-02-29 04:19:36.800 [info] > git config --get commit.template [7ms]
2024-02-29 04:19:36.801 [info] > git for-each-ref --format=%(refname)%00%(upstream:short)%00%(objectname)%00%(upstream:track)%00%(upstream:remotename)%00%(upstream:remoteref) refs/heads/main refs/remotes/main [1ms]
2024-02-29 04:19:36.835 [info] > git status -z -uall [28ms]
2024-02-29 04:19:41.883 [info] > git config --get commit.template [7ms]
2024-02-29 04:19:41.883 [info] > git for-each-ref --format=%(refname)%00%(upstream:short)%00%(objectname)%00%(upstream:track)%00%(upstream:remotename)%00%(upstream:remoteref) refs/heads/main refs/remotes/main [2ms]
2024-02-29 04:19:41.918 [info] > git status -z -uall [29ms]
2024-02-29 04:20:08.358 [info] > git config --get commit.template [7ms]
2024-02-29 04:20:08.358 [info] > git for-each-ref --format=%(refname)%00%(upstream:short)%00%(objectname)%00%(upstream:track)%00%(upstream:remotename)%00%(upstream:remoteref) refs/heads/main refs/remotes/main [1ms]
2024-02-29 04:20:08.393 [info] > git status -z -uall [29ms]
2024-02-29 04:20:13.447 [info] > git config --get commit.template [7ms]
2024-02-29 04:20:13.448 [info] > git for-each-ref --format=%(refname)%00%(upstream:short)%00%(objectname)%00%(upstream:track)%00%(upstream:remotename)%00%(upstream:remoteref) refs/heads/main refs/remotes/main [2ms]
2024-02-29 04:20:13.482 [info] > git status -z -uall [29ms]
2024-02-29 04:20:33.409 [info] > git config --get commit.template [7ms]
2024-02-29 04:20:33.409 [info] > git for-each-ref --format=%(refname)%00%(upstream:short)%00%(objectname)%00%(upstream:track)%00%(upstream:remotename)%00%(upstream:remoteref) refs/heads/main refs/remotes/main [1ms]
2024-02-29 04:20:33.444 [info] > git status -z -uall [29ms]
2024-02-29 04:20:38.493 [info] > git config --get commit.template [7ms]
2024-02-29 04:20:38.494 [info] > git for-each-ref --format=%(refname)%00%(upstream:short)%00%(objectname)%00%(upstream:track)%00%(upstream:remotename)%00%(upstream:remoteref) refs/heads/main refs/remotes/main [2ms]
2024-02-29 04:20:38.528 [info] > git status -z -uall [28ms]
2024-02-29 04:20:43.579 [info] > git config --get commit.template [7ms]
2024-02-29 04:20:43.580 [info] > git for-each-ref --format=%(refname)%00%(upstream:short)%00%(objectname)%00%(upstream:track)%00%(upstream:remotename)%00%(upstream:remoteref) refs/heads/main refs/remotes/main [1ms]
2024-02-29 04:20:43.614 [info] > git status -z -uall [28ms]
2024-02-29 04:20:48.663 [info] > git config --get commit.template [7ms]
2024-02-29 04:20:48.664 [info] > git for-each-ref --format=%(refname)%00%(upstream:short)%00%(objectname)%00%(upstream:track)%00%(upstream:remotename)%00%(upstream:remoteref) refs/heads/main refs/remotes/main [2ms]
2024-02-29 04:20:48.698 [info] > git status -z -uall [28ms]
2024-02-29 04:20:53.747 [info] > git config --get commit.template [7ms]
2024-02-29 04:20:53.748 [info] > git for-each-ref --format=%(refname)%00%(upstream:short)%00%(objectname)%00%(upstream:track)%00%(upstream:remotename)%00%(upstream:remoteref) refs/heads/main refs/remotes/main [2ms]
2024-02-29 04:20:53.782 [info] > git status -z -uall [28ms]
2024-02-29 04:20:58.831 [info] > git config --get commit.template [7ms]
2024-02-29 04:20:58.832 [info] > git for-each-ref --format=%(refname)%00%(upstream:short)%00%(objectname)%00%(upstream:track)%00%(upstream:remotename)%00%(upstream:remoteref) refs/heads/main refs/remotes/main [1ms]
2024-02-29 04:20:58.868 [info] > git status -z -uall [31ms]
2024-02-29 04:21:03.918 [info] > git config --get commit.template [7ms]
2024-02-29 04:21:03.919 [info] > git for-each-ref --format=%(refname)%00%(upstream:short)%00%(objectname)%00%(upstream:track)%00%(upstream:remotename)%00%(upstream:remoteref) refs/heads/main refs/remotes/main [2ms]
2024-02-29 04:21:03.953 [info] > git status -z -uall [29ms]
2024-02-29 04:21:09.000 [info] > git config --get commit.template [6ms]
2024-02-29 04:21:09.001 [info] > git for-each-ref --format=%(refname)%00%(upstream:short)%00%(objectname)%00%(upstream:track)%00%(upstream:remotename)%00%(upstream:remoteref) refs/heads/main refs/remotes/main [2ms]
2024-02-29 04:21:09.037 [info] > git status -z -uall [29ms]
2024-02-29 04:21:14.085 [info] > git config --get commit.template [7ms]
2024-02-29 04:21:14.086 [info] > git for-each-ref --format=%(refname)%00%(upstream:short)%00%(objectname)%00%(upstream:track)%00%(upstream:remotename)%00%(upstream:remoteref) refs/heads/main refs/remotes/main [1ms]
2024-02-29 04:21:14.120 [info] > git status -z -uall [29ms]
2024-02-29 04:21:19.164 [info] > git config --get commit.template [3ms]
2024-02-29 04:21:19.171 [info] > git for-each-ref --format=%(refname)%00%(upstream:short)%00%(objectname)%00%(upstream:track)%00%(upstream:remotename)%00%(upstream:remoteref) refs/heads/main refs/remotes/main [1ms]
2024-02-29 04:21:19.206 [info] > git status -z -uall [29ms]
2024-02-29 04:21:24.259 [info] > git config --get commit.template [7ms]
2024-02-29 04:21:24.259 [info] > git for-each-ref --format=%(refname)%00%(upstream:short)%00%(objectname)%00%(upstream:track)%00%(upstream:remotename)%00%(upstream:remoteref) refs/heads/main refs/remotes/main [1ms]
2024-02-29 04:21:24.294 [info] > git status -z -uall [29ms]
2024-02-29 04:21:29.344 [info] > git config --get commit.template [6ms]
2024-02-29 04:21:29.344 [info] > git for-each-ref --format=%(refname)%00%(upstream:short)%00%(objectname)%00%(upstream:track)%00%(upstream:remotename)%00%(upstream:remoteref) refs/heads/main refs/remotes/main [1ms]
2024-02-29 04:21:29.378 [info] > git status -z -uall [28ms]
2024-02-29 04:21:34.427 [info] > git config --get commit.template [7ms]
2024-02-29 04:21:34.428 [info] > git for-each-ref --format=%(refname)%00%(upstream:short)%00%(objectname)%00%(upstream:track)%00%(upstream:remotename)%00%(upstream:remoteref) refs/heads/main refs/remotes/main [2ms]
2024-02-29 04:21:34.463 [info] > git status -z -uall [29ms]
2024-02-29 04:21:39.514 [info] > git config --get commit.template [7ms]
2024-02-29 04:21:39.515 [info] > git for-each-ref --format=%(refname)%00%(upstream:short)%00%(objectname)%00%(upstream:track)%00%(upstream:remotename)%00%(upstream:remoteref) refs/heads/main refs/remotes/main [1ms]
2024-02-29 04:21:39.549 [info] > git status -z -uall [29ms]
2024-02-29 04:21:44.599 [info] > git config --get commit.template [8ms]
2024-02-29 04:21:44.599 [info] > git for-each-ref --format=%(refname)%00%(upstream:short)%00%(objectname)%00%(upstream:track)%00%(upstream:remotename)%00%(upstream:remoteref) refs/heads/main refs/remotes/main [1ms]
2024-02-29 04:21:44.635 [info] > git status -z -uall [29ms]
2024-02-29 04:21:49.687 [info] > git config --get commit.template [6ms]
2024-02-29 04:21:49.687 [info] > git for-each-ref --format=%(refname)%00%(upstream:short)%00%(objectname)%00%(upstream:track)%00%(upstream:remotename)%00%(upstream:remoteref) refs/heads/main refs/remotes/main [1ms]
2024-02-29 04:21:49.721 [info] > git status -z -uall [28ms]
2024-02-29 04:21:54.768 [info] > git config --get commit.template [7ms]
2024-02-29 04:21:54.769 [info] > git for-each-ref --format=%(refname)%00%(upstream:short)%00%(objectname)%00%(upstream:track)%00%(upstream:remotename)%00%(upstream:remoteref) refs/heads/main refs/remotes/main [2ms]
2024-02-29 04:21:54.803 [info] > git status -z -uall [29ms]
2024-02-29 04:21:59.852 [info] > git config --get commit.template [7ms]
2024-02-29 04:21:59.852 [info] > git for-each-ref --format=%(refname)%00%(upstream:short)%00%(objectname)%00%(upstream:track)%00%(upstream:remotename)%00%(upstream:remoteref) refs/heads/main refs/remotes/main [1ms]
2024-02-29 04:21:59.889 [info] > git status -z -uall [30ms]
2024-02-29 04:22:04.935 [info] > git config --get commit.template [7ms]
2024-02-29 04:22:04.936 [info] > git for-each-ref --format=%(refname)%00%(upstream:short)%00%(objectname)%00%(upstream:track)%00%(upstream:remotename)%00%(upstream:remoteref) refs/heads/main refs/remotes/main [2ms]
2024-02-29 04:22:04.970 [info] > git status -z -uall [28ms]
2024-02-29 04:22:10.020 [info] > git config --get commit.template [8ms]
2024-02-29 04:22:10.020 [info] > git for-each-ref --format=%(refname)%00%(upstream:short)%00%(objectname)%00%(upstream:track)%00%(upstream:remotename)%00%(upstream:remoteref) refs/heads/main refs/remotes/main [1ms]
2024-02-29 04:22:10.057 [info] > git status -z -uall [31ms]
2024-02-29 04:22:15.104 [info] > git config --get commit.template [7ms]
2024-02-29 04:22:15.105 [info] > git for-each-ref --format=%(refname)%00%(upstream:short)%00%(objectname)%00%(upstream:track)%00%(upstream:remotename)%00%(upstream:remoteref) refs/heads/main refs/remotes/main [1ms]
2024-02-29 04:22:15.139 [info] > git status -z -uall [29ms]
2024-02-29 04:22:32.603 [info] > git config --get commit.template [7ms]
2024-02-29 04:22:32.604 [info] > git for-each-ref --format=%(refname)%00%(upstream:short)%00%(objectname)%00%(upstream:track)%00%(upstream:remotename)%00%(upstream:remoteref) refs/heads/main refs/remotes/main [2ms]
2024-02-29 04:22:32.638 [info] > git status -z -uall [28ms]
2024-02-29 04:22:37.691 [info] > git config --get commit.template [7ms]
2024-02-29 04:22:37.691 [info] > git for-each-ref --format=%(refname)%00%(upstream:short)%00%(objectname)%00%(upstream:track)%00%(upstream:remotename)%00%(upstream:remoteref) refs/heads/main refs/remotes/main [1ms]
2024-02-29 04:22:37.725 [info] > git status -z -uall [28ms]
2024-02-29 04:22:42.774 [info] > git config --get commit.template [7ms]
2024-02-29 04:22:42.775 [info] > git for-each-ref --format=%(refname)%00%(upstream:short)%00%(objectname)%00%(upstream:track)%00%(upstream:remotename)%00%(upstream:remoteref) refs/heads/main refs/remotes/main [1ms]
2024-02-29 04:22:42.809 [info] > git status -z -uall [29ms]
2024-02-29 04:22:47.861 [info] > git config --get commit.template [7ms]
2024-02-29 04:22:47.862 [info] > git for-each-ref --format=%(refname)%00%(upstream:short)%00%(objectname)%00%(upstream:track)%00%(upstream:remotename)%00%(upstream:remoteref) refs/heads/main refs/remotes/main [2ms]
2024-02-29 04:22:47.896 [info] > git status -z -uall [28ms]
2024-02-29 04:22:52.943 [info] > git config --get commit.template [7ms]
2024-02-29 04:22:52.944 [info] > git for-each-ref --format=%(refname)%00%(upstream:short)%00%(objectname)%00%(upstream:track)%00%(upstream:remotename)%00%(upstream:remoteref) refs/heads/main refs/remotes/main [1ms]
2024-02-29 04:22:52.978 [info] > git status -z -uall [28ms]
2024-02-29 04:22:58.027 [info] > git config --get commit.template [7ms]
2024-02-29 04:22:58.027 [info] > git for-each-ref --format=%(refname)%00%(upstream:short)%00%(objectname)%00%(upstream:track)%00%(upstream:remotename)%00%(upstream:remoteref) refs/heads/main refs/remotes/main [1ms]
2024-02-29 04:22:58.062 [info] > git status -z -uall [29ms]
2024-02-29 04:23:03.111 [info] > git config --get commit.template [6ms]
2024-02-29 04:23:03.111 [info] > git for-each-ref --format=%(refname)%00%(upstream:short)%00%(objectname)%00%(upstream:track)%00%(upstream:remotename)%00%(upstream:remoteref) refs/heads/main refs/remotes/main [1ms]
2024-02-29 04:23:03.146 [info] > git status -z -uall [29ms]
2024-02-29 04:23:08.196 [info] > git config --get commit.template [7ms]
2024-02-29 04:23:08.196 [info] > git for-each-ref --format=%(refname)%00%(upstream:short)%00%(objectname)%00%(upstream:track)%00%(upstream:remotename)%00%(upstream:remoteref) refs/heads/main refs/remotes/main [2ms]
2024-02-29 04:23:08.231 [info] > git status -z -uall [29ms]
2024-02-29 04:23:13.281 [info] > git config --get commit.template [7ms]
2024-02-29 04:23:13.281 [info] > git for-each-ref --format=%(refname)%00%(upstream:short)%00%(objectname)%00%(upstream:track)%00%(upstream:remotename)%00%(upstream:remoteref) refs/heads/main refs/remotes/main [1ms]
2024-02-29 04:23:13.315 [info] > git status -z -uall [28ms]
2024-02-29 04:23:18.364 [info] > git config --get commit.template [7ms]
2024-02-29 04:23:18.364 [info] > git for-each-ref --format=%(refname)%00%(upstream:short)%00%(objectname)%00%(upstream:track)%00%(upstream:remotename)%00%(upstream:remoteref) refs/heads/main refs/remotes/main [1ms]
2024-02-29 04:23:18.399 [info] > git status -z -uall [28ms]
2024-02-29 04:23:23.446 [info] > git config --get commit.template [7ms]
2024-02-29 04:23:23.447 [info] > git for-each-ref --format=%(refname)%00%(upstream:short)%00%(objectname)%00%(upstream:track)%00%(upstream:remotename)%00%(upstream:remoteref) refs/heads/main refs/remotes/main [1ms]
2024-02-29 04:23:23.483 [info] > git status -z -uall [29ms]
2024-02-29 04:23:28.530 [info] > git config --get commit.template [7ms]
2024-02-29 04:23:28.531 [info] > git for-each-ref --format=%(refname)%00%(upstream:short)%00%(objectname)%00%(upstream:track)%00%(upstream:remotename)%00%(upstream:remoteref) refs/heads/main refs/remotes/main [1ms]
2024-02-29 04:23:28.565 [info] > git status -z -uall [28ms]
2024-02-29 04:23:33.617 [info] > git for-each-ref --format=%(refname)%00%(upstream:short)%00%(objectname)%00%(upstream:track)%00%(upstream:remotename)%00%(upstream:remoteref) refs/heads/main refs/remotes/main [3ms]
2024-02-29 04:23:33.617 [info] > git config --get commit.template [9ms]
2024-02-29 04:23:33.651 [info] > git status -z -uall [28ms]
2024-02-29 04:23:38.699 [info] > git config --get commit.template [8ms]
2024-02-29 04:23:38.699 [info] > git for-each-ref --format=%(refname)%00%(upstream:short)%00%(objectname)%00%(upstream:track)%00%(upstream:remotename)%00%(upstream:remoteref) refs/heads/main refs/remotes/main [1ms]
2024-02-29 04:23:38.734 [info] > git status -z -uall [29ms]
2024-02-29 04:23:43.777 [info] > git config --get commit.template [3ms]
2024-02-29 04:23:43.784 [info] > git for-each-ref --format=%(refname)%00%(upstream:short)%00%(objectname)%00%(upstream:track)%00%(upstream:remotename)%00%(upstream:remoteref) refs/heads/main refs/remotes/main [1ms]
2024-02-29 04:23:43.818 [info] > git status -z -uall [28ms]
2024-02-29 04:23:48.867 [info] > git config --get commit.template [7ms]
2024-02-29 04:23:48.868 [info] > git for-each-ref --format=%(refname)%00%(upstream:short)%00%(objectname)%00%(upstream:track)%00%(upstream:remotename)%00%(upstream:remoteref) refs/heads/main refs/remotes/main [1ms]
2024-02-29 04:23:48.902 [info] > git status -z -uall [28ms]
2024-02-29 04:23:53.951 [info] > git config --get commit.template [7ms]
2024-02-29 04:23:53.952 [info] > git for-each-ref --format=%(refname)%00%(upstream:short)%00%(objectname)%00%(upstream:track)%00%(upstream:remotename)%00%(upstream:remoteref) refs/heads/main refs/remotes/main [2ms]
2024-02-29 04:23:53.986 [info] > git status -z -uall [28ms]
2024-02-29 04:23:59.039 [info] > git config --get commit.template [7ms]
2024-02-29 04:23:59.039 [info] > git for-each-ref --format=%(refname)%00%(upstream:short)%00%(objectname)%00%(upstream:track)%00%(upstream:remotename)%00%(upstream:remoteref) refs/heads/main refs/remotes/main [1ms]
2024-02-29 04:23:59.073 [info] > git status -z -uall [28ms]
2024-02-29 04:24:04.122 [info] > git config --get commit.template [7ms]
2024-02-29 04:24:04.123 [info] > git for-each-ref --format=%(refname)%00%(upstream:short)%00%(objectname)%00%(upstream:track)%00%(upstream:remotename)%00%(upstream:remoteref) refs/heads/main refs/remotes/main [2ms]
2024-02-29 04:24:04.159 [info] > git status -z -uall [30ms]
2024-02-29 04:24:09.209 [info] > git config --get commit.template [7ms]
2024-02-29 04:24:09.209 [info] > git for-each-ref --format=%(refname)%00%(upstream:short)%00%(objectname)%00%(upstream:track)%00%(upstream:remotename)%00%(upstream:remoteref) refs/heads/main refs/remotes/main [1ms]
2024-02-29 04:24:09.245 [info] > git status -z -uall [29ms]
2024-02-29 04:24:13.594 [info] > git show --textconv :Lab1.txt [7ms]
2024-02-29 04:24:13.594 [info] > git ls-files --stage -- /home/student/ENGR212_Abdullah_Abdulaziz/Lab1.txt [1ms]
2024-02-29 04:24:13.601 [info] > git cat-file -s 382490e8325529380da06b955098f197a2b2f16b [1ms]
2024-02-29 04:24:14.293 [info] > git config --get commit.template [6ms]
2024-02-29 04:24:14.293 [info] > git for-each-ref --format=%(refname)%00%(upstream:short)%00%(objectname)%00%(upstream:track)%00%(upstream:remotename)%00%(upstream:remoteref) refs/heads/main refs/remotes/main [1ms]
2024-02-29 04:24:14.328 [info] > git status -z -uall [29ms]
2024-02-29 04:24:19.382 [info] > git config --get commit.template [7ms]
2024-02-29 04:24:19.382 [info] > git for-each-ref --format=%(refname)%00%(upstream:short)%00%(objectname)%00%(upstream:track)%00%(upstream:remotename)%00%(upstream:remoteref) refs/heads/main refs/remotes/main [1ms]
2024-02-29 04:24:19.417 [info] > git status -z -uall [29ms]
2024-02-29 04:24:24.468 [info] > git for-each-ref --format=%(refname)%00%(upstream:short)%00%(objectname)%00%(upstream:track)%00%(upstream:remotename)%00%(upstream:remoteref) refs/heads/main refs/remotes/main [3ms]
2024-02-29 04:24:24.468 [info] > git config --get commit.template [9ms]
2024-02-29 04:24:24.502 [info] > git status -z -uall [28ms]
2024-02-29 04:24:29.551 [info] > git config --get commit.template [7ms]
2024-02-29 04:24:29.552 [info] > git for-each-ref --format=%(refname)%00%(upstream:short)%00%(objectname)%00%(upstream:track)%00%(upstream:remotename)%00%(upstream:remoteref) refs/heads/main refs/remotes/main [1ms]
2024-02-29 04:24:29.586 [info] > git status -z -uall [29ms]
2024-02-29 04:24:36.664 [info] > git config --get commit.template [6ms]
2024-02-29 04:24:36.664 [info] > git for-each-ref --format=%(refname)%00%(upstream:short)%00%(objectname)%00%(upstream:track)%00%(upstream:remotename)%00%(upstream:remoteref) refs/heads/main refs/remotes/main [1ms]
2024-02-29 04:24:36.699 [info] > git status -z -uall [28ms]
2024-02-29 04:24:41.752 [info] > git config --get commit.template [8ms]
2024-02-29 04:24:41.752 [info] > git for-each-ref --format=%(refname)%00%(upstream:short)%00%(objectname)%00%(upstream:track)%00%(upstream:remotename)%00%(upstream:remoteref) refs/heads/main refs/remotes/main [1ms]
2024-02-29 04:24:41.787 [info] > git status -z -uall [28ms]
2024-02-29 04:24:45.850 [info] > git show --textconv :Lab3/Lab3.txt [7ms]
2024-02-29 04:24:45.851 [info] > git ls-files --stage -- /home/student/ENGR212_Abdullah_Abdulaziz/Lab3/Lab3.txt [2ms]
2024-02-29 04:24:46.836 [info] > git config --get commit.template [6ms]
2024-02-29 04:24:46.837 [info] > git for-each-ref --format=%(refname)%00%(upstream:short)%00%(objectname)%00%(upstream:track)%00%(upstream:remotename)%00%(upstream:remoteref) refs/heads/main refs/remotes/main [1ms]
2024-02-29 04:24:46.871 [info] > git status -z -uall [29ms]
2024-02-29 04:24:51.924 [info] > git config --get commit.template [7ms]
2024-02-29 04:24:51.925 [info] > git for-each-ref --format=%(refname)%00%(upstream:short)%00%(objectname)%00%(upstream:track)%00%(upstream:remotename)%00%(upstream:remoteref) refs/heads/main refs/remotes/main [2ms]
2024-02-29 04:24:51.960 [info] > git status -z -uall [29ms]
2024-02-29 04:24:53.310 [info] > git config --get commit.template [7ms]
2024-02-29 04:24:53.311 [info] > git for-each-ref --format=%(refname)%00%(upstream:short)%00%(objectname)%00%(upstream:track)%00%(upstream:remotename)%00%(upstream:remoteref) refs/heads/main refs/remotes/main [1ms]
2024-02-29 04:24:53.317 [info] > git status -z -uall [1ms]
2024-02-29 04:24:57.008 [info] > git config --get commit.template [7ms]
2024-02-29 04:24:57.009 [info] > git for-each-ref --format=%(refname)%00%(upstream:short)%00%(objectname)%00%(upstream:track)%00%(upstream:remotename)%00%(upstream:remoteref) refs/heads/main refs/remotes/main [2ms]
2024-02-29 04:24:57.043 [info] > git status -z -uall [29ms]
2024-02-29 04:25:17.946 [info] > git config --get commit.template [6ms]
2024-02-29 04:25:17.946 [info] > git for-each-ref --format=%(refname)%00%(upstream:short)%00%(objectname)%00%(upstream:track)%00%(upstream:remotename)%00%(upstream:remoteref) refs/heads/main refs/remotes/main [1ms]
2024-02-29 04:25:17.982 [info] > git status -z -uall [30ms]
2024-02-29 04:25:23.030 [info] > git config --get commit.template [6ms]
2024-02-29 04:25:23.030 [info] > git for-each-ref --format=%(refname)%00%(upstream:short)%00%(objectname)%00%(upstream:track)%00%(upstream:remotename)%00%(upstream:remoteref) refs/heads/main refs/remotes/main [1ms]
2024-02-29 04:25:23.064 [info] > git status -z -uall [28ms]
2024-02-29 04:25:28.117 [info] > git config --get commit.template [7ms]
2024-02-29 04:25:28.118 [info] > git for-each-ref --format=%(refname)%00%(upstream:short)%00%(objectname)%00%(upstream:track)%00%(upstream:remotename)%00%(upstream:remoteref) refs/heads/main refs/remotes/main [1ms]
2024-02-29 04:25:28.151 [info] > git status -z -uall [28ms]
2024-02-29 04:25:31.528 [info] > git config --get commit.template [7ms]
2024-02-29 04:25:31.528 [info] > git for-each-ref --format=%(refname)%00%(upstream:short)%00%(objectname)%00%(upstream:track)%00%(upstream:remotename)%00%(upstream:remoteref) refs/heads/main refs/remotes/main [1ms]
2024-02-29 04:25:31.535 [info] > git status -z -uall [1ms]
2024-02-29 04:25:32.009 [info] > git check-ignore -v -z --stdin [1ms]
2024-02-29 04:25:33.204 [info] > git config --get commit.template [6ms]
2024-02-29 04:25:33.204 [info] > git for-each-ref --format=%(refname)%00%(upstream:short)%00%(objectname)%00%(upstream:track)%00%(upstream:remotename)%00%(upstream:remoteref) refs/heads/main refs/remotes/main [1ms]
2024-02-29 04:25:33.239 [info] > git status -z -uall [29ms]
2024-02-29 04:25:38.290 [info] > git config --get commit.template [7ms]
2024-02-29 04:25:38.291 [info] > git for-each-ref --format=%(refname)%00%(upstream:short)%00%(objectname)%00%(upstream:track)%00%(upstream:remotename)%00%(upstream:remoteref) refs/heads/main refs/remotes/main [2ms]
2024-02-29 04:25:38.325 [info] > git status -z -uall [28ms]
2024-02-29 04:25:43.373 [info] > git config --get commit.template [8ms]
2024-02-29 04:25:43.373 [info] > git for-each-ref --format=%(refname)%00%(upstream:short)%00%(objectname)%00%(upstream:track)%00%(upstream:remotename)%00%(upstream:remoteref) refs/heads/main refs/remotes/main [1ms]
2024-02-29 04:25:43.408 [info] > git status -z -uall [28ms]
2024-02-29 04:25:48.452 [info] > git config --get commit.template [2ms]
2024-02-29 04:25:48.459 [info] > git for-each-ref --format=%(refname)%00%(upstream:short)%00%(objectname)%00%(upstream:track)%00%(upstream:remotename)%00%(upstream:remoteref) refs/heads/main refs/remotes/main [1ms]
2024-02-29 04:25:48.495 [info] > git status -z -uall [30ms]
2024-02-29 04:25:53.544 [info] > git config --get commit.template [7ms]
2024-02-29 04:25:53.544 [info] > git for-each-ref --format=%(refname)%00%(upstream:short)%00%(objectname)%00%(upstream:track)%00%(upstream:remotename)%00%(upstream:remoteref) refs/heads/main refs/remotes/main [1ms]
2024-02-29 04:25:53.578 [info] > git status -z -uall [28ms]
2024-02-29 04:26:02.617 [info] > git config --get commit.template [7ms]
2024-02-29 04:26:02.618 [info] > git for-each-ref --format=%(refname)%00%(upstream:short)%00%(objectname)%00%(upstream:track)%00%(upstream:remotename)%00%(upstream:remoteref) refs/heads/main refs/remotes/main [1ms]
2024-02-29 04:26:02.652 [info] > git status -z -uall [29ms]
2024-02-29 04:26:07.699 [info] > git config --get commit.template [6ms]
2024-02-29 04:26:07.699 [info] > git for-each-ref --format=%(refname)%00%(upstream:short)%00%(objectname)%00%(upstream:track)%00%(upstream:remotename)%00%(upstream:remoteref) refs/heads/main refs/remotes/main [1ms]
2024-02-29 04:26:07.735 [info] > git status -z -uall [30ms]
2024-02-29 04:26:12.786 [info] > git config --get commit.template [7ms]
2024-02-29 04:26:12.786 [info] > git for-each-ref --format=%(refname)%00%(upstream:short)%00%(objectname)%00%(upstream:track)%00%(upstream:remotename)%00%(upstream:remoteref) refs/heads/main refs/remotes/main [1ms]
2024-02-29 04:26:12.821 [info] > git status -z -uall [29ms]
2024-02-29 04:27:16.914 [info] > git config --get commit.template [6ms]
2024-02-29 04:27:16.915 [info] > git for-each-ref --format=%(refname)%00%(upstream:short)%00%(objectname)%00%(upstream:track)%00%(upstream:remotename)%00%(upstream:remoteref) refs/heads/main refs/remotes/main [1ms]
2024-02-29 04:27:16.950 [info] > git status -z -uall [30ms]
2024-02-29 04:27:19.771 [info] > git config --get commit.template [6ms]
2024-02-29 04:27:19.772 [info] > git for-each-ref --format=%(refname)%00%(upstream:short)%00%(objectname)%00%(upstream:track)%00%(upstream:remotename)%00%(upstream:remoteref) refs/heads/main refs/remotes/main [2ms]
2024-02-29 04:27:19.778 [info] > git status -z -uall [1ms]
2024-02-29 04:27:19.942 [info] > git check-ignore -v -z --stdin [2ms]
2024-02-29 04:27:22.011 [info] > git config --get commit.template [6ms]
2024-02-29 04:27:22.012 [info] > git for-each-ref --format=%(refname)%00%(upstream:short)%00%(objectname)%00%(upstream:track)%00%(upstream:remotename)%00%(upstream:remoteref) refs/heads/main refs/remotes/main [2ms]
2024-02-29 04:27:22.046 [info] > git status -z -uall [29ms]
2024-02-29 04:27:27.097 [info] > git config --get commit.template [6ms]
2024-02-29 04:27:27.098 [info] > git for-each-ref --format=%(refname)%00%(upstream:short)%00%(objectname)%00%(upstream:track)%00%(upstream:remotename)%00%(upstream:remoteref) refs/heads/main refs/remotes/main [1ms]
2024-02-29 04:27:27.132 [info] > git status -z -uall [29ms]
2024-02-29 04:27:32.181 [info] > git config --get commit.template [7ms]
2024-02-29 04:27:32.181 [info] > git for-each-ref --format=%(refname)%00%(upstream:short)%00%(objectname)%00%(upstream:track)%00%(upstream:remotename)%00%(upstream:remoteref) refs/heads/main refs/remotes/main [1ms]
2024-02-29 04:27:32.216 [info] > git status -z -uall [28ms]
2024-02-29 04:27:37.264 [info] > git config --get commit.template [7ms]
2024-02-29 04:27:37.264 [info] > git for-each-ref --format=%(refname)%00%(upstream:short)%00%(objectname)%00%(upstream:track)%00%(upstream:remotename)%00%(upstream:remoteref) refs/heads/main refs/remotes/main [1ms]
2024-02-29 04:27:37.299 [info] > git status -z -uall [29ms]
2024-02-29 04:27:42.352 [info] > git config --get commit.template [7ms]
2024-02-29 04:27:42.353 [info] > git for-each-ref --format=%(refname)%00%(upstream:short)%00%(objectname)%00%(upstream:track)%00%(upstream:remotename)%00%(upstream:remoteref) refs/heads/main refs/remotes/main [2ms]
2024-02-29 04:27:42.387 [info] > git status -z -uall [28ms]
2024-02-29 04:27:47.437 [info] > git config --get commit.template [7ms]
2024-02-29 04:27:47.438 [info] > git for-each-ref --format=%(refname)%00%(upstream:short)%00%(objectname)%00%(upstream:track)%00%(upstream:remotename)%00%(upstream:remoteref) refs/heads/main refs/remotes/main [1ms]
2024-02-29 04:27:47.473 [info] > git status -z -uall [29ms]
2024-02-29 04:27:52.522 [info] > git config --get commit.template [8ms]
2024-02-29 04:27:52.522 [info] > git for-each-ref --format=%(refname)%00%(upstream:short)%00%(objectname)%00%(upstream:track)%00%(upstream:remotename)%00%(upstream:remoteref) refs/heads/main refs/remotes/main [1ms]
2024-02-29 04:27:52.557 [info] > git status -z -uall [28ms]
2024-02-29 04:27:57.611 [info] > git config --get commit.template [7ms]
2024-02-29 04:27:57.611 [info] > git for-each-ref --format=%(refname)%00%(upstream:short)%00%(objectname)%00%(upstream:track)%00%(upstream:remotename)%00%(upstream:remoteref) refs/heads/main refs/remotes/main [1ms]
2024-02-29 04:27:57.646 [info] > git status -z -uall [29ms]
2024-02-29 04:28:00.101 [info] > git show --textconv :Lab3/Lab3symboliclink.txt [7ms]
2024-02-29 04:28:00.102 [info] > git ls-files --stage -- /home/student/ENGR212_Abdullah_Abdulaziz/Lab3/Lab3symboliclink.txt [2ms]
2024-02-29 04:28:02.224 [info] > git show --textconv :Lab3/Lab3hardlink.txt [7ms]
2024-02-29 04:28:02.225 [info] > git ls-files --stage -- /home/student/ENGR212_Abdullah_Abdulaziz/Lab3/Lab3hardlink.txt [2ms]
2024-02-29 04:28:02.695 [info] > git config --get commit.template [8ms]
2024-02-29 04:28:02.695 [info] > git for-each-ref --format=%(refname)%00%(upstream:short)%00%(objectname)%00%(upstream:track)%00%(upstream:remotename)%00%(upstream:remoteref) refs/heads/main refs/remotes/main [1ms]
2024-02-29 04:28:02.729 [info] > git status -z -uall [28ms]
2024-02-29 04:28:03.551 [info] > git show --textconv :Lab3/Lab3.txt [6ms]
2024-02-29 04:28:03.552 [info] > git ls-files --stage -- /home/student/ENGR212_Abdullah_Abdulaziz/Lab3/Lab3.txt [2ms]
2024-02-29 04:28:06.884 [info] > git show --textconv :Lab3/Lab3symboliclink.txt [6ms]
2024-02-29 04:28:06.885 [info] > git ls-files --stage -- /home/student/ENGR212_Abdullah_Abdulaziz/Lab3/Lab3symboliclink.txt [1ms]
2024-02-29 04:28:07.781 [info] > git config --get commit.template [7ms]
2024-02-29 04:28:07.781 [info] > git for-each-ref --format=%(refname)%00%(upstream:short)%00%(objectname)%00%(upstream:track)%00%(upstream:remotename)%00%(upstream:remoteref) refs/heads/main refs/remotes/main [1ms]
2024-02-29 04:28:07.816 [info] > git status -z -uall [29ms]
2024-02-29 04:28:08.355 [info] > git show --textconv :Lab3/Lab3hardlink.txt [7ms]
2024-02-29 04:28:08.356 [info] > git ls-files --stage -- /home/student/ENGR212_Abdullah_Abdulaziz/Lab3/Lab3hardlink.txt [2ms]
2024-02-29 04:28:09.820 [info] > git show --textconv :Lab3/Lab3symboliclink.txt [6ms]
2024-02-29 04:28:09.820 [info] > git ls-files --stage -- /home/student/ENGR212_Abdullah_Abdulaziz/Lab3/Lab3symboliclink.txt [1ms]
2024-02-29 04:28:40.908 [info] > git config --get commit.template [6ms]
2024-02-29 04:28:40.909 [info] > git for-each-ref --format=%(refname)%00%(upstream:short)%00%(objectname)%00%(upstream:track)%00%(upstream:remotename)%00%(upstream:remoteref) refs/heads/main refs/remotes/main [2ms]
2024-02-29 04:28:40.945 [info] > git status -z -uall [31ms]
2024-02-29 04:28:41.383 [info] > git show --textconv :Lab3/Lab3.txt [7ms]
2024-02-29 04:28:41.384 [info] > git ls-files --stage -- /home/student/ENGR212_Abdullah_Abdulaziz/Lab3/Lab3.txt [2ms]
2024-02-29 04:28:46.004 [info] > git config --get commit.template [6ms]
2024-02-29 04:28:46.004 [info] > git for-each-ref --format=%(refname)%00%(upstream:short)%00%(objectname)%00%(upstream:track)%00%(upstream:remotename)%00%(upstream:remoteref) refs/heads/main refs/remotes/main [1ms]
2024-02-29 04:28:46.038 [info] > git status -z -uall [28ms]
2024-02-29 04:28:51.090 [info] > git config --get commit.template [7ms]
2024-02-29 04:28:51.090 [info] > git for-each-ref --format=%(refname)%00%(upstream:short)%00%(objectname)%00%(upstream:track)%00%(upstream:remotename)%00%(upstream:remoteref) refs/heads/main refs/remotes/main [1ms]
2024-02-29 04:28:51.125 [info] > git status -z -uall [29ms]
2024-02-29 04:28:55.142 [info] > git config --get commit.template [7ms]
2024-02-29 04:28:55.142 [info] > git for-each-ref --format=%(refname)%00%(upstream:short)%00%(objectname)%00%(upstream:track)%00%(upstream:remotename)%00%(upstream:remoteref) refs/heads/main refs/remotes/main [1ms]
2024-02-29 04:28:55.149 [info] > git status -z -uall [1ms]
2024-02-29 04:28:56.175 [info] > git config --get commit.template [7ms]
2024-02-29 04:28:56.176 [info] > git for-each-ref --format=%(refname)%00%(upstream:short)%00%(objectname)%00%(upstream:track)%00%(upstream:remotename)%00%(upstream:remoteref) refs/heads/main refs/remotes/main [2ms]
2024-02-29 04:28:56.210 [info] > git status -z -uall [29ms]
2024-02-29 04:29:01.231 [info] > git show --textconv :Lab3/Lab3hardlink.txt [6ms]
2024-02-29 04:29:01.233 [info] > git ls-files --stage -- /home/student/ENGR212_Abdullah_Abdulaziz/Lab3/Lab3hardlink.txt [1ms]
2024-02-29 04:29:01.259 [info] > git config --get commit.template [7ms]
2024-02-29 04:29:01.260 [info] > git for-each-ref --format=%(refname)%00%(upstream:short)%00%(objectname)%00%(upstream:track)%00%(upstream:remotename)%00%(upstream:remoteref) refs/heads/main refs/remotes/main [1ms]
2024-02-29 04:29:01.293 [info] > git status -z -uall [28ms]
2024-02-29 04:29:01.871 [info] > git show --textconv :Lab3/Lab3symboliclink.txt [7ms]
2024-02-29 04:29:01.872 [info] > git ls-files --stage -- /home/student/ENGR212_Abdullah_Abdulaziz/Lab3/Lab3symboliclink.txt [1ms]
2024-02-29 04:29:20.350 [info] > git config --get commit.template [7ms]
2024-02-29 04:29:20.351 [info] > git for-each-ref --format=%(refname)%00%(upstream:short)%00%(objectname)%00%(upstream:track)%00%(upstream:remotename)%00%(upstream:remoteref) refs/heads/main refs/remotes/main [1ms]
2024-02-29 04:29:20.386 [info] > git status -z -uall [29ms]
2024-02-29 04:29:20.830 [info] > git show --textconv :Lab3/Lab3hardlink.txt [7ms]
2024-02-29 04:29:20.831 [info] > git ls-files --stage -- /home/student/ENGR212_Abdullah_Abdulaziz/Lab3/Lab3hardlink.txt [2ms]
2024-02-29 04:29:25.434 [info] > git config --get commit.template [6ms]
2024-02-29 04:29:25.434 [info] > git config --get commit.template [1ms]
2024-02-29 04:29:25.445 [info] > git for-each-ref --format=%(refname)%00%(upstream:short)%00%(objectname)%00%(upstream:track)%00%(upstream:remotename)%00%(upstream:remoteref) refs/heads/main refs/remotes/main [5ms]
2024-02-29 04:29:25.451 [info] > git for-each-ref --format=%(refname)%00%(upstream:short)%00%(objectname)%00%(upstream:track)%00%(upstream:remotename)%00%(upstream:remoteref) refs/heads/main refs/remotes/main [6ms]
2024-02-29 04:29:25.452 [info] > git status -z -uall [1ms]
2024-02-29 04:29:25.492 [info] > git status -z -uall [31ms]
2024-02-29 04:29:25.580 [info] > git show --textconv :Lab3/Lab3.txt [7ms]
2024-02-29 04:29:25.581 [info] > git ls-files --stage -- /home/student/ENGR212_Abdullah_Abdulaziz/Lab3/Lab3.txt [2ms]
2024-02-29 04:29:26.716 [info] > git show --textconv :Lab3/Lab3symboliclink.txt [7ms]
2024-02-29 04:29:26.717 [info] > git ls-files --stage -- /home/student/ENGR212_Abdullah_Abdulaziz/Lab3/Lab3symboliclink.txt [1ms]
2024-02-29 04:29:59.282 [info] > git config --get commit.template [7ms]
2024-02-29 04:29:59.282 [info] > git for-each-ref --format=%(refname)%00%(upstream:short)%00%(objectname)%00%(upstream:track)%00%(upstream:remotename)%00%(upstream:remoteref) refs/heads/main refs/remotes/main [1ms]
2024-02-29 04:29:59.317 [info] > git status -z -uall [29ms]
2024-02-29 04:30:04.365 [info] > git config --get commit.template [6ms]
2024-02-29 04:30:04.365 [info] > git for-each-ref --format=%(refname)%00%(upstream:short)%00%(objectname)%00%(upstream:track)%00%(upstream:remotename)%00%(upstream:remoteref) refs/heads/main refs/remotes/main [1ms]
2024-02-29 04:30:04.399 [info] > git status -z -uall [29ms]
2024-02-29 04:30:05.646 [info] > git show --textconv :Lab3/Lab3hardlink.txt [7ms]
2024-02-29 04:30:05.647 [info] > git ls-files --stage -- /home/student/ENGR212_Abdullah_Abdulaziz/Lab3/Lab3hardlink.txt [2ms]
2024-02-29 04:30:05.761 [info] > git config --get commit.template [6ms]
2024-02-29 04:30:05.762 [info] > git for-each-ref --format=%(refname)%00%(upstream:short)%00%(objectname)%00%(upstream:track)%00%(upstream:remotename)%00%(upstream:remoteref) refs/heads/main refs/remotes/main [2ms]
2024-02-29 04:30:05.768 [info] > git status -z -uall [1ms]
2024-02-29 04:30:06.332 [info] > git show --textconv :Lab3/Lab3.txt [7ms]
2024-02-29 04:30:06.333 [info] > git ls-files --stage -- /home/student/ENGR212_Abdullah_Abdulaziz/Lab3/Lab3.txt [2ms]
2024-02-29 04:30:32.017 [info] > git config --get commit.template [6ms]
2024-02-29 04:30:32.017 [info] > git for-each-ref --format=%(refname)%00%(upstream:short)%00%(objectname)%00%(upstream:track)%00%(upstream:remotename)%00%(upstream:remoteref) refs/heads/main refs/remotes/main [1ms]
2024-02-29 04:30:32.052 [info] > git status -z -uall [29ms]
2024-02-29 04:30:37.108 [info] > git config --get commit.template [6ms]
2024-02-29 04:30:37.109 [info] > git for-each-ref --format=%(refname)%00%(upstream:short)%00%(objectname)%00%(upstream:track)%00%(upstream:remotename)%00%(upstream:remoteref) refs/heads/main refs/remotes/main [1ms]
2024-02-29 04:30:37.144 [info] > git status -z -uall [30ms]
2024-02-29 04:30:42.192 [info] > git config --get commit.template [7ms]
2024-02-29 04:30:42.193 [info] > git for-each-ref --format=%(refname)%00%(upstream:short)%00%(objectname)%00%(upstream:track)%00%(upstream:remotename)%00%(upstream:remoteref) refs/heads/main refs/remotes/main [2ms]
2024-02-29 04:30:42.227 [info] > git status -z -uall [29ms]
2024-02-29 04:30:47.278 [info] > git config --get commit.template [7ms]
2024-02-29 04:30:47.279 [info] > git for-each-ref --format=%(refname)%00%(upstream:short)%00%(objectname)%00%(upstream:track)%00%(upstream:remotename)%00%(upstream:remoteref) refs/heads/main refs/remotes/main [1ms]
2024-02-29 04:30:47.337 [info] > git status -z -uall [37ms]
2024-02-29 04:30:52.385 [info] > git config --get commit.template [7ms]
2024-02-29 04:30:52.385 [info] > git for-each-ref --format=%(refname)%00%(upstream:short)%00%(objectname)%00%(upstream:track)%00%(upstream:remotename)%00%(upstream:remoteref) refs/heads/main refs/remotes/main [1ms]
2024-02-29 04:30:52.422 [info] > git status -z -uall [31ms]
2024-02-29 04:30:57.469 [info] > git config --get commit.template [7ms]
2024-02-29 04:30:57.470 [info] > git for-each-ref --format=%(refname)%00%(upstream:short)%00%(objectname)%00%(upstream:track)%00%(upstream:remotename)%00%(upstream:remoteref) refs/heads/main refs/remotes/main [2ms]
2024-02-29 04:30:57.504 [info] > git status -z -uall [28ms]
2024-02-29 04:31:02.553 [info] > git config --get commit.template [6ms]
2024-02-29 04:31:02.553 [info] > git for-each-ref --format=%(refname)%00%(upstream:short)%00%(objectname)%00%(upstream:track)%00%(upstream:remotename)%00%(upstream:remoteref) refs/heads/main refs/remotes/main [1ms]
2024-02-29 04:31:02.588 [info] > git status -z -uall [29ms]
2024-02-29 04:31:07.636 [info] > git config --get commit.template [8ms]
2024-02-29 04:31:07.637 [info] > git for-each-ref --format=%(refname)%00%(upstream:short)%00%(objectname)%00%(upstream:track)%00%(upstream:remotename)%00%(upstream:remoteref) refs/heads/main refs/remotes/main [2ms]
2024-02-29 04:31:07.672 [info] > git status -z -uall [29ms]
2024-02-29 04:33:04.963 [info] > git config --get commit.template [6ms]
2024-02-29 04:33:04.964 [info] > git for-each-ref --format=%(refname)%00%(upstream:short)%00%(objectname)%00%(upstream:track)%00%(upstream:remotename)%00%(upstream:remoteref) refs/heads/main refs/remotes/main [2ms]
2024-02-29 04:33:05.000 [info] > git status -z -uall [31ms]
2024-02-29 04:33:10.059 [info] > git config --get commit.template [7ms]
2024-02-29 04:33:10.060 [info] > git for-each-ref --format=%(refname)%00%(upstream:short)%00%(objectname)%00%(upstream:track)%00%(upstream:remotename)%00%(upstream:remoteref) refs/heads/main refs/remotes/main [2ms]
2024-02-29 04:33:10.095 [info] > git status -z -uall [30ms]
2024-02-29 04:33:29.243 [info] > git config --get commit.template [7ms]
2024-02-29 04:33:29.243 [info] > git for-each-ref --format=%(refname)%00%(upstream:short)%00%(objectname)%00%(upstream:track)%00%(upstream:remotename)%00%(upstream:remoteref) refs/heads/main refs/remotes/main [1ms]
2024-02-29 04:33:29.277 [info] > git status -z -uall [28ms]
2024-02-29 04:33:34.325 [info] > git config --get commit.template [6ms]
2024-02-29 04:33:34.326 [info] > git for-each-ref --format=%(refname)%00%(upstream:short)%00%(objectname)%00%(upstream:track)%00%(upstream:remotename)%00%(upstream:remoteref) refs/heads/main refs/remotes/main [2ms]
2024-02-29 04:33:34.361 [info] > git status -z -uall [30ms]
2024-02-29 04:33:39.415 [info] > git config --get commit.template [8ms]
2024-02-29 04:33:39.415 [info] > git for-each-ref --format=%(refname)%00%(upstream:short)%00%(objectname)%00%(upstream:track)%00%(upstream:remotename)%00%(upstream:remoteref) refs/heads/main refs/remotes/main [1ms]
2024-02-29 04:33:39.450 [info] > git status -z -uall [29ms]
2024-02-29 04:33:48.673 [info] > git config --get commit.template [6ms]
2024-02-29 04:33:48.673 [info] > git for-each-ref --format=%(refname)%00%(upstream:short)%00%(objectname)%00%(upstream:track)%00%(upstream:remotename)%00%(upstream:remoteref) refs/heads/main refs/remotes/main [1ms]
2024-02-29 04:33:48.708 [info] > git status -z -uall [29ms]
2024-02-29 04:33:53.763 [info] > git config --get commit.template [7ms]
2024-02-29 04:33:53.764 [info] > git for-each-ref --format=%(refname)%00%(upstream:short)%00%(objectname)%00%(upstream:track)%00%(upstream:remotename)%00%(upstream:remoteref) refs/heads/main refs/remotes/main [1ms]
2024-02-29 04:33:53.798 [info] > git status -z -uall [29ms]
2024-02-29 04:33:58.846 [info] > git config --get commit.template [7ms]
2024-02-29 04:33:58.847 [info] > git for-each-ref --format=%(refname)%00%(upstream:short)%00%(objectname)%00%(upstream:track)%00%(upstream:remotename)%00%(upstream:remoteref) refs/heads/main refs/remotes/main [1ms]
2024-02-29 04:33:58.881 [info] > git status -z -uall [29ms]
2024-02-29 04:35:51.896 [info] > git config --get commit.template [7ms]
2024-02-29 04:35:51.897 [info] > git for-each-ref --format=%(refname)%00%(upstream:short)%00%(objectname)%00%(upstream:track)%00%(upstream:remotename)%00%(upstream:remoteref) refs/heads/main refs/remotes/main [2ms]
2024-02-29 04:35:51.932 [info] > git status -z -uall [28ms]
2024-02-29 04:35:56.159 [info] > git config --get commit.template [6ms]
2024-02-29 04:35:56.159 [info] > git for-each-ref --format=%(refname)%00%(upstream:short)%00%(objectname)%00%(upstream:track)%00%(upstream:remotename)%00%(upstream:remoteref) refs/heads/main refs/remotes/main [1ms]
2024-02-29 04:35:56.166 [info] > git status -z -uall [2ms]
2024-02-29 04:35:56.980 [info] > git config --get commit.template [7ms]
2024-02-29 04:35:56.980 [info] > git for-each-ref --format=%(refname)%00%(upstream:short)%00%(objectname)%00%(upstream:track)%00%(upstream:remotename)%00%(upstream:remoteref) refs/heads/main refs/remotes/main [1ms]
2024-02-29 04:35:57.015 [info] > git status -z -uall [29ms]
2024-02-29 04:36:02.069 [info] > git config --get commit.template [7ms]
2024-02-29 04:36:02.069 [info] > git for-each-ref --format=%(refname)%00%(upstream:short)%00%(objectname)%00%(upstream:track)%00%(upstream:remotename)%00%(upstream:remoteref) refs/heads/main refs/remotes/main [2ms]
2024-02-29 04:36:02.103 [info] > git status -z -uall [28ms]
2024-02-29 04:36:07.155 [info] > git config --get commit.template [7ms]
2024-02-29 04:36:07.155 [info] > git for-each-ref --format=%(refname)%00%(upstream:short)%00%(objectname)%00%(upstream:track)%00%(upstream:remotename)%00%(upstream:remoteref) refs/heads/main refs/remotes/main [1ms]
2024-02-29 04:36:07.189 [info] > git status -z -uall [28ms]
2024-02-29 04:36:36.697 [info] > git config --get commit.template [7ms]
2024-02-29 04:36:36.697 [info] > git for-each-ref --format=%(refname)%00%(upstream:short)%00%(objectname)%00%(upstream:track)%00%(upstream:remotename)%00%(upstream:remoteref) refs/heads/main refs/remotes/main [1ms]
2024-02-29 04:36:36.732 [info] > git status -z -uall [28ms]
2024-02-29 04:36:41.778 [info] > git config --get commit.template [6ms]
2024-02-29 04:36:41.779 [info] > git for-each-ref --format=%(refname)%00%(upstream:short)%00%(objectname)%00%(upstream:track)%00%(upstream:remotename)%00%(upstream:remoteref) refs/heads/main refs/remotes/main [1ms]
2024-02-29 04:36:41.813 [info] > git status -z -uall [29ms]
2024-02-29 04:36:56.980 [info] > git config --get commit.template [6ms]
2024-02-29 04:36:56.980 [info] > git for-each-ref --format=%(refname)%00%(upstream:short)%00%(objectname)%00%(upstream:track)%00%(upstream:remotename)%00%(upstream:remoteref) refs/heads/main refs/remotes/main [1ms]
2024-02-29 04:36:57.014 [info] > git status -z -uall [28ms]
2024-02-29 04:37:02.066 [info] > git config --get commit.template [7ms]
2024-02-29 04:37:02.067 [info] > git for-each-ref --format=%(refname)%00%(upstream:short)%00%(objectname)%00%(upstream:track)%00%(upstream:remotename)%00%(upstream:remoteref) refs/heads/main refs/remotes/main [2ms]
2024-02-29 04:37:02.101 [info] > git status -z -uall [28ms]
2024-02-29 04:37:07.159 [info] > git config --get commit.template [6ms]
2024-02-29 04:37:07.159 [info] > git for-each-ref --format=%(refname)%00%(upstream:short)%00%(objectname)%00%(upstream:track)%00%(upstream:remotename)%00%(upstream:remoteref) refs/heads/main refs/remotes/main [2ms]
2024-02-29 04:37:07.193 [info] > git status -z -uall [28ms]
2024-02-29 04:37:12.245 [info] > git config --get commit.template [7ms]
2024-02-29 04:37:12.246 [info] > git for-each-ref --format=%(refname)%00%(upstream:short)%00%(objectname)%00%(upstream:track)%00%(upstream:remotename)%00%(upstream:remoteref) refs/heads/main refs/remotes/main [1ms]
2024-02-29 04:37:12.281 [info] > git status -z -uall [29ms]
2024-02-29 04:37:17.332 [info] > git config --get commit.template [6ms]
2024-02-29 04:37:17.332 [info] > git for-each-ref --format=%(refname)%00%(upstream:short)%00%(objectname)%00%(upstream:track)%00%(upstream:remotename)%00%(upstream:remoteref) refs/heads/main refs/remotes/main [1ms]
2024-02-29 04:37:17.366 [info] > git status -z -uall [28ms]
2024-02-29 04:37:22.414 [info] > git config --get commit.template [6ms]
2024-02-29 04:37:22.414 [info] > git for-each-ref --format=%(refname)%00%(upstream:short)%00%(objectname)%00%(upstream:track)%00%(upstream:remotename)%00%(upstream:remoteref) refs/heads/main refs/remotes/main [1ms]
2024-02-29 04:37:22.449 [info] > git status -z -uall [29ms]
2024-02-29 04:37:27.498 [info] > git config --get commit.template [7ms]
2024-02-29 04:37:27.498 [info] > git for-each-ref --format=%(refname)%00%(upstream:short)%00%(objectname)%00%(upstream:track)%00%(upstream:remotename)%00%(upstream:remoteref) refs/heads/main refs/remotes/main [1ms]
2024-02-29 04:37:27.533 [info] > git status -z -uall [28ms]
2024-02-29 04:50:49.879 [info] > git config --get commit.template [6ms]
2024-02-29 04:50:49.879 [info] > git for-each-ref --format=%(refname)%00%(upstream:short)%00%(objectname)%00%(upstream:track)%00%(upstream:remotename)%00%(upstream:remoteref) refs/heads/main refs/remotes/main [1ms]
2024-02-29 04:50:49.916 [info] > git status -z -uall [32ms]
2024-02-29 04:52:08.078 [info] > git config --get commit.template [7ms]
2024-02-29 04:52:08.079 [info] > git for-each-ref --format=%(refname)%00%(upstream:short)%00%(objectname)%00%(upstream:track)%00%(upstream:remotename)%00%(upstream:remoteref) refs/heads/main refs/remotes/main [2ms]
2024-02-29 04:52:08.115 [info] > git status -z -uall [30ms]
2024-02-29 04:52:15.341 [info] > git config --get commit.template [7ms]
2024-02-29 04:52:15.342 [info] > git for-each-ref --format=%(refname)%00%(upstream:short)%00%(objectname)%00%(upstream:track)%00%(upstream:remotename)%00%(upstream:remoteref) refs/heads/main refs/remotes/main [1ms]
2024-02-29 04:52:15.377 [info] > git status -z -uall [30ms]
2024-02-29 04:52:20.434 [info] > git config --get commit.template [6ms]
2024-02-29 04:52:20.434 [info] > git for-each-ref --format=%(refname)%00%(upstream:short)%00%(objectname)%00%(upstream:track)%00%(upstream:remotename)%00%(upstream:remoteref) refs/heads/main refs/remotes/main [1ms]
2024-02-29 04:52:20.469 [info] > git status -z -uall [29ms]
2024-02-29 04:52:25.520 [info] > git config --get commit.template [7ms]
2024-02-29 04:52:25.521 [info] > git for-each-ref --format=%(refname)%00%(upstream:short)%00%(objectname)%00%(upstream:track)%00%(upstream:remotename)%00%(upstream:remoteref) refs/heads/main refs/remotes/main [2ms]
2024-02-29 04:52:25.556 [info] > git status -z -uall [30ms]
2024-02-29 04:52:30.604 [info] > git config --get commit.template [7ms]
2024-02-29 04:52:30.605 [info] > git for-each-ref --format=%(refname)%00%(upstream:short)%00%(objectname)%00%(upstream:track)%00%(upstream:remotename)%00%(upstream:remoteref) refs/heads/main refs/remotes/main [2ms]
2024-02-29 04:52:30.639 [info] > git status -z -uall [29ms]
2024-02-29 04:52:35.693 [info] > git config --get commit.template [8ms]
2024-02-29 04:52:35.694 [info] > git for-each-ref --format=%(refname)%00%(upstream:short)%00%(objectname)%00%(upstream:track)%00%(upstream:remotename)%00%(upstream:remoteref) refs/heads/main refs/remotes/main [2ms]
2024-02-29 04:52:35.730 [info] > git status -z -uall [29ms]
2024-02-29 04:52:40.793 [info] > git config --get commit.template [8ms]
2024-02-29 04:52:40.794 [info] > git for-each-ref --format=%(refname)%00%(upstream:short)%00%(objectname)%00%(upstream:track)%00%(upstream:remotename)%00%(upstream:remoteref) refs/heads/main refs/remotes/main [2ms]
2024-02-29 04:52:40.829 [info] > git status -z -uall [29ms]
2024-02-29 04:52:45.884 [info] > git config --get commit.template [7ms]
2024-02-29 04:52:45.885 [info] > git for-each-ref --format=%(refname)%00%(upstream:short)%00%(objectname)%00%(upstream:track)%00%(upstream:remotename)%00%(upstream:remoteref) refs/heads/main refs/remotes/main [2ms]
2024-02-29 04:52:45.921 [info] > git status -z -uall [30ms]
2024-02-29 04:52:46.687 [info] > git ls-files --stage -- /home/student/ENGR212_Abdullah_Abdulaziz/Lab3/Lab3.txt [1ms]
2024-02-29 04:52:46.785 [info] > git show --textconv :Lab3/Lab3.txt [1ms]
2024-02-29 04:52:50.975 [info] > git config --get commit.template [7ms]
2024-02-29 04:52:50.976 [info] > git for-each-ref --format=%(refname)%00%(upstream:short)%00%(objectname)%00%(upstream:track)%00%(upstream:remotename)%00%(upstream:remoteref) refs/heads/main refs/remotes/main [1ms]
2024-02-29 04:52:51.010 [info] > git status -z -uall [28ms]
2024-02-29 04:52:56.060 [info] > git config --get commit.template [7ms]
2024-02-29 04:52:56.061 [info] > git for-each-ref --format=%(refname)%00%(upstream:short)%00%(objectname)%00%(upstream:track)%00%(upstream:remotename)%00%(upstream:remoteref) refs/heads/main refs/remotes/main [2ms]
2024-02-29 04:52:56.096 [info] > git status -z -uall [29ms]
2024-02-29 04:53:01.150 [info] > git config --get commit.template [7ms]
2024-02-29 04:53:01.151 [info] > git for-each-ref --format=%(refname)%00%(upstream:short)%00%(objectname)%00%(upstream:track)%00%(upstream:remotename)%00%(upstream:remoteref) refs/heads/main refs/remotes/main [2ms]
2024-02-29 04:53:01.186 [info] > git status -z -uall [29ms]
2024-02-29 04:53:06.237 [info] > git config --get commit.template [8ms]
2024-02-29 04:53:06.237 [info] > git for-each-ref --format=%(refname)%00%(upstream:short)%00%(objectname)%00%(upstream:track)%00%(upstream:remotename)%00%(upstream:remoteref) refs/heads/main refs/remotes/main [2ms]
2024-02-29 04:53:06.273 [info] > git status -z -uall [29ms]
2024-02-29 04:53:11.329 [info] > git config --get commit.template [7ms]
2024-02-29 04:53:11.329 [info] > git for-each-ref --format=%(refname)%00%(upstream:short)%00%(objectname)%00%(upstream:track)%00%(upstream:remotename)%00%(upstream:remoteref) refs/heads/main refs/remotes/main [1ms]
2024-02-29 04:53:11.371 [info] > git status -z -uall [35ms]
2024-02-29 04:53:16.429 [info] > git config --get commit.template [7ms]
2024-02-29 04:53:16.430 [info] > git for-each-ref --format=%(refname)%00%(upstream:short)%00%(objectname)%00%(upstream:track)%00%(upstream:remotename)%00%(upstream:remoteref) refs/heads/main refs/remotes/main [2ms]
2024-02-29 04:53:16.465 [info] > git status -z -uall [29ms]
2024-02-29 04:53:21.543 [info] > git config --get commit.template [9ms]
2024-02-29 04:53:21.544 [info] > git for-each-ref --format=%(refname)%00%(upstream:short)%00%(objectname)%00%(upstream:track)%00%(upstream:remotename)%00%(upstream:remoteref) refs/heads/main refs/remotes/main [1ms]
2024-02-29 04:53:21.579 [info] > git status -z -uall [29ms]
2024-02-29 04:53:26.628 [info] > git config --get commit.template [8ms]
2024-02-29 04:53:26.629 [info] > git for-each-ref --format=%(refname)%00%(upstream:short)%00%(objectname)%00%(upstream:track)%00%(upstream:remotename)%00%(upstream:remoteref) refs/heads/main refs/remotes/main [2ms]
2024-02-29 04:53:26.665 [info] > git status -z -uall [30ms]
2024-02-29 04:53:31.715 [info] > git config --get commit.template [7ms]
2024-02-29 04:53:31.715 [info] > git for-each-ref --format=%(refname)%00%(upstream:short)%00%(objectname)%00%(upstream:track)%00%(upstream:remotename)%00%(upstream:remoteref) refs/heads/main refs/remotes/main [1ms]
2024-02-29 04:53:31.751 [info] > git status -z -uall [29ms]
2024-02-29 04:53:36.799 [info] > git config --get commit.template [7ms]
2024-02-29 04:53:36.800 [info] > git for-each-ref --format=%(refname)%00%(upstream:short)%00%(objectname)%00%(upstream:track)%00%(upstream:remotename)%00%(upstream:remoteref) refs/heads/main refs/remotes/main [2ms]
2024-02-29 04:53:36.835 [info] > git status -z -uall [29ms]
