2024-04-11 02:59:35.057 [info] Log level: Info
2024-04-11 02:59:35.057 [info] Validating found git in: "git"
2024-04-11 02:59:35.057 [info] Using git "2.34.1" from "git"
2024-04-11 02:59:35.057 [info] > git rev-parse --show-toplevel [24ms]
2024-04-11 02:59:35.057 [info] > git rev-parse --git-dir --git-common-dir [2ms]
2024-04-11 02:59:35.057 [info] Open repository: /home/student
2024-04-11 02:59:35.058 [info] > git rev-parse --show-toplevel [9ms]
2024-04-11 02:59:35.058 [info] > git config --get commit.template [13ms]
2024-04-11 02:59:35.093 [info] > git rev-parse --show-toplevel [36ms]
2024-04-11 02:59:35.099 [info] > git for-each-ref --format=%(refname)%00%(upstream:short)%00%(objectname)%00%(upstream:track)%00%(upstream:remotename)%00%(upstream:remoteref) refs/heads/main refs/remotes/main [36ms]
2024-04-11 02:59:35.100 [info] > git rev-parse --show-toplevel [1ms]
2024-04-11 02:59:35.111 [info] > git rev-parse --show-toplevel [6ms]
2024-04-11 02:59:35.117 [info] > git rev-parse --git-dir --git-common-dir [1ms]
2024-04-11 02:59:35.121 [info] Open repository: /home/student/ENGR212_Abdullah_Abdulaziz
2024-04-11 02:59:35.141 [info] > git config --get commit.template [7ms]
2024-04-11 02:59:35.147 [info] > git for-each-ref --format=%(refname)%00%(upstream:short)%00%(objectname)%00%(upstream:track)%00%(upstream:remotename)%00%(upstream:remoteref) refs/heads/main refs/remotes/main [8ms]
2024-04-11 02:59:35.188 [info] > git status -z -uall [35ms]
2024-04-11 02:59:35.203 [info] > git config --get commit.template [1ms]
2024-04-11 02:59:35.209 [info] > git for-each-ref --format=%(refname)%00%(upstream:short)%00%(objectname)%00%(upstream:track)%00%(upstream:remotename)%00%(upstream:remoteref) refs/heads/main refs/remotes/main [1ms]
2024-04-11 02:59:35.218 [info] > git status -z -uall [5ms]
2024-04-11 02:59:35.418 [info] > git status -z -uall [308ms]
2024-04-11 02:59:36.051 [info] > git merge-base refs/heads/main refs/remotes/origin/main [604ms]
2024-04-11 02:59:36.092 [info] > git config --get commit.template [54ms]
2024-04-11 02:59:36.094 [info] > git check-ignore -v -z --stdin [17ms]
2024-04-11 02:59:36.096 [info] > git check-ignore -v -z --stdin [12ms]
2024-04-11 02:59:36.105 [info] > git rev-list --count --left-right refs/heads/main...refs/remotes/origin/main [44ms]
2024-04-11 02:59:36.112 [info] > git for-each-ref --format=%(refname)%00%(upstream:short)%00%(objectname)%00%(upstream:track)%00%(upstream:remotename)%00%(upstream:remoteref) refs/heads/main refs/remotes/main [8ms]
2024-04-11 02:59:36.113 [info] > git diff --name-status -z --diff-filter=ADMR 72c9e0034d0303fc1dd3ad00a771ae0aa97a7be7...refs/remotes/origin/main [2ms]
2024-04-11 02:59:36.194 [info] > git status -z -uall [75ms]
2024-04-11 02:59:41.171 [info] > git config --get commit.template [7ms]
2024-04-11 02:59:41.172 [info] > git for-each-ref --format=%(refname)%00%(upstream:short)%00%(objectname)%00%(upstream:track)%00%(upstream:remotename)%00%(upstream:remoteref) refs/heads/main refs/remotes/main [2ms]
2024-04-11 02:59:41.241 [info] > git status -z -uall [62ms]
2024-04-11 02:59:46.362 [info] > git config --get commit.template [7ms]
2024-04-11 02:59:46.362 [info] > git for-each-ref --format=%(refname)%00%(upstream:short)%00%(objectname)%00%(upstream:track)%00%(upstream:remotename)%00%(upstream:remoteref) refs/heads/main refs/remotes/main [1ms]
2024-04-11 02:59:46.433 [info] > git status -z -uall [64ms]
2024-04-11 02:59:47.035 [info] > git check-ignore -v -z --stdin [1ms]
2024-04-11 02:59:48.454 [info] > git check-ignore -v -z --stdin [2ms]
2024-04-11 02:59:50.004 [info] > git show --textconv :Lab8/08_Iris_data.csv [9ms]
2024-04-11 02:59:50.005 [info] > git ls-files --stage -- /home/student/ENGR212_Abdullah_Abdulaziz/Lab8/08_Iris_data.csv [2ms]
2024-04-11 02:59:51.542 [info] > git config --get commit.template [8ms]
2024-04-11 02:59:51.543 [info] > git for-each-ref --format=%(refname)%00%(upstream:short)%00%(objectname)%00%(upstream:track)%00%(upstream:remotename)%00%(upstream:remoteref) refs/heads/main refs/remotes/main [1ms]
2024-04-11 02:59:51.611 [info] > git status -z -uall [62ms]
2024-04-11 02:59:56.734 [info] > git config --get commit.template [8ms]
2024-04-11 02:59:56.735 [info] > git for-each-ref --format=%(refname)%00%(upstream:short)%00%(objectname)%00%(upstream:track)%00%(upstream:remotename)%00%(upstream:remoteref) refs/heads/main refs/remotes/main [2ms]
2024-04-11 02:59:56.804 [info] > git status -z -uall [62ms]
2024-04-11 03:00:01.910 [info] > git config --get commit.template [9ms]
2024-04-11 03:00:01.911 [info] > git for-each-ref --format=%(refname)%00%(upstream:short)%00%(objectname)%00%(upstream:track)%00%(upstream:remotename)%00%(upstream:remoteref) refs/heads/main refs/remotes/main [2ms]
2024-04-11 03:00:01.981 [info] > git status -z -uall [63ms]
2024-04-11 03:00:07.097 [info] > git config --get commit.template [9ms]
2024-04-11 03:00:07.098 [info] > git for-each-ref --format=%(refname)%00%(upstream:short)%00%(objectname)%00%(upstream:track)%00%(upstream:remotename)%00%(upstream:remoteref) refs/heads/main refs/remotes/main [2ms]
2024-04-11 03:00:07.171 [info] > git status -z -uall [65ms]
2024-04-11 03:00:12.291 [info] > git config --get commit.template [10ms]
2024-04-11 03:00:12.291 [info] > git for-each-ref --format=%(refname)%00%(upstream:short)%00%(objectname)%00%(upstream:track)%00%(upstream:remotename)%00%(upstream:remoteref) refs/heads/main refs/remotes/main [1ms]
2024-04-11 03:00:12.362 [info] > git status -z -uall [62ms]
2024-04-11 03:00:17.474 [info] > git config --get commit.template [9ms]
2024-04-11 03:00:17.474 [info] > git for-each-ref --format=%(refname)%00%(upstream:short)%00%(objectname)%00%(upstream:track)%00%(upstream:remotename)%00%(upstream:remoteref) refs/heads/main refs/remotes/main [2ms]
2024-04-11 03:00:17.544 [info] > git status -z -uall [62ms]
2024-04-11 03:00:22.664 [info] > git config --get commit.template [9ms]
2024-04-11 03:00:22.665 [info] > git for-each-ref --format=%(refname)%00%(upstream:short)%00%(objectname)%00%(upstream:track)%00%(upstream:remotename)%00%(upstream:remoteref) refs/heads/main refs/remotes/main [2ms]
2024-04-11 03:00:22.736 [info] > git status -z -uall [63ms]
2024-04-11 03:00:27.842 [info] > git config --get commit.template [8ms]
2024-04-11 03:00:27.842 [info] > git for-each-ref --format=%(refname)%00%(upstream:short)%00%(objectname)%00%(upstream:track)%00%(upstream:remotename)%00%(upstream:remoteref) refs/heads/main refs/remotes/main [1ms]
2024-04-11 03:00:27.912 [info] > git status -z -uall [62ms]
2024-04-11 03:00:33.018 [info] > git config --get commit.template [9ms]
2024-04-11 03:00:33.019 [info] > git for-each-ref --format=%(refname)%00%(upstream:short)%00%(objectname)%00%(upstream:track)%00%(upstream:remotename)%00%(upstream:remoteref) refs/heads/main refs/remotes/main [2ms]
2024-04-11 03:00:33.092 [info] > git status -z -uall [65ms]
2024-04-11 03:00:38.208 [info] > git config --get commit.template [9ms]
2024-04-11 03:00:38.208 [info] > git for-each-ref --format=%(refname)%00%(upstream:short)%00%(objectname)%00%(upstream:track)%00%(upstream:remotename)%00%(upstream:remoteref) refs/heads/main refs/remotes/main [1ms]
2024-04-11 03:00:38.279 [info] > git status -z -uall [63ms]
2024-04-11 03:00:43.388 [info] > git config --get commit.template [9ms]
2024-04-11 03:00:43.389 [info] > git for-each-ref --format=%(refname)%00%(upstream:short)%00%(objectname)%00%(upstream:track)%00%(upstream:remotename)%00%(upstream:remoteref) refs/heads/main refs/remotes/main [1ms]
2024-04-11 03:00:43.462 [info] > git status -z -uall [65ms]
2024-04-11 03:00:46.926 [info] > git config --get commit.template [9ms]
2024-04-11 03:00:46.927 [info] > git for-each-ref --format=%(refname)%00%(upstream:short)%00%(objectname)%00%(upstream:track)%00%(upstream:remotename)%00%(upstream:remoteref) refs/heads/main refs/remotes/main [1ms]
2024-04-11 03:00:46.939 [info] > git status -z -uall [4ms]
2024-04-11 03:00:47.419 [info] > git check-ignore -v -z --stdin [2ms]
2024-04-11 03:00:48.570 [info] > git config --get commit.template [9ms]
2024-04-11 03:00:48.571 [info] > git for-each-ref --format=%(refname)%00%(upstream:short)%00%(objectname)%00%(upstream:track)%00%(upstream:remotename)%00%(upstream:remoteref) refs/heads/main refs/remotes/main [1ms]
2024-04-11 03:00:48.645 [info] > git status -z -uall [65ms]
2024-04-11 03:00:49.903 [info] > git show --textconv :Lab8/iris_data_sorted.csv [11ms]
2024-04-11 03:00:49.904 [info] > git ls-files --stage -- /home/student/ENGR212_Abdullah_Abdulaziz/Lab8/iris_data_sorted.csv [2ms]
2024-04-11 03:00:53.765 [info] > git config --get commit.template [10ms]
2024-04-11 03:00:53.765 [info] > git for-each-ref --format=%(refname)%00%(upstream:short)%00%(objectname)%00%(upstream:track)%00%(upstream:remotename)%00%(upstream:remoteref) refs/heads/main refs/remotes/main [1ms]
2024-04-11 03:00:53.835 [info] > git status -z -uall [61ms]
2024-04-11 03:00:57.598 [info] > git show --textconv :Lab8/08_Iris_data_sorted.csv [10ms]
2024-04-11 03:00:57.599 [info] > git ls-files --stage -- /home/student/ENGR212_Abdullah_Abdulaziz/Lab8/08_Iris_data_sorted.csv [2ms]
2024-04-11 03:00:57.744 [info] > git config --get commit.template [10ms]
2024-04-11 03:00:57.744 [info] > git for-each-ref --format=%(refname)%00%(upstream:short)%00%(objectname)%00%(upstream:track)%00%(upstream:remotename)%00%(upstream:remoteref) refs/heads/main refs/remotes/main [1ms]
2024-04-11 03:00:57.757 [info] > git status -z -uall [4ms]
2024-04-11 03:01:01.534 [info] > git config --get commit.template [10ms]
2024-04-11 03:01:01.535 [info] > git for-each-ref --format=%(refname)%00%(upstream:short)%00%(objectname)%00%(upstream:track)%00%(upstream:remotename)%00%(upstream:remoteref) refs/heads/main refs/remotes/main [2ms]
2024-04-11 03:01:01.610 [info] > git status -z -uall [64ms]
2024-04-11 03:01:06.732 [info] > git config --get commit.template [10ms]
2024-04-11 03:01:06.733 [info] > git for-each-ref --format=%(refname)%00%(upstream:short)%00%(objectname)%00%(upstream:track)%00%(upstream:remotename)%00%(upstream:remoteref) refs/heads/main refs/remotes/main [2ms]
2024-04-11 03:01:06.805 [info] > git status -z -uall [62ms]
2024-04-11 03:01:11.918 [info] > git config --get commit.template [11ms]
2024-04-11 03:01:11.919 [info] > git for-each-ref --format=%(refname)%00%(upstream:short)%00%(objectname)%00%(upstream:track)%00%(upstream:remotename)%00%(upstream:remoteref) refs/heads/main refs/remotes/main [1ms]
2024-04-11 03:01:11.990 [info] > git status -z -uall [61ms]
2024-04-11 03:01:17.101 [info] > git config --get commit.template [11ms]
2024-04-11 03:01:17.101 [info] > git for-each-ref --format=%(refname)%00%(upstream:short)%00%(objectname)%00%(upstream:track)%00%(upstream:remotename)%00%(upstream:remoteref) refs/heads/main refs/remotes/main [1ms]
2024-04-11 03:01:17.174 [info] > git status -z -uall [62ms]
2024-04-11 03:01:22.866 [info] > git config --get commit.template [11ms]
2024-04-11 03:01:22.867 [info] > git for-each-ref --format=%(refname)%00%(upstream:short)%00%(objectname)%00%(upstream:track)%00%(upstream:remotename)%00%(upstream:remoteref) refs/heads/main refs/remotes/main [2ms]
2024-04-11 03:01:22.944 [info] > git status -z -uall [67ms]
2024-04-11 03:01:28.063 [info] > git config --get commit.template [10ms]
2024-04-11 03:01:28.063 [info] > git for-each-ref --format=%(refname)%00%(upstream:short)%00%(objectname)%00%(upstream:track)%00%(upstream:remotename)%00%(upstream:remoteref) refs/heads/main refs/remotes/main [1ms]
2024-04-11 03:01:28.136 [info] > git status -z -uall [63ms]
2024-04-11 03:01:33.256 [info] > git config --get commit.template [10ms]
2024-04-11 03:01:33.257 [info] > git for-each-ref --format=%(refname)%00%(upstream:short)%00%(objectname)%00%(upstream:track)%00%(upstream:remotename)%00%(upstream:remoteref) refs/heads/main refs/remotes/main [2ms]
2024-04-11 03:01:33.330 [info] > git status -z -uall [64ms]
2024-04-11 03:01:39.004 [info] > git config --get commit.template [9ms]
2024-04-11 03:01:39.005 [info] > git for-each-ref --format=%(refname)%00%(upstream:short)%00%(objectname)%00%(upstream:track)%00%(upstream:remotename)%00%(upstream:remoteref) refs/heads/main refs/remotes/main [1ms]
2024-04-11 03:01:39.075 [info] > git status -z -uall [62ms]
2024-04-11 03:01:44.181 [info] > git config --get commit.template [10ms]
2024-04-11 03:01:44.182 [info] > git for-each-ref --format=%(refname)%00%(upstream:short)%00%(objectname)%00%(upstream:track)%00%(upstream:remotename)%00%(upstream:remoteref) refs/heads/main refs/remotes/main [1ms]
2024-04-11 03:01:44.253 [info] > git status -z -uall [61ms]
2024-04-11 03:01:49.361 [info] > git config --get commit.template [10ms]
2024-04-11 03:01:49.361 [info] > git for-each-ref --format=%(refname)%00%(upstream:short)%00%(objectname)%00%(upstream:track)%00%(upstream:remotename)%00%(upstream:remoteref) refs/heads/main refs/remotes/main [1ms]
2024-04-11 03:01:49.435 [info] > git status -z -uall [65ms]
2024-04-11 03:01:50.730 [info] > git show --textconv :Lab8/08_Iris_data.csv [10ms]
2024-04-11 03:01:50.731 [info] > git ls-files --stage -- /home/student/ENGR212_Abdullah_Abdulaziz/Lab8/08_Iris_data.csv [2ms]
2024-04-11 03:01:51.713 [info] > git show --textconv :Lab8/08_Iris_data_sorted.csv [10ms]
2024-04-11 03:01:51.714 [info] > git ls-files --stage -- /home/student/ENGR212_Abdullah_Abdulaziz/Lab8/08_Iris_data_sorted.csv [2ms]
2024-04-11 03:01:54.555 [info] > git config --get commit.template [9ms]
2024-04-11 03:01:54.555 [info] > git for-each-ref --format=%(refname)%00%(upstream:short)%00%(objectname)%00%(upstream:track)%00%(upstream:remotename)%00%(upstream:remoteref) refs/heads/main refs/remotes/main [1ms]
2024-04-11 03:01:54.625 [info] > git status -z -uall [61ms]
2024-04-11 03:01:59.731 [info] > git config --get commit.template [9ms]
2024-04-11 03:01:59.732 [info] > git for-each-ref --format=%(refname)%00%(upstream:short)%00%(objectname)%00%(upstream:track)%00%(upstream:remotename)%00%(upstream:remoteref) refs/heads/main refs/remotes/main [1ms]
2024-04-11 03:01:59.802 [info] > git status -z -uall [61ms]
2024-04-11 03:02:01.324 [info] > git config --get commit.template [10ms]
2024-04-11 03:02:01.325 [info] > git for-each-ref --format=%(refname)%00%(upstream:short)%00%(objectname)%00%(upstream:track)%00%(upstream:remotename)%00%(upstream:remoteref) refs/heads/main refs/remotes/main [2ms]
2024-04-11 03:02:01.338 [info] > git status -z -uall [5ms]
2024-04-11 03:02:04.911 [info] > git config --get commit.template [10ms]
2024-04-11 03:02:04.912 [info] > git for-each-ref --format=%(refname)%00%(upstream:short)%00%(objectname)%00%(upstream:track)%00%(upstream:remotename)%00%(upstream:remoteref) refs/heads/main refs/remotes/main [1ms]
2024-04-11 03:02:04.986 [info] > git status -z -uall [65ms]
2024-04-11 03:02:36.674 [info] > git config --get commit.template [1ms]
2024-04-11 03:02:36.685 [info] > git for-each-ref --format=%(refname)%00%(upstream:short)%00%(objectname)%00%(upstream:track)%00%(upstream:remotename)%00%(upstream:remoteref) refs/heads/main refs/remotes/main [1ms]
2024-04-11 03:02:36.757 [info] > git status -z -uall [62ms]
2024-04-11 03:02:41.930 [info] > git config --get commit.template [8ms]
2024-04-11 03:02:41.930 [info] > git for-each-ref --format=%(refname)%00%(upstream:short)%00%(objectname)%00%(upstream:track)%00%(upstream:remotename)%00%(upstream:remoteref) refs/heads/main refs/remotes/main [1ms]
2024-04-11 03:02:42.001 [info] > git status -z -uall [63ms]
2024-04-11 03:02:47.119 [info] > git config --get commit.template [8ms]
2024-04-11 03:02:47.120 [info] > git for-each-ref --format=%(refname)%00%(upstream:short)%00%(objectname)%00%(upstream:track)%00%(upstream:remotename)%00%(upstream:remoteref) refs/heads/main refs/remotes/main [2ms]
2024-04-11 03:02:47.189 [info] > git status -z -uall [62ms]
2024-04-11 03:02:52.299 [info] > git config --get commit.template [8ms]
2024-04-11 03:02:52.300 [info] > git for-each-ref --format=%(refname)%00%(upstream:short)%00%(objectname)%00%(upstream:track)%00%(upstream:remotename)%00%(upstream:remoteref) refs/heads/main refs/remotes/main [2ms]
2024-04-11 03:02:52.370 [info] > git status -z -uall [63ms]
2024-04-11 03:02:57.475 [info] > git config --get commit.template [8ms]
2024-04-11 03:02:57.476 [info] > git for-each-ref --format=%(refname)%00%(upstream:short)%00%(objectname)%00%(upstream:track)%00%(upstream:remotename)%00%(upstream:remoteref) refs/heads/main refs/remotes/main [1ms]
2024-04-11 03:02:57.547 [info] > git status -z -uall [63ms]
2024-04-11 03:03:07.013 [info] > git config --get commit.template [9ms]
2024-04-11 03:03:07.013 [info] > git for-each-ref --format=%(refname)%00%(upstream:short)%00%(objectname)%00%(upstream:track)%00%(upstream:remotename)%00%(upstream:remoteref) refs/heads/main refs/remotes/main [1ms]
2024-04-11 03:03:07.083 [info] > git status -z -uall [62ms]
2024-04-11 03:03:12.189 [info] > git config --get commit.template [9ms]
2024-04-11 03:03:12.190 [info] > git for-each-ref --format=%(refname)%00%(upstream:short)%00%(objectname)%00%(upstream:track)%00%(upstream:remotename)%00%(upstream:remoteref) refs/heads/main refs/remotes/main [1ms]
2024-04-11 03:03:12.262 [info] > git status -z -uall [64ms]
2024-04-11 03:03:13.942 [info] > git config --get commit.template [9ms]
2024-04-11 03:03:13.943 [info] > git for-each-ref --format=%(refname)%00%(upstream:short)%00%(objectname)%00%(upstream:track)%00%(upstream:remotename)%00%(upstream:remoteref) refs/heads/main refs/remotes/main [1ms]
2024-04-11 03:03:13.956 [info] > git status -z -uall [4ms]
2024-04-11 03:03:14.426 [info] > git check-ignore -v -z --stdin [1ms]
2024-04-11 03:03:16.369 [info] > git show --textconv :Lab8/Iris_data_sorted.csv [10ms]
2024-04-11 03:03:16.370 [info] > git ls-files --stage -- /home/student/ENGR212_Abdullah_Abdulaziz/Lab8/Iris_data_sorted.csv [2ms]
2024-04-11 03:03:17.381 [info] > git config --get commit.template [10ms]
2024-04-11 03:03:17.382 [info] > git for-each-ref --format=%(refname)%00%(upstream:short)%00%(objectname)%00%(upstream:track)%00%(upstream:remotename)%00%(upstream:remoteref) refs/heads/main refs/remotes/main [1ms]
2024-04-11 03:03:17.453 [info] > git status -z -uall [62ms]
2024-04-11 03:03:22.565 [info] > git config --get commit.template [11ms]
2024-04-11 03:03:22.566 [info] > git for-each-ref --format=%(refname)%00%(upstream:short)%00%(objectname)%00%(upstream:track)%00%(upstream:remotename)%00%(upstream:remoteref) refs/heads/main refs/remotes/main [2ms]
2024-04-11 03:03:22.638 [info] > git status -z -uall [62ms]
2024-04-11 03:03:27.749 [info] > git config --get commit.template [11ms]
2024-04-11 03:03:27.749 [info] > git for-each-ref --format=%(refname)%00%(upstream:short)%00%(objectname)%00%(upstream:track)%00%(upstream:remotename)%00%(upstream:remoteref) refs/heads/main refs/remotes/main [1ms]
2024-04-11 03:03:27.821 [info] > git status -z -uall [62ms]
2024-04-11 03:03:32.933 [info] > git config --get commit.template [10ms]
2024-04-11 03:03:32.934 [info] > git for-each-ref --format=%(refname)%00%(upstream:short)%00%(objectname)%00%(upstream:track)%00%(upstream:remotename)%00%(upstream:remoteref) refs/heads/main refs/remotes/main [2ms]
2024-04-11 03:03:33.009 [info] > git status -z -uall [65ms]
2024-04-11 03:05:27.382 [info] > git config --get commit.template [8ms]
2024-04-11 03:05:27.383 [info] > git for-each-ref --format=%(refname)%00%(upstream:short)%00%(objectname)%00%(upstream:track)%00%(upstream:remotename)%00%(upstream:remoteref) refs/heads/main refs/remotes/main [1ms]
2024-04-11 03:05:27.457 [info] > git status -z -uall [68ms]
2024-04-11 03:06:36.087 [info] > git config --get commit.template [1ms]
2024-04-11 03:06:36.094 [info] > git for-each-ref --format=%(refname)%00%(upstream:short)%00%(objectname)%00%(upstream:track)%00%(upstream:remotename)%00%(upstream:remoteref) refs/heads/main refs/remotes/main [1ms]
2024-04-11 03:06:36.167 [info] > git status -z -uall [66ms]
2024-04-11 03:06:41.303 [info] > git config --get commit.template [8ms]
2024-04-11 03:06:41.304 [info] > git for-each-ref --format=%(refname)%00%(upstream:short)%00%(objectname)%00%(upstream:track)%00%(upstream:remotename)%00%(upstream:remoteref) refs/heads/main refs/remotes/main [1ms]
2024-04-11 03:06:41.373 [info] > git status -z -uall [62ms]
2024-04-11 03:06:46.490 [info] > git config --get commit.template [8ms]
2024-04-11 03:06:46.491 [info] > git for-each-ref --format=%(refname)%00%(upstream:short)%00%(objectname)%00%(upstream:track)%00%(upstream:remotename)%00%(upstream:remoteref) refs/heads/main refs/remotes/main [2ms]
2024-04-11 03:06:46.559 [info] > git status -z -uall [62ms]
2024-04-11 03:06:51.667 [info] > git config --get commit.template [9ms]
2024-04-11 03:06:51.668 [info] > git for-each-ref --format=%(refname)%00%(upstream:short)%00%(objectname)%00%(upstream:track)%00%(upstream:remotename)%00%(upstream:remoteref) refs/heads/main refs/remotes/main [2ms]
2024-04-11 03:06:51.737 [info] > git status -z -uall [62ms]
2024-04-11 03:06:56.843 [info] > git config --get commit.template [9ms]
2024-04-11 03:06:56.844 [info] > git for-each-ref --format=%(refname)%00%(upstream:short)%00%(objectname)%00%(upstream:track)%00%(upstream:remotename)%00%(upstream:remoteref) refs/heads/main refs/remotes/main [2ms]
2024-04-11 03:06:56.914 [info] > git status -z -uall [63ms]
2024-04-11 03:10:07.626 [info] > git config --get commit.template [6ms]
2024-04-11 03:10:07.626 [info] > git for-each-ref --format=%(refname)%00%(upstream:short)%00%(objectname)%00%(upstream:track)%00%(upstream:remotename)%00%(upstream:remoteref) refs/heads/main refs/remotes/main [1ms]
2024-04-11 03:10:07.701 [info] > git status -z -uall [69ms]
2024-04-11 03:10:12.862 [info] > git config --get commit.template [8ms]
2024-04-11 03:10:12.862 [info] > git for-each-ref --format=%(refname)%00%(upstream:short)%00%(objectname)%00%(upstream:track)%00%(upstream:remotename)%00%(upstream:remoteref) refs/heads/main refs/remotes/main [1ms]
2024-04-11 03:10:12.931 [info] > git status -z -uall [62ms]
2024-04-11 03:10:18.051 [info] > git config --get commit.template [8ms]
2024-04-11 03:10:18.052 [info] > git for-each-ref --format=%(refname)%00%(upstream:short)%00%(objectname)%00%(upstream:track)%00%(upstream:remotename)%00%(upstream:remoteref) refs/heads/main refs/remotes/main [2ms]
2024-04-11 03:10:18.121 [info] > git status -z -uall [63ms]
2024-04-11 03:10:23.229 [info] > git config --get commit.template [8ms]
2024-04-11 03:10:23.230 [info] > git for-each-ref --format=%(refname)%00%(upstream:short)%00%(objectname)%00%(upstream:track)%00%(upstream:remotename)%00%(upstream:remoteref) refs/heads/main refs/remotes/main [1ms]
2024-04-11 03:10:23.299 [info] > git status -z -uall [63ms]
2024-04-11 03:11:10.918 [info] > git config --get commit.template [8ms]
2024-04-11 03:11:10.919 [info] > git for-each-ref --format=%(refname)%00%(upstream:short)%00%(objectname)%00%(upstream:track)%00%(upstream:remotename)%00%(upstream:remoteref) refs/heads/main refs/remotes/main [2ms]
2024-04-11 03:11:10.990 [info] > git status -z -uall [65ms]
2024-04-11 03:16:08.737 [info] > git config --get commit.template [6ms]
2024-04-11 03:16:08.738 [info] > git for-each-ref --format=%(refname)%00%(upstream:short)%00%(objectname)%00%(upstream:track)%00%(upstream:remotename)%00%(upstream:remoteref) refs/heads/main refs/remotes/main [2ms]
2024-04-11 03:16:08.812 [info] > git status -z -uall [69ms]
2024-04-11 03:37:10.528 [info] > git config --get commit.template [7ms]
2024-04-11 03:37:10.529 [info] > git for-each-ref --format=%(refname)%00%(upstream:short)%00%(objectname)%00%(upstream:track)%00%(upstream:remotename)%00%(upstream:remoteref) refs/heads/main refs/remotes/main [2ms]
2024-04-11 03:37:10.601 [info] > git status -z -uall [66ms]
2024-04-11 03:37:15.755 [info] > git config --get commit.template [8ms]
2024-04-11 03:37:15.755 [info] > git for-each-ref --format=%(refname)%00%(upstream:short)%00%(objectname)%00%(upstream:track)%00%(upstream:remotename)%00%(upstream:remoteref) refs/heads/main refs/remotes/main [1ms]
2024-04-11 03:37:15.824 [info] > git status -z -uall [62ms]
2024-04-11 03:37:20.940 [info] > git config --get commit.template [8ms]
2024-04-11 03:37:20.941 [info] > git for-each-ref --format=%(refname)%00%(upstream:short)%00%(objectname)%00%(upstream:track)%00%(upstream:remotename)%00%(upstream:remoteref) refs/heads/main refs/remotes/main [1ms]
2024-04-11 03:37:21.012 [info] > git status -z -uall [65ms]
2024-04-11 03:37:26.118 [info] > git config --get commit.template [9ms]
2024-04-11 03:37:26.118 [info] > git for-each-ref --format=%(refname)%00%(upstream:short)%00%(objectname)%00%(upstream:track)%00%(upstream:remotename)%00%(upstream:remoteref) refs/heads/main refs/remotes/main [1ms]
2024-04-11 03:37:26.188 [info] > git status -z -uall [62ms]
2024-04-11 03:37:31.295 [info] > git config --get commit.template [8ms]
2024-04-11 03:37:31.296 [info] > git for-each-ref --format=%(refname)%00%(upstream:short)%00%(objectname)%00%(upstream:track)%00%(upstream:remotename)%00%(upstream:remoteref) refs/heads/main refs/remotes/main [2ms]
2024-04-11 03:37:31.366 [info] > git status -z -uall [62ms]
2024-04-11 03:37:45.060 [info] > git config --get commit.template [1ms]
2024-04-11 03:37:45.070 [info] > git for-each-ref --format=%(refname)%00%(upstream:short)%00%(objectname)%00%(upstream:track)%00%(upstream:remotename)%00%(upstream:remoteref) refs/heads/main refs/remotes/main [2ms]
2024-04-11 03:37:45.145 [info] > git status -z -uall [66ms]
2024-04-11 03:37:50.266 [info] > git config --get commit.template [9ms]
2024-04-11 03:37:50.266 [info] > git for-each-ref --format=%(refname)%00%(upstream:short)%00%(objectname)%00%(upstream:track)%00%(upstream:remotename)%00%(upstream:remoteref) refs/heads/main refs/remotes/main [1ms]
2024-04-11 03:37:50.337 [info] > git status -z -uall [63ms]
2024-04-11 03:42:08.210 [info] > git config --get commit.template [6ms]
2024-04-11 03:42:08.211 [info] > git for-each-ref --format=%(refname)%00%(upstream:short)%00%(objectname)%00%(upstream:track)%00%(upstream:remotename)%00%(upstream:remoteref) refs/heads/main refs/remotes/main [2ms]
2024-04-11 03:42:08.284 [info] > git status -z -uall [68ms]
2024-04-11 03:42:13.785 [info] > git config --get commit.template [7ms]
2024-04-11 03:42:13.786 [info] > git for-each-ref --format=%(refname)%00%(upstream:short)%00%(objectname)%00%(upstream:track)%00%(upstream:remotename)%00%(upstream:remoteref) refs/heads/main refs/remotes/main [2ms]
2024-04-11 03:42:13.855 [info] > git status -z -uall [62ms]
2024-04-11 03:45:05.769 [info] > git config --get commit.template [7ms]
2024-04-11 03:45:05.770 [info] > git for-each-ref --format=%(refname)%00%(upstream:short)%00%(objectname)%00%(upstream:track)%00%(upstream:remotename)%00%(upstream:remoteref) refs/heads/main refs/remotes/main [1ms]
2024-04-11 03:45:05.843 [info] > git status -z -uall [67ms]
2024-04-11 03:45:11.009 [info] > git config --get commit.template [7ms]
2024-04-11 03:45:11.009 [info] > git for-each-ref --format=%(refname)%00%(upstream:short)%00%(objectname)%00%(upstream:track)%00%(upstream:remotename)%00%(upstream:remoteref) refs/heads/main refs/remotes/main [1ms]
2024-04-11 03:45:11.079 [info] > git status -z -uall [63ms]
2024-04-11 03:45:16.193 [info] > git config --get commit.template [7ms]
2024-04-11 03:45:16.193 [info] > git for-each-ref --format=%(refname)%00%(upstream:short)%00%(objectname)%00%(upstream:track)%00%(upstream:remotename)%00%(upstream:remoteref) refs/heads/main refs/remotes/main [1ms]
2024-04-11 03:45:16.262 [info] > git status -z -uall [62ms]
2024-04-11 03:45:20.582 [info] > git config --get commit.template [8ms]
2024-04-11 03:45:20.582 [info] > git for-each-ref --format=%(refname)%00%(upstream:short)%00%(objectname)%00%(upstream:track)%00%(upstream:remotename)%00%(upstream:remoteref) refs/heads/main refs/remotes/main [1ms]
2024-04-11 03:45:20.593 [info] > git status -z -uall [4ms]
2024-04-11 03:45:21.062 [info] > git check-ignore -v -z --stdin [2ms]
2024-04-11 03:45:21.366 [info] > git config --get commit.template [8ms]
2024-04-11 03:45:21.366 [info] > git for-each-ref --format=%(refname)%00%(upstream:short)%00%(objectname)%00%(upstream:track)%00%(upstream:remotename)%00%(upstream:remoteref) refs/heads/main refs/remotes/main [1ms]
2024-04-11 03:45:21.441 [info] > git status -z -uall [67ms]
2024-04-11 03:45:22.605 [info] > git show --textconv :Lab8/Iris_data_PetalLength.csv [9ms]
2024-04-11 03:45:22.606 [info] > git ls-files --stage -- /home/student/ENGR212_Abdullah_Abdulaziz/Lab8/Iris_data_PetalLength.csv [2ms]
2024-04-11 03:45:29.117 [info] > git config --get commit.template [8ms]
2024-04-11 03:45:29.118 [info] > git for-each-ref --format=%(refname)%00%(upstream:short)%00%(objectname)%00%(upstream:track)%00%(upstream:remotename)%00%(upstream:remoteref) refs/heads/main refs/remotes/main [1ms]
2024-04-11 03:45:29.188 [info] > git status -z -uall [62ms]
2024-04-11 03:45:34.297 [info] > git config --get commit.template [10ms]
2024-04-11 03:45:34.298 [info] > git for-each-ref --format=%(refname)%00%(upstream:short)%00%(objectname)%00%(upstream:track)%00%(upstream:remotename)%00%(upstream:remoteref) refs/heads/main refs/remotes/main [2ms]
2024-04-11 03:45:34.368 [info] > git status -z -uall [61ms]
2024-04-11 03:45:39.478 [info] > git config --get commit.template [10ms]
2024-04-11 03:45:39.479 [info] > git for-each-ref --format=%(refname)%00%(upstream:short)%00%(objectname)%00%(upstream:track)%00%(upstream:remotename)%00%(upstream:remoteref) refs/heads/main refs/remotes/main [2ms]
2024-04-11 03:45:39.553 [info] > git status -z -uall [66ms]
2024-04-11 03:45:44.675 [info] > git config --get commit.template [10ms]
2024-04-11 03:45:44.676 [info] > git for-each-ref --format=%(refname)%00%(upstream:short)%00%(objectname)%00%(upstream:track)%00%(upstream:remotename)%00%(upstream:remoteref) refs/heads/main refs/remotes/main [2ms]
2024-04-11 03:45:44.747 [info] > git status -z -uall [61ms]
2024-04-11 03:45:49.857 [info] > git config --get commit.template [10ms]
2024-04-11 03:45:49.858 [info] > git for-each-ref --format=%(refname)%00%(upstream:short)%00%(objectname)%00%(upstream:track)%00%(upstream:remotename)%00%(upstream:remoteref) refs/heads/main refs/remotes/main [1ms]
2024-04-11 03:45:49.928 [info] > git status -z -uall [62ms]
2024-04-11 03:45:55.039 [info] > git config --get commit.template [11ms]
2024-04-11 03:45:55.040 [info] > git for-each-ref --format=%(refname)%00%(upstream:short)%00%(objectname)%00%(upstream:track)%00%(upstream:remotename)%00%(upstream:remoteref) refs/heads/main refs/remotes/main [1ms]
2024-04-11 03:45:55.112 [info] > git status -z -uall [63ms]
2024-04-11 03:47:24.757 [info] > git config --get commit.template [6ms]
2024-04-11 03:47:24.757 [info] > git for-each-ref --format=%(refname)%00%(upstream:short)%00%(objectname)%00%(upstream:track)%00%(upstream:remotename)%00%(upstream:remoteref) refs/heads/main refs/remotes/main [1ms]
2024-04-11 03:47:24.832 [info] > git status -z -uall [69ms]
2024-04-11 03:47:29.992 [info] > git config --get commit.template [8ms]
2024-04-11 03:47:29.993 [info] > git for-each-ref --format=%(refname)%00%(upstream:short)%00%(objectname)%00%(upstream:track)%00%(upstream:remotename)%00%(upstream:remoteref) refs/heads/main refs/remotes/main [1ms]
2024-04-11 03:47:30.061 [info] > git status -z -uall [61ms]
2024-04-11 03:47:31.174 [info] > git show --textconv :Lab8/Iris_data_sorted.csv [7ms]
2024-04-11 03:47:31.176 [info] > git ls-files --stage -- /home/student/ENGR212_Abdullah_Abdulaziz/Lab8/Iris_data_sorted.csv [1ms]
2024-04-11 03:47:33.673 [info] > git show --textconv :Lab8/Iris_data_PetalLength.csv [7ms]
2024-04-11 03:47:33.674 [info] > git ls-files --stage -- /home/student/ENGR212_Abdullah_Abdulaziz/Lab8/Iris_data_PetalLength.csv [2ms]
2024-04-11 03:47:34.589 [info] > git show --textconv :Lab8/Iris_data_sorted.csv [7ms]
2024-04-11 03:47:34.590 [info] > git ls-files --stage -- /home/student/ENGR212_Abdullah_Abdulaziz/Lab8/Iris_data_sorted.csv [1ms]
2024-04-11 03:47:35.178 [info] > git config --get commit.template [8ms]
2024-04-11 03:47:35.178 [info] > git for-each-ref --format=%(refname)%00%(upstream:short)%00%(objectname)%00%(upstream:track)%00%(upstream:remotename)%00%(upstream:remoteref) refs/heads/main refs/remotes/main [1ms]
2024-04-11 03:47:35.248 [info] > git status -z -uall [63ms]
2024-04-11 03:47:38.702 [info] > git show --textconv :Lab8/Iris_data_PetalLength.csv [8ms]
2024-04-11 03:47:38.703 [info] > git ls-files --stage -- /home/student/ENGR212_Abdullah_Abdulaziz/Lab8/Iris_data_PetalLength.csv [2ms]
2024-04-11 03:47:39.375 [info] > git show --textconv :Lab8/Iris_data_sorted.csv [8ms]
2024-04-11 03:47:39.376 [info] > git ls-files --stage -- /home/student/ENGR212_Abdullah_Abdulaziz/Lab8/Iris_data_sorted.csv [2ms]
2024-04-11 03:47:39.973 [info] > git show --textconv :Lab8/Iris_data_PetalLength.csv [9ms]
2024-04-11 03:47:39.974 [info] > git ls-files --stage -- /home/student/ENGR212_Abdullah_Abdulaziz/Lab8/Iris_data_PetalLength.csv [2ms]
2024-04-11 03:47:40.354 [info] > git config --get commit.template [8ms]
2024-04-11 03:47:40.355 [info] > git for-each-ref --format=%(refname)%00%(upstream:short)%00%(objectname)%00%(upstream:track)%00%(upstream:remotename)%00%(upstream:remoteref) refs/heads/main refs/remotes/main [2ms]
2024-04-11 03:47:40.427 [info] > git status -z -uall [65ms]
2024-04-11 03:47:41.209 [info] > git show --textconv :Lab8/Iris_data_sorted.csv [8ms]
2024-04-11 03:47:41.210 [info] > git ls-files --stage -- /home/student/ENGR212_Abdullah_Abdulaziz/Lab8/Iris_data_sorted.csv [2ms]
2024-04-11 03:47:43.170 [info] > git show --textconv :Lab8/Iris_data_PetalLength.csv [8ms]
2024-04-11 03:47:43.170 [info] > git ls-files --stage -- /home/student/ENGR212_Abdullah_Abdulaziz/Lab8/Iris_data_PetalLength.csv [1ms]
2024-04-11 03:47:43.815 [info] > git show --textconv :Lab8/Iris_data_sorted.csv [9ms]
2024-04-11 03:47:43.816 [info] > git ls-files --stage -- /home/student/ENGR212_Abdullah_Abdulaziz/Lab8/Iris_data_sorted.csv [1ms]
2024-04-11 03:49:16.143 [info] > git config --get commit.template [8ms]
2024-04-11 03:49:16.143 [info] > git for-each-ref --format=%(refname)%00%(upstream:short)%00%(objectname)%00%(upstream:track)%00%(upstream:remotename)%00%(upstream:remoteref) refs/heads/main refs/remotes/main [3ms]
2024-04-11 03:49:16.217 [info] > git status -z -uall [68ms]
2024-04-11 03:49:17.050 [info] > git show --textconv :Lab8/Iris_data_PetalLength.csv [8ms]
2024-04-11 03:49:17.052 [info] > git ls-files --stage -- /home/student/ENGR212_Abdullah_Abdulaziz/Lab8/Iris_data_PetalLength.csv [2ms]
2024-04-11 03:49:21.376 [info] > git config --get commit.template [7ms]
2024-04-11 03:49:21.376 [info] > git for-each-ref --format=%(refname)%00%(upstream:short)%00%(objectname)%00%(upstream:track)%00%(upstream:remotename)%00%(upstream:remoteref) refs/heads/main refs/remotes/main [1ms]
2024-04-11 03:49:21.446 [info] > git status -z -uall [63ms]
2024-04-11 03:49:26.563 [info] > git config --get commit.template [8ms]
2024-04-11 03:49:26.564 [info] > git for-each-ref --format=%(refname)%00%(upstream:short)%00%(objectname)%00%(upstream:track)%00%(upstream:remotename)%00%(upstream:remoteref) refs/heads/main refs/remotes/main [1ms]
2024-04-11 03:49:26.634 [info] > git status -z -uall [63ms]
2024-04-11 03:49:31.740 [info] > git config --get commit.template [8ms]
2024-04-11 03:49:31.741 [info] > git for-each-ref --format=%(refname)%00%(upstream:short)%00%(objectname)%00%(upstream:track)%00%(upstream:remotename)%00%(upstream:remoteref) refs/heads/main refs/remotes/main [1ms]
2024-04-11 03:49:31.812 [info] > git status -z -uall [64ms]
2024-04-11 03:49:36.922 [info] > git config --get commit.template [9ms]
2024-04-11 03:49:36.922 [info] > git for-each-ref --format=%(refname)%00%(upstream:short)%00%(objectname)%00%(upstream:track)%00%(upstream:remotename)%00%(upstream:remoteref) refs/heads/main refs/remotes/main [1ms]
2024-04-11 03:49:36.992 [info] > git status -z -uall [61ms]
2024-04-11 03:49:42.099 [info] > git config --get commit.template [9ms]
2024-04-11 03:49:42.100 [info] > git for-each-ref --format=%(refname)%00%(upstream:short)%00%(objectname)%00%(upstream:track)%00%(upstream:remotename)%00%(upstream:remoteref) refs/heads/main refs/remotes/main [1ms]
2024-04-11 03:49:42.173 [info] > git status -z -uall [66ms]
2024-04-11 03:51:26.570 [info] > git config --get commit.template [6ms]
2024-04-11 03:51:26.570 [info] > git for-each-ref --format=%(refname)%00%(upstream:short)%00%(objectname)%00%(upstream:track)%00%(upstream:remotename)%00%(upstream:remoteref) refs/heads/main refs/remotes/main [1ms]
2024-04-11 03:51:26.645 [info] > git status -z -uall [69ms]
2024-04-11 03:52:00.792 [info] > git config --get commit.template [8ms]
2024-04-11 03:52:00.793 [info] > git for-each-ref --format=%(refname)%00%(upstream:short)%00%(objectname)%00%(upstream:track)%00%(upstream:remotename)%00%(upstream:remoteref) refs/heads/main refs/remotes/main [2ms]
2024-04-11 03:52:00.863 [info] > git status -z -uall [63ms]
2024-04-11 03:52:05.991 [info] > git config --get commit.template [8ms]
2024-04-11 03:52:05.992 [info] > git for-each-ref --format=%(refname)%00%(upstream:short)%00%(objectname)%00%(upstream:track)%00%(upstream:remotename)%00%(upstream:remoteref) refs/heads/main refs/remotes/main [2ms]
2024-04-11 03:52:06.063 [info] > git status -z -uall [64ms]
2024-04-11 03:52:10.472 [info] > git check-ignore -v -z --stdin [3ms]
2024-04-11 03:52:11.191 [info] > git config --get commit.template [8ms]
2024-04-11 03:52:11.192 [info] > git for-each-ref --format=%(refname)%00%(upstream:short)%00%(objectname)%00%(upstream:track)%00%(upstream:remotename)%00%(upstream:remoteref) refs/heads/main refs/remotes/main [1ms]
2024-04-11 03:52:11.261 [info] > git status -z -uall [63ms]
2024-04-11 03:52:16.380 [info] > git config --get commit.template [8ms]
2024-04-11 03:52:16.380 [info] > git for-each-ref --format=%(refname)%00%(upstream:short)%00%(objectname)%00%(upstream:track)%00%(upstream:remotename)%00%(upstream:remoteref) refs/heads/main refs/remotes/main [1ms]
2024-04-11 03:52:16.451 [info] > git status -z -uall [63ms]
2024-04-11 03:52:21.559 [info] > git config --get commit.template [8ms]
2024-04-11 03:52:21.560 [info] > git for-each-ref --format=%(refname)%00%(upstream:short)%00%(objectname)%00%(upstream:track)%00%(upstream:remotename)%00%(upstream:remoteref) refs/heads/main refs/remotes/main [1ms]
2024-04-11 03:52:21.631 [info] > git status -z -uall [63ms]
2024-04-11 03:52:26.740 [info] > git config --get commit.template [9ms]
2024-04-11 03:52:26.741 [info] > git for-each-ref --format=%(refname)%00%(upstream:short)%00%(objectname)%00%(upstream:track)%00%(upstream:remotename)%00%(upstream:remoteref) refs/heads/main refs/remotes/main [1ms]
2024-04-11 03:52:26.810 [info] > git status -z -uall [61ms]
2024-04-11 03:54:30.293 [info] > git config --get commit.template [6ms]
2024-04-11 03:54:30.294 [info] > git for-each-ref --format=%(refname)%00%(upstream:short)%00%(objectname)%00%(upstream:track)%00%(upstream:remotename)%00%(upstream:remoteref) refs/heads/main refs/remotes/main [2ms]
2024-04-11 03:54:30.366 [info] > git status -z -uall [66ms]
2024-04-11 03:54:40.914 [info] > git config --get commit.template [8ms]
2024-04-11 03:54:40.914 [info] > git for-each-ref --format=%(refname)%00%(upstream:short)%00%(objectname)%00%(upstream:track)%00%(upstream:remotename)%00%(upstream:remoteref) refs/heads/main refs/remotes/main [1ms]
2024-04-11 03:54:40.982 [info] > git status -z -uall [61ms]
2024-04-11 03:54:46.099 [info] > git config --get commit.template [8ms]
2024-04-11 03:54:46.099 [info] > git for-each-ref --format=%(refname)%00%(upstream:short)%00%(objectname)%00%(upstream:track)%00%(upstream:remotename)%00%(upstream:remoteref) refs/heads/main refs/remotes/main [1ms]
2024-04-11 03:54:46.168 [info] > git status -z -uall [62ms]
2024-04-11 03:54:51.290 [info] > git config --get commit.template [8ms]
2024-04-11 03:54:51.291 [info] > git for-each-ref --format=%(refname)%00%(upstream:short)%00%(objectname)%00%(upstream:track)%00%(upstream:remotename)%00%(upstream:remoteref) refs/heads/main refs/remotes/main [2ms]
2024-04-11 03:54:51.358 [info] > git status -z -uall [61ms]
2024-04-11 03:54:56.479 [info] > git config --get commit.template [8ms]
2024-04-11 03:54:56.480 [info] > git for-each-ref --format=%(refname)%00%(upstream:short)%00%(objectname)%00%(upstream:track)%00%(upstream:remotename)%00%(upstream:remoteref) refs/heads/main refs/remotes/main [2ms]
2024-04-11 03:54:56.547 [info] > git status -z -uall [61ms]
2024-04-11 03:55:00.731 [info] > git show --textconv :.vimrc [8ms]
2024-04-11 03:55:00.734 [info] > git ls-files --stage -- /home/student/.vimrc [4ms]
2024-04-11 03:55:01.668 [info] > git config --get commit.template [8ms]
2024-04-11 03:55:01.669 [info] > git for-each-ref --format=%(refname)%00%(upstream:short)%00%(objectname)%00%(upstream:track)%00%(upstream:remotename)%00%(upstream:remoteref) refs/heads/main refs/remotes/main [2ms]
2024-04-11 03:55:01.738 [info] > git status -z -uall [62ms]
2024-04-11 03:55:06.858 [info] > git config --get commit.template [7ms]
2024-04-11 03:55:06.858 [info] > git for-each-ref --format=%(refname)%00%(upstream:short)%00%(objectname)%00%(upstream:track)%00%(upstream:remotename)%00%(upstream:remoteref) refs/heads/main refs/remotes/main [1ms]
2024-04-11 03:55:06.925 [info] > git status -z -uall [61ms]
2024-04-11 03:55:10.793 [info] > git check-ignore -v -z --stdin [3ms]
2024-04-11 03:55:12.042 [info] > git config --get commit.template [8ms]
2024-04-11 03:55:12.043 [info] > git for-each-ref --format=%(refname)%00%(upstream:short)%00%(objectname)%00%(upstream:track)%00%(upstream:remotename)%00%(upstream:remoteref) refs/heads/main refs/remotes/main [2ms]
2024-04-11 03:55:12.111 [info] > git status -z -uall [62ms]
2024-04-11 03:55:18.786 [info] > git config --get commit.template [7ms]
2024-04-11 03:55:18.786 [info] > git for-each-ref --format=%(refname)%00%(upstream:short)%00%(objectname)%00%(upstream:track)%00%(upstream:remotename)%00%(upstream:remoteref) refs/heads/main refs/remotes/main [1ms]
2024-04-11 03:55:18.855 [info] > git status -z -uall [63ms]
2024-04-11 03:55:23.974 [info] > git config --get commit.template [7ms]
2024-04-11 03:55:23.974 [info] > git for-each-ref --format=%(refname)%00%(upstream:short)%00%(objectname)%00%(upstream:track)%00%(upstream:remotename)%00%(upstream:remoteref) refs/heads/main refs/remotes/main [1ms]
2024-04-11 03:55:24.042 [info] > git status -z -uall [61ms]
2024-04-11 03:55:29.160 [info] > git config --get commit.template [8ms]
2024-04-11 03:55:29.161 [info] > git for-each-ref --format=%(refname)%00%(upstream:short)%00%(objectname)%00%(upstream:track)%00%(upstream:remotename)%00%(upstream:remoteref) refs/heads/main refs/remotes/main [1ms]
2024-04-11 03:55:29.229 [info] > git status -z -uall [62ms]
2024-04-11 03:55:34.349 [info] > git config --get commit.template [8ms]
2024-04-11 03:55:34.349 [info] > git for-each-ref --format=%(refname)%00%(upstream:short)%00%(objectname)%00%(upstream:track)%00%(upstream:remotename)%00%(upstream:remoteref) refs/heads/main refs/remotes/main [1ms]
2024-04-11 03:55:34.419 [info] > git status -z -uall [62ms]
2024-04-11 03:55:40.086 [info] > git config --get commit.template [2ms]
2024-04-11 03:55:40.095 [info] > git for-each-ref --format=%(refname)%00%(upstream:short)%00%(objectname)%00%(upstream:track)%00%(upstream:remotename)%00%(upstream:remoteref) refs/heads/main refs/remotes/main [2ms]
2024-04-11 03:55:40.166 [info] > git status -z -uall [64ms]
2024-04-11 03:55:45.287 [info] > git config --get commit.template [9ms]
2024-04-11 03:55:45.288 [info] > git for-each-ref --format=%(refname)%00%(upstream:short)%00%(objectname)%00%(upstream:track)%00%(upstream:remotename)%00%(upstream:remoteref) refs/heads/main refs/remotes/main [2ms]
2024-04-11 03:55:45.358 [info] > git status -z -uall [63ms]
2024-04-11 03:55:50.481 [info] > git config --get commit.template [7ms]
2024-04-11 03:55:50.481 [info] > git for-each-ref --format=%(refname)%00%(upstream:short)%00%(objectname)%00%(upstream:track)%00%(upstream:remotename)%00%(upstream:remoteref) refs/heads/main refs/remotes/main [1ms]
2024-04-11 03:55:50.550 [info] > git status -z -uall [62ms]
2024-04-11 03:55:55.670 [info] > git config --get commit.template [8ms]
2024-04-11 03:55:55.670 [info] > git for-each-ref --format=%(refname)%00%(upstream:short)%00%(objectname)%00%(upstream:track)%00%(upstream:remotename)%00%(upstream:remoteref) refs/heads/main refs/remotes/main [1ms]
2024-04-11 03:55:55.739 [info] > git status -z -uall [62ms]
2024-04-11 03:56:00.859 [info] > git config --get commit.template [8ms]
2024-04-11 03:56:00.859 [info] > git for-each-ref --format=%(refname)%00%(upstream:short)%00%(objectname)%00%(upstream:track)%00%(upstream:remotename)%00%(upstream:remoteref) refs/heads/main refs/remotes/main [1ms]
2024-04-11 03:56:00.928 [info] > git status -z -uall [62ms]
2024-04-11 03:56:06.048 [info] > git config --get commit.template [8ms]
2024-04-11 03:56:06.049 [info] > git for-each-ref --format=%(refname)%00%(upstream:short)%00%(objectname)%00%(upstream:track)%00%(upstream:remotename)%00%(upstream:remoteref) refs/heads/main refs/remotes/main [1ms]
2024-04-11 03:56:06.118 [info] > git status -z -uall [63ms]
2024-04-11 03:56:11.236 [info] > git config --get commit.template [8ms]
2024-04-11 03:56:11.236 [info] > git for-each-ref --format=%(refname)%00%(upstream:short)%00%(objectname)%00%(upstream:track)%00%(upstream:remotename)%00%(upstream:remoteref) refs/heads/main refs/remotes/main [1ms]
2024-04-11 03:56:11.304 [info] > git status -z -uall [62ms]
2024-04-11 03:56:16.424 [info] > git config --get commit.template [7ms]
2024-04-11 03:56:16.424 [info] > git for-each-ref --format=%(refname)%00%(upstream:short)%00%(objectname)%00%(upstream:track)%00%(upstream:remotename)%00%(upstream:remoteref) refs/heads/main refs/remotes/main [1ms]
2024-04-11 03:56:16.492 [info] > git status -z -uall [62ms]
2024-04-11 03:56:21.611 [info] > git config --get commit.template [8ms]
2024-04-11 03:56:21.611 [info] > git for-each-ref --format=%(refname)%00%(upstream:short)%00%(objectname)%00%(upstream:track)%00%(upstream:remotename)%00%(upstream:remoteref) refs/heads/main refs/remotes/main [1ms]
2024-04-11 03:56:21.680 [info] > git status -z -uall [61ms]
2024-04-11 03:56:26.798 [info] > git config --get commit.template [8ms]
2024-04-11 03:56:26.798 [info] > git for-each-ref --format=%(refname)%00%(upstream:short)%00%(objectname)%00%(upstream:track)%00%(upstream:remotename)%00%(upstream:remoteref) refs/heads/main refs/remotes/main [1ms]
2024-04-11 03:56:26.867 [info] > git status -z -uall [62ms]
2024-04-11 03:56:31.988 [info] > git config --get commit.template [9ms]
2024-04-11 03:56:31.988 [info] > git for-each-ref --format=%(refname)%00%(upstream:short)%00%(objectname)%00%(upstream:track)%00%(upstream:remotename)%00%(upstream:remoteref) refs/heads/main refs/remotes/main [2ms]
2024-04-11 03:56:32.058 [info] > git status -z -uall [63ms]
2024-04-11 03:56:37.178 [info] > git config --get commit.template [8ms]
2024-04-11 03:56:37.179 [info] > git for-each-ref --format=%(refname)%00%(upstream:short)%00%(objectname)%00%(upstream:track)%00%(upstream:remotename)%00%(upstream:remoteref) refs/heads/main refs/remotes/main [2ms]
2024-04-11 03:56:37.247 [info] > git status -z -uall [61ms]
2024-04-11 03:56:42.369 [info] > git config --get commit.template [8ms]
2024-04-11 03:56:42.370 [info] > git for-each-ref --format=%(refname)%00%(upstream:short)%00%(objectname)%00%(upstream:track)%00%(upstream:remotename)%00%(upstream:remoteref) refs/heads/main refs/remotes/main [1ms]
2024-04-11 03:56:42.438 [info] > git status -z -uall [61ms]
2024-04-11 03:56:47.562 [info] > git config --get commit.template [8ms]
2024-04-11 03:56:47.562 [info] > git for-each-ref --format=%(refname)%00%(upstream:short)%00%(objectname)%00%(upstream:track)%00%(upstream:remotename)%00%(upstream:remoteref) refs/heads/main refs/remotes/main [1ms]
2024-04-11 03:56:47.632 [info] > git status -z -uall [63ms]
2024-04-11 03:56:52.753 [info] > git config --get commit.template [8ms]
2024-04-11 03:56:52.753 [info] > git for-each-ref --format=%(refname)%00%(upstream:short)%00%(objectname)%00%(upstream:track)%00%(upstream:remotename)%00%(upstream:remoteref) refs/heads/main refs/remotes/main [1ms]
2024-04-11 03:56:52.822 [info] > git status -z -uall [62ms]
2024-04-11 03:56:57.942 [info] > git config --get commit.template [8ms]
2024-04-11 03:56:57.942 [info] > git for-each-ref --format=%(refname)%00%(upstream:short)%00%(objectname)%00%(upstream:track)%00%(upstream:remotename)%00%(upstream:remoteref) refs/heads/main refs/remotes/main [1ms]
2024-04-11 03:56:58.012 [info] > git status -z -uall [62ms]
2024-04-11 03:57:03.694 [info] > git config --get commit.template [1ms]
2024-04-11 03:57:03.703 [info] > git for-each-ref --format=%(refname)%00%(upstream:short)%00%(objectname)%00%(upstream:track)%00%(upstream:remotename)%00%(upstream:remoteref) refs/heads/main refs/remotes/main [1ms]
2024-04-11 03:57:03.772 [info] > git status -z -uall [62ms]
2024-04-11 03:57:08.897 [info] > git config --get commit.template [8ms]
2024-04-11 03:57:08.898 [info] > git for-each-ref --format=%(refname)%00%(upstream:short)%00%(objectname)%00%(upstream:track)%00%(upstream:remotename)%00%(upstream:remoteref) refs/heads/main refs/remotes/main [2ms]
2024-04-11 03:57:08.969 [info] > git status -z -uall [64ms]
2024-04-11 03:57:14.699 [info] > git config --get commit.template [2ms]
2024-04-11 03:57:14.707 [info] > git for-each-ref --format=%(refname)%00%(upstream:short)%00%(objectname)%00%(upstream:track)%00%(upstream:remotename)%00%(upstream:remoteref) refs/heads/main refs/remotes/main [1ms]
2024-04-11 03:57:14.776 [info] > git status -z -uall [62ms]
2024-04-11 03:57:19.896 [info] > git config --get commit.template [7ms]
2024-04-11 03:57:19.897 [info] > git for-each-ref --format=%(refname)%00%(upstream:short)%00%(objectname)%00%(upstream:track)%00%(upstream:remotename)%00%(upstream:remoteref) refs/heads/main refs/remotes/main [2ms]
2024-04-11 03:57:19.965 [info] > git status -z -uall [62ms]
2024-04-11 03:57:25.087 [info] > git config --get commit.template [8ms]
2024-04-11 03:57:25.087 [info] > git for-each-ref --format=%(refname)%00%(upstream:short)%00%(objectname)%00%(upstream:track)%00%(upstream:remotename)%00%(upstream:remoteref) refs/heads/main refs/remotes/main [1ms]
2024-04-11 03:57:25.156 [info] > git status -z -uall [62ms]
2024-04-11 03:57:30.834 [info] > git config --get commit.template [9ms]
2024-04-11 03:57:30.834 [info] > git for-each-ref --format=%(refname)%00%(upstream:short)%00%(objectname)%00%(upstream:track)%00%(upstream:remotename)%00%(upstream:remoteref) refs/heads/main refs/remotes/main [1ms]
2024-04-11 03:57:30.903 [info] > git status -z -uall [62ms]
2024-04-11 03:57:36.021 [info] > git config --get commit.template [8ms]
2024-04-11 03:57:36.022 [info] > git for-each-ref --format=%(refname)%00%(upstream:short)%00%(objectname)%00%(upstream:track)%00%(upstream:remotename)%00%(upstream:remoteref) refs/heads/main refs/remotes/main [2ms]
2024-04-11 03:57:36.092 [info] > git status -z -uall [63ms]
2024-04-11 03:57:45.842 [info] > git config --get commit.template [7ms]
2024-04-11 03:57:45.842 [info] > git for-each-ref --format=%(refname)%00%(upstream:short)%00%(objectname)%00%(upstream:track)%00%(upstream:remotename)%00%(upstream:remoteref) refs/heads/main refs/remotes/main [1ms]
2024-04-11 03:57:45.911 [info] > git status -z -uall [62ms]
2024-04-11 03:57:51.843 [info] > git config --get commit.template [8ms]
2024-04-11 03:57:51.844 [info] > git for-each-ref --format=%(refname)%00%(upstream:short)%00%(objectname)%00%(upstream:track)%00%(upstream:remotename)%00%(upstream:remoteref) refs/heads/main refs/remotes/main [2ms]
2024-04-11 03:57:51.916 [info] > git status -z -uall [66ms]
2024-04-11 03:58:56.959 [info] > git config --get commit.template [6ms]
2024-04-11 03:58:56.960 [info] > git for-each-ref --format=%(refname)%00%(upstream:short)%00%(objectname)%00%(upstream:track)%00%(upstream:remotename)%00%(upstream:remoteref) refs/heads/main refs/remotes/main [2ms]
2024-04-11 03:58:57.033 [info] > git status -z -uall [68ms]
2024-04-11 03:59:02.161 [info] > git config --get commit.template [8ms]
2024-04-11 03:59:02.161 [info] > git for-each-ref --format=%(refname)%00%(upstream:short)%00%(objectname)%00%(upstream:track)%00%(upstream:remotename)%00%(upstream:remoteref) refs/heads/main refs/remotes/main [1ms]
2024-04-11 03:59:02.231 [info] > git status -z -uall [63ms]
2024-04-11 03:59:07.912 [info] > git config --get commit.template [8ms]
2024-04-11 03:59:07.913 [info] > git for-each-ref --format=%(refname)%00%(upstream:short)%00%(objectname)%00%(upstream:track)%00%(upstream:remotename)%00%(upstream:remoteref) refs/heads/main refs/remotes/main [1ms]
2024-04-11 03:59:07.981 [info] > git status -z -uall [62ms]
2024-04-11 03:59:13.089 [info] > git config --get commit.template [8ms]
2024-04-11 03:59:13.089 [info] > git for-each-ref --format=%(refname)%00%(upstream:short)%00%(objectname)%00%(upstream:track)%00%(upstream:remotename)%00%(upstream:remoteref) refs/heads/main refs/remotes/main [1ms]
2024-04-11 03:59:13.160 [info] > git status -z -uall [64ms]
