2024-02-29 02:29:09.045 [info] Extension host with pid 1390 started
2024-02-29 02:29:09.058 [info] Lock '/home/student/.vscode-server/data/User/workspaceStorage/63e31fa26b97c3d038b73ad41de3ba4a/vscode.lock': Lock acquired.
2024-02-29 02:29:09.612 [info] ExtensionService#_doActivateExtension vscode.git-base, startup: false, activationEvent: 'onLanguage:git-commit'
2024-02-29 02:29:09.614 [info] ExtensionService#_doActivateExtension vscode.emmet, startup: false, activationEvent: 'onLanguage'
2024-02-29 02:29:10.194 [info] ExtensionService#_doActivateExtension vscode.git, startup: true, activationEvent: '*'
2024-02-29 02:29:10.194 [info] ExtensionService#_doActivateExtension vscode.github, startup: true, activationEvent: '*'
2024-02-29 02:29:10.719 [info] Eager extensions activated
2024-02-29 02:29:10.720 [info] ExtensionService#_doActivateExtension vscode.debug-auto-launch, startup: false, activationEvent: 'onStartupFinished'
2024-02-29 02:29:10.720 [info] ExtensionService#_doActivateExtension vscode.merge-conflict, startup: false, activationEvent: 'onStartupFinished'
2024-02-29 02:29:11.149 [warning] [Decorations] CAPPING events from decorations provider vscode.git 1163
2024-02-29 02:29:11.220 [warning] [Decorations] CAPPING events from decorations provider vscode.git 1163
2024-02-29 02:29:14.393 [warning] [Decorations] CAPPING events from decorations provider vscode.git 1163
2024-02-29 02:29:19.459 [warning] [Decorations] CAPPING events from decorations provider vscode.git 1163
2024-02-29 02:29:24.524 [warning] [Decorations] CAPPING events from decorations provider vscode.git 1163
2024-02-29 02:29:29.591 [warning] [Decorations] CAPPING events from decorations provider vscode.git 1163
2024-02-29 02:29:34.650 [warning] [Decorations] CAPPING events from decorations provider vscode.git 1163
2024-02-29 02:29:39.709 [warning] [Decorations] CAPPING events from decorations provider vscode.git 1163
2024-02-29 02:29:44.774 [warning] [Decorations] CAPPING events from decorations provider vscode.git 1163
2024-02-29 02:29:49.834 [warning] [Decorations] CAPPING events from decorations provider vscode.git 1163
2024-02-29 02:29:54.897 [warning] [Decorations] CAPPING events from decorations provider vscode.git 1163
2024-02-29 02:29:59.966 [warning] [Decorations] CAPPING events from decorations provider vscode.git 1163
2024-02-29 02:30:05.478 [warning] [Decorations] CAPPING events from decorations provider vscode.git 1163
2024-02-29 02:30:10.541 [warning] [Decorations] CAPPING events from decorations provider vscode.git 1163
2024-02-29 02:30:15.609 [warning] [Decorations] CAPPING events from decorations provider vscode.git 1163
2024-02-29 02:30:20.671 [warning] [Decorations] CAPPING events from decorations provider vscode.git 1163
2024-02-29 02:30:25.733 [warning] [Decorations] CAPPING events from decorations provider vscode.git 1163
2024-02-29 02:30:30.800 [warning] [Decorations] CAPPING events from decorations provider vscode.git 1163
2024-02-29 02:30:35.864 [warning] [Decorations] CAPPING events from decorations provider vscode.git 1163
2024-02-29 02:30:40.928 [warning] [Decorations] CAPPING events from decorations provider vscode.git 1163
2024-02-29 02:30:45.994 [warning] [Decorations] CAPPING events from decorations provider vscode.git 1163
2024-02-29 02:30:51.056 [warning] [Decorations] CAPPING events from decorations provider vscode.git 1163
2024-02-29 02:30:56.117 [warning] [Decorations] CAPPING events from decorations provider vscode.git 1163
2024-02-29 02:31:01.181 [warning] [Decorations] CAPPING events from decorations provider vscode.git 1163
2024-02-29 02:31:06.244 [warning] [Decorations] CAPPING events from decorations provider vscode.git 1163
2024-02-29 02:31:11.305 [warning] [Decorations] CAPPING events from decorations provider vscode.git 1163
2024-02-29 02:31:23.209 [warning] [Decorations] CAPPING events from decorations provider vscode.git 1163
2024-02-29 02:31:28.270 [warning] [Decorations] CAPPING events from decorations provider vscode.git 1162
2024-02-29 02:31:43.958 [warning] [Decorations] CAPPING events from decorations provider vscode.git 1162
2024-02-29 02:31:49.024 [warning] [Decorations] CAPPING events from decorations provider vscode.git 1162
2024-02-29 02:31:55.972 [warning] [Decorations] CAPPING events from decorations provider vscode.git 1162
2024-02-29 02:32:01.033 [warning] [Decorations] CAPPING events from decorations provider vscode.git 1162
2024-02-29 02:32:06.099 [warning] [Decorations] CAPPING events from decorations provider vscode.git 1162
2024-02-29 02:32:11.161 [warning] [Decorations] CAPPING events from decorations provider vscode.git 1162
2024-02-29 02:32:16.222 [warning] [Decorations] CAPPING events from decorations provider vscode.git 1162
2024-02-29 02:32:21.284 [warning] [Decorations] CAPPING events from decorations provider vscode.git 1162
2024-02-29 02:32:26.344 [warning] [Decorations] CAPPING events from decorations provider vscode.git 1162
2024-02-29 02:32:31.406 [warning] [Decorations] CAPPING events from decorations provider vscode.git 1162
2024-02-29 02:32:36.466 [warning] [Decorations] CAPPING events from decorations provider vscode.git 1162
2024-02-29 02:32:41.527 [warning] [Decorations] CAPPING events from decorations provider vscode.git 1162
2024-02-29 02:32:46.587 [warning] [Decorations] CAPPING events from decorations provider vscode.git 1162
2024-02-29 02:32:51.647 [warning] [Decorations] CAPPING events from decorations provider vscode.git 1162
2024-02-29 02:32:56.712 [warning] [Decorations] CAPPING events from decorations provider vscode.git 1162
2024-02-29 02:33:01.771 [warning] [Decorations] CAPPING events from decorations provider vscode.git 1162
2024-02-29 02:33:04.633 [info] ExtensionService#_doActivateExtension vscode.npm, startup: false, activationEvent: 'onTerminalQuickFixRequest:ms-vscode.npm-command'
2024-02-29 02:33:07.274 [warning] [Decorations] CAPPING events from decorations provider vscode.git 1162
2024-02-29 02:33:12.335 [warning] [Decorations] CAPPING events from decorations provider vscode.git 1162
2024-02-29 02:33:17.395 [warning] [Decorations] CAPPING events from decorations provider vscode.git 1162
2024-02-29 02:34:09.890 [warning] [Decorations] CAPPING events from decorations provider vscode.git 1162
2024-02-29 02:34:14.950 [warning] [Decorations] CAPPING events from decorations provider vscode.git 1162
2024-02-29 02:34:20.013 [warning] [Decorations] CAPPING events from decorations provider vscode.git 1162
2024-02-29 02:34:25.077 [warning] [Decorations] CAPPING events from decorations provider vscode.git 1162
2024-02-29 02:34:30.136 [warning] [Decorations] CAPPING events from decorations provider vscode.git 1162
2024-02-29 02:34:35.199 [warning] [Decorations] CAPPING events from decorations provider vscode.git 1162
2024-02-29 02:35:01.633 [warning] [Decorations] CAPPING events from decorations provider vscode.git 1162
2024-02-29 02:35:06.694 [warning] [Decorations] CAPPING events from decorations provider vscode.git 1162
2024-02-29 02:35:11.753 [warning] [Decorations] CAPPING events from decorations provider vscode.git 1162
2024-02-29 02:35:16.816 [warning] [Decorations] CAPPING events from decorations provider vscode.git 1162
2024-02-29 02:35:21.875 [warning] [Decorations] CAPPING events from decorations provider vscode.git 1162
2024-02-29 02:35:26.936 [warning] [Decorations] CAPPING events from decorations provider vscode.git 1162
2024-02-29 02:35:31.997 [warning] [Decorations] CAPPING events from decorations provider vscode.git 1162
2024-02-29 02:35:37.059 [warning] [Decorations] CAPPING events from decorations provider vscode.git 1162
2024-02-29 02:35:44.890 [warning] [Decorations] CAPPING events from decorations provider vscode.git 1162
2024-02-29 02:35:49.952 [warning] [Decorations] CAPPING events from decorations provider vscode.git 1162
2024-02-29 02:35:55.013 [warning] [Decorations] CAPPING events from decorations provider vscode.git 1162
2024-02-29 02:36:00.075 [warning] [Decorations] CAPPING events from decorations provider vscode.git 1162
2024-02-29 02:36:05.137 [warning] [Decorations] CAPPING events from decorations provider vscode.git 1162
2024-02-29 02:36:10.198 [warning] [Decorations] CAPPING events from decorations provider vscode.git 1162
2024-02-29 02:36:15.258 [warning] [Decorations] CAPPING events from decorations provider vscode.git 1162
2024-02-29 02:38:17.956 [warning] [Decorations] CAPPING events from decorations provider vscode.git 1162
2024-02-29 02:38:35.308 [warning] [Decorations] CAPPING events from decorations provider vscode.git 1162
2024-02-29 02:38:40.373 [warning] [Decorations] CAPPING events from decorations provider vscode.git 1162
2024-02-29 02:38:45.435 [warning] [Decorations] CAPPING events from decorations provider vscode.git 1162
2024-02-29 02:38:50.501 [warning] [Decorations] CAPPING events from decorations provider vscode.git 1162
2024-02-29 02:38:55.560 [warning] [Decorations] CAPPING events from decorations provider vscode.git 1162
2024-02-29 02:39:00.622 [warning] [Decorations] CAPPING events from decorations provider vscode.git 1162
2024-02-29 02:39:05.684 [warning] [Decorations] CAPPING events from decorations provider vscode.git 1162
2024-02-29 02:39:10.747 [warning] [Decorations] CAPPING events from decorations provider vscode.git 1162
2024-02-29 02:39:15.809 [warning] [Decorations] CAPPING events from decorations provider vscode.git 1162
2024-02-29 02:39:20.871 [warning] [Decorations] CAPPING events from decorations provider vscode.git 1162
2024-02-29 02:39:44.210 [warning] [Decorations] CAPPING events from decorations provider vscode.git 1162
2024-02-29 02:39:49.272 [warning] [Decorations] CAPPING events from decorations provider vscode.git 1162
2024-02-29 02:39:54.336 [warning] [Decorations] CAPPING events from decorations provider vscode.git 1162
2024-02-29 02:39:59.394 [warning] [Decorations] CAPPING events from decorations provider vscode.git 1162
2024-02-29 02:40:04.457 [warning] [Decorations] CAPPING events from decorations provider vscode.git 1162
2024-02-29 02:40:09.518 [warning] [Decorations] CAPPING events from decorations provider vscode.git 1162
2024-02-29 02:40:14.578 [warning] [Decorations] CAPPING events from decorations provider vscode.git 1162
2024-02-29 02:40:22.015 [warning] [Decorations] CAPPING events from decorations provider vscode.git 1162
2024-02-29 02:40:27.084 [warning] [Decorations] CAPPING events from decorations provider vscode.git 1162
2024-02-29 02:40:32.146 [warning] [Decorations] CAPPING events from decorations provider vscode.git 1162
2024-02-29 02:40:37.210 [warning] [Decorations] CAPPING events from decorations provider vscode.git 1162
2024-02-29 02:40:42.271 [warning] [Decorations] CAPPING events from decorations provider vscode.git 1162
2024-02-29 02:40:47.333 [warning] [Decorations] CAPPING events from decorations provider vscode.git 1162
2024-02-29 02:40:52.396 [warning] [Decorations] CAPPING events from decorations provider vscode.git 1162
2024-02-29 02:40:57.455 [warning] [Decorations] CAPPING events from decorations provider vscode.git 1162
2024-02-29 02:41:02.513 [warning] [Decorations] CAPPING events from decorations provider vscode.git 1162
2024-02-29 02:41:07.573 [warning] [Decorations] CAPPING events from decorations provider vscode.git 1162
2024-02-29 02:41:12.635 [warning] [Decorations] CAPPING events from decorations provider vscode.git 1162
2024-02-29 02:41:17.697 [warning] [Decorations] CAPPING events from decorations provider vscode.git 1162
2024-02-29 02:41:22.766 [warning] [Decorations] CAPPING events from decorations provider vscode.git 1162
2024-02-29 02:41:27.840 [warning] [Decorations] CAPPING events from decorations provider vscode.git 1162
2024-02-29 02:41:32.901 [warning] [Decorations] CAPPING events from decorations provider vscode.git 1162
2024-02-29 02:44:55.231 [warning] [Decorations] CAPPING events from decorations provider vscode.git 1162
2024-02-29 02:45:00.293 [warning] [Decorations] CAPPING events from decorations provider vscode.git 1162
2024-02-29 02:45:18.525 [warning] [Decorations] CAPPING events from decorations provider vscode.git 1162
2024-02-29 02:45:23.588 [warning] [Decorations] CAPPING events from decorations provider vscode.git 1162
2024-02-29 02:45:28.652 [warning] [Decorations] CAPPING events from decorations provider vscode.git 1162
2024-02-29 02:45:33.710 [warning] [Decorations] CAPPING events from decorations provider vscode.git 1162
2024-02-29 02:45:38.769 [warning] [Decorations] CAPPING events from decorations provider vscode.git 1162
2024-02-29 02:45:43.836 [warning] [Decorations] CAPPING events from decorations provider vscode.git 1162
2024-02-29 02:45:48.896 [warning] [Decorations] CAPPING events from decorations provider vscode.git 1162
2024-02-29 02:45:53.956 [warning] [Decorations] CAPPING events from decorations provider vscode.git 1162
2024-02-29 02:45:59.016 [warning] [Decorations] CAPPING events from decorations provider vscode.git 1162
2024-02-29 02:46:04.083 [warning] [Decorations] CAPPING events from decorations provider vscode.git 1162
2024-02-29 02:46:10.033 [warning] [Decorations] CAPPING events from decorations provider vscode.git 1162
