*
* Visual Studio Code Server
*
* By using the software, you agree to
* the Visual Studio Code Server License Terms (https://aka.ms/vscode-server-license) and
* the Microsoft Privacy Statement (https://privacy.microsoft.com/en-US/privacystatement).
*
Server bound to 127.0.0.1:44959 (IPv4)
Extension host agent listening on 44959

[17:16:00] 




[17:16:00] Extension host agent started.
[17:16:01] [127.0.0.1][1d1ffa2c][ManagementConnection] New connection established.
[17:16:01] [127.0.0.1][12deb914][ExtensionHostConnection] New connection established.
[17:16:01] [127.0.0.1][12deb914][ExtensionHostConnection] <1569> Launched Extension Host Process.
New EH opened, aborting shutdown
[17:21:00] New EH opened, aborting shutdown
[17:52:53] [127.0.0.1][1d1ffa2c][ManagementConnection] The client has reconnected.
[17:52:53] [127.0.0.1][12deb914][ExtensionHostConnection] The client has reconnected.
rejected promise not handled within 1 second: CodeExpectedError: Could not find pty on pty host
stack trace: CodeExpectedError: Could not find pty on pty host
    at D.U (/home/student/.vscode-server/bin/863d2581ecda6849923a2118d93a088b0745d9d6/out/vs/platform/terminal/node/ptyHostMain.js:43:32578)
    at D.updateIcon (/home/student/.vscode-server/bin/863d2581ecda6849923a2118d93a088b0745d9d6/out/vs/platform/terminal/node/ptyHostMain.js:43:27763)
    at T.<computed> (/home/student/.vscode-server/bin/863d2581ecda6849923a2118d93a088b0745d9d6/out/vs/platform/terminal/node/ptyHostMain.js:43:22925)
    at Object.call (/home/student/.vscode-server/bin/863d2581ecda6849923a2118d93a088b0745d9d6/out/vs/platform/terminal/node/ptyHostMain.js:34:5061)
    at u.s (/home/student/.vscode-server/bin/863d2581ecda6849923a2118d93a088b0745d9d6/out/vs/platform/terminal/node/ptyHostMain.js:32:5165)
    at u.q (/home/student/.vscode-server/bin/863d2581ecda6849923a2118d93a088b0745d9d6/out/vs/platform/terminal/node/ptyHostMain.js:32:4667)
    at l.value (/home/student/.vscode-server/bin/863d2581ecda6849923a2118d93a088b0745d9d6/out/vs/platform/terminal/node/ptyHostMain.js:32:4065)
    at m.y (/home/student/.vscode-server/bin/863d2581ecda6849923a2118d93a088b0745d9d6/out/vs/platform/terminal/node/ptyHostMain.js:27:1906)
    at m.fire (/home/student/.vscode-server/bin/863d2581ecda6849923a2118d93a088b0745d9d6/out/vs/platform/terminal/node/ptyHostMain.js:27:2123)
    at process._ (/home/student/.vscode-server/bin/863d2581ecda6849923a2118d93a088b0745d9d6/out/vs/platform/terminal/node/ptyHostMain.js:25:10025)
    at process.emit (node:events:514:28)
    at emit (node:internal/child_process:937:14)
    at process.processTicksAndRejections (node:internal/process/task_queues:83:21)
[17:52:54] Error [CodeExpectedError]: Could not find pty on pty host
    at D.U (/home/student/.vscode-server/bin/863d2581ecda6849923a2118d93a088b0745d9d6/out/vs/platform/terminal/node/ptyHostMain.js:43:32578)
    at D.updateIcon (/home/student/.vscode-server/bin/863d2581ecda6849923a2118d93a088b0745d9d6/out/vs/platform/terminal/node/ptyHostMain.js:43:27763)
    at T.<computed> (/home/student/.vscode-server/bin/863d2581ecda6849923a2118d93a088b0745d9d6/out/vs/platform/terminal/node/ptyHostMain.js:43:22925)
    at Object.call (/home/student/.vscode-server/bin/863d2581ecda6849923a2118d93a088b0745d9d6/out/vs/platform/terminal/node/ptyHostMain.js:34:5061)
    at u.s (/home/student/.vscode-server/bin/863d2581ecda6849923a2118d93a088b0745d9d6/out/vs/platform/terminal/node/ptyHostMain.js:32:5165)
    at u.q (/home/student/.vscode-server/bin/863d2581ecda6849923a2118d93a088b0745d9d6/out/vs/platform/terminal/node/ptyHostMain.js:32:4667)
    at l.value (/home/student/.vscode-server/bin/863d2581ecda6849923a2118d93a088b0745d9d6/out/vs/platform/terminal/node/ptyHostMain.js:32:4065)
    at m.y (/home/student/.vscode-server/bin/863d2581ecda6849923a2118d93a088b0745d9d6/out/vs/platform/terminal/node/ptyHostMain.js:27:1906)
    at m.fire (/home/student/.vscode-server/bin/863d2581ecda6849923a2118d93a088b0745d9d6/out/vs/platform/terminal/node/ptyHostMain.js:27:2123)
    at process._ (/home/student/.vscode-server/bin/863d2581ecda6849923a2118d93a088b0745d9d6/out/vs/platform/terminal/node/ptyHostMain.js:25:10025)
    at process.emit (node:events:514:28)
    at emit (node:internal/child_process:937:14)
    at process.processTicksAndRejections (node:internal/process/task_queues:83:21)
rejected promise not handled within 1 second: CodeExpectedError: Could not find pty on pty host
stack trace: CodeExpectedError: Could not find pty on pty host
    at D.U (/home/student/.vscode-server/bin/863d2581ecda6849923a2118d93a088b0745d9d6/out/vs/platform/terminal/node/ptyHostMain.js:43:32578)
    at D.updateTitle (/home/student/.vscode-server/bin/863d2581ecda6849923a2118d93a088b0745d9d6/out/vs/platform/terminal/node/ptyHostMain.js:43:27710)
    at T.<computed> (/home/student/.vscode-server/bin/863d2581ecda6849923a2118d93a088b0745d9d6/out/vs/platform/terminal/node/ptyHostMain.js:43:22925)
    at Object.call (/home/student/.vscode-server/bin/863d2581ecda6849923a2118d93a088b0745d9d6/out/vs/platform/terminal/node/ptyHostMain.js:34:5061)
    at u.s (/home/student/.vscode-server/bin/863d2581ecda6849923a2118d93a088b0745d9d6/out/vs/platform/terminal/node/ptyHostMain.js:32:5165)
    at u.q (/home/student/.vscode-server/bin/863d2581ecda6849923a2118d93a088b0745d9d6/out/vs/platform/terminal/node/ptyHostMain.js:32:4667)
    at l.value (/home/student/.vscode-server/bin/863d2581ecda6849923a2118d93a088b0745d9d6/out/vs/platform/terminal/node/ptyHostMain.js:32:4065)
    at m.y (/home/student/.vscode-server/bin/863d2581ecda6849923a2118d93a088b0745d9d6/out/vs/platform/terminal/node/ptyHostMain.js:27:1906)
    at m.fire (/home/student/.vscode-server/bin/863d2581ecda6849923a2118d93a088b0745d9d6/out/vs/platform/terminal/node/ptyHostMain.js:27:2123)
    at process._ (/home/student/.vscode-server/bin/863d2581ecda6849923a2118d93a088b0745d9d6/out/vs/platform/terminal/node/ptyHostMain.js:25:10025)
    at process.emit (node:events:514:28)
    at emit (node:internal/child_process:937:14)
    at process.processTicksAndRejections (node:internal/process/task_queues:83:21)
[17:52:54] Error [CodeExpectedError]: Could not find pty on pty host
    at D.U (/home/student/.vscode-server/bin/863d2581ecda6849923a2118d93a088b0745d9d6/out/vs/platform/terminal/node/ptyHostMain.js:43:32578)
    at D.updateTitle (/home/student/.vscode-server/bin/863d2581ecda6849923a2118d93a088b0745d9d6/out/vs/platform/terminal/node/ptyHostMain.js:43:27710)
    at T.<computed> (/home/student/.vscode-server/bin/863d2581ecda6849923a2118d93a088b0745d9d6/out/vs/platform/terminal/node/ptyHostMain.js:43:22925)
    at Object.call (/home/student/.vscode-server/bin/863d2581ecda6849923a2118d93a088b0745d9d6/out/vs/platform/terminal/node/ptyHostMain.js:34:5061)
    at u.s (/home/student/.vscode-server/bin/863d2581ecda6849923a2118d93a088b0745d9d6/out/vs/platform/terminal/node/ptyHostMain.js:32:5165)
    at u.q (/home/student/.vscode-server/bin/863d2581ecda6849923a2118d93a088b0745d9d6/out/vs/platform/terminal/node/ptyHostMain.js:32:4667)
    at l.value (/home/student/.vscode-server/bin/863d2581ecda6849923a2118d93a088b0745d9d6/out/vs/platform/terminal/node/ptyHostMain.js:32:4065)
    at m.y (/home/student/.vscode-server/bin/863d2581ecda6849923a2118d93a088b0745d9d6/out/vs/platform/terminal/node/ptyHostMain.js:27:1906)
    at m.fire (/home/student/.vscode-server/bin/863d2581ecda6849923a2118d93a088b0745d9d6/out/vs/platform/terminal/node/ptyHostMain.js:27:2123)
    at process._ (/home/student/.vscode-server/bin/863d2581ecda6849923a2118d93a088b0745d9d6/out/vs/platform/terminal/node/ptyHostMain.js:25:10025)
    at process.emit (node:events:514:28)
    at emit (node:internal/child_process:937:14)
    at process.processTicksAndRejections (node:internal/process/task_queues:83:21)
rejected promise not handled within 1 second: CodeExpectedError: Could not find pty on pty host
stack trace: CodeExpectedError: Could not find pty on pty host
    at D.U (/home/student/.vscode-server/bin/863d2581ecda6849923a2118d93a088b0745d9d6/out/vs/platform/terminal/node/ptyHostMain.js:43:32578)
    at D.updateTitle (/home/student/.vscode-server/bin/863d2581ecda6849923a2118d93a088b0745d9d6/out/vs/platform/terminal/node/ptyHostMain.js:43:27710)
    at T.<computed> (/home/student/.vscode-server/bin/863d2581ecda6849923a2118d93a088b0745d9d6/out/vs/platform/terminal/node/ptyHostMain.js:43:22925)
    at Object.call (/home/student/.vscode-server/bin/863d2581ecda6849923a2118d93a088b0745d9d6/out/vs/platform/terminal/node/ptyHostMain.js:34:5061)
    at u.s (/home/student/.vscode-server/bin/863d2581ecda6849923a2118d93a088b0745d9d6/out/vs/platform/terminal/node/ptyHostMain.js:32:5165)
    at u.q (/home/student/.vscode-server/bin/863d2581ecda6849923a2118d93a088b0745d9d6/out/vs/platform/terminal/node/ptyHostMain.js:32:4667)
    at l.value (/home/student/.vscode-server/bin/863d2581ecda6849923a2118d93a088b0745d9d6/out/vs/platform/terminal/node/ptyHostMain.js:32:4065)
    at m.y (/home/student/.vscode-server/bin/863d2581ecda6849923a2118d93a088b0745d9d6/out/vs/platform/terminal/node/ptyHostMain.js:27:1906)
    at m.fire (/home/student/.vscode-server/bin/863d2581ecda6849923a2118d93a088b0745d9d6/out/vs/platform/terminal/node/ptyHostMain.js:27:2123)
    at process._ (/home/student/.vscode-server/bin/863d2581ecda6849923a2118d93a088b0745d9d6/out/vs/platform/terminal/node/ptyHostMain.js:25:10025)
    at process.emit (node:events:514:28)
    at emit (node:internal/child_process:937:14)
    at process.processTicksAndRejections (node:internal/process/task_queues:83:21)
[17:52:54] Error [CodeExpectedError]: Could not find pty on pty host
    at D.U (/home/student/.vscode-server/bin/863d2581ecda6849923a2118d93a088b0745d9d6/out/vs/platform/terminal/node/ptyHostMain.js:43:32578)
    at D.updateTitle (/home/student/.vscode-server/bin/863d2581ecda6849923a2118d93a088b0745d9d6/out/vs/platform/terminal/node/ptyHostMain.js:43:27710)
    at T.<computed> (/home/student/.vscode-server/bin/863d2581ecda6849923a2118d93a088b0745d9d6/out/vs/platform/terminal/node/ptyHostMain.js:43:22925)
    at Object.call (/home/student/.vscode-server/bin/863d2581ecda6849923a2118d93a088b0745d9d6/out/vs/platform/terminal/node/ptyHostMain.js:34:5061)
    at u.s (/home/student/.vscode-server/bin/863d2581ecda6849923a2118d93a088b0745d9d6/out/vs/platform/terminal/node/ptyHostMain.js:32:5165)
    at u.q (/home/student/.vscode-server/bin/863d2581ecda6849923a2118d93a088b0745d9d6/out/vs/platform/terminal/node/ptyHostMain.js:32:4667)
    at l.value (/home/student/.vscode-server/bin/863d2581ecda6849923a2118d93a088b0745d9d6/out/vs/platform/terminal/node/ptyHostMain.js:32:4065)
    at m.y (/home/student/.vscode-server/bin/863d2581ecda6849923a2118d93a088b0745d9d6/out/vs/platform/terminal/node/ptyHostMain.js:27:1906)
    at m.fire (/home/student/.vscode-server/bin/863d2581ecda6849923a2118d93a088b0745d9d6/out/vs/platform/terminal/node/ptyHostMain.js:27:2123)
    at process._ (/home/student/.vscode-server/bin/863d2581ecda6849923a2118d93a088b0745d9d6/out/vs/platform/terminal/node/ptyHostMain.js:25:10025)
    at process.emit (node:events:514:28)
    at emit (node:internal/child_process:937:14)
    at process.processTicksAndRejections (node:internal/process/task_queues:83:21)
rejected promise not handled within 1 second: CodeExpectedError: Could not find pty on pty host
stack trace: CodeExpectedError: Could not find pty on pty host
    at D.U (/home/student/.vscode-server/bin/863d2581ecda6849923a2118d93a088b0745d9d6/out/vs/platform/terminal/node/ptyHostMain.js:43:32578)
    at D.updateTitle (/home/student/.vscode-server/bin/863d2581ecda6849923a2118d93a088b0745d9d6/out/vs/platform/terminal/node/ptyHostMain.js:43:27710)
    at T.<computed> (/home/student/.vscode-server/bin/863d2581ecda6849923a2118d93a088b0745d9d6/out/vs/platform/terminal/node/ptyHostMain.js:43:22925)
    at Object.call (/home/student/.vscode-server/bin/863d2581ecda6849923a2118d93a088b0745d9d6/out/vs/platform/terminal/node/ptyHostMain.js:34:5061)
    at u.s (/home/student/.vscode-server/bin/863d2581ecda6849923a2118d93a088b0745d9d6/out/vs/platform/terminal/node/ptyHostMain.js:32:5165)
    at u.q (/home/student/.vscode-server/bin/863d2581ecda6849923a2118d93a088b0745d9d6/out/vs/platform/terminal/node/ptyHostMain.js:32:4667)
    at l.value (/home/student/.vscode-server/bin/863d2581ecda6849923a2118d93a088b0745d9d6/out/vs/platform/terminal/node/ptyHostMain.js:32:4065)
    at m.y (/home/student/.vscode-server/bin/863d2581ecda6849923a2118d93a088b0745d9d6/out/vs/platform/terminal/node/ptyHostMain.js:27:1906)
    at m.fire (/home/student/.vscode-server/bin/863d2581ecda6849923a2118d93a088b0745d9d6/out/vs/platform/terminal/node/ptyHostMain.js:27:2123)
    at process._ (/home/student/.vscode-server/bin/863d2581ecda6849923a2118d93a088b0745d9d6/out/vs/platform/terminal/node/ptyHostMain.js:25:10025)
    at process.emit (node:events:514:28)
    at emit (node:internal/child_process:937:14)
    at process.processTicksAndRejections (node:internal/process/task_queues:83:21)
[17:52:54] Error [CodeExpectedError]: Could not find pty on pty host
    at D.U (/home/student/.vscode-server/bin/863d2581ecda6849923a2118d93a088b0745d9d6/out/vs/platform/terminal/node/ptyHostMain.js:43:32578)
    at D.updateTitle (/home/student/.vscode-server/bin/863d2581ecda6849923a2118d93a088b0745d9d6/out/vs/platform/terminal/node/ptyHostMain.js:43:27710)
    at T.<computed> (/home/student/.vscode-server/bin/863d2581ecda6849923a2118d93a088b0745d9d6/out/vs/platform/terminal/node/ptyHostMain.js:43:22925)
    at Object.call (/home/student/.vscode-server/bin/863d2581ecda6849923a2118d93a088b0745d9d6/out/vs/platform/terminal/node/ptyHostMain.js:34:5061)
    at u.s (/home/student/.vscode-server/bin/863d2581ecda6849923a2118d93a088b0745d9d6/out/vs/platform/terminal/node/ptyHostMain.js:32:5165)
    at u.q (/home/student/.vscode-server/bin/863d2581ecda6849923a2118d93a088b0745d9d6/out/vs/platform/terminal/node/ptyHostMain.js:32:4667)
    at l.value (/home/student/.vscode-server/bin/863d2581ecda6849923a2118d93a088b0745d9d6/out/vs/platform/terminal/node/ptyHostMain.js:32:4065)
    at m.y (/home/student/.vscode-server/bin/863d2581ecda6849923a2118d93a088b0745d9d6/out/vs/platform/terminal/node/ptyHostMain.js:27:1906)
    at m.fire (/home/student/.vscode-server/bin/863d2581ecda6849923a2118d93a088b0745d9d6/out/vs/platform/terminal/node/ptyHostMain.js:27:2123)
    at process._ (/home/student/.vscode-server/bin/863d2581ecda6849923a2118d93a088b0745d9d6/out/vs/platform/terminal/node/ptyHostMain.js:25:10025)
    at process.emit (node:events:514:28)
    at emit (node:internal/child_process:937:14)
    at process.processTicksAndRejections (node:internal/process/task_queues:83:21)
[18:07:28] [127.0.0.1][1d1ffa2c][ManagementConnection] The client has reconnected.
[18:07:28] [127.0.0.1][12deb914][ExtensionHostConnection] The client has reconnected.
rejected promise not handled within 1 second: CodeExpectedError: Could not find pty on pty host
stack trace: CodeExpectedError: Could not find pty on pty host
    at D.U (/home/student/.vscode-server/bin/863d2581ecda6849923a2118d93a088b0745d9d6/out/vs/platform/terminal/node/ptyHostMain.js:43:32578)
    at D.updateIcon (/home/student/.vscode-server/bin/863d2581ecda6849923a2118d93a088b0745d9d6/out/vs/platform/terminal/node/ptyHostMain.js:43:27763)
    at T.<computed> (/home/student/.vscode-server/bin/863d2581ecda6849923a2118d93a088b0745d9d6/out/vs/platform/terminal/node/ptyHostMain.js:43:22925)
    at Object.call (/home/student/.vscode-server/bin/863d2581ecda6849923a2118d93a088b0745d9d6/out/vs/platform/terminal/node/ptyHostMain.js:34:5061)
    at u.s (/home/student/.vscode-server/bin/863d2581ecda6849923a2118d93a088b0745d9d6/out/vs/platform/terminal/node/ptyHostMain.js:32:5165)
    at u.q (/home/student/.vscode-server/bin/863d2581ecda6849923a2118d93a088b0745d9d6/out/vs/platform/terminal/node/ptyHostMain.js:32:4667)
    at l.value (/home/student/.vscode-server/bin/863d2581ecda6849923a2118d93a088b0745d9d6/out/vs/platform/terminal/node/ptyHostMain.js:32:4065)
    at m.y (/home/student/.vscode-server/bin/863d2581ecda6849923a2118d93a088b0745d9d6/out/vs/platform/terminal/node/ptyHostMain.js:27:1906)
    at m.fire (/home/student/.vscode-server/bin/863d2581ecda6849923a2118d93a088b0745d9d6/out/vs/platform/terminal/node/ptyHostMain.js:27:2123)
    at process._ (/home/student/.vscode-server/bin/863d2581ecda6849923a2118d93a088b0745d9d6/out/vs/platform/terminal/node/ptyHostMain.js:25:10025)
    at process.emit (node:events:514:28)
    at emit (node:internal/child_process:937:14)
    at process.processTicksAndRejections (node:internal/process/task_queues:83:21)
[18:07:29] Error [CodeExpectedError]: Could not find pty on pty host
    at D.U (/home/student/.vscode-server/bin/863d2581ecda6849923a2118d93a088b0745d9d6/out/vs/platform/terminal/node/ptyHostMain.js:43:32578)
    at D.updateIcon (/home/student/.vscode-server/bin/863d2581ecda6849923a2118d93a088b0745d9d6/out/vs/platform/terminal/node/ptyHostMain.js:43:27763)
    at T.<computed> (/home/student/.vscode-server/bin/863d2581ecda6849923a2118d93a088b0745d9d6/out/vs/platform/terminal/node/ptyHostMain.js:43:22925)
    at Object.call (/home/student/.vscode-server/bin/863d2581ecda6849923a2118d93a088b0745d9d6/out/vs/platform/terminal/node/ptyHostMain.js:34:5061)
    at u.s (/home/student/.vscode-server/bin/863d2581ecda6849923a2118d93a088b0745d9d6/out/vs/platform/terminal/node/ptyHostMain.js:32:5165)
    at u.q (/home/student/.vscode-server/bin/863d2581ecda6849923a2118d93a088b0745d9d6/out/vs/platform/terminal/node/ptyHostMain.js:32:4667)
    at l.value (/home/student/.vscode-server/bin/863d2581ecda6849923a2118d93a088b0745d9d6/out/vs/platform/terminal/node/ptyHostMain.js:32:4065)
    at m.y (/home/student/.vscode-server/bin/863d2581ecda6849923a2118d93a088b0745d9d6/out/vs/platform/terminal/node/ptyHostMain.js:27:1906)
    at m.fire (/home/student/.vscode-server/bin/863d2581ecda6849923a2118d93a088b0745d9d6/out/vs/platform/terminal/node/ptyHostMain.js:27:2123)
    at process._ (/home/student/.vscode-server/bin/863d2581ecda6849923a2118d93a088b0745d9d6/out/vs/platform/terminal/node/ptyHostMain.js:25:10025)
    at process.emit (node:events:514:28)
    at emit (node:internal/child_process:937:14)
    at process.processTicksAndRejections (node:internal/process/task_queues:83:21)
rejected promise not handled within 1 second: CodeExpectedError: Could not find pty on pty host
stack trace: CodeExpectedError: Could not find pty on pty host
    at D.U (/home/student/.vscode-server/bin/863d2581ecda6849923a2118d93a088b0745d9d6/out/vs/platform/terminal/node/ptyHostMain.js:43:32578)
    at D.updateTitle (/home/student/.vscode-server/bin/863d2581ecda6849923a2118d93a088b0745d9d6/out/vs/platform/terminal/node/ptyHostMain.js:43:27710)
    at T.<computed> (/home/student/.vscode-server/bin/863d2581ecda6849923a2118d93a088b0745d9d6/out/vs/platform/terminal/node/ptyHostMain.js:43:22925)
    at Object.call (/home/student/.vscode-server/bin/863d2581ecda6849923a2118d93a088b0745d9d6/out/vs/platform/terminal/node/ptyHostMain.js:34:5061)
    at u.s (/home/student/.vscode-server/bin/863d2581ecda6849923a2118d93a088b0745d9d6/out/vs/platform/terminal/node/ptyHostMain.js:32:5165)
    at u.q (/home/student/.vscode-server/bin/863d2581ecda6849923a2118d93a088b0745d9d6/out/vs/platform/terminal/node/ptyHostMain.js:32:4667)
    at l.value (/home/student/.vscode-server/bin/863d2581ecda6849923a2118d93a088b0745d9d6/out/vs/platform/terminal/node/ptyHostMain.js:32:4065)
    at m.y (/home/student/.vscode-server/bin/863d2581ecda6849923a2118d93a088b0745d9d6/out/vs/platform/terminal/node/ptyHostMain.js:27:1906)
    at m.fire (/home/student/.vscode-server/bin/863d2581ecda6849923a2118d93a088b0745d9d6/out/vs/platform/terminal/node/ptyHostMain.js:27:2123)
    at process._ (/home/student/.vscode-server/bin/863d2581ecda6849923a2118d93a088b0745d9d6/out/vs/platform/terminal/node/ptyHostMain.js:25:10025)
    at process.emit (node:events:514:28)
    at emit (node:internal/child_process:937:14)
    at process.processTicksAndRejections (node:internal/process/task_queues:83:21)
[18:07:29] Error [CodeExpectedError]: Could not find pty on pty host
    at D.U (/home/student/.vscode-server/bin/863d2581ecda6849923a2118d93a088b0745d9d6/out/vs/platform/terminal/node/ptyHostMain.js:43:32578)
    at D.updateTitle (/home/student/.vscode-server/bin/863d2581ecda6849923a2118d93a088b0745d9d6/out/vs/platform/terminal/node/ptyHostMain.js:43:27710)
    at T.<computed> (/home/student/.vscode-server/bin/863d2581ecda6849923a2118d93a088b0745d9d6/out/vs/platform/terminal/node/ptyHostMain.js:43:22925)
    at Object.call (/home/student/.vscode-server/bin/863d2581ecda6849923a2118d93a088b0745d9d6/out/vs/platform/terminal/node/ptyHostMain.js:34:5061)
    at u.s (/home/student/.vscode-server/bin/863d2581ecda6849923a2118d93a088b0745d9d6/out/vs/platform/terminal/node/ptyHostMain.js:32:5165)
    at u.q (/home/student/.vscode-server/bin/863d2581ecda6849923a2118d93a088b0745d9d6/out/vs/platform/terminal/node/ptyHostMain.js:32:4667)
    at l.value (/home/student/.vscode-server/bin/863d2581ecda6849923a2118d93a088b0745d9d6/out/vs/platform/terminal/node/ptyHostMain.js:32:4065)
    at m.y (/home/student/.vscode-server/bin/863d2581ecda6849923a2118d93a088b0745d9d6/out/vs/platform/terminal/node/ptyHostMain.js:27:1906)
    at m.fire (/home/student/.vscode-server/bin/863d2581ecda6849923a2118d93a088b0745d9d6/out/vs/platform/terminal/node/ptyHostMain.js:27:2123)
    at process._ (/home/student/.vscode-server/bin/863d2581ecda6849923a2118d93a088b0745d9d6/out/vs/platform/terminal/node/ptyHostMain.js:25:10025)
    at process.emit (node:events:514:28)
    at emit (node:internal/child_process:937:14)
    at process.processTicksAndRejections (node:internal/process/task_queues:83:21)
rejected promise not handled within 1 second: CodeExpectedError: Could not find pty on pty host
stack trace: CodeExpectedError: Could not find pty on pty host
    at D.U (/home/student/.vscode-server/bin/863d2581ecda6849923a2118d93a088b0745d9d6/out/vs/platform/terminal/node/ptyHostMain.js:43:32578)
    at D.updateTitle (/home/student/.vscode-server/bin/863d2581ecda6849923a2118d93a088b0745d9d6/out/vs/platform/terminal/node/ptyHostMain.js:43:27710)
    at T.<computed> (/home/student/.vscode-server/bin/863d2581ecda6849923a2118d93a088b0745d9d6/out/vs/platform/terminal/node/ptyHostMain.js:43:22925)
    at Object.call (/home/student/.vscode-server/bin/863d2581ecda6849923a2118d93a088b0745d9d6/out/vs/platform/terminal/node/ptyHostMain.js:34:5061)
    at u.s (/home/student/.vscode-server/bin/863d2581ecda6849923a2118d93a088b0745d9d6/out/vs/platform/terminal/node/ptyHostMain.js:32:5165)
    at u.q (/home/student/.vscode-server/bin/863d2581ecda6849923a2118d93a088b0745d9d6/out/vs/platform/terminal/node/ptyHostMain.js:32:4667)
    at l.value (/home/student/.vscode-server/bin/863d2581ecda6849923a2118d93a088b0745d9d6/out/vs/platform/terminal/node/ptyHostMain.js:32:4065)
    at m.y (/home/student/.vscode-server/bin/863d2581ecda6849923a2118d93a088b0745d9d6/out/vs/platform/terminal/node/ptyHostMain.js:27:1906)
    at m.fire (/home/student/.vscode-server/bin/863d2581ecda6849923a2118d93a088b0745d9d6/out/vs/platform/terminal/node/ptyHostMain.js:27:2123)
    at process._ (/home/student/.vscode-server/bin/863d2581ecda6849923a2118d93a088b0745d9d6/out/vs/platform/terminal/node/ptyHostMain.js:25:10025)
    at process.emit (node:events:514:28)
    at emit (node:internal/child_process:937:14)
    at process.processTicksAndRejections (node:internal/process/task_queues:83:21)
[18:07:29] Error [CodeExpectedError]: Could not find pty on pty host
    at D.U (/home/student/.vscode-server/bin/863d2581ecda6849923a2118d93a088b0745d9d6/out/vs/platform/terminal/node/ptyHostMain.js:43:32578)
    at D.updateTitle (/home/student/.vscode-server/bin/863d2581ecda6849923a2118d93a088b0745d9d6/out/vs/platform/terminal/node/ptyHostMain.js:43:27710)
    at T.<computed> (/home/student/.vscode-server/bin/863d2581ecda6849923a2118d93a088b0745d9d6/out/vs/platform/terminal/node/ptyHostMain.js:43:22925)
    at Object.call (/home/student/.vscode-server/bin/863d2581ecda6849923a2118d93a088b0745d9d6/out/vs/platform/terminal/node/ptyHostMain.js:34:5061)
    at u.s (/home/student/.vscode-server/bin/863d2581ecda6849923a2118d93a088b0745d9d6/out/vs/platform/terminal/node/ptyHostMain.js:32:5165)
    at u.q (/home/student/.vscode-server/bin/863d2581ecda6849923a2118d93a088b0745d9d6/out/vs/platform/terminal/node/ptyHostMain.js:32:4667)
    at l.value (/home/student/.vscode-server/bin/863d2581ecda6849923a2118d93a088b0745d9d6/out/vs/platform/terminal/node/ptyHostMain.js:32:4065)
    at m.y (/home/student/.vscode-server/bin/863d2581ecda6849923a2118d93a088b0745d9d6/out/vs/platform/terminal/node/ptyHostMain.js:27:1906)
    at m.fire (/home/student/.vscode-server/bin/863d2581ecda6849923a2118d93a088b0745d9d6/out/vs/platform/terminal/node/ptyHostMain.js:27:2123)
    at process._ (/home/student/.vscode-server/bin/863d2581ecda6849923a2118d93a088b0745d9d6/out/vs/platform/terminal/node/ptyHostMain.js:25:10025)
    at process.emit (node:events:514:28)
    at emit (node:internal/child_process:937:14)
    at process.processTicksAndRejections (node:internal/process/task_queues:83:21)
